2021-07-28 15:49:49.727 [main] INFO  com.jojo.zhuhaibusclock.service.MessageServiceTest - Starting BarkServiceTest using Java 15.0.2 on DESKTOP-FT3ALHB with PID 376 (started by JoJoWu in D:\IdeaProjects\zhuHaiBusClock)
2021-07-28 15:49:49.727 [background-preinit] INFO  org.hibernate.validator.internal.util.Version - HV000001: Hibernate Validator 6.1.7.Final
2021-07-28 15:49:49.732 [main] INFO  com.jojo.zhuhaibusclock.service.MessageServiceTest - No active profile set, falling back to default profiles: default
2021-07-28 15:49:50.977 [main] INFO  o.s.d.r.config.RepositoryConfigurationDelegate - Multiple Spring Data modules found, entering strict repository configuration mode!
2021-07-28 15:49:50.979 [main] INFO  o.s.d.r.config.RepositoryConfigurationDelegate - Bootstrapping Spring Data JDBC repositories in DEFAULT mode.
2021-07-28 15:49:50.994 [main] INFO  o.s.d.r.config.RepositoryConfigurationDelegate - Finished Spring Data repository scanning in 12 ms. Found 0 JDBC repository interfaces.
2021-07-28 15:49:51.000 [main] INFO  o.s.d.r.config.RepositoryConfigurationDelegate - Multiple Spring Data modules found, entering strict repository configuration mode!
2021-07-28 15:49:51.001 [main] INFO  o.s.d.r.config.RepositoryConfigurationDelegate - Bootstrapping Spring Data JPA repositories in DEFAULT mode.
2021-07-28 15:49:51.008 [main] INFO  o.s.d.r.config.RepositoryConfigurationDelegate - Finished Spring Data repository scanning in 4 ms. Found 0 JPA repository interfaces.
2021-07-28 15:49:51.019 [main] INFO  o.s.d.r.config.RepositoryConfigurationDelegate - Multiple Spring Data modules found, entering strict repository configuration mode!
2021-07-28 15:49:51.020 [main] INFO  o.s.d.r.config.RepositoryConfigurationDelegate - Bootstrapping Spring Data Redis repositories in DEFAULT mode.
2021-07-28 15:49:51.030 [main] INFO  o.s.d.r.config.RepositoryConfigurationDelegate - Finished Spring Data repository scanning in 3 ms. Found 0 Redis repository interfaces.
2021-07-28 15:49:51.755 [main] INFO  com.zaxxer.hikari.HikariDataSource - HikariPool-1 - Starting...
2021-07-28 15:49:51.824 [main] INFO  com.zaxxer.hikari.HikariDataSource - HikariPool-1 - Start completed.
2021-07-28 15:49:51.866 [main] INFO  org.hibernate.jpa.internal.util.LogHelper - HHH000204: Processing PersistenceUnitInfo [name: default]
2021-07-28 15:49:51.927 [main] INFO  org.hibernate.Version - HHH000412: Hibernate ORM core version 5.4.30.Final
2021-07-28 15:49:52.054 [main] INFO  org.hibernate.annotations.common.Version - HCANN000001: Hibernate Commons Annotations {5.1.2.Final}
2021-07-28 15:49:52.211 [main] INFO  org.hibernate.dialect.Dialect - HHH000400: Using dialect: org.hibernate.dialect.MariaDB103Dialect
2021-07-28 15:49:52.458 [main] INFO  o.h.e.t.jta.platform.internal.JtaPlatformInitiator - HHH000490: Using JtaPlatform implementation: [org.hibernate.engine.transaction.jta.platform.internal.NoJtaPlatform]
2021-07-28 15:49:52.466 [main] INFO  o.s.orm.jpa.LocalContainerEntityManagerFactoryBean - Initialized JPA EntityManagerFactory for persistence unit 'default'
2021-07-28 15:49:53.017 [main] INFO  org.quartz.impl.StdSchedulerFactory - Using default implementation for ThreadExecutor
2021-07-28 15:49:53.019 [main] INFO  org.quartz.simpl.SimpleThreadPool - Job execution threads will use class loader of thread: main
2021-07-28 15:49:53.024 [main] INFO  org.quartz.core.SchedulerSignalerImpl - Initialized Scheduler Signaller of type: class org.quartz.core.SchedulerSignalerImpl
2021-07-28 15:49:53.024 [main] INFO  org.quartz.core.QuartzScheduler - Quartz Scheduler v.2.3.2 created.
2021-07-28 15:49:53.026 [main] INFO  o.s.scheduling.quartz.LocalDataSourceJobStore - Using db table-based data access locking (synchronization).
2021-07-28 15:49:53.028 [main] INFO  o.s.scheduling.quartz.LocalDataSourceJobStore - JobStoreCMT initialized.
2021-07-28 15:49:53.028 [main] INFO  org.quartz.core.QuartzScheduler - Scheduler meta-data: Quartz Scheduler (v2.3.2) 'scheduler' with instanceId 'NON_CLUSTERED'
  Scheduler class: 'org.quartz.core.QuartzScheduler' - running locally.
  NOT STARTED.
  Currently in standby mode.
  Number of jobs executed: 0
  Using thread pool 'org.quartz.simpl.SimpleThreadPool' - with 10 threads.
  Using job-store 'org.springframework.scheduling.quartz.LocalDataSourceJobStore' - which supports persistence. and is not clustered.

2021-07-28 15:49:53.028 [main] INFO  org.quartz.impl.StdSchedulerFactory - Quartz scheduler 'scheduler' initialized from an externally provided properties instance.
2021-07-28 15:49:53.028 [main] INFO  org.quartz.impl.StdSchedulerFactory - Quartz scheduler version: 2.3.2
2021-07-28 15:49:53.028 [main] INFO  org.quartz.core.QuartzScheduler - JobFactory set to: org.springframework.scheduling.quartz.SpringBeanJobFactory@3598f2bb
2021-07-28 15:49:53.700 [main] INFO  o.s.scheduling.concurrent.ThreadPoolTaskExecutor - Initializing ExecutorService 'applicationTaskExecutor'
2021-07-28 15:49:54.267 [main] INFO  o.s.scheduling.quartz.SchedulerFactoryBean - Starting Quartz Scheduler now
2021-07-28 15:49:54.269 [main] INFO  o.s.scheduling.quartz.LocalDataSourceJobStore - Freed 0 triggers from 'acquired' / 'blocked' state.
2021-07-28 15:49:54.271 [main] INFO  o.s.scheduling.quartz.LocalDataSourceJobStore - Recovering 0 jobs that were in-progress at the time of the last shut-down.
2021-07-28 15:49:54.271 [main] INFO  o.s.scheduling.quartz.LocalDataSourceJobStore - Recovery complete.
2021-07-28 15:49:54.271 [main] INFO  o.s.scheduling.quartz.LocalDataSourceJobStore - Removed 0 'complete' triggers.
2021-07-28 15:49:54.272 [main] INFO  o.s.scheduling.quartz.LocalDataSourceJobStore - Removed 0 stale fired job entries.
2021-07-28 15:49:54.273 [main] INFO  org.quartz.core.QuartzScheduler - Scheduler scheduler_$_NON_CLUSTERED started.
2021-07-28 15:49:54.283 [main] INFO  com.jojo.zhuhaibusclock.service.MessageServiceTest - Started BarkServiceTest in 4.89 seconds (JVM running for 5.57)
2021-07-28 15:49:54.885 [main] INFO  c.g.l.r.s.b.interceptor.DefaultLoggingInterceptor - --> GET https://api.day.app/KQZynXmVoq6z7hhG5RLU97/title/test h2
2021-07-28 15:49:55.176 [main] INFO  c.g.l.r.s.b.interceptor.DefaultLoggingInterceptor - <-- 200 https://api.day.app/KQZynXmVoq6z7hhG5RLU97/title/test (291ms, 55-byte body)
2021-07-28 15:49:55.191 [main] INFO  c.jojo.zhuhaibusclock.service.impl.BarkServiceImpl - Bark消息推送成功：{"code":200,"message":"success","timestamp":1627458594}
2021-07-28 15:49:55.197 [SpringContextShutdownHook] INFO  org.quartz.core.QuartzScheduler - Scheduler scheduler_$_NON_CLUSTERED paused.
2021-07-28 15:49:55.199 [SpringContextShutdownHook] INFO  o.s.scheduling.concurrent.ThreadPoolTaskExecutor - Shutting down ExecutorService 'applicationTaskExecutor'
2021-07-28 15:49:55.205 [SpringContextShutdownHook] INFO  o.s.scheduling.quartz.SchedulerFactoryBean - Shutting down Quartz Scheduler
2021-07-28 15:49:55.205 [SpringContextShutdownHook] INFO  org.quartz.core.QuartzScheduler - Scheduler scheduler_$_NON_CLUSTERED shutting down.
2021-07-28 15:49:55.205 [SpringContextShutdownHook] INFO  org.quartz.core.QuartzScheduler - Scheduler scheduler_$_NON_CLUSTERED paused.
2021-07-28 15:49:55.530 [SpringContextShutdownHook] INFO  org.quartz.core.QuartzScheduler - Scheduler scheduler_$_NON_CLUSTERED shutdown complete.
2021-07-28 15:49:55.531 [SpringContextShutdownHook] INFO  o.s.orm.jpa.LocalContainerEntityManagerFactoryBean - Closing JPA EntityManagerFactory for persistence unit 'default'
2021-07-28 15:49:55.535 [SpringContextShutdownHook] INFO  com.zaxxer.hikari.HikariDataSource - HikariPool-1 - Shutdown initiated...
2021-07-28 15:49:55.538 [SpringContextShutdownHook] INFO  com.zaxxer.hikari.HikariDataSource - HikariPool-1 - Shutdown completed.
2021-07-28 15:50:16.581 [main] INFO  com.jojo.zhuhaibusclock.service.MessageServiceTest - Starting BarkServiceTest using Java 15.0.2 on DESKTOP-FT3ALHB with PID 55184 (started by JoJoWu in D:\IdeaProjects\zhuHaiBusClock)
2021-07-28 15:50:16.582 [background-preinit] INFO  org.hibernate.validator.internal.util.Version - HV000001: Hibernate Validator 6.1.7.Final
2021-07-28 15:50:16.583 [main] INFO  com.jojo.zhuhaibusclock.service.MessageServiceTest - No active profile set, falling back to default profiles: default
2021-07-28 15:50:17.335 [main] INFO  o.s.d.r.config.RepositoryConfigurationDelegate - Multiple Spring Data modules found, entering strict repository configuration mode!
2021-07-28 15:50:17.336 [main] INFO  o.s.d.r.config.RepositoryConfigurationDelegate - Bootstrapping Spring Data JDBC repositories in DEFAULT mode.
2021-07-28 15:50:17.348 [main] INFO  o.s.d.r.config.RepositoryConfigurationDelegate - Finished Spring Data repository scanning in 8 ms. Found 0 JDBC repository interfaces.
2021-07-28 15:50:17.353 [main] INFO  o.s.d.r.config.RepositoryConfigurationDelegate - Multiple Spring Data modules found, entering strict repository configuration mode!
2021-07-28 15:50:17.354 [main] INFO  o.s.d.r.config.RepositoryConfigurationDelegate - Bootstrapping Spring Data JPA repositories in DEFAULT mode.
2021-07-28 15:50:17.360 [main] INFO  o.s.d.r.config.RepositoryConfigurationDelegate - Finished Spring Data repository scanning in 3 ms. Found 0 JPA repository interfaces.
2021-07-28 15:50:17.368 [main] INFO  o.s.d.r.config.RepositoryConfigurationDelegate - Multiple Spring Data modules found, entering strict repository configuration mode!
2021-07-28 15:50:17.369 [main] INFO  o.s.d.r.config.RepositoryConfigurationDelegate - Bootstrapping Spring Data Redis repositories in DEFAULT mode.
2021-07-28 15:50:17.377 [main] INFO  o.s.d.r.config.RepositoryConfigurationDelegate - Finished Spring Data repository scanning in 3 ms. Found 0 Redis repository interfaces.
2021-07-28 15:50:17.993 [main] INFO  com.zaxxer.hikari.HikariDataSource - HikariPool-1 - Starting...
2021-07-28 15:50:18.043 [main] INFO  com.zaxxer.hikari.HikariDataSource - HikariPool-1 - Start completed.
2021-07-28 15:50:18.082 [main] INFO  org.hibernate.jpa.internal.util.LogHelper - HHH000204: Processing PersistenceUnitInfo [name: default]
2021-07-28 15:50:18.115 [main] INFO  org.hibernate.Version - HHH000412: Hibernate ORM core version 5.4.30.Final
2021-07-28 15:50:18.190 [main] INFO  org.hibernate.annotations.common.Version - HCANN000001: Hibernate Commons Annotations {5.1.2.Final}
2021-07-28 15:50:18.337 [main] INFO  org.hibernate.dialect.Dialect - HHH000400: Using dialect: org.hibernate.dialect.MariaDB103Dialect
2021-07-28 15:50:18.451 [main] INFO  o.h.e.t.jta.platform.internal.JtaPlatformInitiator - HHH000490: Using JtaPlatform implementation: [org.hibernate.engine.transaction.jta.platform.internal.NoJtaPlatform]
2021-07-28 15:50:18.458 [main] INFO  o.s.orm.jpa.LocalContainerEntityManagerFactoryBean - Initialized JPA EntityManagerFactory for persistence unit 'default'
2021-07-28 15:50:18.943 [main] INFO  org.quartz.impl.StdSchedulerFactory - Using default implementation for ThreadExecutor
2021-07-28 15:50:18.944 [main] INFO  org.quartz.simpl.SimpleThreadPool - Job execution threads will use class loader of thread: main
2021-07-28 15:50:18.949 [main] INFO  org.quartz.core.SchedulerSignalerImpl - Initialized Scheduler Signaller of type: class org.quartz.core.SchedulerSignalerImpl
2021-07-28 15:50:18.949 [main] INFO  org.quartz.core.QuartzScheduler - Quartz Scheduler v.2.3.2 created.
2021-07-28 15:50:18.951 [main] INFO  o.s.scheduling.quartz.LocalDataSourceJobStore - Using db table-based data access locking (synchronization).
2021-07-28 15:50:18.953 [main] INFO  o.s.scheduling.quartz.LocalDataSourceJobStore - JobStoreCMT initialized.
2021-07-28 15:50:18.953 [main] INFO  org.quartz.core.QuartzScheduler - Scheduler meta-data: Quartz Scheduler (v2.3.2) 'scheduler' with instanceId 'NON_CLUSTERED'
  Scheduler class: 'org.quartz.core.QuartzScheduler' - running locally.
  NOT STARTED.
  Currently in standby mode.
  Number of jobs executed: 0
  Using thread pool 'org.quartz.simpl.SimpleThreadPool' - with 10 threads.
  Using job-store 'org.springframework.scheduling.quartz.LocalDataSourceJobStore' - which supports persistence. and is not clustered.

2021-07-28 15:50:18.953 [main] INFO  org.quartz.impl.StdSchedulerFactory - Quartz scheduler 'scheduler' initialized from an externally provided properties instance.
2021-07-28 15:50:18.953 [main] INFO  org.quartz.impl.StdSchedulerFactory - Quartz scheduler version: 2.3.2
2021-07-28 15:50:18.953 [main] INFO  org.quartz.core.QuartzScheduler - JobFactory set to: org.springframework.scheduling.quartz.SpringBeanJobFactory@8a1169ca
2021-07-28 15:50:19.576 [main] INFO  o.s.scheduling.concurrent.ThreadPoolTaskExecutor - Initializing ExecutorService 'applicationTaskExecutor'
2021-07-28 15:50:20.138 [main] INFO  o.s.scheduling.quartz.SchedulerFactoryBean - Starting Quartz Scheduler now
2021-07-28 15:50:20.140 [main] INFO  o.s.scheduling.quartz.LocalDataSourceJobStore - Freed 0 triggers from 'acquired' / 'blocked' state.
2021-07-28 15:50:20.141 [main] INFO  o.s.scheduling.quartz.LocalDataSourceJobStore - Recovering 0 jobs that were in-progress at the time of the last shut-down.
2021-07-28 15:50:20.142 [main] INFO  o.s.scheduling.quartz.LocalDataSourceJobStore - Recovery complete.
2021-07-28 15:50:20.143 [main] INFO  o.s.scheduling.quartz.LocalDataSourceJobStore - Removed 0 'complete' triggers.
2021-07-28 15:50:20.143 [main] INFO  o.s.scheduling.quartz.LocalDataSourceJobStore - Removed 0 stale fired job entries.
2021-07-28 15:50:20.144 [main] INFO  org.quartz.core.QuartzScheduler - Scheduler scheduler_$_NON_CLUSTERED started.
2021-07-28 15:50:20.155 [main] INFO  com.jojo.zhuhaibusclock.service.MessageServiceTest - Started BarkServiceTest in 3.887 seconds (JVM running for 4.611)
2021-07-28 15:50:20.611 [main] INFO  c.g.l.r.s.b.interceptor.DefaultLoggingInterceptor - --> GET https://api.day.app/KQZynXmVoq6z7hhG5RLU97/title/test h2
2021-07-28 15:50:20.903 [main] INFO  c.g.l.r.s.b.interceptor.DefaultLoggingInterceptor - <-- 200 https://api.day.app/KQZynXmVoq6z7hhG5RLU97/title/test (291ms, 55-byte body)
2021-07-28 15:50:20.916 [main] INFO  c.jojo.zhuhaibusclock.service.impl.BarkServiceImpl - Bark消息推送成功：{"code":200,"message":"success","timestamp":1627458620}
2021-07-28 15:50:20.922 [main] INFO  c.g.l.r.s.b.interceptor.DefaultLoggingInterceptor - --> GET https://api.day.app/KQZynXmVoq6z7hhG5RLU97/test h2
2021-07-28 15:50:21.204 [main] INFO  c.g.l.r.s.b.interceptor.DefaultLoggingInterceptor - <-- 200 https://api.day.app/KQZynXmVoq6z7hhG5RLU97/test (281ms, 55-byte body)
2021-07-28 15:50:21.204 [main] INFO  c.jojo.zhuhaibusclock.service.impl.BarkServiceImpl - Bark消息推送成功：{"code":200,"message":"success","timestamp":1627458620}
2021-07-28 15:50:21.208 [SpringContextShutdownHook] INFO  org.quartz.core.QuartzScheduler - Scheduler scheduler_$_NON_CLUSTERED paused.
2021-07-28 15:50:21.210 [SpringContextShutdownHook] INFO  o.s.scheduling.concurrent.ThreadPoolTaskExecutor - Shutting down ExecutorService 'applicationTaskExecutor'
2021-07-28 15:50:21.216 [SpringContextShutdownHook] INFO  o.s.scheduling.quartz.SchedulerFactoryBean - Shutting down Quartz Scheduler
2021-07-28 15:50:21.216 [SpringContextShutdownHook] INFO  org.quartz.core.QuartzScheduler - Scheduler scheduler_$_NON_CLUSTERED shutting down.
2021-07-28 15:50:21.217 [SpringContextShutdownHook] INFO  org.quartz.core.QuartzScheduler - Scheduler scheduler_$_NON_CLUSTERED paused.
2021-07-28 15:50:21.455 [SpringContextShutdownHook] INFO  org.quartz.core.QuartzScheduler - Scheduler scheduler_$_NON_CLUSTERED shutdown complete.
2021-07-28 15:50:21.456 [SpringContextShutdownHook] INFO  o.s.orm.jpa.LocalContainerEntityManagerFactoryBean - Closing JPA EntityManagerFactory for persistence unit 'default'
2021-07-28 15:50:21.459 [SpringContextShutdownHook] INFO  com.zaxxer.hikari.HikariDataSource - HikariPool-1 - Shutdown initiated...
2021-07-28 15:50:21.462 [SpringContextShutdownHook] INFO  com.zaxxer.hikari.HikariDataSource - HikariPool-1 - Shutdown completed.
2021-07-28 16:20:21.077 [background-preinit] INFO  org.hibernate.validator.internal.util.Version - HV000001: Hibernate Validator 6.1.7.Final
2021-07-28 16:20:21.080 [main] INFO  com.jojo.zhuhaibusclock.mapper.SysUserMapperTest - Starting SysUserMapperTest using Java 15.0.2 on DESKTOP-FT3ALHB with PID 55552 (started by JoJoWu in D:\IdeaProjects\zhuHaiBusClock)
2021-07-28 16:20:21.085 [main] INFO  com.jojo.zhuhaibusclock.mapper.SysUserMapperTest - No active profile set, falling back to default profiles: default
2021-07-28 16:20:21.845 [main] INFO  o.s.d.r.config.RepositoryConfigurationDelegate - Multiple Spring Data modules found, entering strict repository configuration mode!
2021-07-28 16:20:21.846 [main] INFO  o.s.d.r.config.RepositoryConfigurationDelegate - Bootstrapping Spring Data JDBC repositories in DEFAULT mode.
2021-07-28 16:20:21.858 [main] INFO  o.s.d.r.config.RepositoryConfigurationDelegate - Finished Spring Data repository scanning in 9 ms. Found 0 JDBC repository interfaces.
2021-07-28 16:20:21.867 [main] INFO  o.s.d.r.config.RepositoryConfigurationDelegate - Multiple Spring Data modules found, entering strict repository configuration mode!
2021-07-28 16:20:21.868 [main] INFO  o.s.d.r.config.RepositoryConfigurationDelegate - Bootstrapping Spring Data JPA repositories in DEFAULT mode.
2021-07-28 16:20:21.881 [main] INFO  o.s.d.r.config.RepositoryConfigurationDelegate - Finished Spring Data repository scanning in 7 ms. Found 0 JPA repository interfaces.
2021-07-28 16:20:21.892 [main] INFO  o.s.d.r.config.RepositoryConfigurationDelegate - Multiple Spring Data modules found, entering strict repository configuration mode!
2021-07-28 16:20:21.893 [main] INFO  o.s.d.r.config.RepositoryConfigurationDelegate - Bootstrapping Spring Data Redis repositories in DEFAULT mode.
2021-07-28 16:20:21.903 [main] INFO  o.s.d.r.config.RepositoryConfigurationDelegate - Finished Spring Data repository scanning in 4 ms. Found 0 Redis repository interfaces.
2021-07-28 16:20:22.519 [main] INFO  com.zaxxer.hikari.HikariDataSource - HikariPool-1 - Starting...
2021-07-28 16:20:22.571 [main] INFO  com.zaxxer.hikari.HikariDataSource - HikariPool-1 - Start completed.
2021-07-28 16:20:22.620 [main] INFO  org.hibernate.jpa.internal.util.LogHelper - HHH000204: Processing PersistenceUnitInfo [name: default]
2021-07-28 16:20:22.654 [main] INFO  org.hibernate.Version - HHH000412: Hibernate ORM core version 5.4.30.Final
2021-07-28 16:20:22.733 [main] INFO  org.hibernate.annotations.common.Version - HCANN000001: Hibernate Commons Annotations {5.1.2.Final}
2021-07-28 16:20:22.870 [main] INFO  org.hibernate.dialect.Dialect - HHH000400: Using dialect: org.hibernate.dialect.MariaDB103Dialect
2021-07-28 16:20:22.994 [main] INFO  o.h.e.t.jta.platform.internal.JtaPlatformInitiator - HHH000490: Using JtaPlatform implementation: [org.hibernate.engine.transaction.jta.platform.internal.NoJtaPlatform]
2021-07-28 16:20:23.000 [main] INFO  o.s.orm.jpa.LocalContainerEntityManagerFactoryBean - Initialized JPA EntityManagerFactory for persistence unit 'default'
2021-07-28 16:20:23.500 [main] INFO  org.quartz.impl.StdSchedulerFactory - Using default implementation for ThreadExecutor
2021-07-28 16:20:23.501 [main] INFO  org.quartz.simpl.SimpleThreadPool - Job execution threads will use class loader of thread: main
2021-07-28 16:20:23.506 [main] INFO  org.quartz.core.SchedulerSignalerImpl - Initialized Scheduler Signaller of type: class org.quartz.core.SchedulerSignalerImpl
2021-07-28 16:20:23.506 [main] INFO  org.quartz.core.QuartzScheduler - Quartz Scheduler v.2.3.2 created.
2021-07-28 16:20:23.510 [main] INFO  o.s.scheduling.quartz.LocalDataSourceJobStore - Using db table-based data access locking (synchronization).
2021-07-28 16:20:23.511 [main] INFO  o.s.scheduling.quartz.LocalDataSourceJobStore - JobStoreCMT initialized.
2021-07-28 16:20:23.512 [main] INFO  org.quartz.core.QuartzScheduler - Scheduler meta-data: Quartz Scheduler (v2.3.2) 'scheduler' with instanceId 'NON_CLUSTERED'
  Scheduler class: 'org.quartz.core.QuartzScheduler' - running locally.
  NOT STARTED.
  Currently in standby mode.
  Number of jobs executed: 0
  Using thread pool 'org.quartz.simpl.SimpleThreadPool' - with 10 threads.
  Using job-store 'org.springframework.scheduling.quartz.LocalDataSourceJobStore' - which supports persistence. and is not clustered.

2021-07-28 16:20:23.512 [main] INFO  org.quartz.impl.StdSchedulerFactory - Quartz scheduler 'scheduler' initialized from an externally provided properties instance.
2021-07-28 16:20:23.512 [main] INFO  org.quartz.impl.StdSchedulerFactory - Quartz scheduler version: 2.3.2
2021-07-28 16:20:23.512 [main] INFO  org.quartz.core.QuartzScheduler - JobFactory set to: org.springframework.scheduling.quartz.SpringBeanJobFactory@94976d90
2021-07-28 16:20:24.150 [main] INFO  o.s.scheduling.concurrent.ThreadPoolTaskExecutor - Initializing ExecutorService 'applicationTaskExecutor'
2021-07-28 16:20:24.689 [main] INFO  o.s.scheduling.quartz.SchedulerFactoryBean - Starting Quartz Scheduler now
2021-07-28 16:20:24.691 [main] INFO  o.s.scheduling.quartz.LocalDataSourceJobStore - Freed 0 triggers from 'acquired' / 'blocked' state.
2021-07-28 16:20:24.693 [main] INFO  o.s.scheduling.quartz.LocalDataSourceJobStore - Recovering 0 jobs that were in-progress at the time of the last shut-down.
2021-07-28 16:20:24.693 [main] INFO  o.s.scheduling.quartz.LocalDataSourceJobStore - Recovery complete.
2021-07-28 16:20:24.693 [main] INFO  o.s.scheduling.quartz.LocalDataSourceJobStore - Removed 0 'complete' triggers.
2021-07-28 16:20:24.694 [main] INFO  o.s.scheduling.quartz.LocalDataSourceJobStore - Removed 0 stale fired job entries.
2021-07-28 16:20:24.695 [main] INFO  org.quartz.core.QuartzScheduler - Scheduler scheduler_$_NON_CLUSTERED started.
2021-07-28 16:20:24.709 [main] INFO  com.jojo.zhuhaibusclock.mapper.SysUserMapperTest - Started SysUserMapperTest in 4.003 seconds (JVM running for 4.693)
2021-07-28 16:20:24.961 [SpringContextShutdownHook] INFO  org.quartz.core.QuartzScheduler - Scheduler scheduler_$_NON_CLUSTERED paused.
2021-07-28 16:20:24.962 [SpringContextShutdownHook] INFO  o.s.scheduling.concurrent.ThreadPoolTaskExecutor - Shutting down ExecutorService 'applicationTaskExecutor'
2021-07-28 16:20:24.969 [SpringContextShutdownHook] INFO  o.s.scheduling.quartz.SchedulerFactoryBean - Shutting down Quartz Scheduler
2021-07-28 16:20:24.969 [SpringContextShutdownHook] INFO  org.quartz.core.QuartzScheduler - Scheduler scheduler_$_NON_CLUSTERED shutting down.
2021-07-28 16:20:24.969 [SpringContextShutdownHook] INFO  org.quartz.core.QuartzScheduler - Scheduler scheduler_$_NON_CLUSTERED paused.
2021-07-28 16:20:25.007 [SpringContextShutdownHook] INFO  org.quartz.core.QuartzScheduler - Scheduler scheduler_$_NON_CLUSTERED shutdown complete.
2021-07-28 16:20:25.009 [SpringContextShutdownHook] INFO  o.s.orm.jpa.LocalContainerEntityManagerFactoryBean - Closing JPA EntityManagerFactory for persistence unit 'default'
2021-07-28 16:20:25.011 [SpringContextShutdownHook] INFO  com.zaxxer.hikari.HikariDataSource - HikariPool-1 - Shutdown initiated...
2021-07-28 16:20:25.086 [SpringContextShutdownHook] INFO  com.zaxxer.hikari.HikariDataSource - HikariPool-1 - Shutdown completed.
