2021-07-31 11:18:47.339 [scheduler_Worker-1] ERROR org.quartz.core.JobRunShell - Job clock.clock threw an unhandled Exception: 
java.lang.ClassCastException: Identified object is not a String.
	at org.quartz.utils.StringKeyDirtyFlagMap.getString(StringKeyDirtyFlagMap.java:378)
	at com.jojo.zhuhaibusclock.quartz.ClockJob.executeInternal(ClockJob.java:17)
	at org.springframework.scheduling.quartz.QuartzJobBean.execute(QuartzJobBean.java:75)
	at org.quartz.core.JobRunShell.run(JobRunShell.java:202)
	at org.quartz.simpl.SimpleThreadPool$WorkerThread.run(SimpleThreadPool.java:573)
2021-07-31 11:18:47.341 [scheduler_Worker-1] ERROR org.quartz.core.ErrorLogger - Job (clock.clock threw an exception.
org.quartz.SchedulerException: Job threw an unhandled exception.
	at org.quartz.core.JobRunShell.run(JobRunShell.java:213)
	at org.quartz.simpl.SimpleThreadPool$WorkerThread.run(SimpleThreadPool.java:573)
Caused by: java.lang.ClassCastException: Identified object is not a String.
	at org.quartz.utils.StringKeyDirtyFlagMap.getString(StringKeyDirtyFlagMap.java:378)
	at com.jojo.zhuhaibusclock.quartz.ClockJob.executeInternal(ClockJob.java:17)
	at org.springframework.scheduling.quartz.QuartzJobBean.execute(QuartzJobBean.java:75)
	at org.quartz.core.JobRunShell.run(JobRunShell.java:202)
	... 1 common frames omitted
2021-07-31 11:18:48.322 [scheduler_Worker-2] ERROR org.quartz.core.JobRunShell - Job clock.clock threw an unhandled Exception: 
java.lang.ClassCastException: Identified object is not a String.
	at org.quartz.utils.StringKeyDirtyFlagMap.getString(StringKeyDirtyFlagMap.java:378)
	at com.jojo.zhuhaibusclock.quartz.ClockJob.executeInternal(ClockJob.java:17)
	at org.springframework.scheduling.quartz.QuartzJobBean.execute(QuartzJobBean.java:75)
	at org.quartz.core.JobRunShell.run(JobRunShell.java:202)
	at org.quartz.simpl.SimpleThreadPool$WorkerThread.run(SimpleThreadPool.java:573)
2021-07-31 11:18:48.322 [scheduler_Worker-2] ERROR org.quartz.core.ErrorLogger - Job (clock.clock threw an exception.
org.quartz.SchedulerException: Job threw an unhandled exception.
	at org.quartz.core.JobRunShell.run(JobRunShell.java:213)
	at org.quartz.simpl.SimpleThreadPool$WorkerThread.run(SimpleThreadPool.java:573)
Caused by: java.lang.ClassCastException: Identified object is not a String.
	at org.quartz.utils.StringKeyDirtyFlagMap.getString(StringKeyDirtyFlagMap.java:378)
	at com.jojo.zhuhaibusclock.quartz.ClockJob.executeInternal(ClockJob.java:17)
	at org.springframework.scheduling.quartz.QuartzJobBean.execute(QuartzJobBean.java:75)
	at org.quartz.core.JobRunShell.run(JobRunShell.java:202)
	... 1 common frames omitted
2021-07-31 11:18:49.322 [scheduler_Worker-3] ERROR org.quartz.core.JobRunShell - Job clock.clock threw an unhandled Exception: 
java.lang.ClassCastException: Identified object is not a String.
	at org.quartz.utils.StringKeyDirtyFlagMap.getString(StringKeyDirtyFlagMap.java:378)
	at com.jojo.zhuhaibusclock.quartz.ClockJob.executeInternal(ClockJob.java:17)
	at org.springframework.scheduling.quartz.QuartzJobBean.execute(QuartzJobBean.java:75)
	at org.quartz.core.JobRunShell.run(JobRunShell.java:202)
	at org.quartz.simpl.SimpleThreadPool$WorkerThread.run(SimpleThreadPool.java:573)
2021-07-31 11:18:49.322 [scheduler_Worker-3] ERROR org.quartz.core.ErrorLogger - Job (clock.clock threw an exception.
org.quartz.SchedulerException: Job threw an unhandled exception.
	at org.quartz.core.JobRunShell.run(JobRunShell.java:213)
	at org.quartz.simpl.SimpleThreadPool$WorkerThread.run(SimpleThreadPool.java:573)
Caused by: java.lang.ClassCastException: Identified object is not a String.
	at org.quartz.utils.StringKeyDirtyFlagMap.getString(StringKeyDirtyFlagMap.java:378)
	at com.jojo.zhuhaibusclock.quartz.ClockJob.executeInternal(ClockJob.java:17)
	at org.springframework.scheduling.quartz.QuartzJobBean.execute(QuartzJobBean.java:75)
	at org.quartz.core.JobRunShell.run(JobRunShell.java:202)
	... 1 common frames omitted
2021-07-31 11:18:50.321 [scheduler_Worker-4] ERROR org.quartz.core.JobRunShell - Job clock.clock threw an unhandled Exception: 
java.lang.ClassCastException: Identified object is not a String.
	at org.quartz.utils.StringKeyDirtyFlagMap.getString(StringKeyDirtyFlagMap.java:378)
	at com.jojo.zhuhaibusclock.quartz.ClockJob.executeInternal(ClockJob.java:17)
	at org.springframework.scheduling.quartz.QuartzJobBean.execute(QuartzJobBean.java:75)
	at org.quartz.core.JobRunShell.run(JobRunShell.java:202)
	at org.quartz.simpl.SimpleThreadPool$WorkerThread.run(SimpleThreadPool.java:573)
2021-07-31 11:18:50.321 [scheduler_Worker-4] ERROR org.quartz.core.ErrorLogger - Job (clock.clock threw an exception.
org.quartz.SchedulerException: Job threw an unhandled exception.
	at org.quartz.core.JobRunShell.run(JobRunShell.java:213)
	at org.quartz.simpl.SimpleThreadPool$WorkerThread.run(SimpleThreadPool.java:573)
Caused by: java.lang.ClassCastException: Identified object is not a String.
	at org.quartz.utils.StringKeyDirtyFlagMap.getString(StringKeyDirtyFlagMap.java:378)
	at com.jojo.zhuhaibusclock.quartz.ClockJob.executeInternal(ClockJob.java:17)
	at org.springframework.scheduling.quartz.QuartzJobBean.execute(QuartzJobBean.java:75)
	at org.quartz.core.JobRunShell.run(JobRunShell.java:202)
	... 1 common frames omitted
2021-07-31 11:18:51.323 [scheduler_Worker-5] ERROR org.quartz.core.JobRunShell - Job clock.clock threw an unhandled Exception: 
java.lang.ClassCastException: Identified object is not a String.
	at org.quartz.utils.StringKeyDirtyFlagMap.getString(StringKeyDirtyFlagMap.java:378)
	at com.jojo.zhuhaibusclock.quartz.ClockJob.executeInternal(ClockJob.java:17)
	at org.springframework.scheduling.quartz.QuartzJobBean.execute(QuartzJobBean.java:75)
	at org.quartz.core.JobRunShell.run(JobRunShell.java:202)
	at org.quartz.simpl.SimpleThreadPool$WorkerThread.run(SimpleThreadPool.java:573)
2021-07-31 11:18:51.323 [scheduler_Worker-5] ERROR org.quartz.core.ErrorLogger - Job (clock.clock threw an exception.
org.quartz.SchedulerException: Job threw an unhandled exception.
	at org.quartz.core.JobRunShell.run(JobRunShell.java:213)
	at org.quartz.simpl.SimpleThreadPool$WorkerThread.run(SimpleThreadPool.java:573)
Caused by: java.lang.ClassCastException: Identified object is not a String.
	at org.quartz.utils.StringKeyDirtyFlagMap.getString(StringKeyDirtyFlagMap.java:378)
	at com.jojo.zhuhaibusclock.quartz.ClockJob.executeInternal(ClockJob.java:17)
	at org.springframework.scheduling.quartz.QuartzJobBean.execute(QuartzJobBean.java:75)
	at org.quartz.core.JobRunShell.run(JobRunShell.java:202)
	... 1 common frames omitted
2021-07-31 11:18:52.322 [scheduler_Worker-6] ERROR org.quartz.core.JobRunShell - Job clock.clock threw an unhandled Exception: 
java.lang.ClassCastException: Identified object is not a String.
	at org.quartz.utils.StringKeyDirtyFlagMap.getString(StringKeyDirtyFlagMap.java:378)
	at com.jojo.zhuhaibusclock.quartz.ClockJob.executeInternal(ClockJob.java:17)
	at org.springframework.scheduling.quartz.QuartzJobBean.execute(QuartzJobBean.java:75)
	at org.quartz.core.JobRunShell.run(JobRunShell.java:202)
	at org.quartz.simpl.SimpleThreadPool$WorkerThread.run(SimpleThreadPool.java:573)
2021-07-31 11:18:52.322 [scheduler_Worker-6] ERROR org.quartz.core.ErrorLogger - Job (clock.clock threw an exception.
org.quartz.SchedulerException: Job threw an unhandled exception.
	at org.quartz.core.JobRunShell.run(JobRunShell.java:213)
	at org.quartz.simpl.SimpleThreadPool$WorkerThread.run(SimpleThreadPool.java:573)
Caused by: java.lang.ClassCastException: Identified object is not a String.
	at org.quartz.utils.StringKeyDirtyFlagMap.getString(StringKeyDirtyFlagMap.java:378)
	at com.jojo.zhuhaibusclock.quartz.ClockJob.executeInternal(ClockJob.java:17)
	at org.springframework.scheduling.quartz.QuartzJobBean.execute(QuartzJobBean.java:75)
	at org.quartz.core.JobRunShell.run(JobRunShell.java:202)
	... 1 common frames omitted
