2021-07-24 10:22:25.323 [main] DEBUG c.j.z.mapper.SysStationMapper.deleteByPrimaryKey - ==>  Preparing: delete from sys_station where station_id = ?
2021-07-24 10:22:25.331 [main] DEBUG c.j.z.mapper.SysStationMapper.deleteByPrimaryKey - ==> Parameters: 55181009132739750000(String)
2021-07-24 10:22:25.332 [main] DEBUG c.j.z.mapper.SysStationMapper.deleteByPrimaryKey - <==    Updates: 1
2021-07-24 10:22:34.899 [main] DEBUG c.j.z.mapper.SysStationMapper.selectByPrimaryKey - ==>  Preparing: select station_id , station_name, longitude, latitude, station_sort, created_at, updated_at from sys_station where station_id = ?
2021-07-24 10:22:34.916 [main] DEBUG c.j.z.mapper.SysStationMapper.selectByPrimaryKey - ==> Parameters: 55181009132739750000(String)
2021-07-24 10:22:34.938 [main] DEBUG c.j.z.mapper.SysStationMapper.selectByPrimaryKey - <==      Total: 0
2021-07-24 10:22:35.251 [main] DEBUG c.j.zhuhaibusclock.mapper.SysStationMapper.insert - ==>  Preparing: insert into sys_station (station_id, station_name, longitude, latitude, station_sort, created_at, updated_at) values (?, ?, ?, ?, ?, ?, ?)
2021-07-24 10:22:35.253 [main] DEBUG c.j.zhuhaibusclock.mapper.SysStationMapper.insert - ==> Parameters: 55181009132739750000(String), 华发新城(String), 113.519722(String), 22.226672(String), 0(Integer), 2021-02-02T00:05:21(LocalDateTime), 2021-07-24T08:24:32(LocalDateTime)
2021-07-24 10:22:35.254 [main] DEBUG c.j.zhuhaibusclock.mapper.SysStationMapper.insert - <==    Updates: 1
2021-07-24 10:26:26.987 [main] DEBUG c.j.z.mapper.SysStationMapper.deleteByPrimaryKey - ==>  Preparing: delete from sys_station where station_id = ?
2021-07-24 10:26:27.022 [main] DEBUG c.j.z.mapper.SysStationMapper.deleteByPrimaryKey - ==> Parameters: 55181009132739750000(String)
2021-07-24 10:26:27.023 [main] DEBUG c.j.z.mapper.SysStationMapper.deleteByPrimaryKey - <==    Updates: 1
2021-07-24 10:26:40.325 [main] DEBUG c.j.z.mapper.SysStationMapper.selectByPrimaryKey - ==>  Preparing: select station_id , station_name, longitude, latitude, station_sort, created_at, updated_at from sys_station where station_id = ?
2021-07-24 10:26:40.331 [main] DEBUG c.j.z.mapper.SysStationMapper.selectByPrimaryKey - ==> Parameters: 55181009132739750000(String)
2021-07-24 10:26:40.338 [main] DEBUG c.j.z.mapper.SysStationMapper.selectByPrimaryKey - <==      Total: 0
2021-07-24 10:26:40.652 [main] DEBUG c.j.zhuhaibusclock.mapper.SysStationMapper.insert - ==>  Preparing: insert into sys_station (station_id, station_name, longitude, latitude, station_sort, created_at, updated_at) values (?, ?, ?, ?, ?, ?, ?)
2021-07-24 10:26:40.654 [main] DEBUG c.j.zhuhaibusclock.mapper.SysStationMapper.insert - ==> Parameters: 55181009132739750000(String), 华发新城(String), 113.519722(String), 22.226672(String), 0(Integer), 2021-02-02T00:05:21(LocalDateTime), 2021-07-24T08:24:32(LocalDateTime)
2021-07-24 10:26:40.655 [main] DEBUG c.j.zhuhaibusclock.mapper.SysStationMapper.insert - <==    Updates: 1
2021-07-24 10:29:34.635 [main] DEBUG c.j.z.mapper.SysStationMapper.deleteByPrimaryKey - ==>  Preparing: delete from sys_station where station_id = ?
2021-07-24 10:29:34.641 [main] DEBUG c.j.z.mapper.SysStationMapper.deleteByPrimaryKey - ==> Parameters: 55181009132739750000(String)
2021-07-24 10:29:34.642 [main] DEBUG c.j.z.mapper.SysStationMapper.deleteByPrimaryKey - <==    Updates: 1
2021-07-24 10:29:58.046 [main] DEBUG c.j.z.mapper.SysStationMapper.selectByPrimaryKey - ==>  Preparing: select station_id , station_name, longitude, latitude, station_sort, created_at, updated_at from sys_station where station_id = ?
2021-07-24 10:29:58.052 [main] DEBUG c.j.z.mapper.SysStationMapper.selectByPrimaryKey - ==> Parameters: 55181009132739750000(String)
2021-07-24 10:29:58.069 [main] DEBUG c.j.z.mapper.SysStationMapper.selectByPrimaryKey - <==      Total: 0
2021-07-24 10:29:58.384 [main] DEBUG c.j.zhuhaibusclock.mapper.SysStationMapper.insert - ==>  Preparing: insert into sys_station (station_id, station_name, longitude, latitude, station_sort, created_at, updated_at) values (?, ?, ?, ?, ?, ?, ?)
2021-07-24 10:29:58.386 [main] DEBUG c.j.zhuhaibusclock.mapper.SysStationMapper.insert - ==> Parameters: 55181009132739750000(String), 华发新城(String), 113.519722(String), 22.226672(String), 0(Integer), 2021-02-02T00:05:21(LocalDateTime), 2021-07-24T08:24:32(LocalDateTime)
2021-07-24 10:29:58.387 [main] DEBUG c.j.zhuhaibusclock.mapper.SysStationMapper.insert - <==    Updates: 1
2021-07-24 10:35:59.443 [main] DEBUG c.j.z.m.S.selectBySegmentIdAndRouteId - ==>  Preparing: select segment_id , route_id, first_time, last_time, route_price, run_direction, route_name, station_id, route_type, start_at, end_at from sys_segment where segment_id = ? and route_id = ?
2021-07-24 10:35:59.449 [main] DEBUG c.j.z.m.S.selectBySegmentIdAndRouteId - ==> Parameters: 2685(Long), 205(Long)
2021-07-24 10:35:59.457 [main] DEBUG c.j.z.m.S.selectBySegmentIdAndRouteId - <==      Total: 1
2021-07-24 10:42:08.402 [main] DEBUG c.j.z.mapper.SysSegmentMapper.deleteByPrimaryKey - ==>  Preparing: delete from sys_segment where segment_id = ? and route_id = ?
2021-07-24 10:42:08.409 [main] DEBUG c.j.z.mapper.SysSegmentMapper.deleteByPrimaryKey - ==> Parameters: 2685(Long), 205(Long)
2021-07-24 10:42:08.410 [main] DEBUG c.j.z.mapper.SysSegmentMapper.deleteByPrimaryKey - <==    Updates: 1
2021-07-24 10:42:19.536 [main] DEBUG c.j.z.m.S.selectBySegmentIdAndRouteId - ==>  Preparing: select segment_id , route_id, first_time, last_time, route_price, run_direction, route_name, station_id, route_type, start_at, end_at from sys_segment where segment_id = ? and route_id = ?
2021-07-24 10:42:19.544 [main] DEBUG c.j.z.m.S.selectBySegmentIdAndRouteId - ==> Parameters: 2685(Long), 205(Long)
2021-07-24 10:42:19.551 [main] DEBUG c.j.z.m.S.selectBySegmentIdAndRouteId - <==      Total: 0
2021-07-24 10:42:19.954 [main] DEBUG c.j.z.mapper.SysStationMapper.selectByPrimaryKey - ==>  Preparing: select station_id , station_name, longitude, latitude, station_sort, created_at, updated_at from sys_station where station_id = ?
2021-07-24 10:42:19.955 [main] DEBUG c.j.z.mapper.SysStationMapper.selectByPrimaryKey - ==> Parameters: 55(String)
2021-07-24 10:42:19.957 [main] DEBUG c.j.z.mapper.SysStationMapper.selectByPrimaryKey - <==      Total: 1
2021-07-24 10:42:19.958 [main] DEBUG c.j.z.mapper.SysStationMapper.selectByPrimaryKey - ==>  Preparing: select station_id , station_name, longitude, latitude, station_sort, created_at, updated_at from sys_station where station_id = ?
2021-07-24 10:42:19.958 [main] DEBUG c.j.z.mapper.SysStationMapper.selectByPrimaryKey - ==> Parameters: 56(String)
2021-07-24 10:42:19.958 [main] DEBUG c.j.z.mapper.SysStationMapper.selectByPrimaryKey - <==      Total: 1
2021-07-24 10:42:19.959 [main] DEBUG c.j.z.mapper.SysStationMapper.selectByPrimaryKey - ==>  Preparing: select station_id , station_name, longitude, latitude, station_sort, created_at, updated_at from sys_station where station_id = ?
2021-07-24 10:42:19.959 [main] DEBUG c.j.z.mapper.SysStationMapper.selectByPrimaryKey - ==> Parameters: 57(String)
2021-07-24 10:42:19.960 [main] DEBUG c.j.z.mapper.SysStationMapper.selectByPrimaryKey - <==      Total: 1
2021-07-24 10:42:19.960 [main] DEBUG c.j.z.mapper.SysStationMapper.selectByPrimaryKey - ==>  Preparing: select station_id , station_name, longitude, latitude, station_sort, created_at, updated_at from sys_station where station_id = ?
2021-07-24 10:42:19.960 [main] DEBUG c.j.z.mapper.SysStationMapper.selectByPrimaryKey - ==> Parameters: 58(String)
2021-07-24 10:42:19.961 [main] DEBUG c.j.z.mapper.SysStationMapper.selectByPrimaryKey - <==      Total: 1
2021-07-24 10:42:19.961 [main] DEBUG c.j.z.mapper.SysStationMapper.selectByPrimaryKey - ==>  Preparing: select station_id , station_name, longitude, latitude, station_sort, created_at, updated_at from sys_station where station_id = ?
2021-07-24 10:42:19.961 [main] DEBUG c.j.z.mapper.SysStationMapper.selectByPrimaryKey - ==> Parameters: 59(String)
2021-07-24 10:42:19.961 [main] DEBUG c.j.z.mapper.SysStationMapper.selectByPrimaryKey - <==      Total: 1
2021-07-24 10:42:19.962 [main] DEBUG c.j.z.mapper.SysStationMapper.selectByPrimaryKey - ==>  Preparing: select station_id , station_name, longitude, latitude, station_sort, created_at, updated_at from sys_station where station_id = ?
2021-07-24 10:42:19.962 [main] DEBUG c.j.z.mapper.SysStationMapper.selectByPrimaryKey - ==> Parameters: 60(String)
2021-07-24 10:42:19.962 [main] DEBUG c.j.z.mapper.SysStationMapper.selectByPrimaryKey - <==      Total: 1
2021-07-24 10:42:19.963 [main] DEBUG c.j.z.mapper.SysStationMapper.selectByPrimaryKey - ==>  Preparing: select station_id , station_name, longitude, latitude, station_sort, created_at, updated_at from sys_station where station_id = ?
2021-07-24 10:42:19.963 [main] DEBUG c.j.z.mapper.SysStationMapper.selectByPrimaryKey - ==> Parameters: 61(String)
2021-07-24 10:42:19.964 [main] DEBUG c.j.z.mapper.SysStationMapper.selectByPrimaryKey - <==      Total: 1
2021-07-24 10:42:19.964 [main] DEBUG c.j.z.mapper.SysStationMapper.selectByPrimaryKey - ==>  Preparing: select station_id , station_name, longitude, latitude, station_sort, created_at, updated_at from sys_station where station_id = ?
2021-07-24 10:42:19.964 [main] DEBUG c.j.z.mapper.SysStationMapper.selectByPrimaryKey - ==> Parameters: 62(String)
2021-07-24 10:42:19.965 [main] DEBUG c.j.z.mapper.SysStationMapper.selectByPrimaryKey - <==      Total: 1
2021-07-24 10:42:19.966 [main] DEBUG c.j.z.mapper.SysStationMapper.selectByPrimaryKey - ==>  Preparing: select station_id , station_name, longitude, latitude, station_sort, created_at, updated_at from sys_station where station_id = ?
2021-07-24 10:42:19.966 [main] DEBUG c.j.z.mapper.SysStationMapper.selectByPrimaryKey - ==> Parameters: 63(String)
2021-07-24 10:42:19.967 [main] DEBUG c.j.z.mapper.SysStationMapper.selectByPrimaryKey - <==      Total: 1
2021-07-24 10:42:19.967 [main] DEBUG c.j.z.mapper.SysStationMapper.selectByPrimaryKey - ==>  Preparing: select station_id , station_name, longitude, latitude, station_sort, created_at, updated_at from sys_station where station_id = ?
2021-07-24 10:42:19.967 [main] DEBUG c.j.z.mapper.SysStationMapper.selectByPrimaryKey - ==> Parameters: 64(String)
2021-07-24 10:42:19.968 [main] DEBUG c.j.z.mapper.SysStationMapper.selectByPrimaryKey - <==      Total: 1
2021-07-24 10:42:19.968 [main] DEBUG c.j.z.mapper.SysStationMapper.selectByPrimaryKey - ==>  Preparing: select station_id , station_name, longitude, latitude, station_sort, created_at, updated_at from sys_station where station_id = ?
2021-07-24 10:42:19.968 [main] DEBUG c.j.z.mapper.SysStationMapper.selectByPrimaryKey - ==> Parameters: 65(String)
2021-07-24 10:42:19.968 [main] DEBUG c.j.z.mapper.SysStationMapper.selectByPrimaryKey - <==      Total: 1
2021-07-24 10:42:19.969 [main] DEBUG c.j.z.mapper.SysStationMapper.selectByPrimaryKey - ==>  Preparing: select station_id , station_name, longitude, latitude, station_sort, created_at, updated_at from sys_station where station_id = ?
2021-07-24 10:42:19.969 [main] DEBUG c.j.z.mapper.SysStationMapper.selectByPrimaryKey - ==> Parameters: 66(String)
2021-07-24 10:42:19.969 [main] DEBUG c.j.z.mapper.SysStationMapper.selectByPrimaryKey - <==      Total: 1
2021-07-24 10:42:19.969 [main] DEBUG c.j.z.mapper.SysStationMapper.selectByPrimaryKey - ==>  Preparing: select station_id , station_name, longitude, latitude, station_sort, created_at, updated_at from sys_station where station_id = ?
2021-07-24 10:42:19.969 [main] DEBUG c.j.z.mapper.SysStationMapper.selectByPrimaryKey - ==> Parameters: 67(String)
2021-07-24 10:42:19.970 [main] DEBUG c.j.z.mapper.SysStationMapper.selectByPrimaryKey - <==      Total: 1
2021-07-24 10:42:19.971 [main] DEBUG c.j.z.mapper.SysStationMapper.selectByPrimaryKey - ==>  Preparing: select station_id , station_name, longitude, latitude, station_sort, created_at, updated_at from sys_station where station_id = ?
2021-07-24 10:42:19.971 [main] DEBUG c.j.z.mapper.SysStationMapper.selectByPrimaryKey - ==> Parameters: 68(String)
2021-07-24 10:42:19.971 [main] DEBUG c.j.z.mapper.SysStationMapper.selectByPrimaryKey - <==      Total: 1
2021-07-24 10:42:19.972 [main] DEBUG c.j.z.mapper.SysStationMapper.selectByPrimaryKey - ==>  Preparing: select station_id , station_name, longitude, latitude, station_sort, created_at, updated_at from sys_station where station_id = ?
2021-07-24 10:42:19.972 [main] DEBUG c.j.z.mapper.SysStationMapper.selectByPrimaryKey - ==> Parameters: 69(String)
2021-07-24 10:42:19.973 [main] DEBUG c.j.z.mapper.SysStationMapper.selectByPrimaryKey - <==      Total: 1
2021-07-24 10:42:19.974 [main] DEBUG c.j.z.mapper.SysStationMapper.selectByPrimaryKey - ==>  Preparing: select station_id , station_name, longitude, latitude, station_sort, created_at, updated_at from sys_station where station_id = ?
2021-07-24 10:42:19.974 [main] DEBUG c.j.z.mapper.SysStationMapper.selectByPrimaryKey - ==> Parameters: 70(String)
2021-07-24 10:42:19.976 [main] DEBUG c.j.z.mapper.SysStationMapper.selectByPrimaryKey - <==      Total: 1
2021-07-24 10:42:19.976 [main] DEBUG c.j.z.mapper.SysStationMapper.selectByPrimaryKey - ==>  Preparing: select station_id , station_name, longitude, latitude, station_sort, created_at, updated_at from sys_station where station_id = ?
2021-07-24 10:42:19.976 [main] DEBUG c.j.z.mapper.SysStationMapper.selectByPrimaryKey - ==> Parameters: 71(String)
2021-07-24 10:42:19.977 [main] DEBUG c.j.z.mapper.SysStationMapper.selectByPrimaryKey - <==      Total: 1
2021-07-24 10:42:19.977 [main] DEBUG c.j.z.mapper.SysStationMapper.selectByPrimaryKey - ==>  Preparing: select station_id , station_name, longitude, latitude, station_sort, created_at, updated_at from sys_station where station_id = ?
2021-07-24 10:42:19.977 [main] DEBUG c.j.z.mapper.SysStationMapper.selectByPrimaryKey - ==> Parameters: 72(String)
2021-07-24 10:42:19.978 [main] DEBUG c.j.z.mapper.SysStationMapper.selectByPrimaryKey - <==      Total: 1
2021-07-24 10:42:19.978 [main] DEBUG c.j.z.mapper.SysStationMapper.selectByPrimaryKey - ==>  Preparing: select station_id , station_name, longitude, latitude, station_sort, created_at, updated_at from sys_station where station_id = ?
2021-07-24 10:42:19.978 [main] DEBUG c.j.z.mapper.SysStationMapper.selectByPrimaryKey - ==> Parameters: 73(String)
2021-07-24 10:42:19.979 [main] DEBUG c.j.z.mapper.SysStationMapper.selectByPrimaryKey - <==      Total: 1
2021-07-24 10:42:19.979 [main] DEBUG c.j.z.mapper.SysStationMapper.selectByPrimaryKey - ==>  Preparing: select station_id , station_name, longitude, latitude, station_sort, created_at, updated_at from sys_station where station_id = ?
2021-07-24 10:42:19.979 [main] DEBUG c.j.z.mapper.SysStationMapper.selectByPrimaryKey - ==> Parameters: 74(String)
2021-07-24 10:42:19.980 [main] DEBUG c.j.z.mapper.SysStationMapper.selectByPrimaryKey - <==      Total: 1
2021-07-24 10:42:19.980 [main] DEBUG c.j.z.mapper.SysStationMapper.selectByPrimaryKey - ==>  Preparing: select station_id , station_name, longitude, latitude, station_sort, created_at, updated_at from sys_station where station_id = ?
2021-07-24 10:42:19.980 [main] DEBUG c.j.z.mapper.SysStationMapper.selectByPrimaryKey - ==> Parameters: 75(String)
2021-07-24 10:42:19.980 [main] DEBUG c.j.z.mapper.SysStationMapper.selectByPrimaryKey - <==      Total: 1
2021-07-24 10:42:19.981 [main] DEBUG c.j.z.mapper.SysStationMapper.selectByPrimaryKey - ==>  Preparing: select station_id , station_name, longitude, latitude, station_sort, created_at, updated_at from sys_station where station_id = ?
2021-07-24 10:42:19.981 [main] DEBUG c.j.z.mapper.SysStationMapper.selectByPrimaryKey - ==> Parameters: 76(String)
2021-07-24 10:42:19.982 [main] DEBUG c.j.z.mapper.SysStationMapper.selectByPrimaryKey - <==      Total: 1
2021-07-24 10:42:19.982 [main] DEBUG c.j.z.mapper.SysStationMapper.selectByPrimaryKey - ==>  Preparing: select station_id , station_name, longitude, latitude, station_sort, created_at, updated_at from sys_station where station_id = ?
2021-07-24 10:42:19.982 [main] DEBUG c.j.z.mapper.SysStationMapper.selectByPrimaryKey - ==> Parameters: 77(String)
2021-07-24 10:42:19.983 [main] DEBUG c.j.z.mapper.SysStationMapper.selectByPrimaryKey - <==      Total: 1
2021-07-24 10:42:19.983 [main] DEBUG c.j.z.mapper.SysStationMapper.selectByPrimaryKey - ==>  Preparing: select station_id , station_name, longitude, latitude, station_sort, created_at, updated_at from sys_station where station_id = ?
2021-07-24 10:42:19.983 [main] DEBUG c.j.z.mapper.SysStationMapper.selectByPrimaryKey - ==> Parameters: 78(String)
2021-07-24 10:42:19.983 [main] DEBUG c.j.z.mapper.SysStationMapper.selectByPrimaryKey - <==      Total: 1
2021-07-24 10:42:19.984 [main] DEBUG c.j.z.mapper.SysStationMapper.selectByPrimaryKey - ==>  Preparing: select station_id , station_name, longitude, latitude, station_sort, created_at, updated_at from sys_station where station_id = ?
2021-07-24 10:42:19.984 [main] DEBUG c.j.z.mapper.SysStationMapper.selectByPrimaryKey - ==> Parameters: 79(String)
2021-07-24 10:42:19.984 [main] DEBUG c.j.z.mapper.SysStationMapper.selectByPrimaryKey - <==      Total: 1
2021-07-24 10:42:19.984 [main] DEBUG c.j.z.mapper.SysStationMapper.selectByPrimaryKey - ==>  Preparing: select station_id , station_name, longitude, latitude, station_sort, created_at, updated_at from sys_station where station_id = ?
2021-07-24 10:42:19.984 [main] DEBUG c.j.z.mapper.SysStationMapper.selectByPrimaryKey - ==> Parameters: 80(String)
2021-07-24 10:42:19.985 [main] DEBUG c.j.z.mapper.SysStationMapper.selectByPrimaryKey - <==      Total: 1
2021-07-24 10:42:19.985 [main] DEBUG c.j.z.mapper.SysStationMapper.selectByPrimaryKey - ==>  Preparing: select station_id , station_name, longitude, latitude, station_sort, created_at, updated_at from sys_station where station_id = ?
2021-07-24 10:42:19.985 [main] DEBUG c.j.z.mapper.SysStationMapper.selectByPrimaryKey - ==> Parameters: 81(String)
2021-07-24 10:42:19.986 [main] DEBUG c.j.z.mapper.SysStationMapper.selectByPrimaryKey - <==      Total: 1
2021-07-24 10:42:19.986 [main] DEBUG c.j.z.mapper.SysStationMapper.selectByPrimaryKey - ==>  Preparing: select station_id , station_name, longitude, latitude, station_sort, created_at, updated_at from sys_station where station_id = ?
2021-07-24 10:42:19.986 [main] DEBUG c.j.z.mapper.SysStationMapper.selectByPrimaryKey - ==> Parameters: 82(String)
2021-07-24 10:42:19.987 [main] DEBUG c.j.z.mapper.SysStationMapper.selectByPrimaryKey - <==      Total: 1
2021-07-24 10:42:19.987 [main] DEBUG c.j.z.mapper.SysStationMapper.selectByPrimaryKey - ==>  Preparing: select station_id , station_name, longitude, latitude, station_sort, created_at, updated_at from sys_station where station_id = ?
2021-07-24 10:42:19.987 [main] DEBUG c.j.z.mapper.SysStationMapper.selectByPrimaryKey - ==> Parameters: 83(String)
2021-07-24 10:42:19.987 [main] DEBUG c.j.z.mapper.SysStationMapper.selectByPrimaryKey - <==      Total: 1
2021-07-24 10:42:19.987 [main] DEBUG c.j.z.mapper.SysStationMapper.selectByPrimaryKey - ==>  Preparing: select station_id , station_name, longitude, latitude, station_sort, created_at, updated_at from sys_station where station_id = ?
2021-07-24 10:42:19.988 [main] DEBUG c.j.z.mapper.SysStationMapper.selectByPrimaryKey - ==> Parameters: 84(String)
2021-07-24 10:42:19.988 [main] DEBUG c.j.z.mapper.SysStationMapper.selectByPrimaryKey - <==      Total: 1
2021-07-24 10:42:19.988 [main] DEBUG c.j.z.mapper.SysStationMapper.selectByPrimaryKey - ==>  Preparing: select station_id , station_name, longitude, latitude, station_sort, created_at, updated_at from sys_station where station_id = ?
2021-07-24 10:42:19.988 [main] DEBUG c.j.z.mapper.SysStationMapper.selectByPrimaryKey - ==> Parameters: 85(String)
2021-07-24 10:42:19.989 [main] DEBUG c.j.z.mapper.SysStationMapper.selectByPrimaryKey - <==      Total: 1
2021-07-24 10:42:19.989 [main] DEBUG c.j.z.mapper.SysStationMapper.selectByPrimaryKey - ==>  Preparing: select station_id , station_name, longitude, latitude, station_sort, created_at, updated_at from sys_station where station_id = ?
2021-07-24 10:42:19.989 [main] DEBUG c.j.z.mapper.SysStationMapper.selectByPrimaryKey - ==> Parameters: 86(String)
2021-07-24 10:42:19.990 [main] DEBUG c.j.z.mapper.SysStationMapper.selectByPrimaryKey - <==      Total: 1
2021-07-24 10:45:14.808 [main] DEBUG c.j.z.m.S.selectBySegmentIdAndRouteId - ==>  Preparing: select segment_id , route_id, first_time, last_time, route_price, run_direction, route_name, station_id, route_type, start_at, end_at from sys_segment where segment_id = ? and route_id = ?
2021-07-24 10:45:14.815 [main] DEBUG c.j.z.m.S.selectBySegmentIdAndRouteId - ==> Parameters: 2685(Long), 205(Long)
2021-07-24 10:45:14.822 [main] DEBUG c.j.z.m.S.selectBySegmentIdAndRouteId - <==      Total: 0
2021-07-24 10:45:15.190 [main] DEBUG c.j.z.mapper.SysStationMapper.selectByPrimaryKey - ==>  Preparing: select station_id , station_name, longitude, latitude, station_sort, created_at, updated_at from sys_station where station_id = ?
2021-07-24 10:45:15.190 [main] DEBUG c.j.z.mapper.SysStationMapper.selectByPrimaryKey - ==> Parameters: 55(String)
2021-07-24 10:45:15.192 [main] DEBUG c.j.z.mapper.SysStationMapper.selectByPrimaryKey - <==      Total: 1
2021-07-24 10:45:15.192 [main] DEBUG c.j.z.mapper.SysStationMapper.selectByPrimaryKey - ==>  Preparing: select station_id , station_name, longitude, latitude, station_sort, created_at, updated_at from sys_station where station_id = ?
2021-07-24 10:45:15.192 [main] DEBUG c.j.z.mapper.SysStationMapper.selectByPrimaryKey - ==> Parameters: 56(String)
2021-07-24 10:45:15.193 [main] DEBUG c.j.z.mapper.SysStationMapper.selectByPrimaryKey - <==      Total: 1
2021-07-24 10:45:15.193 [main] DEBUG c.j.z.mapper.SysStationMapper.selectByPrimaryKey - ==>  Preparing: select station_id , station_name, longitude, latitude, station_sort, created_at, updated_at from sys_station where station_id = ?
2021-07-24 10:45:15.194 [main] DEBUG c.j.z.mapper.SysStationMapper.selectByPrimaryKey - ==> Parameters: 57(String)
2021-07-24 10:45:15.194 [main] DEBUG c.j.z.mapper.SysStationMapper.selectByPrimaryKey - <==      Total: 1
2021-07-24 10:45:15.195 [main] DEBUG c.j.z.mapper.SysStationMapper.selectByPrimaryKey - ==>  Preparing: select station_id , station_name, longitude, latitude, station_sort, created_at, updated_at from sys_station where station_id = ?
2021-07-24 10:45:15.195 [main] DEBUG c.j.z.mapper.SysStationMapper.selectByPrimaryKey - ==> Parameters: 58(String)
2021-07-24 10:45:15.195 [main] DEBUG c.j.z.mapper.SysStationMapper.selectByPrimaryKey - <==      Total: 1
2021-07-24 10:45:15.196 [main] DEBUG c.j.z.mapper.SysStationMapper.selectByPrimaryKey - ==>  Preparing: select station_id , station_name, longitude, latitude, station_sort, created_at, updated_at from sys_station where station_id = ?
2021-07-24 10:45:15.196 [main] DEBUG c.j.z.mapper.SysStationMapper.selectByPrimaryKey - ==> Parameters: 59(String)
2021-07-24 10:45:15.196 [main] DEBUG c.j.z.mapper.SysStationMapper.selectByPrimaryKey - <==      Total: 1
2021-07-24 10:45:15.196 [main] DEBUG c.j.z.mapper.SysStationMapper.selectByPrimaryKey - ==>  Preparing: select station_id , station_name, longitude, latitude, station_sort, created_at, updated_at from sys_station where station_id = ?
2021-07-24 10:45:15.197 [main] DEBUG c.j.z.mapper.SysStationMapper.selectByPrimaryKey - ==> Parameters: 60(String)
2021-07-24 10:45:15.197 [main] DEBUG c.j.z.mapper.SysStationMapper.selectByPrimaryKey - <==      Total: 1
2021-07-24 10:45:15.198 [main] DEBUG c.j.z.mapper.SysStationMapper.selectByPrimaryKey - ==>  Preparing: select station_id , station_name, longitude, latitude, station_sort, created_at, updated_at from sys_station where station_id = ?
2021-07-24 10:45:15.198 [main] DEBUG c.j.z.mapper.SysStationMapper.selectByPrimaryKey - ==> Parameters: 61(String)
2021-07-24 10:45:15.198 [main] DEBUG c.j.z.mapper.SysStationMapper.selectByPrimaryKey - <==      Total: 1
2021-07-24 10:45:15.199 [main] DEBUG c.j.z.mapper.SysStationMapper.selectByPrimaryKey - ==>  Preparing: select station_id , station_name, longitude, latitude, station_sort, created_at, updated_at from sys_station where station_id = ?
2021-07-24 10:45:15.199 [main] DEBUG c.j.z.mapper.SysStationMapper.selectByPrimaryKey - ==> Parameters: 62(String)
2021-07-24 10:45:15.200 [main] DEBUG c.j.z.mapper.SysStationMapper.selectByPrimaryKey - <==      Total: 1
2021-07-24 10:45:15.200 [main] DEBUG c.j.z.mapper.SysStationMapper.selectByPrimaryKey - ==>  Preparing: select station_id , station_name, longitude, latitude, station_sort, created_at, updated_at from sys_station where station_id = ?
2021-07-24 10:45:15.200 [main] DEBUG c.j.z.mapper.SysStationMapper.selectByPrimaryKey - ==> Parameters: 63(String)
2021-07-24 10:45:15.201 [main] DEBUG c.j.z.mapper.SysStationMapper.selectByPrimaryKey - <==      Total: 1
2021-07-24 10:45:15.201 [main] DEBUG c.j.z.mapper.SysStationMapper.selectByPrimaryKey - ==>  Preparing: select station_id , station_name, longitude, latitude, station_sort, created_at, updated_at from sys_station where station_id = ?
2021-07-24 10:45:15.201 [main] DEBUG c.j.z.mapper.SysStationMapper.selectByPrimaryKey - ==> Parameters: 64(String)
2021-07-24 10:45:15.202 [main] DEBUG c.j.z.mapper.SysStationMapper.selectByPrimaryKey - <==      Total: 1
2021-07-24 10:45:15.202 [main] DEBUG c.j.z.mapper.SysStationMapper.selectByPrimaryKey - ==>  Preparing: select station_id , station_name, longitude, latitude, station_sort, created_at, updated_at from sys_station where station_id = ?
2021-07-24 10:45:15.202 [main] DEBUG c.j.z.mapper.SysStationMapper.selectByPrimaryKey - ==> Parameters: 65(String)
2021-07-24 10:45:15.202 [main] DEBUG c.j.z.mapper.SysStationMapper.selectByPrimaryKey - <==      Total: 1
2021-07-24 10:45:15.203 [main] DEBUG c.j.z.mapper.SysStationMapper.selectByPrimaryKey - ==>  Preparing: select station_id , station_name, longitude, latitude, station_sort, created_at, updated_at from sys_station where station_id = ?
2021-07-24 10:45:15.203 [main] DEBUG c.j.z.mapper.SysStationMapper.selectByPrimaryKey - ==> Parameters: 66(String)
2021-07-24 10:45:15.203 [main] DEBUG c.j.z.mapper.SysStationMapper.selectByPrimaryKey - <==      Total: 1
2021-07-24 10:45:15.203 [main] DEBUG c.j.z.mapper.SysStationMapper.selectByPrimaryKey - ==>  Preparing: select station_id , station_name, longitude, latitude, station_sort, created_at, updated_at from sys_station where station_id = ?
2021-07-24 10:45:15.204 [main] DEBUG c.j.z.mapper.SysStationMapper.selectByPrimaryKey - ==> Parameters: 67(String)
2021-07-24 10:45:15.204 [main] DEBUG c.j.z.mapper.SysStationMapper.selectByPrimaryKey - <==      Total: 1
2021-07-24 10:45:15.205 [main] DEBUG c.j.z.mapper.SysStationMapper.selectByPrimaryKey - ==>  Preparing: select station_id , station_name, longitude, latitude, station_sort, created_at, updated_at from sys_station where station_id = ?
2021-07-24 10:45:15.205 [main] DEBUG c.j.z.mapper.SysStationMapper.selectByPrimaryKey - ==> Parameters: 68(String)
2021-07-24 10:45:15.205 [main] DEBUG c.j.z.mapper.SysStationMapper.selectByPrimaryKey - <==      Total: 1
2021-07-24 10:45:15.206 [main] DEBUG c.j.z.mapper.SysStationMapper.selectByPrimaryKey - ==>  Preparing: select station_id , station_name, longitude, latitude, station_sort, created_at, updated_at from sys_station where station_id = ?
2021-07-24 10:45:15.206 [main] DEBUG c.j.z.mapper.SysStationMapper.selectByPrimaryKey - ==> Parameters: 69(String)
2021-07-24 10:45:15.207 [main] DEBUG c.j.z.mapper.SysStationMapper.selectByPrimaryKey - <==      Total: 1
2021-07-24 10:45:15.208 [main] DEBUG c.j.z.mapper.SysStationMapper.selectByPrimaryKey - ==>  Preparing: select station_id , station_name, longitude, latitude, station_sort, created_at, updated_at from sys_station where station_id = ?
2021-07-24 10:45:15.208 [main] DEBUG c.j.z.mapper.SysStationMapper.selectByPrimaryKey - ==> Parameters: 70(String)
2021-07-24 10:45:15.210 [main] DEBUG c.j.z.mapper.SysStationMapper.selectByPrimaryKey - <==      Total: 1
2021-07-24 10:45:15.210 [main] DEBUG c.j.z.mapper.SysStationMapper.selectByPrimaryKey - ==>  Preparing: select station_id , station_name, longitude, latitude, station_sort, created_at, updated_at from sys_station where station_id = ?
2021-07-24 10:45:15.210 [main] DEBUG c.j.z.mapper.SysStationMapper.selectByPrimaryKey - ==> Parameters: 71(String)
2021-07-24 10:45:15.211 [main] DEBUG c.j.z.mapper.SysStationMapper.selectByPrimaryKey - <==      Total: 1
2021-07-24 10:45:15.211 [main] DEBUG c.j.z.mapper.SysStationMapper.selectByPrimaryKey - ==>  Preparing: select station_id , station_name, longitude, latitude, station_sort, created_at, updated_at from sys_station where station_id = ?
2021-07-24 10:45:15.211 [main] DEBUG c.j.z.mapper.SysStationMapper.selectByPrimaryKey - ==> Parameters: 72(String)
2021-07-24 10:45:15.212 [main] DEBUG c.j.z.mapper.SysStationMapper.selectByPrimaryKey - <==      Total: 1
2021-07-24 10:45:15.212 [main] DEBUG c.j.z.mapper.SysStationMapper.selectByPrimaryKey - ==>  Preparing: select station_id , station_name, longitude, latitude, station_sort, created_at, updated_at from sys_station where station_id = ?
2021-07-24 10:45:15.212 [main] DEBUG c.j.z.mapper.SysStationMapper.selectByPrimaryKey - ==> Parameters: 73(String)
2021-07-24 10:45:15.212 [main] DEBUG c.j.z.mapper.SysStationMapper.selectByPrimaryKey - <==      Total: 1
2021-07-24 10:45:15.212 [main] DEBUG c.j.z.mapper.SysStationMapper.selectByPrimaryKey - ==>  Preparing: select station_id , station_name, longitude, latitude, station_sort, created_at, updated_at from sys_station where station_id = ?
2021-07-24 10:45:15.213 [main] DEBUG c.j.z.mapper.SysStationMapper.selectByPrimaryKey - ==> Parameters: 74(String)
2021-07-24 10:45:15.213 [main] DEBUG c.j.z.mapper.SysStationMapper.selectByPrimaryKey - <==      Total: 1
2021-07-24 10:45:15.213 [main] DEBUG c.j.z.mapper.SysStationMapper.selectByPrimaryKey - ==>  Preparing: select station_id , station_name, longitude, latitude, station_sort, created_at, updated_at from sys_station where station_id = ?
2021-07-24 10:45:15.213 [main] DEBUG c.j.z.mapper.SysStationMapper.selectByPrimaryKey - ==> Parameters: 75(String)
2021-07-24 10:45:15.214 [main] DEBUG c.j.z.mapper.SysStationMapper.selectByPrimaryKey - <==      Total: 1
2021-07-24 10:45:15.214 [main] DEBUG c.j.z.mapper.SysStationMapper.selectByPrimaryKey - ==>  Preparing: select station_id , station_name, longitude, latitude, station_sort, created_at, updated_at from sys_station where station_id = ?
2021-07-24 10:45:15.214 [main] DEBUG c.j.z.mapper.SysStationMapper.selectByPrimaryKey - ==> Parameters: 76(String)
2021-07-24 10:45:15.215 [main] DEBUG c.j.z.mapper.SysStationMapper.selectByPrimaryKey - <==      Total: 1
2021-07-24 10:45:15.215 [main] DEBUG c.j.z.mapper.SysStationMapper.selectByPrimaryKey - ==>  Preparing: select station_id , station_name, longitude, latitude, station_sort, created_at, updated_at from sys_station where station_id = ?
2021-07-24 10:45:15.215 [main] DEBUG c.j.z.mapper.SysStationMapper.selectByPrimaryKey - ==> Parameters: 77(String)
2021-07-24 10:45:15.216 [main] DEBUG c.j.z.mapper.SysStationMapper.selectByPrimaryKey - <==      Total: 1
2021-07-24 10:45:15.216 [main] DEBUG c.j.z.mapper.SysStationMapper.selectByPrimaryKey - ==>  Preparing: select station_id , station_name, longitude, latitude, station_sort, created_at, updated_at from sys_station where station_id = ?
2021-07-24 10:45:15.216 [main] DEBUG c.j.z.mapper.SysStationMapper.selectByPrimaryKey - ==> Parameters: 78(String)
2021-07-24 10:45:15.217 [main] DEBUG c.j.z.mapper.SysStationMapper.selectByPrimaryKey - <==      Total: 1
2021-07-24 10:45:15.217 [main] DEBUG c.j.z.mapper.SysStationMapper.selectByPrimaryKey - ==>  Preparing: select station_id , station_name, longitude, latitude, station_sort, created_at, updated_at from sys_station where station_id = ?
2021-07-24 10:45:15.217 [main] DEBUG c.j.z.mapper.SysStationMapper.selectByPrimaryKey - ==> Parameters: 79(String)
2021-07-24 10:45:15.218 [main] DEBUG c.j.z.mapper.SysStationMapper.selectByPrimaryKey - <==      Total: 1
2021-07-24 10:45:15.218 [main] DEBUG c.j.z.mapper.SysStationMapper.selectByPrimaryKey - ==>  Preparing: select station_id , station_name, longitude, latitude, station_sort, created_at, updated_at from sys_station where station_id = ?
2021-07-24 10:45:15.218 [main] DEBUG c.j.z.mapper.SysStationMapper.selectByPrimaryKey - ==> Parameters: 80(String)
2021-07-24 10:45:15.218 [main] DEBUG c.j.z.mapper.SysStationMapper.selectByPrimaryKey - <==      Total: 1
2021-07-24 10:45:15.218 [main] DEBUG c.j.z.mapper.SysStationMapper.selectByPrimaryKey - ==>  Preparing: select station_id , station_name, longitude, latitude, station_sort, created_at, updated_at from sys_station where station_id = ?
2021-07-24 10:45:15.218 [main] DEBUG c.j.z.mapper.SysStationMapper.selectByPrimaryKey - ==> Parameters: 81(String)
2021-07-24 10:45:15.219 [main] DEBUG c.j.z.mapper.SysStationMapper.selectByPrimaryKey - <==      Total: 1
2021-07-24 10:45:15.219 [main] DEBUG c.j.z.mapper.SysStationMapper.selectByPrimaryKey - ==>  Preparing: select station_id , station_name, longitude, latitude, station_sort, created_at, updated_at from sys_station where station_id = ?
2021-07-24 10:45:15.219 [main] DEBUG c.j.z.mapper.SysStationMapper.selectByPrimaryKey - ==> Parameters: 82(String)
2021-07-24 10:45:15.220 [main] DEBUG c.j.z.mapper.SysStationMapper.selectByPrimaryKey - <==      Total: 1
2021-07-24 10:45:15.220 [main] DEBUG c.j.z.mapper.SysStationMapper.selectByPrimaryKey - ==>  Preparing: select station_id , station_name, longitude, latitude, station_sort, created_at, updated_at from sys_station where station_id = ?
2021-07-24 10:45:15.220 [main] DEBUG c.j.z.mapper.SysStationMapper.selectByPrimaryKey - ==> Parameters: 83(String)
2021-07-24 10:45:15.221 [main] DEBUG c.j.z.mapper.SysStationMapper.selectByPrimaryKey - <==      Total: 1
2021-07-24 10:45:15.221 [main] DEBUG c.j.z.mapper.SysStationMapper.selectByPrimaryKey - ==>  Preparing: select station_id , station_name, longitude, latitude, station_sort, created_at, updated_at from sys_station where station_id = ?
2021-07-24 10:45:15.221 [main] DEBUG c.j.z.mapper.SysStationMapper.selectByPrimaryKey - ==> Parameters: 84(String)
2021-07-24 10:45:15.221 [main] DEBUG c.j.z.mapper.SysStationMapper.selectByPrimaryKey - <==      Total: 1
2021-07-24 10:45:15.222 [main] DEBUG c.j.z.mapper.SysStationMapper.selectByPrimaryKey - ==>  Preparing: select station_id , station_name, longitude, latitude, station_sort, created_at, updated_at from sys_station where station_id = ?
2021-07-24 10:45:15.222 [main] DEBUG c.j.z.mapper.SysStationMapper.selectByPrimaryKey - ==> Parameters: 85(String)
2021-07-24 10:45:15.222 [main] DEBUG c.j.z.mapper.SysStationMapper.selectByPrimaryKey - <==      Total: 1
2021-07-24 10:45:15.222 [main] DEBUG c.j.z.mapper.SysStationMapper.selectByPrimaryKey - ==>  Preparing: select station_id , station_name, longitude, latitude, station_sort, created_at, updated_at from sys_station where station_id = ?
2021-07-24 10:45:15.222 [main] DEBUG c.j.z.mapper.SysStationMapper.selectByPrimaryKey - ==> Parameters: 86(String)
2021-07-24 10:45:15.223 [main] DEBUG c.j.z.mapper.SysStationMapper.selectByPrimaryKey - <==      Total: 1
2021-07-24 10:49:44.424 [main] DEBUG c.j.z.m.S.selectBySegmentIdAndRouteId - ==>  Preparing: select segment_id , route_id, first_time, last_time, route_price, run_direction, route_name, station_id, route_type, start_at, end_at from sys_segment where segment_id = ? and route_id = ?
2021-07-24 10:49:44.431 [main] DEBUG c.j.z.m.S.selectBySegmentIdAndRouteId - ==> Parameters: 2685(Long), 205(Long)
2021-07-24 10:49:44.438 [main] DEBUG c.j.z.m.S.selectBySegmentIdAndRouteId - <==      Total: 0
2021-07-24 10:49:44.724 [main] DEBUG c.j.z.mapper.SysStationMapper.selectByPrimaryKey - ==>  Preparing: select station_id , station_name, longitude, latitude, station_sort, created_at, updated_at from sys_station where station_id = ?
2021-07-24 10:49:44.724 [main] DEBUG c.j.z.mapper.SysStationMapper.selectByPrimaryKey - ==> Parameters: 55(String)
2021-07-24 10:49:44.726 [main] DEBUG c.j.z.mapper.SysStationMapper.selectByPrimaryKey - <==      Total: 1
2021-07-24 10:49:44.726 [main] DEBUG c.j.z.mapper.SysStationMapper.selectByPrimaryKey - ==>  Preparing: select station_id , station_name, longitude, latitude, station_sort, created_at, updated_at from sys_station where station_id = ?
2021-07-24 10:49:44.726 [main] DEBUG c.j.z.mapper.SysStationMapper.selectByPrimaryKey - ==> Parameters: 56(String)
2021-07-24 10:49:44.727 [main] DEBUG c.j.z.mapper.SysStationMapper.selectByPrimaryKey - <==      Total: 1
2021-07-24 10:49:44.727 [main] DEBUG c.j.z.mapper.SysStationMapper.selectByPrimaryKey - ==>  Preparing: select station_id , station_name, longitude, latitude, station_sort, created_at, updated_at from sys_station where station_id = ?
2021-07-24 10:49:44.728 [main] DEBUG c.j.z.mapper.SysStationMapper.selectByPrimaryKey - ==> Parameters: 57(String)
2021-07-24 10:49:44.728 [main] DEBUG c.j.z.mapper.SysStationMapper.selectByPrimaryKey - <==      Total: 1
2021-07-24 10:49:44.728 [main] DEBUG c.j.z.mapper.SysStationMapper.selectByPrimaryKey - ==>  Preparing: select station_id , station_name, longitude, latitude, station_sort, created_at, updated_at from sys_station where station_id = ?
2021-07-24 10:49:44.728 [main] DEBUG c.j.z.mapper.SysStationMapper.selectByPrimaryKey - ==> Parameters: 58(String)
2021-07-24 10:49:44.729 [main] DEBUG c.j.z.mapper.SysStationMapper.selectByPrimaryKey - <==      Total: 1
2021-07-24 10:49:44.729 [main] DEBUG c.j.z.mapper.SysStationMapper.selectByPrimaryKey - ==>  Preparing: select station_id , station_name, longitude, latitude, station_sort, created_at, updated_at from sys_station where station_id = ?
2021-07-24 10:49:44.729 [main] DEBUG c.j.z.mapper.SysStationMapper.selectByPrimaryKey - ==> Parameters: 59(String)
2021-07-24 10:49:44.731 [main] DEBUG c.j.z.mapper.SysStationMapper.selectByPrimaryKey - <==      Total: 1
2021-07-24 10:49:44.731 [main] DEBUG c.j.z.mapper.SysStationMapper.selectByPrimaryKey - ==>  Preparing: select station_id , station_name, longitude, latitude, station_sort, created_at, updated_at from sys_station where station_id = ?
2021-07-24 10:49:44.732 [main] DEBUG c.j.z.mapper.SysStationMapper.selectByPrimaryKey - ==> Parameters: 60(String)
2021-07-24 10:49:44.732 [main] DEBUG c.j.z.mapper.SysStationMapper.selectByPrimaryKey - <==      Total: 1
2021-07-24 10:49:44.733 [main] DEBUG c.j.z.mapper.SysStationMapper.selectByPrimaryKey - ==>  Preparing: select station_id , station_name, longitude, latitude, station_sort, created_at, updated_at from sys_station where station_id = ?
2021-07-24 10:49:44.733 [main] DEBUG c.j.z.mapper.SysStationMapper.selectByPrimaryKey - ==> Parameters: 61(String)
2021-07-24 10:49:44.733 [main] DEBUG c.j.z.mapper.SysStationMapper.selectByPrimaryKey - <==      Total: 1
2021-07-24 10:49:44.733 [main] DEBUG c.j.z.mapper.SysStationMapper.selectByPrimaryKey - ==>  Preparing: select station_id , station_name, longitude, latitude, station_sort, created_at, updated_at from sys_station where station_id = ?
2021-07-24 10:49:44.733 [main] DEBUG c.j.z.mapper.SysStationMapper.selectByPrimaryKey - ==> Parameters: 62(String)
2021-07-24 10:49:44.735 [main] DEBUG c.j.z.mapper.SysStationMapper.selectByPrimaryKey - <==      Total: 1
2021-07-24 10:49:44.735 [main] DEBUG c.j.z.mapper.SysStationMapper.selectByPrimaryKey - ==>  Preparing: select station_id , station_name, longitude, latitude, station_sort, created_at, updated_at from sys_station where station_id = ?
2021-07-24 10:49:44.735 [main] DEBUG c.j.z.mapper.SysStationMapper.selectByPrimaryKey - ==> Parameters: 63(String)
2021-07-24 10:49:44.736 [main] DEBUG c.j.z.mapper.SysStationMapper.selectByPrimaryKey - <==      Total: 1
2021-07-24 10:49:44.736 [main] DEBUG c.j.z.mapper.SysStationMapper.selectByPrimaryKey - ==>  Preparing: select station_id , station_name, longitude, latitude, station_sort, created_at, updated_at from sys_station where station_id = ?
2021-07-24 10:49:44.736 [main] DEBUG c.j.z.mapper.SysStationMapper.selectByPrimaryKey - ==> Parameters: 64(String)
2021-07-24 10:49:44.737 [main] DEBUG c.j.z.mapper.SysStationMapper.selectByPrimaryKey - <==      Total: 1
2021-07-24 10:49:44.737 [main] DEBUG c.j.z.mapper.SysStationMapper.selectByPrimaryKey - ==>  Preparing: select station_id , station_name, longitude, latitude, station_sort, created_at, updated_at from sys_station where station_id = ?
2021-07-24 10:49:44.737 [main] DEBUG c.j.z.mapper.SysStationMapper.selectByPrimaryKey - ==> Parameters: 65(String)
2021-07-24 10:49:44.738 [main] DEBUG c.j.z.mapper.SysStationMapper.selectByPrimaryKey - <==      Total: 1
2021-07-24 10:49:44.738 [main] DEBUG c.j.z.mapper.SysStationMapper.selectByPrimaryKey - ==>  Preparing: select station_id , station_name, longitude, latitude, station_sort, created_at, updated_at from sys_station where station_id = ?
2021-07-24 10:49:44.738 [main] DEBUG c.j.z.mapper.SysStationMapper.selectByPrimaryKey - ==> Parameters: 66(String)
2021-07-24 10:49:44.739 [main] DEBUG c.j.z.mapper.SysStationMapper.selectByPrimaryKey - <==      Total: 1
2021-07-24 10:49:44.739 [main] DEBUG c.j.z.mapper.SysStationMapper.selectByPrimaryKey - ==>  Preparing: select station_id , station_name, longitude, latitude, station_sort, created_at, updated_at from sys_station where station_id = ?
2021-07-24 10:49:44.739 [main] DEBUG c.j.z.mapper.SysStationMapper.selectByPrimaryKey - ==> Parameters: 67(String)
2021-07-24 10:49:44.740 [main] DEBUG c.j.z.mapper.SysStationMapper.selectByPrimaryKey - <==      Total: 1
2021-07-24 10:49:44.741 [main] DEBUG c.j.z.mapper.SysStationMapper.selectByPrimaryKey - ==>  Preparing: select station_id , station_name, longitude, latitude, station_sort, created_at, updated_at from sys_station where station_id = ?
2021-07-24 10:49:44.741 [main] DEBUG c.j.z.mapper.SysStationMapper.selectByPrimaryKey - ==> Parameters: 68(String)
2021-07-24 10:49:44.741 [main] DEBUG c.j.z.mapper.SysStationMapper.selectByPrimaryKey - <==      Total: 1
2021-07-24 10:49:44.741 [main] DEBUG c.j.z.mapper.SysStationMapper.selectByPrimaryKey - ==>  Preparing: select station_id , station_name, longitude, latitude, station_sort, created_at, updated_at from sys_station where station_id = ?
2021-07-24 10:49:44.742 [main] DEBUG c.j.z.mapper.SysStationMapper.selectByPrimaryKey - ==> Parameters: 69(String)
2021-07-24 10:49:44.743 [main] DEBUG c.j.z.mapper.SysStationMapper.selectByPrimaryKey - <==      Total: 1
2021-07-24 10:49:44.744 [main] DEBUG c.j.z.mapper.SysStationMapper.selectByPrimaryKey - ==>  Preparing: select station_id , station_name, longitude, latitude, station_sort, created_at, updated_at from sys_station where station_id = ?
2021-07-24 10:49:44.744 [main] DEBUG c.j.z.mapper.SysStationMapper.selectByPrimaryKey - ==> Parameters: 70(String)
2021-07-24 10:49:44.746 [main] DEBUG c.j.z.mapper.SysStationMapper.selectByPrimaryKey - <==      Total: 1
2021-07-24 10:49:44.746 [main] DEBUG c.j.z.mapper.SysStationMapper.selectByPrimaryKey - ==>  Preparing: select station_id , station_name, longitude, latitude, station_sort, created_at, updated_at from sys_station where station_id = ?
2021-07-24 10:49:44.746 [main] DEBUG c.j.z.mapper.SysStationMapper.selectByPrimaryKey - ==> Parameters: 71(String)
2021-07-24 10:49:44.747 [main] DEBUG c.j.z.mapper.SysStationMapper.selectByPrimaryKey - <==      Total: 1
2021-07-24 10:49:44.747 [main] DEBUG c.j.z.mapper.SysStationMapper.selectByPrimaryKey - ==>  Preparing: select station_id , station_name, longitude, latitude, station_sort, created_at, updated_at from sys_station where station_id = ?
2021-07-24 10:49:44.747 [main] DEBUG c.j.z.mapper.SysStationMapper.selectByPrimaryKey - ==> Parameters: 72(String)
2021-07-24 10:49:44.747 [main] DEBUG c.j.z.mapper.SysStationMapper.selectByPrimaryKey - <==      Total: 1
2021-07-24 10:49:44.748 [main] DEBUG c.j.z.mapper.SysStationMapper.selectByPrimaryKey - ==>  Preparing: select station_id , station_name, longitude, latitude, station_sort, created_at, updated_at from sys_station where station_id = ?
2021-07-24 10:49:44.748 [main] DEBUG c.j.z.mapper.SysStationMapper.selectByPrimaryKey - ==> Parameters: 73(String)
2021-07-24 10:49:44.748 [main] DEBUG c.j.z.mapper.SysStationMapper.selectByPrimaryKey - <==      Total: 1
2021-07-24 10:49:44.749 [main] DEBUG c.j.z.mapper.SysStationMapper.selectByPrimaryKey - ==>  Preparing: select station_id , station_name, longitude, latitude, station_sort, created_at, updated_at from sys_station where station_id = ?
2021-07-24 10:49:44.749 [main] DEBUG c.j.z.mapper.SysStationMapper.selectByPrimaryKey - ==> Parameters: 74(String)
2021-07-24 10:49:44.749 [main] DEBUG c.j.z.mapper.SysStationMapper.selectByPrimaryKey - <==      Total: 1
2021-07-24 10:49:44.750 [main] DEBUG c.j.z.mapper.SysStationMapper.selectByPrimaryKey - ==>  Preparing: select station_id , station_name, longitude, latitude, station_sort, created_at, updated_at from sys_station where station_id = ?
2021-07-24 10:49:44.750 [main] DEBUG c.j.z.mapper.SysStationMapper.selectByPrimaryKey - ==> Parameters: 75(String)
2021-07-24 10:49:44.750 [main] DEBUG c.j.z.mapper.SysStationMapper.selectByPrimaryKey - <==      Total: 1
2021-07-24 10:49:44.750 [main] DEBUG c.j.z.mapper.SysStationMapper.selectByPrimaryKey - ==>  Preparing: select station_id , station_name, longitude, latitude, station_sort, created_at, updated_at from sys_station where station_id = ?
2021-07-24 10:49:44.751 [main] DEBUG c.j.z.mapper.SysStationMapper.selectByPrimaryKey - ==> Parameters: 76(String)
2021-07-24 10:49:44.751 [main] DEBUG c.j.z.mapper.SysStationMapper.selectByPrimaryKey - <==      Total: 1
2021-07-24 10:49:44.751 [main] DEBUG c.j.z.mapper.SysStationMapper.selectByPrimaryKey - ==>  Preparing: select station_id , station_name, longitude, latitude, station_sort, created_at, updated_at from sys_station where station_id = ?
2021-07-24 10:49:44.751 [main] DEBUG c.j.z.mapper.SysStationMapper.selectByPrimaryKey - ==> Parameters: 77(String)
2021-07-24 10:49:44.752 [main] DEBUG c.j.z.mapper.SysStationMapper.selectByPrimaryKey - <==      Total: 1
2021-07-24 10:49:44.752 [main] DEBUG c.j.z.mapper.SysStationMapper.selectByPrimaryKey - ==>  Preparing: select station_id , station_name, longitude, latitude, station_sort, created_at, updated_at from sys_station where station_id = ?
2021-07-24 10:49:44.752 [main] DEBUG c.j.z.mapper.SysStationMapper.selectByPrimaryKey - ==> Parameters: 78(String)
2021-07-24 10:49:44.753 [main] DEBUG c.j.z.mapper.SysStationMapper.selectByPrimaryKey - <==      Total: 1
2021-07-24 10:49:44.753 [main] DEBUG c.j.z.mapper.SysStationMapper.selectByPrimaryKey - ==>  Preparing: select station_id , station_name, longitude, latitude, station_sort, created_at, updated_at from sys_station where station_id = ?
2021-07-24 10:49:44.753 [main] DEBUG c.j.z.mapper.SysStationMapper.selectByPrimaryKey - ==> Parameters: 79(String)
2021-07-24 10:49:44.753 [main] DEBUG c.j.z.mapper.SysStationMapper.selectByPrimaryKey - <==      Total: 1
2021-07-24 10:49:44.753 [main] DEBUG c.j.z.mapper.SysStationMapper.selectByPrimaryKey - ==>  Preparing: select station_id , station_name, longitude, latitude, station_sort, created_at, updated_at from sys_station where station_id = ?
2021-07-24 10:49:44.754 [main] DEBUG c.j.z.mapper.SysStationMapper.selectByPrimaryKey - ==> Parameters: 80(String)
2021-07-24 10:49:44.754 [main] DEBUG c.j.z.mapper.SysStationMapper.selectByPrimaryKey - <==      Total: 1
2021-07-24 10:49:44.754 [main] DEBUG c.j.z.mapper.SysStationMapper.selectByPrimaryKey - ==>  Preparing: select station_id , station_name, longitude, latitude, station_sort, created_at, updated_at from sys_station where station_id = ?
2021-07-24 10:49:44.754 [main] DEBUG c.j.z.mapper.SysStationMapper.selectByPrimaryKey - ==> Parameters: 81(String)
2021-07-24 10:49:44.755 [main] DEBUG c.j.z.mapper.SysStationMapper.selectByPrimaryKey - <==      Total: 1
2021-07-24 10:49:44.755 [main] DEBUG c.j.z.mapper.SysStationMapper.selectByPrimaryKey - ==>  Preparing: select station_id , station_name, longitude, latitude, station_sort, created_at, updated_at from sys_station where station_id = ?
2021-07-24 10:49:44.755 [main] DEBUG c.j.z.mapper.SysStationMapper.selectByPrimaryKey - ==> Parameters: 82(String)
2021-07-24 10:49:44.756 [main] DEBUG c.j.z.mapper.SysStationMapper.selectByPrimaryKey - <==      Total: 1
2021-07-24 10:49:44.756 [main] DEBUG c.j.z.mapper.SysStationMapper.selectByPrimaryKey - ==>  Preparing: select station_id , station_name, longitude, latitude, station_sort, created_at, updated_at from sys_station where station_id = ?
2021-07-24 10:49:44.756 [main] DEBUG c.j.z.mapper.SysStationMapper.selectByPrimaryKey - ==> Parameters: 83(String)
2021-07-24 10:49:44.756 [main] DEBUG c.j.z.mapper.SysStationMapper.selectByPrimaryKey - <==      Total: 1
2021-07-24 10:49:44.756 [main] DEBUG c.j.z.mapper.SysStationMapper.selectByPrimaryKey - ==>  Preparing: select station_id , station_name, longitude, latitude, station_sort, created_at, updated_at from sys_station where station_id = ?
2021-07-24 10:49:44.757 [main] DEBUG c.j.z.mapper.SysStationMapper.selectByPrimaryKey - ==> Parameters: 84(String)
2021-07-24 10:49:44.757 [main] DEBUG c.j.z.mapper.SysStationMapper.selectByPrimaryKey - <==      Total: 1
2021-07-24 10:49:44.757 [main] DEBUG c.j.z.mapper.SysStationMapper.selectByPrimaryKey - ==>  Preparing: select station_id , station_name, longitude, latitude, station_sort, created_at, updated_at from sys_station where station_id = ?
2021-07-24 10:49:44.757 [main] DEBUG c.j.z.mapper.SysStationMapper.selectByPrimaryKey - ==> Parameters: 85(String)
2021-07-24 10:49:44.758 [main] DEBUG c.j.z.mapper.SysStationMapper.selectByPrimaryKey - <==      Total: 1
2021-07-24 10:49:44.758 [main] DEBUG c.j.z.mapper.SysStationMapper.selectByPrimaryKey - ==>  Preparing: select station_id , station_name, longitude, latitude, station_sort, created_at, updated_at from sys_station where station_id = ?
2021-07-24 10:49:44.758 [main] DEBUG c.j.z.mapper.SysStationMapper.selectByPrimaryKey - ==> Parameters: 86(String)
2021-07-24 10:49:44.759 [main] DEBUG c.j.z.mapper.SysStationMapper.selectByPrimaryKey - <==      Total: 1
2021-07-24 10:49:44.804 [main] DEBUG c.j.z.m.S.selectBySegmentIdAndRouteId - ==>  Preparing: select segment_id , route_id, first_time, last_time, route_price, run_direction, route_name, station_id, route_type, start_at, end_at from sys_segment where segment_id = ? and route_id = ?
2021-07-24 10:49:44.804 [main] DEBUG c.j.z.m.S.selectBySegmentIdAndRouteId - ==> Parameters: 2665(Long), 102(Long)
2021-07-24 10:49:44.806 [main] DEBUG c.j.z.m.S.selectBySegmentIdAndRouteId - <==      Total: 1
2021-07-24 10:49:44.806 [main] DEBUG c.j.z.m.S.selectBySegmentIdAndRouteId - ==>  Preparing: select segment_id , route_id, first_time, last_time, route_price, run_direction, route_name, station_id, route_type, start_at, end_at from sys_segment where segment_id = ? and route_id = ?
2021-07-24 10:49:44.806 [main] DEBUG c.j.z.m.S.selectBySegmentIdAndRouteId - ==> Parameters: 2685(Long), 205(Long)
2021-07-24 10:49:44.806 [main] DEBUG c.j.z.m.S.selectBySegmentIdAndRouteId - <==      Total: 0
2021-07-24 10:49:44.807 [main] DEBUG c.j.zhuhaibusclock.mapper.SysSegmentMapper.insert - ==>  Preparing: insert into sys_segment (segment_id, route_id, first_time, last_time, route_price, run_direction, route_name, station_id, route_type, start_at, end_at) values (?,?, ?, ?, ?, ?, ?, ?, ?, ?, ?)
2021-07-24 10:49:44.808 [main] DEBUG c.j.zhuhaibusclock.mapper.SysSegmentMapper.insert - ==> Parameters: 2685(Long), 205(Long), 06:00(LocalTime), 23:10(LocalTime), 1(Integer), 1(Integer), 25路(String), 55(String), 1(Integer), 大桥口岸枢纽(String), 屏北三路西(String)
2021-07-24 10:49:44.809 [main] DEBUG c.j.zhuhaibusclock.mapper.SysSegmentMapper.insert - <==    Updates: 1
2021-07-24 10:49:44.810 [main] DEBUG c.j.z.m.S.selectBySegmentIdAndRouteId - ==>  Preparing: select segment_id , route_id, first_time, last_time, route_price, run_direction, route_name, station_id, route_type, start_at, end_at from sys_segment where segment_id = ? and route_id = ?
2021-07-24 10:49:44.810 [main] DEBUG c.j.z.m.S.selectBySegmentIdAndRouteId - ==> Parameters: 60434(Long), 20000300(Long)
2021-07-24 10:49:44.811 [main] DEBUG c.j.z.m.S.selectBySegmentIdAndRouteId - <==      Total: 1
2021-07-24 10:49:44.811 [main] DEBUG c.j.z.m.S.selectBySegmentIdAndRouteId - ==>  Preparing: select segment_id , route_id, first_time, last_time, route_price, run_direction, route_name, station_id, route_type, start_at, end_at from sys_segment where segment_id = ? and route_id = ?
2021-07-24 10:49:44.811 [main] DEBUG c.j.z.m.S.selectBySegmentIdAndRouteId - ==> Parameters: 60460(Long), 354(Long)
2021-07-24 10:49:44.812 [main] DEBUG c.j.z.m.S.selectBySegmentIdAndRouteId - <==      Total: 1
2021-07-24 10:49:44.812 [main] DEBUG c.j.z.m.S.selectBySegmentIdAndRouteId - ==>  Preparing: select segment_id , route_id, first_time, last_time, route_price, run_direction, route_name, station_id, route_type, start_at, end_at from sys_segment where segment_id = ? and route_id = ?
2021-07-24 10:49:44.812 [main] DEBUG c.j.z.m.S.selectBySegmentIdAndRouteId - ==> Parameters: 60873(Long), 30201010(Long)
2021-07-24 10:49:44.812 [main] DEBUG c.j.z.m.S.selectBySegmentIdAndRouteId - <==      Total: 1
2021-07-24 10:50:15.853 [main] DEBUG c.j.z.mapper.SysSegmentMapper.deleteByPrimaryKey - ==>  Preparing: delete from sys_segment where segment_id = ? and route_id = ?
2021-07-24 10:50:15.859 [main] DEBUG c.j.z.mapper.SysSegmentMapper.deleteByPrimaryKey - ==> Parameters: 2685(Long), 205(Long)
2021-07-24 10:50:15.860 [main] DEBUG c.j.z.mapper.SysSegmentMapper.deleteByPrimaryKey - <==    Updates: 1
2021-07-24 10:50:25.711 [main] DEBUG c.j.z.m.S.selectBySegmentIdAndRouteId - ==>  Preparing: select segment_id , route_id, first_time, last_time, route_price, run_direction, route_name, station_id, route_type, start_at, end_at from sys_segment where segment_id = ? and route_id = ?
2021-07-24 10:50:25.718 [main] DEBUG c.j.z.m.S.selectBySegmentIdAndRouteId - ==> Parameters: 2685(Long), 205(Long)
2021-07-24 10:50:25.724 [main] DEBUG c.j.z.m.S.selectBySegmentIdAndRouteId - <==      Total: 0
2021-07-24 10:50:26.138 [main] DEBUG c.j.z.mapper.SysStationMapper.selectByPrimaryKey - ==>  Preparing: select station_id , station_name, longitude, latitude, station_sort, created_at, updated_at from sys_station where station_id = ?
2021-07-24 10:50:26.138 [main] DEBUG c.j.z.mapper.SysStationMapper.selectByPrimaryKey - ==> Parameters: 55(String)
2021-07-24 10:50:26.140 [main] DEBUG c.j.z.mapper.SysStationMapper.selectByPrimaryKey - <==      Total: 1
2021-07-24 10:50:26.140 [main] DEBUG c.j.z.mapper.SysStationMapper.selectByPrimaryKey - ==>  Preparing: select station_id , station_name, longitude, latitude, station_sort, created_at, updated_at from sys_station where station_id = ?
2021-07-24 10:50:26.140 [main] DEBUG c.j.z.mapper.SysStationMapper.selectByPrimaryKey - ==> Parameters: 56(String)
2021-07-24 10:50:26.141 [main] DEBUG c.j.z.mapper.SysStationMapper.selectByPrimaryKey - <==      Total: 1
2021-07-24 10:50:26.141 [main] DEBUG c.j.z.mapper.SysStationMapper.selectByPrimaryKey - ==>  Preparing: select station_id , station_name, longitude, latitude, station_sort, created_at, updated_at from sys_station where station_id = ?
2021-07-24 10:50:26.142 [main] DEBUG c.j.z.mapper.SysStationMapper.selectByPrimaryKey - ==> Parameters: 57(String)
2021-07-24 10:50:26.142 [main] DEBUG c.j.z.mapper.SysStationMapper.selectByPrimaryKey - <==      Total: 1
2021-07-24 10:50:26.143 [main] DEBUG c.j.z.mapper.SysStationMapper.selectByPrimaryKey - ==>  Preparing: select station_id , station_name, longitude, latitude, station_sort, created_at, updated_at from sys_station where station_id = ?
2021-07-24 10:50:26.143 [main] DEBUG c.j.z.mapper.SysStationMapper.selectByPrimaryKey - ==> Parameters: 58(String)
2021-07-24 10:50:26.144 [main] DEBUG c.j.z.mapper.SysStationMapper.selectByPrimaryKey - <==      Total: 1
2021-07-24 10:50:26.144 [main] DEBUG c.j.z.mapper.SysStationMapper.selectByPrimaryKey - ==>  Preparing: select station_id , station_name, longitude, latitude, station_sort, created_at, updated_at from sys_station where station_id = ?
2021-07-24 10:50:26.144 [main] DEBUG c.j.z.mapper.SysStationMapper.selectByPrimaryKey - ==> Parameters: 59(String)
2021-07-24 10:50:26.144 [main] DEBUG c.j.z.mapper.SysStationMapper.selectByPrimaryKey - <==      Total: 1
2021-07-24 10:50:26.145 [main] DEBUG c.j.z.mapper.SysStationMapper.selectByPrimaryKey - ==>  Preparing: select station_id , station_name, longitude, latitude, station_sort, created_at, updated_at from sys_station where station_id = ?
2021-07-24 10:50:26.145 [main] DEBUG c.j.z.mapper.SysStationMapper.selectByPrimaryKey - ==> Parameters: 60(String)
2021-07-24 10:50:26.145 [main] DEBUG c.j.z.mapper.SysStationMapper.selectByPrimaryKey - <==      Total: 1
2021-07-24 10:50:26.145 [main] DEBUG c.j.z.mapper.SysStationMapper.selectByPrimaryKey - ==>  Preparing: select station_id , station_name, longitude, latitude, station_sort, created_at, updated_at from sys_station where station_id = ?
2021-07-24 10:50:26.145 [main] DEBUG c.j.z.mapper.SysStationMapper.selectByPrimaryKey - ==> Parameters: 61(String)
2021-07-24 10:50:26.146 [main] DEBUG c.j.z.mapper.SysStationMapper.selectByPrimaryKey - <==      Total: 1
2021-07-24 10:50:26.146 [main] DEBUG c.j.z.mapper.SysStationMapper.selectByPrimaryKey - ==>  Preparing: select station_id , station_name, longitude, latitude, station_sort, created_at, updated_at from sys_station where station_id = ?
2021-07-24 10:50:26.146 [main] DEBUG c.j.z.mapper.SysStationMapper.selectByPrimaryKey - ==> Parameters: 62(String)
2021-07-24 10:50:26.147 [main] DEBUG c.j.z.mapper.SysStationMapper.selectByPrimaryKey - <==      Total: 1
2021-07-24 10:50:26.147 [main] DEBUG c.j.z.mapper.SysStationMapper.selectByPrimaryKey - ==>  Preparing: select station_id , station_name, longitude, latitude, station_sort, created_at, updated_at from sys_station where station_id = ?
2021-07-24 10:50:26.148 [main] DEBUG c.j.z.mapper.SysStationMapper.selectByPrimaryKey - ==> Parameters: 63(String)
2021-07-24 10:50:26.148 [main] DEBUG c.j.z.mapper.SysStationMapper.selectByPrimaryKey - <==      Total: 1
2021-07-24 10:50:26.149 [main] DEBUG c.j.z.mapper.SysStationMapper.selectByPrimaryKey - ==>  Preparing: select station_id , station_name, longitude, latitude, station_sort, created_at, updated_at from sys_station where station_id = ?
2021-07-24 10:50:26.149 [main] DEBUG c.j.z.mapper.SysStationMapper.selectByPrimaryKey - ==> Parameters: 64(String)
2021-07-24 10:50:26.150 [main] DEBUG c.j.z.mapper.SysStationMapper.selectByPrimaryKey - <==      Total: 1
2021-07-24 10:50:26.150 [main] DEBUG c.j.z.mapper.SysStationMapper.selectByPrimaryKey - ==>  Preparing: select station_id , station_name, longitude, latitude, station_sort, created_at, updated_at from sys_station where station_id = ?
2021-07-24 10:50:26.150 [main] DEBUG c.j.z.mapper.SysStationMapper.selectByPrimaryKey - ==> Parameters: 65(String)
2021-07-24 10:50:26.150 [main] DEBUG c.j.z.mapper.SysStationMapper.selectByPrimaryKey - <==      Total: 1
2021-07-24 10:50:26.151 [main] DEBUG c.j.z.mapper.SysStationMapper.selectByPrimaryKey - ==>  Preparing: select station_id , station_name, longitude, latitude, station_sort, created_at, updated_at from sys_station where station_id = ?
2021-07-24 10:50:26.151 [main] DEBUG c.j.z.mapper.SysStationMapper.selectByPrimaryKey - ==> Parameters: 66(String)
2021-07-24 10:50:26.151 [main] DEBUG c.j.z.mapper.SysStationMapper.selectByPrimaryKey - <==      Total: 1
2021-07-24 10:50:26.151 [main] DEBUG c.j.z.mapper.SysStationMapper.selectByPrimaryKey - ==>  Preparing: select station_id , station_name, longitude, latitude, station_sort, created_at, updated_at from sys_station where station_id = ?
2021-07-24 10:50:26.151 [main] DEBUG c.j.z.mapper.SysStationMapper.selectByPrimaryKey - ==> Parameters: 67(String)
2021-07-24 10:50:26.152 [main] DEBUG c.j.z.mapper.SysStationMapper.selectByPrimaryKey - <==      Total: 1
2021-07-24 10:50:26.152 [main] DEBUG c.j.z.mapper.SysStationMapper.selectByPrimaryKey - ==>  Preparing: select station_id , station_name, longitude, latitude, station_sort, created_at, updated_at from sys_station where station_id = ?
2021-07-24 10:50:26.153 [main] DEBUG c.j.z.mapper.SysStationMapper.selectByPrimaryKey - ==> Parameters: 68(String)
2021-07-24 10:50:26.153 [main] DEBUG c.j.z.mapper.SysStationMapper.selectByPrimaryKey - <==      Total: 1
2021-07-24 10:50:26.153 [main] DEBUG c.j.z.mapper.SysStationMapper.selectByPrimaryKey - ==>  Preparing: select station_id , station_name, longitude, latitude, station_sort, created_at, updated_at from sys_station where station_id = ?
2021-07-24 10:50:26.154 [main] DEBUG c.j.z.mapper.SysStationMapper.selectByPrimaryKey - ==> Parameters: 69(String)
2021-07-24 10:50:26.155 [main] DEBUG c.j.z.mapper.SysStationMapper.selectByPrimaryKey - <==      Total: 1
2021-07-24 10:50:26.156 [main] DEBUG c.j.z.mapper.SysStationMapper.selectByPrimaryKey - ==>  Preparing: select station_id , station_name, longitude, latitude, station_sort, created_at, updated_at from sys_station where station_id = ?
2021-07-24 10:50:26.156 [main] DEBUG c.j.z.mapper.SysStationMapper.selectByPrimaryKey - ==> Parameters: 70(String)
2021-07-24 10:50:26.158 [main] DEBUG c.j.z.mapper.SysStationMapper.selectByPrimaryKey - <==      Total: 1
2021-07-24 10:50:26.158 [main] DEBUG c.j.z.mapper.SysStationMapper.selectByPrimaryKey - ==>  Preparing: select station_id , station_name, longitude, latitude, station_sort, created_at, updated_at from sys_station where station_id = ?
2021-07-24 10:50:26.158 [main] DEBUG c.j.z.mapper.SysStationMapper.selectByPrimaryKey - ==> Parameters: 71(String)
2021-07-24 10:50:26.159 [main] DEBUG c.j.z.mapper.SysStationMapper.selectByPrimaryKey - <==      Total: 1
2021-07-24 10:50:26.159 [main] DEBUG c.j.z.mapper.SysStationMapper.selectByPrimaryKey - ==>  Preparing: select station_id , station_name, longitude, latitude, station_sort, created_at, updated_at from sys_station where station_id = ?
2021-07-24 10:50:26.159 [main] DEBUG c.j.z.mapper.SysStationMapper.selectByPrimaryKey - ==> Parameters: 72(String)
2021-07-24 10:50:26.160 [main] DEBUG c.j.z.mapper.SysStationMapper.selectByPrimaryKey - <==      Total: 1
2021-07-24 10:50:26.160 [main] DEBUG c.j.z.mapper.SysStationMapper.selectByPrimaryKey - ==>  Preparing: select station_id , station_name, longitude, latitude, station_sort, created_at, updated_at from sys_station where station_id = ?
2021-07-24 10:50:26.160 [main] DEBUG c.j.z.mapper.SysStationMapper.selectByPrimaryKey - ==> Parameters: 73(String)
2021-07-24 10:50:26.160 [main] DEBUG c.j.z.mapper.SysStationMapper.selectByPrimaryKey - <==      Total: 1
2021-07-24 10:50:26.161 [main] DEBUG c.j.z.mapper.SysStationMapper.selectByPrimaryKey - ==>  Preparing: select station_id , station_name, longitude, latitude, station_sort, created_at, updated_at from sys_station where station_id = ?
2021-07-24 10:50:26.161 [main] DEBUG c.j.z.mapper.SysStationMapper.selectByPrimaryKey - ==> Parameters: 74(String)
2021-07-24 10:50:26.161 [main] DEBUG c.j.z.mapper.SysStationMapper.selectByPrimaryKey - <==      Total: 1
2021-07-24 10:50:26.161 [main] DEBUG c.j.z.mapper.SysStationMapper.selectByPrimaryKey - ==>  Preparing: select station_id , station_name, longitude, latitude, station_sort, created_at, updated_at from sys_station where station_id = ?
2021-07-24 10:50:26.161 [main] DEBUG c.j.z.mapper.SysStationMapper.selectByPrimaryKey - ==> Parameters: 75(String)
2021-07-24 10:50:26.162 [main] DEBUG c.j.z.mapper.SysStationMapper.selectByPrimaryKey - <==      Total: 1
2021-07-24 10:50:26.162 [main] DEBUG c.j.z.mapper.SysStationMapper.selectByPrimaryKey - ==>  Preparing: select station_id , station_name, longitude, latitude, station_sort, created_at, updated_at from sys_station where station_id = ?
2021-07-24 10:50:26.162 [main] DEBUG c.j.z.mapper.SysStationMapper.selectByPrimaryKey - ==> Parameters: 76(String)
2021-07-24 10:50:26.163 [main] DEBUG c.j.z.mapper.SysStationMapper.selectByPrimaryKey - <==      Total: 1
2021-07-24 10:50:26.163 [main] DEBUG c.j.z.mapper.SysStationMapper.selectByPrimaryKey - ==>  Preparing: select station_id , station_name, longitude, latitude, station_sort, created_at, updated_at from sys_station where station_id = ?
2021-07-24 10:50:26.163 [main] DEBUG c.j.z.mapper.SysStationMapper.selectByPrimaryKey - ==> Parameters: 77(String)
2021-07-24 10:50:26.164 [main] DEBUG c.j.z.mapper.SysStationMapper.selectByPrimaryKey - <==      Total: 1
2021-07-24 10:50:26.164 [main] DEBUG c.j.z.mapper.SysStationMapper.selectByPrimaryKey - ==>  Preparing: select station_id , station_name, longitude, latitude, station_sort, created_at, updated_at from sys_station where station_id = ?
2021-07-24 10:50:26.164 [main] DEBUG c.j.z.mapper.SysStationMapper.selectByPrimaryKey - ==> Parameters: 78(String)
2021-07-24 10:50:26.164 [main] DEBUG c.j.z.mapper.SysStationMapper.selectByPrimaryKey - <==      Total: 1
2021-07-24 10:50:26.165 [main] DEBUG c.j.z.mapper.SysStationMapper.selectByPrimaryKey - ==>  Preparing: select station_id , station_name, longitude, latitude, station_sort, created_at, updated_at from sys_station where station_id = ?
2021-07-24 10:50:26.165 [main] DEBUG c.j.z.mapper.SysStationMapper.selectByPrimaryKey - ==> Parameters: 79(String)
2021-07-24 10:50:26.165 [main] DEBUG c.j.z.mapper.SysStationMapper.selectByPrimaryKey - <==      Total: 1
2021-07-24 10:50:26.166 [main] DEBUG c.j.z.mapper.SysStationMapper.selectByPrimaryKey - ==>  Preparing: select station_id , station_name, longitude, latitude, station_sort, created_at, updated_at from sys_station where station_id = ?
2021-07-24 10:50:26.166 [main] DEBUG c.j.z.mapper.SysStationMapper.selectByPrimaryKey - ==> Parameters: 80(String)
2021-07-24 10:50:26.167 [main] DEBUG c.j.z.mapper.SysStationMapper.selectByPrimaryKey - <==      Total: 1
2021-07-24 10:50:26.167 [main] DEBUG c.j.z.mapper.SysStationMapper.selectByPrimaryKey - ==>  Preparing: select station_id , station_name, longitude, latitude, station_sort, created_at, updated_at from sys_station where station_id = ?
2021-07-24 10:50:26.167 [main] DEBUG c.j.z.mapper.SysStationMapper.selectByPrimaryKey - ==> Parameters: 81(String)
2021-07-24 10:50:26.167 [main] DEBUG c.j.z.mapper.SysStationMapper.selectByPrimaryKey - <==      Total: 1
2021-07-24 10:50:26.168 [main] DEBUG c.j.z.mapper.SysStationMapper.selectByPrimaryKey - ==>  Preparing: select station_id , station_name, longitude, latitude, station_sort, created_at, updated_at from sys_station where station_id = ?
2021-07-24 10:50:26.168 [main] DEBUG c.j.z.mapper.SysStationMapper.selectByPrimaryKey - ==> Parameters: 82(String)
2021-07-24 10:50:26.168 [main] DEBUG c.j.z.mapper.SysStationMapper.selectByPrimaryKey - <==      Total: 1
2021-07-24 10:50:26.168 [main] DEBUG c.j.z.mapper.SysStationMapper.selectByPrimaryKey - ==>  Preparing: select station_id , station_name, longitude, latitude, station_sort, created_at, updated_at from sys_station where station_id = ?
2021-07-24 10:50:26.168 [main] DEBUG c.j.z.mapper.SysStationMapper.selectByPrimaryKey - ==> Parameters: 83(String)
2021-07-24 10:50:26.169 [main] DEBUG c.j.z.mapper.SysStationMapper.selectByPrimaryKey - <==      Total: 1
2021-07-24 10:50:26.169 [main] DEBUG c.j.z.mapper.SysStationMapper.selectByPrimaryKey - ==>  Preparing: select station_id , station_name, longitude, latitude, station_sort, created_at, updated_at from sys_station where station_id = ?
2021-07-24 10:50:26.169 [main] DEBUG c.j.z.mapper.SysStationMapper.selectByPrimaryKey - ==> Parameters: 84(String)
2021-07-24 10:50:26.170 [main] DEBUG c.j.z.mapper.SysStationMapper.selectByPrimaryKey - <==      Total: 1
2021-07-24 10:50:26.170 [main] DEBUG c.j.z.mapper.SysStationMapper.selectByPrimaryKey - ==>  Preparing: select station_id , station_name, longitude, latitude, station_sort, created_at, updated_at from sys_station where station_id = ?
2021-07-24 10:50:26.170 [main] DEBUG c.j.z.mapper.SysStationMapper.selectByPrimaryKey - ==> Parameters: 85(String)
2021-07-24 10:50:26.171 [main] DEBUG c.j.z.mapper.SysStationMapper.selectByPrimaryKey - <==      Total: 1
2021-07-24 10:50:26.171 [main] DEBUG c.j.z.mapper.SysStationMapper.selectByPrimaryKey - ==>  Preparing: select station_id , station_name, longitude, latitude, station_sort, created_at, updated_at from sys_station where station_id = ?
2021-07-24 10:50:26.171 [main] DEBUG c.j.z.mapper.SysStationMapper.selectByPrimaryKey - ==> Parameters: 86(String)
2021-07-24 10:50:26.172 [main] DEBUG c.j.z.mapper.SysStationMapper.selectByPrimaryKey - <==      Total: 1
2021-07-24 10:50:26.218 [main] DEBUG c.j.z.m.S.selectBySegmentIdAndRouteId - ==>  Preparing: select segment_id , route_id, first_time, last_time, route_price, run_direction, route_name, station_id, route_type, start_at, end_at from sys_segment where segment_id = ? and route_id = ?
2021-07-24 10:50:26.218 [main] DEBUG c.j.z.m.S.selectBySegmentIdAndRouteId - ==> Parameters: 2665(Long), 102(Long)
2021-07-24 10:50:26.219 [main] DEBUG c.j.z.m.S.selectBySegmentIdAndRouteId - <==      Total: 1
2021-07-24 10:50:26.219 [main] DEBUG c.j.z.m.S.selectBySegmentIdAndRouteId - ==>  Preparing: select segment_id , route_id, first_time, last_time, route_price, run_direction, route_name, station_id, route_type, start_at, end_at from sys_segment where segment_id = ? and route_id = ?
2021-07-24 10:50:26.219 [main] DEBUG c.j.z.m.S.selectBySegmentIdAndRouteId - ==> Parameters: 2685(Long), 205(Long)
2021-07-24 10:50:26.220 [main] DEBUG c.j.z.m.S.selectBySegmentIdAndRouteId - <==      Total: 0
2021-07-24 10:50:26.221 [main] DEBUG c.j.zhuhaibusclock.mapper.SysSegmentMapper.insert - ==>  Preparing: insert into sys_segment (segment_id, route_id, first_time, last_time, route_price, run_direction, route_name, station_id, route_type, start_at, end_at) values (?,?, ?, ?, ?, ?, ?, ?, ?, ?, ?)
2021-07-24 10:50:26.222 [main] DEBUG c.j.zhuhaibusclock.mapper.SysSegmentMapper.insert - ==> Parameters: 2685(Long), 205(Long), 06:00(LocalTime), 23:10(LocalTime), 1(Integer), 1(Integer), 25路(String), 55(String), 1(Integer), 大桥口岸枢纽(String), 屏北三路西(String)
2021-07-24 10:50:26.223 [main] DEBUG c.j.zhuhaibusclock.mapper.SysSegmentMapper.insert - <==    Updates: 1
2021-07-24 10:50:26.223 [main] DEBUG c.j.z.m.S.selectBySegmentIdAndRouteId - ==>  Preparing: select segment_id , route_id, first_time, last_time, route_price, run_direction, route_name, station_id, route_type, start_at, end_at from sys_segment where segment_id = ? and route_id = ?
2021-07-24 10:50:26.224 [main] DEBUG c.j.z.m.S.selectBySegmentIdAndRouteId - ==> Parameters: 60434(Long), 20000300(Long)
2021-07-24 10:50:26.224 [main] DEBUG c.j.z.m.S.selectBySegmentIdAndRouteId - <==      Total: 1
2021-07-24 10:50:26.224 [main] DEBUG c.j.z.m.S.selectBySegmentIdAndRouteId - ==>  Preparing: select segment_id , route_id, first_time, last_time, route_price, run_direction, route_name, station_id, route_type, start_at, end_at from sys_segment where segment_id = ? and route_id = ?
2021-07-24 10:50:26.224 [main] DEBUG c.j.z.m.S.selectBySegmentIdAndRouteId - ==> Parameters: 60460(Long), 354(Long)
2021-07-24 10:50:26.225 [main] DEBUG c.j.z.m.S.selectBySegmentIdAndRouteId - <==      Total: 1
2021-07-24 10:50:26.225 [main] DEBUG c.j.z.m.S.selectBySegmentIdAndRouteId - ==>  Preparing: select segment_id , route_id, first_time, last_time, route_price, run_direction, route_name, station_id, route_type, start_at, end_at from sys_segment where segment_id = ? and route_id = ?
2021-07-24 10:50:26.225 [main] DEBUG c.j.z.m.S.selectBySegmentIdAndRouteId - ==> Parameters: 60873(Long), 30201010(Long)
2021-07-24 10:50:26.226 [main] DEBUG c.j.z.m.S.selectBySegmentIdAndRouteId - <==      Total: 1
