2021-07-20 10:11:53.444 [http-nio-8080-exec-1] DEBUG c.j.z.mapper.SysUserMapper.selectByOpenId - ==>  Preparing: select id , open_id, session_key from sys_user where open_id = ?
2021-07-20 10:11:53.479 [http-nio-8080-exec-1] DEBUG c.j.z.mapper.SysUserMapper.selectByOpenId - ==> Parameters: oLK2-5b9x6mrX-igJjyDstH70FgY(String)
2021-07-20 10:11:53.489 [http-nio-8080-exec-1] DEBUG c.j.z.mapper.SysUserMapper.selectByOpenId - <==      Total: 1
2021-07-20 10:11:53.490 [http-nio-8080-exec-1] DEBUG c.j.zhuhaibusclock.mapper.SysUserMapper.updateById - ==>  Preparing: update sys_user set open_id = ?, session_key = ? where id = ?
2021-07-20 10:11:53.490 [http-nio-8080-exec-1] DEBUG c.j.zhuhaibusclock.mapper.SysUserMapper.updateById - ==> Parameters: oLK2-5b9x6mrX-igJjyDstH70FgY(String), vYAxATWrbSlyCUNluR7ZlA==(String), 2(Long)
2021-07-20 10:11:53.491 [http-nio-8080-exec-1] DEBUG c.j.zhuhaibusclock.mapper.SysUserMapper.updateById - <==    Updates: 1
2021-07-20 10:11:53.836 [http-nio-8080-exec-2] DEBUG c.j.zhuhaibusclock.mapper.SysUserMapper.selectById - ==>  Preparing: select id , open_id, session_key from sys_user where id = ?
2021-07-20 10:11:53.836 [http-nio-8080-exec-2] DEBUG c.j.zhuhaibusclock.mapper.SysUserMapper.selectById - ==> Parameters: 2(Long)
2021-07-20 10:11:53.837 [http-nio-8080-exec-2] DEBUG c.j.zhuhaibusclock.mapper.SysUserMapper.selectById - <==      Total: 1
2021-07-20 10:11:53.842 [http-nio-8080-exec-2] DEBUG c.j.z.mapper.SysClockMapper.selectClockByUserId - ==>  Preparing: select c.id, alarm_time, repeat_time, is_enable, route_id, segment_id, station_id from sys_user u inner join sys_user_clock uc on u.id = uc.user_id inner join sys_clock c on uc.clock_id = c.id where u.id = ?
2021-07-20 10:11:53.842 [http-nio-8080-exec-2] DEBUG c.j.z.mapper.SysClockMapper.selectClockByUserId - ==> Parameters: 2(Long)
2021-07-20 10:11:53.844 [http-nio-8080-exec-2] DEBUG c.j.z.mapper.SysClockMapper.selectClockByUserId - <==      Total: 1
2021-07-20 10:11:53.847 [http-nio-8080-exec-2] DEBUG c.j.z.m.S.selectBySegmentIdAndRouteId - ==>  Preparing: select segment_id , route_id, first_time, last_time, route_price, run_direction, route_name, station_id, route_type, start_at, end_at from sys_segment where segment_id = ? and route_id = ?
2021-07-20 10:11:53.847 [http-nio-8080-exec-2] DEBUG c.j.z.m.S.selectBySegmentIdAndRouteId - ==> Parameters: 60264(Long), 235(Long)
2021-07-20 10:11:53.848 [http-nio-8080-exec-2] DEBUG c.j.z.m.S.selectBySegmentIdAndRouteId - <==      Total: 1
2021-07-20 10:11:53.848 [http-nio-8080-exec-2] DEBUG c.j.z.mapper.SysStationMapper.selectByPrimaryKey - ==>  Preparing: select station_id , station_name, longitude, latitude, station_sort, created_at, updated_at from sys_station where station_id = ?
2021-07-20 10:11:53.848 [http-nio-8080-exec-2] DEBUG c.j.z.mapper.SysStationMapper.selectByPrimaryKey - ==> Parameters: 55181009122103996000(String)
2021-07-20 10:11:53.851 [http-nio-8080-exec-2] DEBUG c.j.z.mapper.SysStationMapper.selectByPrimaryKey - <==      Total: 1
2021-07-20 10:37:30.249 [http-nio-8080-exec-1] DEBUG c.j.z.mapper.SysUserMapper.selectByOpenId - ==>  Preparing: select id , open_id, session_key from sys_user where open_id = ?
2021-07-20 10:37:30.269 [http-nio-8080-exec-1] DEBUG c.j.z.mapper.SysUserMapper.selectByOpenId - ==> Parameters: oLK2-5b9x6mrX-igJjyDstH70FgY(String)
2021-07-20 10:37:30.270 [http-nio-8080-exec-1] DEBUG c.j.z.mapper.SysUserMapper.selectByOpenId - <==      Total: 1
2021-07-20 10:37:30.270 [http-nio-8080-exec-1] DEBUG c.j.zhuhaibusclock.mapper.SysUserMapper.updateById - ==>  Preparing: update sys_user set open_id = ?, session_key = ? where id = ?
2021-07-20 10:37:30.271 [http-nio-8080-exec-1] DEBUG c.j.zhuhaibusclock.mapper.SysUserMapper.updateById - ==> Parameters: oLK2-5b9x6mrX-igJjyDstH70FgY(String), xFB6IqlONlTI+8cYzZ6qOw==(String), 2(Long)
2021-07-20 10:37:30.271 [http-nio-8080-exec-1] DEBUG c.j.zhuhaibusclock.mapper.SysUserMapper.updateById - <==    Updates: 1
2021-07-20 10:37:30.295 [http-nio-8080-exec-5] DEBUG c.j.zhuhaibusclock.mapper.SysUserMapper.selectById - ==>  Preparing: select id , open_id, session_key from sys_user where id = ?
2021-07-20 10:37:30.296 [http-nio-8080-exec-5] DEBUG c.j.zhuhaibusclock.mapper.SysUserMapper.selectById - ==> Parameters: 2(Long)
2021-07-20 10:37:30.296 [http-nio-8080-exec-5] DEBUG c.j.zhuhaibusclock.mapper.SysUserMapper.selectById - <==      Total: 1
2021-07-20 10:37:30.299 [http-nio-8080-exec-5] DEBUG c.j.z.mapper.SysClockMapper.selectClockByUserId - ==>  Preparing: select c.id, alarm_time, repeat_time, is_enable, route_id, segment_id, station_id from sys_user u inner join sys_user_clock uc on u.id = uc.user_id inner join sys_clock c on uc.clock_id = c.id where u.id = ?
2021-07-20 10:37:30.299 [http-nio-8080-exec-5] DEBUG c.j.z.mapper.SysClockMapper.selectClockByUserId - ==> Parameters: 2(Long)
2021-07-20 10:37:30.300 [http-nio-8080-exec-5] DEBUG c.j.z.mapper.SysClockMapper.selectClockByUserId - <==      Total: 1
2021-07-20 10:37:30.303 [http-nio-8080-exec-5] DEBUG c.j.z.m.S.selectBySegmentIdAndRouteId - ==>  Preparing: select segment_id , route_id, first_time, last_time, route_price, run_direction, route_name, station_id, route_type, start_at, end_at from sys_segment where segment_id = ? and route_id = ?
2021-07-20 10:37:30.303 [http-nio-8080-exec-5] DEBUG c.j.z.m.S.selectBySegmentIdAndRouteId - ==> Parameters: 60264(Long), 235(Long)
2021-07-20 10:37:30.304 [http-nio-8080-exec-5] DEBUG c.j.z.m.S.selectBySegmentIdAndRouteId - <==      Total: 1
2021-07-20 10:37:30.304 [http-nio-8080-exec-5] DEBUG c.j.z.mapper.SysStationMapper.selectByPrimaryKey - ==>  Preparing: select station_id , station_name, longitude, latitude, station_sort, created_at, updated_at from sys_station where station_id = ?
2021-07-20 10:37:30.304 [http-nio-8080-exec-5] DEBUG c.j.z.mapper.SysStationMapper.selectByPrimaryKey - ==> Parameters: 55181009122103996000(String)
2021-07-20 10:37:30.305 [http-nio-8080-exec-5] DEBUG c.j.z.mapper.SysStationMapper.selectByPrimaryKey - <==      Total: 1
2021-07-20 10:47:06.598 [http-nio-8080-exec-1] DEBUG c.j.z.mapper.SysUserMapper.selectByOpenId - ==>  Preparing: select id , open_id, session_key from sys_user where open_id = ?
2021-07-20 10:47:06.598 [http-nio-8080-exec-1] DEBUG c.j.z.mapper.SysUserMapper.selectByOpenId - ==> Parameters: oLK2-5b9x6mrX-igJjyDstH70FgY(String)
2021-07-20 10:47:06.599 [http-nio-8080-exec-1] DEBUG c.j.z.mapper.SysUserMapper.selectByOpenId - <==      Total: 1
2021-07-20 10:47:06.599 [http-nio-8080-exec-1] DEBUG c.j.zhuhaibusclock.mapper.SysUserMapper.updateById - ==>  Preparing: update sys_user set open_id = ?, session_key = ? where id = ?
2021-07-20 10:47:06.599 [http-nio-8080-exec-1] DEBUG c.j.zhuhaibusclock.mapper.SysUserMapper.updateById - ==> Parameters: oLK2-5b9x6mrX-igJjyDstH70FgY(String), PU3CplePrB+z76Gw5d8pZg==(String), 2(Long)
2021-07-20 10:47:06.600 [http-nio-8080-exec-1] DEBUG c.j.zhuhaibusclock.mapper.SysUserMapper.updateById - <==    Updates: 1
2021-07-20 10:47:06.624 [http-nio-8080-exec-2] DEBUG c.j.zhuhaibusclock.mapper.SysUserMapper.selectById - ==>  Preparing: select id , open_id, session_key from sys_user where id = ?
2021-07-20 10:47:06.624 [http-nio-8080-exec-2] DEBUG c.j.zhuhaibusclock.mapper.SysUserMapper.selectById - ==> Parameters: 2(Long)
2021-07-20 10:47:06.624 [http-nio-8080-exec-2] DEBUG c.j.zhuhaibusclock.mapper.SysUserMapper.selectById - <==      Total: 1
2021-07-20 10:47:06.627 [http-nio-8080-exec-2] DEBUG c.j.z.mapper.SysClockMapper.selectClockByUserId - ==>  Preparing: select c.id, alarm_time, repeat_time, is_enable, route_id, segment_id, station_id from sys_user u inner join sys_user_clock uc on u.id = uc.user_id inner join sys_clock c on uc.clock_id = c.id where u.id = ?
2021-07-20 10:47:06.627 [http-nio-8080-exec-2] DEBUG c.j.z.mapper.SysClockMapper.selectClockByUserId - ==> Parameters: 2(Long)
2021-07-20 10:47:06.628 [http-nio-8080-exec-2] DEBUG c.j.z.mapper.SysClockMapper.selectClockByUserId - <==      Total: 1
2021-07-20 10:47:06.631 [http-nio-8080-exec-2] DEBUG c.j.z.m.S.selectBySegmentIdAndRouteId - ==>  Preparing: select segment_id , route_id, first_time, last_time, route_price, run_direction, route_name, station_id, route_type, start_at, end_at from sys_segment where segment_id = ? and route_id = ?
2021-07-20 10:47:06.631 [http-nio-8080-exec-2] DEBUG c.j.z.m.S.selectBySegmentIdAndRouteId - ==> Parameters: 60264(Long), 235(Long)
2021-07-20 10:47:06.631 [http-nio-8080-exec-2] DEBUG c.j.z.m.S.selectBySegmentIdAndRouteId - <==      Total: 1
2021-07-20 10:47:06.632 [http-nio-8080-exec-2] DEBUG c.j.z.mapper.SysStationMapper.selectByPrimaryKey - ==>  Preparing: select station_id , station_name, longitude, latitude, station_sort, created_at, updated_at from sys_station where station_id = ?
2021-07-20 10:47:06.632 [http-nio-8080-exec-2] DEBUG c.j.z.mapper.SysStationMapper.selectByPrimaryKey - ==> Parameters: 55181009122103996000(String)
2021-07-20 10:47:06.632 [http-nio-8080-exec-2] DEBUG c.j.z.mapper.SysStationMapper.selectByPrimaryKey - <==      Total: 1
2021-07-20 10:48:22.693 [http-nio-8080-exec-4] DEBUG c.j.z.mapper.SysUserMapper.selectByOpenId - ==>  Preparing: select id , open_id, session_key from sys_user where open_id = ?
2021-07-20 10:48:22.693 [http-nio-8080-exec-4] DEBUG c.j.z.mapper.SysUserMapper.selectByOpenId - ==> Parameters: oLK2-5b9x6mrX-igJjyDstH70FgY(String)
2021-07-20 10:48:22.695 [http-nio-8080-exec-4] DEBUG c.j.z.mapper.SysUserMapper.selectByOpenId - <==      Total: 1
2021-07-20 10:48:22.695 [http-nio-8080-exec-4] DEBUG c.j.zhuhaibusclock.mapper.SysUserMapper.updateById - ==>  Preparing: update sys_user set open_id = ?, session_key = ? where id = ?
2021-07-20 10:48:22.695 [http-nio-8080-exec-4] DEBUG c.j.zhuhaibusclock.mapper.SysUserMapper.updateById - ==> Parameters: oLK2-5b9x6mrX-igJjyDstH70FgY(String), PU3CplePrB+z76Gw5d8pZg==(String), 2(Long)
2021-07-20 10:48:22.696 [http-nio-8080-exec-4] DEBUG c.j.zhuhaibusclock.mapper.SysUserMapper.updateById - <==    Updates: 1
2021-07-20 10:48:22.714 [http-nio-8080-exec-5] DEBUG c.j.zhuhaibusclock.mapper.SysUserMapper.selectById - ==>  Preparing: select id , open_id, session_key from sys_user where id = ?
2021-07-20 10:48:22.714 [http-nio-8080-exec-5] DEBUG c.j.zhuhaibusclock.mapper.SysUserMapper.selectById - ==> Parameters: 2(Long)
2021-07-20 10:48:22.715 [http-nio-8080-exec-5] DEBUG c.j.zhuhaibusclock.mapper.SysUserMapper.selectById - <==      Total: 1
2021-07-20 10:48:22.716 [http-nio-8080-exec-5] DEBUG c.j.z.mapper.SysClockMapper.selectClockByUserId - ==>  Preparing: select c.id, alarm_time, repeat_time, is_enable, route_id, segment_id, station_id from sys_user u inner join sys_user_clock uc on u.id = uc.user_id inner join sys_clock c on uc.clock_id = c.id where u.id = ?
2021-07-20 10:48:22.716 [http-nio-8080-exec-5] DEBUG c.j.z.mapper.SysClockMapper.selectClockByUserId - ==> Parameters: 2(Long)
2021-07-20 10:48:22.717 [http-nio-8080-exec-5] DEBUG c.j.z.mapper.SysClockMapper.selectClockByUserId - <==      Total: 1
2021-07-20 10:48:22.717 [http-nio-8080-exec-5] DEBUG c.j.z.m.S.selectBySegmentIdAndRouteId - ==>  Preparing: select segment_id , route_id, first_time, last_time, route_price, run_direction, route_name, station_id, route_type, start_at, end_at from sys_segment where segment_id = ? and route_id = ?
2021-07-20 10:48:22.717 [http-nio-8080-exec-5] DEBUG c.j.z.m.S.selectBySegmentIdAndRouteId - ==> Parameters: 60264(Long), 235(Long)
2021-07-20 10:48:22.718 [http-nio-8080-exec-5] DEBUG c.j.z.m.S.selectBySegmentIdAndRouteId - <==      Total: 1
2021-07-20 10:48:22.718 [http-nio-8080-exec-5] DEBUG c.j.z.mapper.SysStationMapper.selectByPrimaryKey - ==>  Preparing: select station_id , station_name, longitude, latitude, station_sort, created_at, updated_at from sys_station where station_id = ?
2021-07-20 10:48:22.718 [http-nio-8080-exec-5] DEBUG c.j.z.mapper.SysStationMapper.selectByPrimaryKey - ==> Parameters: 55181009122103996000(String)
2021-07-20 10:48:22.719 [http-nio-8080-exec-5] DEBUG c.j.z.mapper.SysStationMapper.selectByPrimaryKey - <==      Total: 1
2021-07-20 10:48:24.846 [http-nio-8080-exec-6] DEBUG c.j.zhuhaibusclock.mapper.SysUserMapper.selectById - ==>  Preparing: select id , open_id, session_key from sys_user where id = ?
2021-07-20 10:48:24.846 [http-nio-8080-exec-6] DEBUG c.j.zhuhaibusclock.mapper.SysUserMapper.selectById - ==> Parameters: 2(Long)
2021-07-20 10:48:24.847 [http-nio-8080-exec-6] DEBUG c.j.zhuhaibusclock.mapper.SysUserMapper.selectById - <==      Total: 1
2021-07-20 10:48:24.848 [http-nio-8080-exec-6] DEBUG c.j.z.mapper.SysClockMapper.selectById - ==>  Preparing: select id , alarm_time, repeat_time, is_enable, route_id, segment_id, station_id from sys_clock where id = ?
2021-07-20 10:48:24.848 [http-nio-8080-exec-6] DEBUG c.j.z.mapper.SysClockMapper.selectById - ==> Parameters: 9(Long)
2021-07-20 10:48:24.849 [http-nio-8080-exec-6] DEBUG c.j.z.mapper.SysClockMapper.selectById - <==      Total: 1
2021-07-20 10:48:24.849 [http-nio-8080-exec-6] DEBUG c.j.z.mapper.SysClockMapper.updateById - ==>  Preparing: update sys_clock set alarm_time = ?, repeat_time = ?, is_enable = ?, route_id = ?, segment_id = ?, station_id = ? where id = ?
2021-07-20 10:48:24.849 [http-nio-8080-exec-6] DEBUG c.j.z.mapper.SysClockMapper.updateById - ==> Parameters: 19:00(LocalTime), null, false(Boolean), 235(Long), 60264(Long), 6620170609091922950(String), 9(Long)
2021-07-20 10:48:24.850 [http-nio-8080-exec-6] DEBUG c.j.z.mapper.SysClockMapper.updateById - <==    Updates: 1
2021-07-20 10:48:34.037 [http-nio-8080-exec-7] DEBUG c.j.zhuhaibusclock.mapper.SysUserMapper.selectById - ==>  Preparing: select id , open_id, session_key from sys_user where id = ?
2021-07-20 10:48:34.037 [http-nio-8080-exec-7] DEBUG c.j.zhuhaibusclock.mapper.SysUserMapper.selectById - ==> Parameters: 2(Long)
2021-07-20 10:48:34.038 [http-nio-8080-exec-7] DEBUG c.j.zhuhaibusclock.mapper.SysUserMapper.selectById - <==      Total: 1
2021-07-20 10:48:34.038 [http-nio-8080-exec-7] DEBUG c.j.z.mapper.SysClockMapper.selectById - ==>  Preparing: select id , alarm_time, repeat_time, is_enable, route_id, segment_id, station_id from sys_clock where id = ?
2021-07-20 10:48:34.039 [http-nio-8080-exec-7] DEBUG c.j.z.mapper.SysClockMapper.selectById - ==> Parameters: 9(Long)
2021-07-20 10:48:34.039 [http-nio-8080-exec-7] DEBUG c.j.z.mapper.SysClockMapper.selectById - <==      Total: 1
2021-07-20 10:49:27.280 [http-nio-8080-exec-8] DEBUG c.j.z.mapper.SysUserMapper.selectByOpenId - ==>  Preparing: select id , open_id, session_key from sys_user where open_id = ?
2021-07-20 10:49:27.280 [http-nio-8080-exec-8] DEBUG c.j.z.mapper.SysUserMapper.selectByOpenId - ==> Parameters: oLK2-5b9x6mrX-igJjyDstH70FgY(String)
2021-07-20 10:49:27.280 [http-nio-8080-exec-8] DEBUG c.j.z.mapper.SysUserMapper.selectByOpenId - <==      Total: 1
2021-07-20 10:49:27.280 [http-nio-8080-exec-8] DEBUG c.j.zhuhaibusclock.mapper.SysUserMapper.updateById - ==>  Preparing: update sys_user set open_id = ?, session_key = ? where id = ?
2021-07-20 10:49:27.281 [http-nio-8080-exec-8] DEBUG c.j.zhuhaibusclock.mapper.SysUserMapper.updateById - ==> Parameters: oLK2-5b9x6mrX-igJjyDstH70FgY(String), FeyaCMH1byKOWGLM/0fd2w==(String), 2(Long)
2021-07-20 10:49:27.281 [http-nio-8080-exec-8] DEBUG c.j.zhuhaibusclock.mapper.SysUserMapper.updateById - <==    Updates: 1
2021-07-20 10:49:27.301 [http-nio-8080-exec-9] DEBUG c.j.zhuhaibusclock.mapper.SysUserMapper.selectById - ==>  Preparing: select id , open_id, session_key from sys_user where id = ?
2021-07-20 10:49:27.301 [http-nio-8080-exec-9] DEBUG c.j.zhuhaibusclock.mapper.SysUserMapper.selectById - ==> Parameters: 2(Long)
2021-07-20 10:49:27.301 [http-nio-8080-exec-9] DEBUG c.j.zhuhaibusclock.mapper.SysUserMapper.selectById - <==      Total: 1
2021-07-20 10:49:27.302 [http-nio-8080-exec-9] DEBUG c.j.z.mapper.SysClockMapper.selectClockByUserId - ==>  Preparing: select c.id, alarm_time, repeat_time, is_enable, route_id, segment_id, station_id from sys_user u inner join sys_user_clock uc on u.id = uc.user_id inner join sys_clock c on uc.clock_id = c.id where u.id = ?
2021-07-20 10:49:27.302 [http-nio-8080-exec-9] DEBUG c.j.z.mapper.SysClockMapper.selectClockByUserId - ==> Parameters: 2(Long)
2021-07-20 10:49:27.303 [http-nio-8080-exec-9] DEBUG c.j.z.mapper.SysClockMapper.selectClockByUserId - <==      Total: 1
2021-07-20 10:49:27.303 [http-nio-8080-exec-9] DEBUG c.j.z.m.S.selectBySegmentIdAndRouteId - ==>  Preparing: select segment_id , route_id, first_time, last_time, route_price, run_direction, route_name, station_id, route_type, start_at, end_at from sys_segment where segment_id = ? and route_id = ?
2021-07-20 10:49:27.303 [http-nio-8080-exec-9] DEBUG c.j.z.m.S.selectBySegmentIdAndRouteId - ==> Parameters: 60264(Long), 235(Long)
2021-07-20 10:49:27.304 [http-nio-8080-exec-9] DEBUG c.j.z.m.S.selectBySegmentIdAndRouteId - <==      Total: 1
2021-07-20 10:49:27.304 [http-nio-8080-exec-9] DEBUG c.j.z.mapper.SysStationMapper.selectByPrimaryKey - ==>  Preparing: select station_id , station_name, longitude, latitude, station_sort, created_at, updated_at from sys_station where station_id = ?
2021-07-20 10:49:27.304 [http-nio-8080-exec-9] DEBUG c.j.z.mapper.SysStationMapper.selectByPrimaryKey - ==> Parameters: 55181009122103996000(String)
2021-07-20 10:49:27.304 [http-nio-8080-exec-9] DEBUG c.j.z.mapper.SysStationMapper.selectByPrimaryKey - <==      Total: 1
2021-07-20 10:49:31.657 [http-nio-8080-exec-10] DEBUG c.j.z.mapper.SysUserMapper.selectByOpenId - ==>  Preparing: select id , open_id, session_key from sys_user where open_id = ?
2021-07-20 10:49:31.657 [http-nio-8080-exec-10] DEBUG c.j.z.mapper.SysUserMapper.selectByOpenId - ==> Parameters: oLK2-5b9x6mrX-igJjyDstH70FgY(String)
2021-07-20 10:49:31.657 [http-nio-8080-exec-10] DEBUG c.j.z.mapper.SysUserMapper.selectByOpenId - <==      Total: 1
2021-07-20 10:49:31.658 [http-nio-8080-exec-10] DEBUG c.j.zhuhaibusclock.mapper.SysUserMapper.updateById - ==>  Preparing: update sys_user set open_id = ?, session_key = ? where id = ?
2021-07-20 10:49:31.658 [http-nio-8080-exec-10] DEBUG c.j.zhuhaibusclock.mapper.SysUserMapper.updateById - ==> Parameters: oLK2-5b9x6mrX-igJjyDstH70FgY(String), FeyaCMH1byKOWGLM/0fd2w==(String), 2(Long)
2021-07-20 10:49:31.658 [http-nio-8080-exec-10] DEBUG c.j.zhuhaibusclock.mapper.SysUserMapper.updateById - <==    Updates: 1
2021-07-20 10:49:31.675 [http-nio-8080-exec-1] DEBUG c.j.zhuhaibusclock.mapper.SysUserMapper.selectById - ==>  Preparing: select id , open_id, session_key from sys_user where id = ?
2021-07-20 10:49:31.676 [http-nio-8080-exec-1] DEBUG c.j.zhuhaibusclock.mapper.SysUserMapper.selectById - ==> Parameters: 2(Long)
2021-07-20 10:49:31.676 [http-nio-8080-exec-1] DEBUG c.j.zhuhaibusclock.mapper.SysUserMapper.selectById - <==      Total: 1
2021-07-20 10:49:31.677 [http-nio-8080-exec-1] DEBUG c.j.z.mapper.SysClockMapper.selectClockByUserId - ==>  Preparing: select c.id, alarm_time, repeat_time, is_enable, route_id, segment_id, station_id from sys_user u inner join sys_user_clock uc on u.id = uc.user_id inner join sys_clock c on uc.clock_id = c.id where u.id = ?
2021-07-20 10:49:31.677 [http-nio-8080-exec-1] DEBUG c.j.z.mapper.SysClockMapper.selectClockByUserId - ==> Parameters: 2(Long)
2021-07-20 10:49:31.678 [http-nio-8080-exec-1] DEBUG c.j.z.mapper.SysClockMapper.selectClockByUserId - <==      Total: 1
2021-07-20 10:49:31.678 [http-nio-8080-exec-1] DEBUG c.j.z.m.S.selectBySegmentIdAndRouteId - ==>  Preparing: select segment_id , route_id, first_time, last_time, route_price, run_direction, route_name, station_id, route_type, start_at, end_at from sys_segment where segment_id = ? and route_id = ?
2021-07-20 10:49:31.678 [http-nio-8080-exec-1] DEBUG c.j.z.m.S.selectBySegmentIdAndRouteId - ==> Parameters: 60264(Long), 235(Long)
2021-07-20 10:49:31.679 [http-nio-8080-exec-1] DEBUG c.j.z.m.S.selectBySegmentIdAndRouteId - <==      Total: 1
2021-07-20 10:49:31.679 [http-nio-8080-exec-1] DEBUG c.j.z.mapper.SysStationMapper.selectByPrimaryKey - ==>  Preparing: select station_id , station_name, longitude, latitude, station_sort, created_at, updated_at from sys_station where station_id = ?
2021-07-20 10:49:31.679 [http-nio-8080-exec-1] DEBUG c.j.z.mapper.SysStationMapper.selectByPrimaryKey - ==> Parameters: 55181009122103996000(String)
2021-07-20 10:49:31.679 [http-nio-8080-exec-1] DEBUG c.j.z.mapper.SysStationMapper.selectByPrimaryKey - <==      Total: 1
2021-07-20 10:49:32.774 [http-nio-8080-exec-2] DEBUG c.j.zhuhaibusclock.mapper.SysUserMapper.selectById - ==>  Preparing: select id , open_id, session_key from sys_user where id = ?
2021-07-20 10:49:32.774 [http-nio-8080-exec-2] DEBUG c.j.zhuhaibusclock.mapper.SysUserMapper.selectById - ==> Parameters: 2(Long)
2021-07-20 10:49:32.775 [http-nio-8080-exec-2] DEBUG c.j.zhuhaibusclock.mapper.SysUserMapper.selectById - <==      Total: 1
2021-07-20 10:49:32.776 [http-nio-8080-exec-2] DEBUG c.j.z.mapper.SysClockMapper.selectById - ==>  Preparing: select id , alarm_time, repeat_time, is_enable, route_id, segment_id, station_id from sys_clock where id = ?
2021-07-20 10:49:32.776 [http-nio-8080-exec-2] DEBUG c.j.z.mapper.SysClockMapper.selectById - ==> Parameters: 9(Long)
2021-07-20 10:49:32.776 [http-nio-8080-exec-2] DEBUG c.j.z.mapper.SysClockMapper.selectById - <==      Total: 1
2021-07-20 10:49:43.918 [http-nio-8080-exec-3] DEBUG c.j.zhuhaibusclock.mapper.SysUserMapper.selectById - ==>  Preparing: select id , open_id, session_key from sys_user where id = ?
2021-07-20 10:49:43.919 [http-nio-8080-exec-3] DEBUG c.j.zhuhaibusclock.mapper.SysUserMapper.selectById - ==> Parameters: 2(Long)
2021-07-20 10:49:43.919 [http-nio-8080-exec-3] DEBUG c.j.zhuhaibusclock.mapper.SysUserMapper.selectById - <==      Total: 1
2021-07-20 10:49:43.920 [http-nio-8080-exec-3] DEBUG c.j.z.mapper.SysClockMapper.selectById - ==>  Preparing: select id , alarm_time, repeat_time, is_enable, route_id, segment_id, station_id from sys_clock where id = ?
2021-07-20 10:49:43.920 [http-nio-8080-exec-3] DEBUG c.j.z.mapper.SysClockMapper.selectById - ==> Parameters: 9(Long)
2021-07-20 10:49:43.921 [http-nio-8080-exec-3] DEBUG c.j.z.mapper.SysClockMapper.selectById - <==      Total: 1
2021-07-20 10:49:45.618 [http-nio-8080-exec-4] DEBUG c.j.zhuhaibusclock.mapper.SysUserMapper.selectById - ==>  Preparing: select id , open_id, session_key from sys_user where id = ?
2021-07-20 10:49:45.618 [http-nio-8080-exec-4] DEBUG c.j.zhuhaibusclock.mapper.SysUserMapper.selectById - ==> Parameters: 2(Long)
2021-07-20 10:49:45.619 [http-nio-8080-exec-4] DEBUG c.j.zhuhaibusclock.mapper.SysUserMapper.selectById - <==      Total: 1
2021-07-20 10:49:45.619 [http-nio-8080-exec-4] DEBUG c.j.z.mapper.SysClockMapper.selectById - ==>  Preparing: select id , alarm_time, repeat_time, is_enable, route_id, segment_id, station_id from sys_clock where id = ?
2021-07-20 10:49:45.619 [http-nio-8080-exec-4] DEBUG c.j.z.mapper.SysClockMapper.selectById - ==> Parameters: 9(Long)
2021-07-20 10:49:45.620 [http-nio-8080-exec-4] DEBUG c.j.z.mapper.SysClockMapper.selectById - <==      Total: 1
2021-07-20 10:50:02.480 [http-nio-8080-exec-5] DEBUG c.j.z.mapper.SysUserMapper.selectByOpenId - ==>  Preparing: select id , open_id, session_key from sys_user where open_id = ?
2021-07-20 10:50:02.480 [http-nio-8080-exec-5] DEBUG c.j.z.mapper.SysUserMapper.selectByOpenId - ==> Parameters: oLK2-5b9x6mrX-igJjyDstH70FgY(String)
2021-07-20 10:50:02.481 [http-nio-8080-exec-5] DEBUG c.j.z.mapper.SysUserMapper.selectByOpenId - <==      Total: 1
2021-07-20 10:50:02.481 [http-nio-8080-exec-5] DEBUG c.j.zhuhaibusclock.mapper.SysUserMapper.updateById - ==>  Preparing: update sys_user set open_id = ?, session_key = ? where id = ?
2021-07-20 10:50:02.481 [http-nio-8080-exec-5] DEBUG c.j.zhuhaibusclock.mapper.SysUserMapper.updateById - ==> Parameters: oLK2-5b9x6mrX-igJjyDstH70FgY(String), FeyaCMH1byKOWGLM/0fd2w==(String), 2(Long)
2021-07-20 10:50:02.482 [http-nio-8080-exec-5] DEBUG c.j.zhuhaibusclock.mapper.SysUserMapper.updateById - <==    Updates: 1
2021-07-20 10:50:02.501 [http-nio-8080-exec-6] DEBUG c.j.zhuhaibusclock.mapper.SysUserMapper.selectById - ==>  Preparing: select id , open_id, session_key from sys_user where id = ?
2021-07-20 10:50:02.501 [http-nio-8080-exec-6] DEBUG c.j.zhuhaibusclock.mapper.SysUserMapper.selectById - ==> Parameters: 2(Long)
2021-07-20 10:50:02.502 [http-nio-8080-exec-6] DEBUG c.j.zhuhaibusclock.mapper.SysUserMapper.selectById - <==      Total: 1
2021-07-20 10:50:02.503 [http-nio-8080-exec-6] DEBUG c.j.z.mapper.SysClockMapper.selectClockByUserId - ==>  Preparing: select c.id, alarm_time, repeat_time, is_enable, route_id, segment_id, station_id from sys_user u inner join sys_user_clock uc on u.id = uc.user_id inner join sys_clock c on uc.clock_id = c.id where u.id = ?
2021-07-20 10:50:02.503 [http-nio-8080-exec-6] DEBUG c.j.z.mapper.SysClockMapper.selectClockByUserId - ==> Parameters: 2(Long)
2021-07-20 10:50:02.503 [http-nio-8080-exec-6] DEBUG c.j.z.mapper.SysClockMapper.selectClockByUserId - <==      Total: 1
2021-07-20 10:50:02.503 [http-nio-8080-exec-6] DEBUG c.j.z.m.S.selectBySegmentIdAndRouteId - ==>  Preparing: select segment_id , route_id, first_time, last_time, route_price, run_direction, route_name, station_id, route_type, start_at, end_at from sys_segment where segment_id = ? and route_id = ?
2021-07-20 10:50:02.504 [http-nio-8080-exec-6] DEBUG c.j.z.m.S.selectBySegmentIdAndRouteId - ==> Parameters: 60264(Long), 235(Long)
2021-07-20 10:50:02.504 [http-nio-8080-exec-6] DEBUG c.j.z.m.S.selectBySegmentIdAndRouteId - <==      Total: 1
2021-07-20 10:50:02.504 [http-nio-8080-exec-6] DEBUG c.j.z.mapper.SysStationMapper.selectByPrimaryKey - ==>  Preparing: select station_id , station_name, longitude, latitude, station_sort, created_at, updated_at from sys_station where station_id = ?
2021-07-20 10:50:02.504 [http-nio-8080-exec-6] DEBUG c.j.z.mapper.SysStationMapper.selectByPrimaryKey - ==> Parameters: 55181009122103996000(String)
2021-07-20 10:50:02.505 [http-nio-8080-exec-6] DEBUG c.j.z.mapper.SysStationMapper.selectByPrimaryKey - <==      Total: 1
2021-07-20 10:50:03.982 [http-nio-8080-exec-7] DEBUG c.j.zhuhaibusclock.mapper.SysUserMapper.selectById - ==>  Preparing: select id , open_id, session_key from sys_user where id = ?
2021-07-20 10:50:03.982 [http-nio-8080-exec-7] DEBUG c.j.zhuhaibusclock.mapper.SysUserMapper.selectById - ==> Parameters: 2(Long)
2021-07-20 10:50:03.983 [http-nio-8080-exec-7] DEBUG c.j.zhuhaibusclock.mapper.SysUserMapper.selectById - <==      Total: 1
2021-07-20 10:50:03.985 [http-nio-8080-exec-7] DEBUG c.j.z.mapper.SysClockMapper.selectById - ==>  Preparing: select id , alarm_time, repeat_time, is_enable, route_id, segment_id, station_id from sys_clock where id = ?
2021-07-20 10:50:03.985 [http-nio-8080-exec-7] DEBUG c.j.z.mapper.SysClockMapper.selectById - ==> Parameters: 9(Long)
2021-07-20 10:50:03.985 [http-nio-8080-exec-7] DEBUG c.j.z.mapper.SysClockMapper.selectById - <==      Total: 1
2021-07-20 10:50:07.055 [http-nio-8080-exec-8] DEBUG c.j.zhuhaibusclock.mapper.SysUserMapper.selectById - ==>  Preparing: select id , open_id, session_key from sys_user where id = ?
2021-07-20 10:50:07.056 [http-nio-8080-exec-8] DEBUG c.j.zhuhaibusclock.mapper.SysUserMapper.selectById - ==> Parameters: 2(Long)
2021-07-20 10:50:07.056 [http-nio-8080-exec-8] DEBUG c.j.zhuhaibusclock.mapper.SysUserMapper.selectById - <==      Total: 1
2021-07-20 10:50:07.057 [http-nio-8080-exec-8] DEBUG c.j.z.mapper.SysClockMapper.selectById - ==>  Preparing: select id , alarm_time, repeat_time, is_enable, route_id, segment_id, station_id from sys_clock where id = ?
2021-07-20 10:50:07.057 [http-nio-8080-exec-8] DEBUG c.j.z.mapper.SysClockMapper.selectById - ==> Parameters: 9(Long)
2021-07-20 10:50:07.058 [http-nio-8080-exec-8] DEBUG c.j.z.mapper.SysClockMapper.selectById - <==      Total: 1
2021-07-20 10:51:32.992 [http-nio-8080-exec-10] DEBUG c.j.z.mapper.SysUserMapper.selectByOpenId - ==>  Preparing: select id , open_id, session_key from sys_user where open_id = ?
2021-07-20 10:51:32.992 [http-nio-8080-exec-10] DEBUG c.j.z.mapper.SysUserMapper.selectByOpenId - ==> Parameters: oLK2-5b9x6mrX-igJjyDstH70FgY(String)
2021-07-20 10:51:32.992 [http-nio-8080-exec-10] DEBUG c.j.z.mapper.SysUserMapper.selectByOpenId - <==      Total: 1
2021-07-20 10:51:32.993 [http-nio-8080-exec-10] DEBUG c.j.zhuhaibusclock.mapper.SysUserMapper.updateById - ==>  Preparing: update sys_user set open_id = ?, session_key = ? where id = ?
2021-07-20 10:51:32.993 [http-nio-8080-exec-10] DEBUG c.j.zhuhaibusclock.mapper.SysUserMapper.updateById - ==> Parameters: oLK2-5b9x6mrX-igJjyDstH70FgY(String), PWyCgIjmFdYddZlmnsjdeA==(String), 2(Long)
2021-07-20 10:51:32.993 [http-nio-8080-exec-10] DEBUG c.j.zhuhaibusclock.mapper.SysUserMapper.updateById - <==    Updates: 1
2021-07-20 10:51:33.010 [http-nio-8080-exec-1] DEBUG c.j.zhuhaibusclock.mapper.SysUserMapper.selectById - ==>  Preparing: select id , open_id, session_key from sys_user where id = ?
2021-07-20 10:51:33.010 [http-nio-8080-exec-1] DEBUG c.j.zhuhaibusclock.mapper.SysUserMapper.selectById - ==> Parameters: 2(Long)
2021-07-20 10:51:33.011 [http-nio-8080-exec-1] DEBUG c.j.zhuhaibusclock.mapper.SysUserMapper.selectById - <==      Total: 1
2021-07-20 10:51:33.012 [http-nio-8080-exec-1] DEBUG c.j.z.mapper.SysClockMapper.selectClockByUserId - ==>  Preparing: select c.id, alarm_time, repeat_time, is_enable, route_id, segment_id, station_id from sys_user u inner join sys_user_clock uc on u.id = uc.user_id inner join sys_clock c on uc.clock_id = c.id where u.id = ?
2021-07-20 10:51:33.012 [http-nio-8080-exec-1] DEBUG c.j.z.mapper.SysClockMapper.selectClockByUserId - ==> Parameters: 2(Long)
2021-07-20 10:51:33.012 [http-nio-8080-exec-1] DEBUG c.j.z.mapper.SysClockMapper.selectClockByUserId - <==      Total: 1
2021-07-20 10:51:33.013 [http-nio-8080-exec-1] DEBUG c.j.z.m.S.selectBySegmentIdAndRouteId - ==>  Preparing: select segment_id , route_id, first_time, last_time, route_price, run_direction, route_name, station_id, route_type, start_at, end_at from sys_segment where segment_id = ? and route_id = ?
2021-07-20 10:51:33.013 [http-nio-8080-exec-1] DEBUG c.j.z.m.S.selectBySegmentIdAndRouteId - ==> Parameters: 60264(Long), 235(Long)
2021-07-20 10:51:33.013 [http-nio-8080-exec-1] DEBUG c.j.z.m.S.selectBySegmentIdAndRouteId - <==      Total: 1
2021-07-20 10:51:33.014 [http-nio-8080-exec-1] DEBUG c.j.z.mapper.SysStationMapper.selectByPrimaryKey - ==>  Preparing: select station_id , station_name, longitude, latitude, station_sort, created_at, updated_at from sys_station where station_id = ?
2021-07-20 10:51:33.014 [http-nio-8080-exec-1] DEBUG c.j.z.mapper.SysStationMapper.selectByPrimaryKey - ==> Parameters: 55181009122103996000(String)
2021-07-20 10:51:33.014 [http-nio-8080-exec-1] DEBUG c.j.z.mapper.SysStationMapper.selectByPrimaryKey - <==      Total: 1
2021-07-20 10:51:36.717 [http-nio-8080-exec-2] DEBUG c.j.zhuhaibusclock.mapper.SysUserMapper.selectById - ==>  Preparing: select id , open_id, session_key from sys_user where id = ?
2021-07-20 10:51:36.718 [http-nio-8080-exec-2] DEBUG c.j.zhuhaibusclock.mapper.SysUserMapper.selectById - ==> Parameters: 2(Long)
2021-07-20 10:51:36.718 [http-nio-8080-exec-2] DEBUG c.j.zhuhaibusclock.mapper.SysUserMapper.selectById - <==      Total: 1
2021-07-20 10:51:36.719 [http-nio-8080-exec-2] DEBUG c.j.z.mapper.SysClockMapper.selectById - ==>  Preparing: select id , alarm_time, repeat_time, is_enable, route_id, segment_id, station_id from sys_clock where id = ?
2021-07-20 10:51:36.719 [http-nio-8080-exec-2] DEBUG c.j.z.mapper.SysClockMapper.selectById - ==> Parameters: 9(Long)
2021-07-20 10:51:36.720 [http-nio-8080-exec-2] DEBUG c.j.z.mapper.SysClockMapper.selectById - <==      Total: 1
2021-07-20 10:53:43.666 [http-nio-8080-exec-1] DEBUG c.j.z.mapper.SysUserMapper.selectByOpenId - ==>  Preparing: select id , open_id, session_key from sys_user where open_id = ?
2021-07-20 10:53:43.666 [http-nio-8080-exec-1] DEBUG c.j.z.mapper.SysUserMapper.selectByOpenId - ==> Parameters: oLK2-5b9x6mrX-igJjyDstH70FgY(String)
2021-07-20 10:53:43.666 [http-nio-8080-exec-1] DEBUG c.j.z.mapper.SysUserMapper.selectByOpenId - <==      Total: 1
2021-07-20 10:53:43.667 [http-nio-8080-exec-1] DEBUG c.j.zhuhaibusclock.mapper.SysUserMapper.updateById - ==>  Preparing: update sys_user set open_id = ?, session_key = ? where id = ?
2021-07-20 10:53:43.667 [http-nio-8080-exec-1] DEBUG c.j.zhuhaibusclock.mapper.SysUserMapper.updateById - ==> Parameters: oLK2-5b9x6mrX-igJjyDstH70FgY(String), t1HrjsuyGJl69ZR1aXnPUA==(String), 2(Long)
2021-07-20 10:53:43.667 [http-nio-8080-exec-1] DEBUG c.j.zhuhaibusclock.mapper.SysUserMapper.updateById - <==    Updates: 1
2021-07-20 10:53:43.690 [http-nio-8080-exec-2] DEBUG c.j.zhuhaibusclock.mapper.SysUserMapper.selectById - ==>  Preparing: select id , open_id, session_key from sys_user where id = ?
2021-07-20 10:53:43.690 [http-nio-8080-exec-2] DEBUG c.j.zhuhaibusclock.mapper.SysUserMapper.selectById - ==> Parameters: 2(Long)
2021-07-20 10:53:43.691 [http-nio-8080-exec-2] DEBUG c.j.zhuhaibusclock.mapper.SysUserMapper.selectById - <==      Total: 1
2021-07-20 10:53:43.693 [http-nio-8080-exec-2] DEBUG c.j.z.mapper.SysClockMapper.selectClockByUserId - ==>  Preparing: select c.id, alarm_time, repeat_time, is_enable, route_id, segment_id, station_id from sys_user u inner join sys_user_clock uc on u.id = uc.user_id inner join sys_clock c on uc.clock_id = c.id where u.id = ?
2021-07-20 10:53:43.693 [http-nio-8080-exec-2] DEBUG c.j.z.mapper.SysClockMapper.selectClockByUserId - ==> Parameters: 2(Long)
2021-07-20 10:53:43.694 [http-nio-8080-exec-2] DEBUG c.j.z.mapper.SysClockMapper.selectClockByUserId - <==      Total: 1
2021-07-20 10:53:43.696 [http-nio-8080-exec-2] DEBUG c.j.z.m.S.selectBySegmentIdAndRouteId - ==>  Preparing: select segment_id , route_id, first_time, last_time, route_price, run_direction, route_name, station_id, route_type, start_at, end_at from sys_segment where segment_id = ? and route_id = ?
2021-07-20 10:53:43.696 [http-nio-8080-exec-2] DEBUG c.j.z.m.S.selectBySegmentIdAndRouteId - ==> Parameters: 60264(Long), 235(Long)
2021-07-20 10:53:43.697 [http-nio-8080-exec-2] DEBUG c.j.z.m.S.selectBySegmentIdAndRouteId - <==      Total: 1
2021-07-20 10:53:43.697 [http-nio-8080-exec-2] DEBUG c.j.z.mapper.SysStationMapper.selectByPrimaryKey - ==>  Preparing: select station_id , station_name, longitude, latitude, station_sort, created_at, updated_at from sys_station where station_id = ?
2021-07-20 10:53:43.697 [http-nio-8080-exec-2] DEBUG c.j.z.mapper.SysStationMapper.selectByPrimaryKey - ==> Parameters: 55181009122103996000(String)
2021-07-20 10:53:43.698 [http-nio-8080-exec-2] DEBUG c.j.z.mapper.SysStationMapper.selectByPrimaryKey - <==      Total: 1
2021-07-20 10:53:48.715 [http-nio-8080-exec-3] DEBUG c.j.zhuhaibusclock.mapper.SysUserMapper.selectById - ==>  Preparing: select id , open_id, session_key from sys_user where id = ?
2021-07-20 10:53:48.715 [http-nio-8080-exec-3] DEBUG c.j.zhuhaibusclock.mapper.SysUserMapper.selectById - ==> Parameters: 2(Long)
2021-07-20 10:53:48.716 [http-nio-8080-exec-3] DEBUG c.j.zhuhaibusclock.mapper.SysUserMapper.selectById - <==      Total: 1
2021-07-20 10:53:48.717 [http-nio-8080-exec-3] DEBUG c.j.z.mapper.SysClockMapper.selectById - ==>  Preparing: select id , alarm_time, repeat_time, is_enable, route_id, segment_id, station_id from sys_clock where id = ?
2021-07-20 10:53:48.717 [http-nio-8080-exec-3] DEBUG c.j.z.mapper.SysClockMapper.selectById - ==> Parameters: 9(Long)
2021-07-20 10:53:48.717 [http-nio-8080-exec-3] DEBUG c.j.z.mapper.SysClockMapper.selectById - <==      Total: 1
2021-07-20 10:53:51.495 [http-nio-8080-exec-4] DEBUG c.j.zhuhaibusclock.mapper.SysUserMapper.selectById - ==>  Preparing: select id , open_id, session_key from sys_user where id = ?
2021-07-20 10:53:51.495 [http-nio-8080-exec-4] DEBUG c.j.zhuhaibusclock.mapper.SysUserMapper.selectById - ==> Parameters: 2(Long)
2021-07-20 10:53:51.496 [http-nio-8080-exec-4] DEBUG c.j.zhuhaibusclock.mapper.SysUserMapper.selectById - <==      Total: 1
2021-07-20 10:53:51.497 [http-nio-8080-exec-4] DEBUG c.j.z.mapper.SysClockMapper.selectById - ==>  Preparing: select id , alarm_time, repeat_time, is_enable, route_id, segment_id, station_id from sys_clock where id = ?
2021-07-20 10:53:51.497 [http-nio-8080-exec-4] DEBUG c.j.z.mapper.SysClockMapper.selectById - ==> Parameters: 9(Long)
2021-07-20 10:53:51.497 [http-nio-8080-exec-4] DEBUG c.j.z.mapper.SysClockMapper.selectById - <==      Total: 1
2021-07-20 10:53:59.163 [http-nio-8080-exec-5] DEBUG c.j.zhuhaibusclock.mapper.SysUserMapper.selectById - ==>  Preparing: select id , open_id, session_key from sys_user where id = ?
2021-07-20 10:53:59.163 [http-nio-8080-exec-5] DEBUG c.j.zhuhaibusclock.mapper.SysUserMapper.selectById - ==> Parameters: 2(Long)
2021-07-20 10:53:59.163 [http-nio-8080-exec-5] DEBUG c.j.zhuhaibusclock.mapper.SysUserMapper.selectById - <==      Total: 1
2021-07-20 10:53:59.164 [http-nio-8080-exec-5] DEBUG c.j.z.mapper.SysClockMapper.selectById - ==>  Preparing: select id , alarm_time, repeat_time, is_enable, route_id, segment_id, station_id from sys_clock where id = ?
2021-07-20 10:53:59.164 [http-nio-8080-exec-5] DEBUG c.j.z.mapper.SysClockMapper.selectById - ==> Parameters: 9(Long)
2021-07-20 10:53:59.164 [http-nio-8080-exec-5] DEBUG c.j.z.mapper.SysClockMapper.selectById - <==      Total: 1
2021-07-20 10:54:16.160 [http-nio-8080-exec-6] DEBUG c.j.z.mapper.SysUserMapper.selectByOpenId - ==>  Preparing: select id , open_id, session_key from sys_user where open_id = ?
2021-07-20 10:54:16.160 [http-nio-8080-exec-6] DEBUG c.j.z.mapper.SysUserMapper.selectByOpenId - ==> Parameters: oLK2-5b9x6mrX-igJjyDstH70FgY(String)
2021-07-20 10:54:16.161 [http-nio-8080-exec-6] DEBUG c.j.z.mapper.SysUserMapper.selectByOpenId - <==      Total: 1
2021-07-20 10:54:16.161 [http-nio-8080-exec-6] DEBUG c.j.zhuhaibusclock.mapper.SysUserMapper.updateById - ==>  Preparing: update sys_user set open_id = ?, session_key = ? where id = ?
2021-07-20 10:54:16.161 [http-nio-8080-exec-6] DEBUG c.j.zhuhaibusclock.mapper.SysUserMapper.updateById - ==> Parameters: oLK2-5b9x6mrX-igJjyDstH70FgY(String), t1HrjsuyGJl69ZR1aXnPUA==(String), 2(Long)
2021-07-20 10:54:16.161 [http-nio-8080-exec-6] DEBUG c.j.zhuhaibusclock.mapper.SysUserMapper.updateById - <==    Updates: 1
2021-07-20 10:54:16.178 [http-nio-8080-exec-7] DEBUG c.j.zhuhaibusclock.mapper.SysUserMapper.selectById - ==>  Preparing: select id , open_id, session_key from sys_user where id = ?
2021-07-20 10:54:16.178 [http-nio-8080-exec-7] DEBUG c.j.zhuhaibusclock.mapper.SysUserMapper.selectById - ==> Parameters: 2(Long)
2021-07-20 10:54:16.178 [http-nio-8080-exec-7] DEBUG c.j.zhuhaibusclock.mapper.SysUserMapper.selectById - <==      Total: 1
2021-07-20 10:54:16.179 [http-nio-8080-exec-7] DEBUG c.j.z.mapper.SysClockMapper.selectClockByUserId - ==>  Preparing: select c.id, alarm_time, repeat_time, is_enable, route_id, segment_id, station_id from sys_user u inner join sys_user_clock uc on u.id = uc.user_id inner join sys_clock c on uc.clock_id = c.id where u.id = ?
2021-07-20 10:54:16.179 [http-nio-8080-exec-7] DEBUG c.j.z.mapper.SysClockMapper.selectClockByUserId - ==> Parameters: 2(Long)
2021-07-20 10:54:16.180 [http-nio-8080-exec-7] DEBUG c.j.z.mapper.SysClockMapper.selectClockByUserId - <==      Total: 1
2021-07-20 10:54:16.180 [http-nio-8080-exec-7] DEBUG c.j.z.m.S.selectBySegmentIdAndRouteId - ==>  Preparing: select segment_id , route_id, first_time, last_time, route_price, run_direction, route_name, station_id, route_type, start_at, end_at from sys_segment where segment_id = ? and route_id = ?
2021-07-20 10:54:16.180 [http-nio-8080-exec-7] DEBUG c.j.z.m.S.selectBySegmentIdAndRouteId - ==> Parameters: 60264(Long), 235(Long)
2021-07-20 10:54:16.180 [http-nio-8080-exec-7] DEBUG c.j.z.m.S.selectBySegmentIdAndRouteId - <==      Total: 1
2021-07-20 10:54:16.181 [http-nio-8080-exec-7] DEBUG c.j.z.mapper.SysStationMapper.selectByPrimaryKey - ==>  Preparing: select station_id , station_name, longitude, latitude, station_sort, created_at, updated_at from sys_station where station_id = ?
2021-07-20 10:54:16.181 [http-nio-8080-exec-7] DEBUG c.j.z.mapper.SysStationMapper.selectByPrimaryKey - ==> Parameters: 55181009122103996000(String)
2021-07-20 10:54:16.181 [http-nio-8080-exec-7] DEBUG c.j.z.mapper.SysStationMapper.selectByPrimaryKey - <==      Total: 1
2021-07-20 10:54:51.688 [http-nio-8080-exec-1] DEBUG c.j.z.mapper.SysUserMapper.selectByOpenId - ==>  Preparing: select id , open_id, session_key from sys_user where open_id = ?
2021-07-20 10:54:51.689 [http-nio-8080-exec-1] DEBUG c.j.z.mapper.SysUserMapper.selectByOpenId - ==> Parameters: oLK2-5b9x6mrX-igJjyDstH70FgY(String)
2021-07-20 10:54:51.689 [http-nio-8080-exec-1] DEBUG c.j.z.mapper.SysUserMapper.selectByOpenId - <==      Total: 1
2021-07-20 10:54:51.689 [http-nio-8080-exec-1] DEBUG c.j.zhuhaibusclock.mapper.SysUserMapper.updateById - ==>  Preparing: update sys_user set open_id = ?, session_key = ? where id = ?
2021-07-20 10:54:51.689 [http-nio-8080-exec-1] DEBUG c.j.zhuhaibusclock.mapper.SysUserMapper.updateById - ==> Parameters: oLK2-5b9x6mrX-igJjyDstH70FgY(String), t1HrjsuyGJl69ZR1aXnPUA==(String), 2(Long)
2021-07-20 10:54:51.690 [http-nio-8080-exec-1] DEBUG c.j.zhuhaibusclock.mapper.SysUserMapper.updateById - <==    Updates: 1
2021-07-20 10:54:51.715 [http-nio-8080-exec-2] DEBUG c.j.zhuhaibusclock.mapper.SysUserMapper.selectById - ==>  Preparing: select id , open_id, session_key from sys_user where id = ?
2021-07-20 10:54:51.715 [http-nio-8080-exec-2] DEBUG c.j.zhuhaibusclock.mapper.SysUserMapper.selectById - ==> Parameters: 2(Long)
2021-07-20 10:54:51.716 [http-nio-8080-exec-2] DEBUG c.j.zhuhaibusclock.mapper.SysUserMapper.selectById - <==      Total: 1
2021-07-20 10:54:51.718 [http-nio-8080-exec-2] DEBUG c.j.z.mapper.SysClockMapper.selectClockByUserId - ==>  Preparing: select c.id, alarm_time, repeat_time, is_enable, route_id, segment_id, station_id from sys_user u inner join sys_user_clock uc on u.id = uc.user_id inner join sys_clock c on uc.clock_id = c.id where u.id = ?
2021-07-20 10:54:51.718 [http-nio-8080-exec-2] DEBUG c.j.z.mapper.SysClockMapper.selectClockByUserId - ==> Parameters: 2(Long)
2021-07-20 10:54:51.718 [http-nio-8080-exec-2] DEBUG c.j.z.mapper.SysClockMapper.selectClockByUserId - <==      Total: 1
2021-07-20 10:54:51.721 [http-nio-8080-exec-2] DEBUG c.j.z.m.S.selectBySegmentIdAndRouteId - ==>  Preparing: select segment_id , route_id, first_time, last_time, route_price, run_direction, route_name, station_id, route_type, start_at, end_at from sys_segment where segment_id = ? and route_id = ?
2021-07-20 10:54:51.721 [http-nio-8080-exec-2] DEBUG c.j.z.m.S.selectBySegmentIdAndRouteId - ==> Parameters: 60264(Long), 235(Long)
2021-07-20 10:54:51.722 [http-nio-8080-exec-2] DEBUG c.j.z.m.S.selectBySegmentIdAndRouteId - <==      Total: 1
2021-07-20 10:54:51.722 [http-nio-8080-exec-2] DEBUG c.j.z.mapper.SysStationMapper.selectByPrimaryKey - ==>  Preparing: select station_id , station_name, longitude, latitude, station_sort, created_at, updated_at from sys_station where station_id = ?
2021-07-20 10:54:51.722 [http-nio-8080-exec-2] DEBUG c.j.z.mapper.SysStationMapper.selectByPrimaryKey - ==> Parameters: 55181009122103996000(String)
2021-07-20 10:54:51.722 [http-nio-8080-exec-2] DEBUG c.j.z.mapper.SysStationMapper.selectByPrimaryKey - <==      Total: 1
2021-07-20 10:54:55.532 [http-nio-8080-exec-3] DEBUG c.j.zhuhaibusclock.mapper.SysUserMapper.selectById - ==>  Preparing: select id , open_id, session_key from sys_user where id = ?
2021-07-20 10:54:55.532 [http-nio-8080-exec-3] DEBUG c.j.zhuhaibusclock.mapper.SysUserMapper.selectById - ==> Parameters: 2(Long)
2021-07-20 10:54:55.533 [http-nio-8080-exec-3] DEBUG c.j.zhuhaibusclock.mapper.SysUserMapper.selectById - <==      Total: 1
2021-07-20 10:54:55.534 [http-nio-8080-exec-3] DEBUG c.j.z.mapper.SysClockMapper.selectById - ==>  Preparing: select id , alarm_time, repeat_time, is_enable, route_id, segment_id, station_id from sys_clock where id = ?
2021-07-20 10:54:55.534 [http-nio-8080-exec-3] DEBUG c.j.z.mapper.SysClockMapper.selectById - ==> Parameters: 9(Long)
2021-07-20 10:54:55.535 [http-nio-8080-exec-3] DEBUG c.j.z.mapper.SysClockMapper.selectById - <==      Total: 1
2021-07-20 10:54:55.535 [http-nio-8080-exec-3] DEBUG c.j.z.mapper.SysClockMapper.updateById - ==>  Preparing: update sys_clock set alarm_time = ?, repeat_time = ?, is_enable = ?, route_id = ?, segment_id = ?, station_id = ? where id = ?
2021-07-20 10:54:55.535 [http-nio-8080-exec-3] DEBUG c.j.z.mapper.SysClockMapper.updateById - ==> Parameters: 19:00(LocalTime), null, true(Boolean), 235(Long), 60264(Long), 6620170609091922950(String), 9(Long)
2021-07-20 10:54:55.535 [http-nio-8080-exec-3] DEBUG c.j.z.mapper.SysClockMapper.updateById - <==    Updates: 1
2021-07-20 10:54:57.052 [http-nio-8080-exec-4] DEBUG c.j.zhuhaibusclock.mapper.SysUserMapper.selectById - ==>  Preparing: select id , open_id, session_key from sys_user where id = ?
2021-07-20 10:54:57.052 [http-nio-8080-exec-4] DEBUG c.j.zhuhaibusclock.mapper.SysUserMapper.selectById - ==> Parameters: 2(Long)
2021-07-20 10:54:57.053 [http-nio-8080-exec-4] DEBUG c.j.zhuhaibusclock.mapper.SysUserMapper.selectById - <==      Total: 1
2021-07-20 10:54:57.054 [http-nio-8080-exec-4] DEBUG c.j.z.mapper.SysClockMapper.selectById - ==>  Preparing: select id , alarm_time, repeat_time, is_enable, route_id, segment_id, station_id from sys_clock where id = ?
2021-07-20 10:54:57.054 [http-nio-8080-exec-4] DEBUG c.j.z.mapper.SysClockMapper.selectById - ==> Parameters: 9(Long)
2021-07-20 10:54:57.054 [http-nio-8080-exec-4] DEBUG c.j.z.mapper.SysClockMapper.selectById - <==      Total: 1
2021-07-20 10:54:57.054 [http-nio-8080-exec-4] DEBUG c.j.z.mapper.SysClockMapper.updateById - ==>  Preparing: update sys_clock set alarm_time = ?, repeat_time = ?, is_enable = ?, route_id = ?, segment_id = ?, station_id = ? where id = ?
2021-07-20 10:54:57.054 [http-nio-8080-exec-4] DEBUG c.j.z.mapper.SysClockMapper.updateById - ==> Parameters: 19:00(LocalTime), null, false(Boolean), 235(Long), 60264(Long), 6620170609091922950(String), 9(Long)
2021-07-20 10:54:57.055 [http-nio-8080-exec-4] DEBUG c.j.z.mapper.SysClockMapper.updateById - <==    Updates: 1
2021-07-20 10:54:59.723 [http-nio-8080-exec-5] DEBUG c.j.zhuhaibusclock.mapper.SysUserMapper.selectById - ==>  Preparing: select id , open_id, session_key from sys_user where id = ?
2021-07-20 10:54:59.723 [http-nio-8080-exec-5] DEBUG c.j.zhuhaibusclock.mapper.SysUserMapper.selectById - ==> Parameters: 2(Long)
2021-07-20 10:54:59.724 [http-nio-8080-exec-5] DEBUG c.j.zhuhaibusclock.mapper.SysUserMapper.selectById - <==      Total: 1
2021-07-20 10:54:59.724 [http-nio-8080-exec-5] DEBUG c.j.z.mapper.SysClockMapper.selectById - ==>  Preparing: select id , alarm_time, repeat_time, is_enable, route_id, segment_id, station_id from sys_clock where id = ?
2021-07-20 10:54:59.724 [http-nio-8080-exec-5] DEBUG c.j.z.mapper.SysClockMapper.selectById - ==> Parameters: 9(Long)
2021-07-20 10:54:59.725 [http-nio-8080-exec-5] DEBUG c.j.z.mapper.SysClockMapper.selectById - <==      Total: 1
2021-07-20 10:54:59.725 [http-nio-8080-exec-5] DEBUG c.j.z.mapper.SysClockMapper.updateById - ==>  Preparing: update sys_clock set alarm_time = ?, repeat_time = ?, is_enable = ?, route_id = ?, segment_id = ?, station_id = ? where id = ?
2021-07-20 10:54:59.725 [http-nio-8080-exec-5] DEBUG c.j.z.mapper.SysClockMapper.updateById - ==> Parameters: 19:00(LocalTime), null, true(Boolean), 235(Long), 60264(Long), 6620170609091922950(String), 9(Long)
2021-07-20 10:54:59.725 [http-nio-8080-exec-5] DEBUG c.j.z.mapper.SysClockMapper.updateById - <==    Updates: 1
2021-07-20 10:55:03.296 [http-nio-8080-exec-6] DEBUG c.j.zhuhaibusclock.mapper.SysUserMapper.selectById - ==>  Preparing: select id , open_id, session_key from sys_user where id = ?
2021-07-20 10:55:03.296 [http-nio-8080-exec-6] DEBUG c.j.zhuhaibusclock.mapper.SysUserMapper.selectById - ==> Parameters: 2(Long)
2021-07-20 10:55:03.296 [http-nio-8080-exec-6] DEBUG c.j.zhuhaibusclock.mapper.SysUserMapper.selectById - <==      Total: 1
2021-07-20 10:55:03.297 [http-nio-8080-exec-6] DEBUG c.j.z.mapper.SysClockMapper.selectById - ==>  Preparing: select id , alarm_time, repeat_time, is_enable, route_id, segment_id, station_id from sys_clock where id = ?
2021-07-20 10:55:03.297 [http-nio-8080-exec-6] DEBUG c.j.z.mapper.SysClockMapper.selectById - ==> Parameters: 9(Long)
2021-07-20 10:55:03.298 [http-nio-8080-exec-6] DEBUG c.j.z.mapper.SysClockMapper.selectById - <==      Total: 1
2021-07-20 10:55:03.298 [http-nio-8080-exec-6] DEBUG c.j.z.mapper.SysClockMapper.updateById - ==>  Preparing: update sys_clock set alarm_time = ?, repeat_time = ?, is_enable = ?, route_id = ?, segment_id = ?, station_id = ? where id = ?
2021-07-20 10:55:03.298 [http-nio-8080-exec-6] DEBUG c.j.z.mapper.SysClockMapper.updateById - ==> Parameters: 19:00(LocalTime), null, false(Boolean), 235(Long), 60264(Long), 6620170609091922950(String), 9(Long)
2021-07-20 10:55:03.300 [http-nio-8080-exec-6] DEBUG c.j.z.mapper.SysClockMapper.updateById - <==    Updates: 1
2021-07-20 13:38:16.134 [http-nio-8080-exec-8] DEBUG c.j.z.mapper.SysUserMapper.selectByOpenId - ==>  Preparing: select id , open_id, session_key from sys_user where open_id = ?
2021-07-20 13:38:16.134 [http-nio-8080-exec-8] DEBUG c.j.z.mapper.SysUserMapper.selectByOpenId - ==> Parameters: oLK2-5b9x6mrX-igJjyDstH70FgY(String)
2021-07-20 13:38:16.136 [http-nio-8080-exec-8] DEBUG c.j.z.mapper.SysUserMapper.selectByOpenId - <==      Total: 1
2021-07-20 13:38:16.137 [http-nio-8080-exec-8] DEBUG c.j.zhuhaibusclock.mapper.SysUserMapper.updateById - ==>  Preparing: update sys_user set open_id = ?, session_key = ? where id = ?
2021-07-20 13:38:16.137 [http-nio-8080-exec-8] DEBUG c.j.zhuhaibusclock.mapper.SysUserMapper.updateById - ==> Parameters: oLK2-5b9x6mrX-igJjyDstH70FgY(String), zP9Lxqwgwc6aPSKlNFE/4g==(String), 2(Long)
2021-07-20 13:38:16.137 [http-nio-8080-exec-8] DEBUG c.j.zhuhaibusclock.mapper.SysUserMapper.updateById - <==    Updates: 1
2021-07-20 13:38:16.182 [http-nio-8080-exec-9] DEBUG c.j.zhuhaibusclock.mapper.SysUserMapper.selectById - ==>  Preparing: select id , open_id, session_key from sys_user where id = ?
2021-07-20 13:38:16.182 [http-nio-8080-exec-9] DEBUG c.j.zhuhaibusclock.mapper.SysUserMapper.selectById - ==> Parameters: 2(Long)
2021-07-20 13:38:16.182 [http-nio-8080-exec-9] DEBUG c.j.zhuhaibusclock.mapper.SysUserMapper.selectById - <==      Total: 1
2021-07-20 13:38:16.184 [http-nio-8080-exec-9] DEBUG c.j.z.mapper.SysClockMapper.selectClockByUserId - ==>  Preparing: select c.id, alarm_time, repeat_time, is_enable, route_id, segment_id, station_id from sys_user u inner join sys_user_clock uc on u.id = uc.user_id inner join sys_clock c on uc.clock_id = c.id where u.id = ?
2021-07-20 13:38:16.184 [http-nio-8080-exec-9] DEBUG c.j.z.mapper.SysClockMapper.selectClockByUserId - ==> Parameters: 2(Long)
2021-07-20 13:38:16.185 [http-nio-8080-exec-9] DEBUG c.j.z.mapper.SysClockMapper.selectClockByUserId - <==      Total: 1
2021-07-20 13:38:16.186 [http-nio-8080-exec-9] DEBUG c.j.z.m.S.selectBySegmentIdAndRouteId - ==>  Preparing: select segment_id , route_id, first_time, last_time, route_price, run_direction, route_name, station_id, route_type, start_at, end_at from sys_segment where segment_id = ? and route_id = ?
2021-07-20 13:38:16.187 [http-nio-8080-exec-9] DEBUG c.j.z.m.S.selectBySegmentIdAndRouteId - ==> Parameters: 60264(Long), 235(Long)
2021-07-20 13:38:16.187 [http-nio-8080-exec-9] DEBUG c.j.z.m.S.selectBySegmentIdAndRouteId - <==      Total: 1
2021-07-20 13:38:16.187 [http-nio-8080-exec-9] DEBUG c.j.z.mapper.SysStationMapper.selectByPrimaryKey - ==>  Preparing: select station_id , station_name, longitude, latitude, station_sort, created_at, updated_at from sys_station where station_id = ?
2021-07-20 13:38:16.188 [http-nio-8080-exec-9] DEBUG c.j.z.mapper.SysStationMapper.selectByPrimaryKey - ==> Parameters: 55181009122103996000(String)
2021-07-20 13:38:16.188 [http-nio-8080-exec-9] DEBUG c.j.z.mapper.SysStationMapper.selectByPrimaryKey - <==      Total: 1
2021-07-20 13:38:18.103 [http-nio-8080-exec-10] DEBUG c.j.zhuhaibusclock.mapper.SysUserMapper.selectById - ==>  Preparing: select id , open_id, session_key from sys_user where id = ?
2021-07-20 13:38:18.103 [http-nio-8080-exec-10] DEBUG c.j.zhuhaibusclock.mapper.SysUserMapper.selectById - ==> Parameters: 2(Long)
2021-07-20 13:38:18.103 [http-nio-8080-exec-10] DEBUG c.j.zhuhaibusclock.mapper.SysUserMapper.selectById - <==      Total: 1
2021-07-20 13:38:18.104 [http-nio-8080-exec-10] DEBUG c.j.z.mapper.SysClockMapper.selectById - ==>  Preparing: select id , alarm_time, repeat_time, is_enable, route_id, segment_id, station_id from sys_clock where id = ?
2021-07-20 13:38:18.104 [http-nio-8080-exec-10] DEBUG c.j.z.mapper.SysClockMapper.selectById - ==> Parameters: 9(Long)
2021-07-20 13:38:18.105 [http-nio-8080-exec-10] DEBUG c.j.z.mapper.SysClockMapper.selectById - <==      Total: 1
2021-07-20 13:38:18.105 [http-nio-8080-exec-10] DEBUG c.j.z.mapper.SysClockMapper.updateById - ==>  Preparing: update sys_clock set alarm_time = ?, repeat_time = ?, is_enable = ?, route_id = ?, segment_id = ?, station_id = ? where id = ?
2021-07-20 13:38:18.106 [http-nio-8080-exec-10] DEBUG c.j.z.mapper.SysClockMapper.updateById - ==> Parameters: 19:00(LocalTime), null, true(Boolean), 235(Long), 60264(Long), 6620170609091922950(String), 9(Long)
2021-07-20 13:38:18.106 [http-nio-8080-exec-10] DEBUG c.j.z.mapper.SysClockMapper.updateById - <==    Updates: 1
2021-07-20 13:38:20.907 [http-nio-8080-exec-1] DEBUG c.j.zhuhaibusclock.mapper.SysUserMapper.selectById - ==>  Preparing: select id , open_id, session_key from sys_user where id = ?
2021-07-20 13:38:20.907 [http-nio-8080-exec-1] DEBUG c.j.zhuhaibusclock.mapper.SysUserMapper.selectById - ==> Parameters: 2(Long)
2021-07-20 13:38:20.907 [http-nio-8080-exec-1] DEBUG c.j.zhuhaibusclock.mapper.SysUserMapper.selectById - <==      Total: 1
2021-07-20 13:38:20.908 [http-nio-8080-exec-1] DEBUG c.j.z.mapper.SysClockMapper.selectById - ==>  Preparing: select id , alarm_time, repeat_time, is_enable, route_id, segment_id, station_id from sys_clock where id = ?
2021-07-20 13:38:20.908 [http-nio-8080-exec-1] DEBUG c.j.z.mapper.SysClockMapper.selectById - ==> Parameters: 9(Long)
2021-07-20 13:38:20.909 [http-nio-8080-exec-1] DEBUG c.j.z.mapper.SysClockMapper.selectById - <==      Total: 1
2021-07-20 13:38:20.909 [http-nio-8080-exec-1] DEBUG c.j.z.mapper.SysClockMapper.updateById - ==>  Preparing: update sys_clock set alarm_time = ?, repeat_time = ?, is_enable = ?, route_id = ?, segment_id = ?, station_id = ? where id = ?
2021-07-20 13:38:20.909 [http-nio-8080-exec-1] DEBUG c.j.z.mapper.SysClockMapper.updateById - ==> Parameters: 19:00(LocalTime), null, false(Boolean), 235(Long), 60264(Long), 6620170609091922950(String), 9(Long)
2021-07-20 13:38:20.909 [http-nio-8080-exec-1] DEBUG c.j.z.mapper.SysClockMapper.updateById - <==    Updates: 1
2021-07-20 13:38:21.991 [http-nio-8080-exec-2] DEBUG c.j.zhuhaibusclock.mapper.SysUserMapper.selectById - ==>  Preparing: select id , open_id, session_key from sys_user where id = ?
2021-07-20 13:38:21.991 [http-nio-8080-exec-2] DEBUG c.j.zhuhaibusclock.mapper.SysUserMapper.selectById - ==> Parameters: 2(Long)
2021-07-20 13:38:21.991 [http-nio-8080-exec-2] DEBUG c.j.zhuhaibusclock.mapper.SysUserMapper.selectById - <==      Total: 1
2021-07-20 13:38:21.992 [http-nio-8080-exec-2] DEBUG c.j.z.mapper.SysClockMapper.selectById - ==>  Preparing: select id , alarm_time, repeat_time, is_enable, route_id, segment_id, station_id from sys_clock where id = ?
2021-07-20 13:38:21.992 [http-nio-8080-exec-2] DEBUG c.j.z.mapper.SysClockMapper.selectById - ==> Parameters: 9(Long)
2021-07-20 13:38:21.993 [http-nio-8080-exec-2] DEBUG c.j.z.mapper.SysClockMapper.selectById - <==      Total: 1
2021-07-20 13:38:21.993 [http-nio-8080-exec-2] DEBUG c.j.z.mapper.SysClockMapper.updateById - ==>  Preparing: update sys_clock set alarm_time = ?, repeat_time = ?, is_enable = ?, route_id = ?, segment_id = ?, station_id = ? where id = ?
2021-07-20 13:38:21.993 [http-nio-8080-exec-2] DEBUG c.j.z.mapper.SysClockMapper.updateById - ==> Parameters: 19:00(LocalTime), null, true(Boolean), 235(Long), 60264(Long), 6620170609091922950(String), 9(Long)
2021-07-20 13:38:21.994 [http-nio-8080-exec-2] DEBUG c.j.z.mapper.SysClockMapper.updateById - <==    Updates: 1
2021-07-20 13:38:25.869 [http-nio-8080-exec-3] DEBUG c.j.zhuhaibusclock.mapper.SysUserMapper.selectById - ==>  Preparing: select id , open_id, session_key from sys_user where id = ?
2021-07-20 13:38:25.869 [http-nio-8080-exec-3] DEBUG c.j.zhuhaibusclock.mapper.SysUserMapper.selectById - ==> Parameters: 2(Long)
2021-07-20 13:38:25.869 [http-nio-8080-exec-3] DEBUG c.j.zhuhaibusclock.mapper.SysUserMapper.selectById - <==      Total: 1
2021-07-20 13:38:25.978 [http-nio-8080-exec-4] DEBUG c.j.zhuhaibusclock.mapper.SysUserMapper.selectById - ==>  Preparing: select id , open_id, session_key from sys_user where id = ?
2021-07-20 13:38:25.978 [http-nio-8080-exec-4] DEBUG c.j.zhuhaibusclock.mapper.SysUserMapper.selectById - ==> Parameters: 2(Long)
2021-07-20 13:38:25.979 [http-nio-8080-exec-4] DEBUG c.j.zhuhaibusclock.mapper.SysUserMapper.selectById - <==      Total: 1
2021-07-20 13:38:27.705 [http-nio-8080-exec-5] DEBUG c.j.zhuhaibusclock.mapper.SysUserMapper.selectById - ==>  Preparing: select id , open_id, session_key from sys_user where id = ?
2021-07-20 13:38:27.708 [http-nio-8080-exec-5] DEBUG c.j.zhuhaibusclock.mapper.SysUserMapper.selectById - ==> Parameters: 2(Long)
2021-07-20 13:38:27.708 [http-nio-8080-exec-5] DEBUG c.j.zhuhaibusclock.mapper.SysUserMapper.selectById - <==      Total: 1
2021-07-20 13:38:30.537 [http-nio-8080-exec-6] DEBUG c.j.zhuhaibusclock.mapper.SysUserMapper.selectById - ==>  Preparing: select id , open_id, session_key from sys_user where id = ?
2021-07-20 13:38:30.537 [http-nio-8080-exec-6] DEBUG c.j.zhuhaibusclock.mapper.SysUserMapper.selectById - ==> Parameters: 2(Long)
2021-07-20 13:38:30.537 [http-nio-8080-exec-6] DEBUG c.j.zhuhaibusclock.mapper.SysUserMapper.selectById - <==      Total: 1
2021-07-20 13:38:30.680 [http-nio-8080-exec-7] DEBUG c.j.zhuhaibusclock.mapper.SysUserMapper.selectById - ==>  Preparing: select id , open_id, session_key from sys_user where id = ?
2021-07-20 13:38:30.680 [http-nio-8080-exec-7] DEBUG c.j.zhuhaibusclock.mapper.SysUserMapper.selectById - ==> Parameters: 2(Long)
2021-07-20 13:38:30.681 [http-nio-8080-exec-7] DEBUG c.j.zhuhaibusclock.mapper.SysUserMapper.selectById - <==      Total: 1
2021-07-20 13:38:30.809 [http-nio-8080-exec-8] DEBUG c.j.zhuhaibusclock.mapper.SysUserMapper.selectById - ==>  Preparing: select id , open_id, session_key from sys_user where id = ?
2021-07-20 13:38:30.809 [http-nio-8080-exec-8] DEBUG c.j.zhuhaibusclock.mapper.SysUserMapper.selectById - ==> Parameters: 2(Long)
2021-07-20 13:38:30.810 [http-nio-8080-exec-8] DEBUG c.j.zhuhaibusclock.mapper.SysUserMapper.selectById - <==      Total: 1
2021-07-20 13:38:32.687 [http-nio-8080-exec-9] DEBUG c.j.zhuhaibusclock.mapper.SysUserMapper.selectById - ==>  Preparing: select id , open_id, session_key from sys_user where id = ?
2021-07-20 13:38:32.687 [http-nio-8080-exec-9] DEBUG c.j.zhuhaibusclock.mapper.SysUserMapper.selectById - ==> Parameters: 2(Long)
2021-07-20 13:38:32.688 [http-nio-8080-exec-9] DEBUG c.j.zhuhaibusclock.mapper.SysUserMapper.selectById - <==      Total: 1
2021-07-20 13:39:06.523 [http-nio-8080-exec-10] DEBUG c.j.zhuhaibusclock.mapper.SysUserMapper.selectById - ==>  Preparing: select id , open_id, session_key from sys_user where id = ?
2021-07-20 13:39:06.523 [http-nio-8080-exec-10] DEBUG c.j.zhuhaibusclock.mapper.SysUserMapper.selectById - ==> Parameters: 2(Long)
2021-07-20 13:39:06.524 [http-nio-8080-exec-10] DEBUG c.j.zhuhaibusclock.mapper.SysUserMapper.selectById - <==      Total: 1
2021-07-20 13:39:06.610 [http-nio-8080-exec-10] DEBUG c.jojo.zhuhaibusclock.mapper.SysClockMapper.insert - ==>  Preparing: insert into sys_clock (alarm_time, repeat_time, is_enable, route_id, segment_id, station_id) values (?, ?, ?, ?, ?, ?)
2021-07-20 13:39:06.610 [http-nio-8080-exec-10] DEBUG c.jojo.zhuhaibusclock.mapper.SysClockMapper.insert - ==> Parameters: 17:38(LocalTime), 1,2,3,4,5(String), true(Boolean), 235(Long), 60264(Long), 66201706090919268074(String)
2021-07-20 13:39:06.611 [http-nio-8080-exec-10] DEBUG c.jojo.zhuhaibusclock.mapper.SysClockMapper.insert - <==    Updates: 1
2021-07-20 13:39:06.615 [http-nio-8080-exec-10] DEBUG c.j.z.mapper.SysUserClockMapper.insert - ==>  Preparing: insert into sys_user_clock (user_id, clock_id) values (?, ?)
2021-07-20 13:39:06.615 [http-nio-8080-exec-10] DEBUG c.j.z.mapper.SysUserClockMapper.insert - ==> Parameters: 2(Long), 13(Long)
2021-07-20 13:39:06.616 [http-nio-8080-exec-10] DEBUG c.j.z.mapper.SysUserClockMapper.insert - <==    Updates: 1
2021-07-20 13:39:06.702 [http-nio-8080-exec-1] DEBUG c.j.zhuhaibusclock.mapper.SysUserMapper.selectById - ==>  Preparing: select id , open_id, session_key from sys_user where id = ?
2021-07-20 13:39:06.702 [http-nio-8080-exec-1] DEBUG c.j.zhuhaibusclock.mapper.SysUserMapper.selectById - ==> Parameters: 2(Long)
2021-07-20 13:39:06.702 [http-nio-8080-exec-1] DEBUG c.j.zhuhaibusclock.mapper.SysUserMapper.selectById - <==      Total: 1
2021-07-20 13:39:06.704 [http-nio-8080-exec-1] DEBUG c.j.z.mapper.SysClockMapper.selectClockByUserId - ==>  Preparing: select c.id, alarm_time, repeat_time, is_enable, route_id, segment_id, station_id from sys_user u inner join sys_user_clock uc on u.id = uc.user_id inner join sys_clock c on uc.clock_id = c.id where u.id = ?
2021-07-20 13:39:06.704 [http-nio-8080-exec-1] DEBUG c.j.z.mapper.SysClockMapper.selectClockByUserId - ==> Parameters: 2(Long)
2021-07-20 13:39:06.705 [http-nio-8080-exec-1] DEBUG c.j.z.mapper.SysClockMapper.selectClockByUserId - <==      Total: 2
2021-07-20 13:39:06.705 [http-nio-8080-exec-1] DEBUG c.j.z.m.S.selectBySegmentIdAndRouteId - ==>  Preparing: select segment_id , route_id, first_time, last_time, route_price, run_direction, route_name, station_id, route_type, start_at, end_at from sys_segment where segment_id = ? and route_id = ?
2021-07-20 13:39:06.705 [http-nio-8080-exec-1] DEBUG c.j.z.m.S.selectBySegmentIdAndRouteId - ==> Parameters: 60264(Long), 235(Long)
2021-07-20 13:39:06.705 [http-nio-8080-exec-1] DEBUG c.j.z.m.S.selectBySegmentIdAndRouteId - <==      Total: 1
2021-07-20 13:39:06.705 [http-nio-8080-exec-1] DEBUG c.j.z.mapper.SysStationMapper.selectByPrimaryKey - ==>  Preparing: select station_id , station_name, longitude, latitude, station_sort, created_at, updated_at from sys_station where station_id = ?
2021-07-20 13:39:06.705 [http-nio-8080-exec-1] DEBUG c.j.z.mapper.SysStationMapper.selectByPrimaryKey - ==> Parameters: 55181009122103996000(String)
2021-07-20 13:39:06.706 [http-nio-8080-exec-1] DEBUG c.j.z.mapper.SysStationMapper.selectByPrimaryKey - <==      Total: 1
2021-07-20 13:39:06.706 [http-nio-8080-exec-1] DEBUG c.j.z.m.S.selectBySegmentIdAndRouteId - ==>  Preparing: select segment_id , route_id, first_time, last_time, route_price, run_direction, route_name, station_id, route_type, start_at, end_at from sys_segment where segment_id = ? and route_id = ?
2021-07-20 13:39:06.706 [http-nio-8080-exec-1] DEBUG c.j.z.m.S.selectBySegmentIdAndRouteId - ==> Parameters: 60264(Long), 235(Long)
2021-07-20 13:39:06.707 [http-nio-8080-exec-1] DEBUG c.j.z.m.S.selectBySegmentIdAndRouteId - <==      Total: 1
2021-07-20 13:39:06.707 [http-nio-8080-exec-1] DEBUG c.j.z.mapper.SysStationMapper.selectByPrimaryKey - ==>  Preparing: select station_id , station_name, longitude, latitude, station_sort, created_at, updated_at from sys_station where station_id = ?
2021-07-20 13:39:06.707 [http-nio-8080-exec-1] DEBUG c.j.z.mapper.SysStationMapper.selectByPrimaryKey - ==> Parameters: 55181009122103996000(String)
2021-07-20 13:39:06.707 [http-nio-8080-exec-1] DEBUG c.j.z.mapper.SysStationMapper.selectByPrimaryKey - <==      Total: 1
2021-07-20 13:39:08.649 [http-nio-8080-exec-2] DEBUG c.j.zhuhaibusclock.mapper.SysUserMapper.selectById - ==>  Preparing: select id , open_id, session_key from sys_user where id = ?
2021-07-20 13:39:08.649 [http-nio-8080-exec-2] DEBUG c.j.zhuhaibusclock.mapper.SysUserMapper.selectById - ==> Parameters: 2(Long)
2021-07-20 13:39:08.649 [http-nio-8080-exec-2] DEBUG c.j.zhuhaibusclock.mapper.SysUserMapper.selectById - <==      Total: 1
2021-07-20 13:39:08.650 [http-nio-8080-exec-2] DEBUG c.j.z.mapper.SysClockMapper.selectById - ==>  Preparing: select id , alarm_time, repeat_time, is_enable, route_id, segment_id, station_id from sys_clock where id = ?
2021-07-20 13:39:08.650 [http-nio-8080-exec-2] DEBUG c.j.z.mapper.SysClockMapper.selectById - ==> Parameters: 13(Long)
2021-07-20 13:39:08.651 [http-nio-8080-exec-2] DEBUG c.j.z.mapper.SysClockMapper.selectById - <==      Total: 1
2021-07-20 13:39:08.651 [http-nio-8080-exec-2] DEBUG c.j.z.mapper.SysClockMapper.updateById - ==>  Preparing: update sys_clock set alarm_time = ?, repeat_time = ?, is_enable = ?, route_id = ?, segment_id = ?, station_id = ? where id = ?
2021-07-20 13:39:08.651 [http-nio-8080-exec-2] DEBUG c.j.z.mapper.SysClockMapper.updateById - ==> Parameters: 17:38(LocalTime), 1,2,3,4,5(String), false(Boolean), 235(Long), 60264(Long), 66201706090919268074(String), 13(Long)
2021-07-20 13:39:08.652 [http-nio-8080-exec-2] DEBUG c.j.z.mapper.SysClockMapper.updateById - <==    Updates: 1
2021-07-20 13:39:11.850 [http-nio-8080-exec-3] DEBUG c.j.zhuhaibusclock.mapper.SysUserMapper.selectById - ==>  Preparing: select id , open_id, session_key from sys_user where id = ?
2021-07-20 13:39:11.850 [http-nio-8080-exec-3] DEBUG c.j.zhuhaibusclock.mapper.SysUserMapper.selectById - ==> Parameters: 2(Long)
2021-07-20 13:39:11.851 [http-nio-8080-exec-3] DEBUG c.j.zhuhaibusclock.mapper.SysUserMapper.selectById - <==      Total: 1
2021-07-20 13:39:11.851 [http-nio-8080-exec-3] DEBUG c.j.z.mapper.SysClockMapper.selectById - ==>  Preparing: select id , alarm_time, repeat_time, is_enable, route_id, segment_id, station_id from sys_clock where id = ?
2021-07-20 13:39:11.851 [http-nio-8080-exec-3] DEBUG c.j.z.mapper.SysClockMapper.selectById - ==> Parameters: 13(Long)
2021-07-20 13:39:11.852 [http-nio-8080-exec-3] DEBUG c.j.z.mapper.SysClockMapper.selectById - <==      Total: 1
2021-07-20 13:39:11.852 [http-nio-8080-exec-3] DEBUG c.j.z.mapper.SysClockMapper.updateById - ==>  Preparing: update sys_clock set alarm_time = ?, repeat_time = ?, is_enable = ?, route_id = ?, segment_id = ?, station_id = ? where id = ?
2021-07-20 13:39:11.852 [http-nio-8080-exec-3] DEBUG c.j.z.mapper.SysClockMapper.updateById - ==> Parameters: 17:38(LocalTime), 1,2,3,4,5(String), true(Boolean), 235(Long), 60264(Long), 66201706090919268074(String), 13(Long)
2021-07-20 13:39:11.853 [http-nio-8080-exec-3] DEBUG c.j.z.mapper.SysClockMapper.updateById - <==    Updates: 1
2021-07-20 13:39:17.308 [http-nio-8080-exec-4] DEBUG c.j.z.mapper.SysUserMapper.selectByOpenId - ==>  Preparing: select id , open_id, session_key from sys_user where open_id = ?
2021-07-20 13:39:17.308 [http-nio-8080-exec-4] DEBUG c.j.z.mapper.SysUserMapper.selectByOpenId - ==> Parameters: oLK2-5b9x6mrX-igJjyDstH70FgY(String)
2021-07-20 13:39:17.309 [http-nio-8080-exec-4] DEBUG c.j.z.mapper.SysUserMapper.selectByOpenId - <==      Total: 1
2021-07-20 13:39:17.309 [http-nio-8080-exec-4] DEBUG c.j.zhuhaibusclock.mapper.SysUserMapper.updateById - ==>  Preparing: update sys_user set open_id = ?, session_key = ? where id = ?
2021-07-20 13:39:17.309 [http-nio-8080-exec-4] DEBUG c.j.zhuhaibusclock.mapper.SysUserMapper.updateById - ==> Parameters: oLK2-5b9x6mrX-igJjyDstH70FgY(String), zP9Lxqwgwc6aPSKlNFE/4g==(String), 2(Long)
2021-07-20 13:39:17.310 [http-nio-8080-exec-4] DEBUG c.j.zhuhaibusclock.mapper.SysUserMapper.updateById - <==    Updates: 1
2021-07-20 13:39:17.329 [http-nio-8080-exec-5] DEBUG c.j.zhuhaibusclock.mapper.SysUserMapper.selectById - ==>  Preparing: select id , open_id, session_key from sys_user where id = ?
2021-07-20 13:39:17.329 [http-nio-8080-exec-5] DEBUG c.j.zhuhaibusclock.mapper.SysUserMapper.selectById - ==> Parameters: 2(Long)
2021-07-20 13:39:17.329 [http-nio-8080-exec-5] DEBUG c.j.zhuhaibusclock.mapper.SysUserMapper.selectById - <==      Total: 1
2021-07-20 13:39:17.330 [http-nio-8080-exec-5] DEBUG c.j.z.mapper.SysClockMapper.selectClockByUserId - ==>  Preparing: select c.id, alarm_time, repeat_time, is_enable, route_id, segment_id, station_id from sys_user u inner join sys_user_clock uc on u.id = uc.user_id inner join sys_clock c on uc.clock_id = c.id where u.id = ?
2021-07-20 13:39:17.330 [http-nio-8080-exec-5] DEBUG c.j.z.mapper.SysClockMapper.selectClockByUserId - ==> Parameters: 2(Long)
2021-07-20 13:39:17.331 [http-nio-8080-exec-5] DEBUG c.j.z.mapper.SysClockMapper.selectClockByUserId - <==      Total: 2
2021-07-20 13:39:17.332 [http-nio-8080-exec-5] DEBUG c.j.z.m.S.selectBySegmentIdAndRouteId - ==>  Preparing: select segment_id , route_id, first_time, last_time, route_price, run_direction, route_name, station_id, route_type, start_at, end_at from sys_segment where segment_id = ? and route_id = ?
2021-07-20 13:39:17.332 [http-nio-8080-exec-5] DEBUG c.j.z.m.S.selectBySegmentIdAndRouteId - ==> Parameters: 60264(Long), 235(Long)
2021-07-20 13:39:17.333 [http-nio-8080-exec-5] DEBUG c.j.z.m.S.selectBySegmentIdAndRouteId - <==      Total: 1
2021-07-20 13:39:17.333 [http-nio-8080-exec-5] DEBUG c.j.z.mapper.SysStationMapper.selectByPrimaryKey - ==>  Preparing: select station_id , station_name, longitude, latitude, station_sort, created_at, updated_at from sys_station where station_id = ?
2021-07-20 13:39:17.333 [http-nio-8080-exec-5] DEBUG c.j.z.mapper.SysStationMapper.selectByPrimaryKey - ==> Parameters: 55181009122103996000(String)
2021-07-20 13:39:17.334 [http-nio-8080-exec-5] DEBUG c.j.z.mapper.SysStationMapper.selectByPrimaryKey - <==      Total: 1
2021-07-20 13:39:17.334 [http-nio-8080-exec-5] DEBUG c.j.z.m.S.selectBySegmentIdAndRouteId - ==>  Preparing: select segment_id , route_id, first_time, last_time, route_price, run_direction, route_name, station_id, route_type, start_at, end_at from sys_segment where segment_id = ? and route_id = ?
2021-07-20 13:39:17.334 [http-nio-8080-exec-5] DEBUG c.j.z.m.S.selectBySegmentIdAndRouteId - ==> Parameters: 60264(Long), 235(Long)
2021-07-20 13:39:17.334 [http-nio-8080-exec-5] DEBUG c.j.z.m.S.selectBySegmentIdAndRouteId - <==      Total: 1
2021-07-20 13:39:17.334 [http-nio-8080-exec-5] DEBUG c.j.z.mapper.SysStationMapper.selectByPrimaryKey - ==>  Preparing: select station_id , station_name, longitude, latitude, station_sort, created_at, updated_at from sys_station where station_id = ?
2021-07-20 13:39:17.335 [http-nio-8080-exec-5] DEBUG c.j.z.mapper.SysStationMapper.selectByPrimaryKey - ==> Parameters: 55181009122103996000(String)
2021-07-20 13:39:17.335 [http-nio-8080-exec-5] DEBUG c.j.z.mapper.SysStationMapper.selectByPrimaryKey - <==      Total: 1
2021-07-20 13:44:06.807 [http-nio-8080-exec-8] DEBUG c.j.zhuhaibusclock.mapper.SysUserMapper.selectById - ==>  Preparing: select id , open_id, session_key from sys_user where id = ?
2021-07-20 13:44:06.807 [http-nio-8080-exec-8] DEBUG c.j.zhuhaibusclock.mapper.SysUserMapper.selectById - ==> Parameters: 2(Long)
2021-07-20 13:44:06.808 [http-nio-8080-exec-8] DEBUG c.j.zhuhaibusclock.mapper.SysUserMapper.selectById - <==      Total: 1
2021-07-20 13:44:15.444 [http-nio-8080-exec-9] DEBUG c.j.zhuhaibusclock.mapper.SysUserMapper.selectById - ==>  Preparing: select id , open_id, session_key from sys_user where id = ?
2021-07-20 13:44:15.444 [http-nio-8080-exec-9] DEBUG c.j.zhuhaibusclock.mapper.SysUserMapper.selectById - ==> Parameters: 2(Long)
2021-07-20 13:44:15.445 [http-nio-8080-exec-9] DEBUG c.j.zhuhaibusclock.mapper.SysUserMapper.selectById - <==      Total: 1
2021-07-20 13:44:15.586 [http-nio-8080-exec-10] DEBUG c.j.zhuhaibusclock.mapper.SysUserMapper.selectById - ==>  Preparing: select id , open_id, session_key from sys_user where id = ?
2021-07-20 13:44:15.586 [http-nio-8080-exec-10] DEBUG c.j.zhuhaibusclock.mapper.SysUserMapper.selectById - ==> Parameters: 2(Long)
2021-07-20 13:44:15.587 [http-nio-8080-exec-10] DEBUG c.j.zhuhaibusclock.mapper.SysUserMapper.selectById - <==      Total: 1
2021-07-20 13:44:18.061 [http-nio-8080-exec-1] DEBUG c.j.zhuhaibusclock.mapper.SysUserMapper.selectById - ==>  Preparing: select id , open_id, session_key from sys_user where id = ?
2021-07-20 13:44:18.061 [http-nio-8080-exec-1] DEBUG c.j.zhuhaibusclock.mapper.SysUserMapper.selectById - ==> Parameters: 2(Long)
2021-07-20 13:44:18.061 [http-nio-8080-exec-1] DEBUG c.j.zhuhaibusclock.mapper.SysUserMapper.selectById - <==      Total: 1
2021-07-20 14:00:41.283 [main] DEBUG com.jojo.zhuhaibusclock.mapper.SysUserMapperTest - Running with Spring Boot v2.4.5, Spring v5.3.6
2021-07-20 14:00:45.072 [main] DEBUG c.j.zhuhaibusclock.mapper.SysUserMapper.selectById - ==>  Preparing: select id , open_id, session_key from sys_user where id = ?
2021-07-20 14:00:45.079 [main] DEBUG c.j.zhuhaibusclock.mapper.SysUserMapper.selectById - ==> Parameters: 1(Long)
2021-07-20 14:00:45.085 [main] DEBUG c.j.zhuhaibusclock.mapper.SysUserMapper.selectById - <==      Total: 0
2021-07-20 14:00:57.050 [main] DEBUG com.jojo.zhuhaibusclock.mapper.SysUserMapperTest - Running with Spring Boot v2.4.5, Spring v5.3.6
2021-07-20 14:01:01.141 [main] DEBUG c.j.zhuhaibusclock.mapper.SysUserMapper.selectById - ==>  Preparing: select id , open_id, session_key from sys_user where id = ?
2021-07-20 14:01:01.149 [main] DEBUG c.j.zhuhaibusclock.mapper.SysUserMapper.selectById - ==> Parameters: 2(Long)
2021-07-20 14:01:01.156 [main] DEBUG c.j.zhuhaibusclock.mapper.SysUserMapper.selectById - <==      Total: 1
2021-07-20 14:01:27.001 [main] DEBUG c.j.z.mapper.SysUserMapper.selectByOpenId - ==>  Preparing: select id , open_id, session_key from sys_user where open_id = ?
2021-07-20 14:01:27.007 [main] DEBUG c.j.z.mapper.SysUserMapper.selectByOpenId - ==> Parameters: oLK2-5b9x6mrX-igJjyDstH70FgY(String)
2021-07-20 14:01:27.015 [main] DEBUG c.j.z.mapper.SysUserMapper.selectByOpenId - <==      Total: 1
2021-07-20 14:02:03.495 [main] DEBUG c.j.zhuhaibusclock.mapper.SysUserMapper.selectById - ==>  Preparing: select id , open_id, session_key from sys_user where id = ?
2021-07-20 14:02:03.501 [main] DEBUG c.j.zhuhaibusclock.mapper.SysUserMapper.selectById - ==> Parameters: 3(Long)
2021-07-20 14:02:03.510 [main] DEBUG c.j.zhuhaibusclock.mapper.SysUserMapper.selectById - <==      Total: 1
2021-07-20 14:02:03.867 [main] DEBUG c.j.zhuhaibusclock.mapper.SysUserMapper.selectById - ==>  Preparing: select id , open_id, session_key from sys_user where id = ?
2021-07-20 14:02:03.867 [main] DEBUG c.j.zhuhaibusclock.mapper.SysUserMapper.selectById - ==> Parameters: 3(Long)
2021-07-20 14:02:03.867 [main] DEBUG c.j.zhuhaibusclock.mapper.SysUserMapper.selectById - <==      Total: 1
2021-07-20 14:03:51.693 [main] DEBUG c.j.zhuhaibusclock.mapper.SysUserMapper.selectById - ==>  Preparing: select id , open_id, session_key from sys_user where id = ?
2021-07-20 14:03:51.700 [main] DEBUG c.j.zhuhaibusclock.mapper.SysUserMapper.selectById - ==> Parameters: 3(Long)
2021-07-20 14:03:51.709 [main] DEBUG c.j.zhuhaibusclock.mapper.SysUserMapper.selectById - <==      Total: 1
2021-07-20 14:03:52.064 [main] DEBUG c.j.zhuhaibusclock.mapper.SysUserMapper.selectById - ==>  Preparing: select id , open_id, session_key from sys_user where id = ?
2021-07-20 14:03:52.064 [main] DEBUG c.j.zhuhaibusclock.mapper.SysUserMapper.selectById - ==> Parameters: 3(Long)
2021-07-20 14:03:52.065 [main] DEBUG c.j.zhuhaibusclock.mapper.SysUserMapper.selectById - <==      Total: 1
2021-07-20 14:04:46.246 [main] DEBUG c.j.zhuhaibusclock.mapper.SysUserMapper.selectById - ==>  Preparing: select id , open_id, session_key from sys_user where id = ?
2021-07-20 14:04:46.255 [main] DEBUG c.j.zhuhaibusclock.mapper.SysUserMapper.selectById - ==> Parameters: 3(Long)
2021-07-20 14:04:46.264 [main] DEBUG c.j.zhuhaibusclock.mapper.SysUserMapper.selectById - <==      Total: 1
2021-07-20 14:04:46.638 [main] DEBUG c.j.zhuhaibusclock.mapper.SysUserMapper.selectById - ==>  Preparing: select id , open_id, session_key from sys_user where id = ?
2021-07-20 14:04:46.639 [main] DEBUG c.j.zhuhaibusclock.mapper.SysUserMapper.selectById - ==> Parameters: 3(Long)
2021-07-20 14:04:46.639 [main] DEBUG c.j.zhuhaibusclock.mapper.SysUserMapper.selectById - <==      Total: 1
2021-07-20 14:05:51.619 [main] DEBUG c.j.zhuhaibusclock.mapper.SysUserMapper.selectById - ==>  Preparing: select id , open_id, session_key from sys_user where id = ?
2021-07-20 14:05:51.636 [main] DEBUG c.j.zhuhaibusclock.mapper.SysUserMapper.selectById - ==> Parameters: 3(Long)
2021-07-20 14:05:51.647 [main] DEBUG c.j.zhuhaibusclock.mapper.SysUserMapper.selectById - <==      Total: 1
2021-07-20 14:05:51.998 [main] DEBUG c.j.zhuhaibusclock.mapper.SysUserMapper.selectById - ==>  Preparing: select id , open_id, session_key from sys_user where id = ?
2021-07-20 14:05:51.999 [main] DEBUG c.j.zhuhaibusclock.mapper.SysUserMapper.selectById - ==> Parameters: 3(Long)
2021-07-20 14:05:51.999 [main] DEBUG c.j.zhuhaibusclock.mapper.SysUserMapper.selectById - <==      Total: 1
2021-07-20 14:07:18.009 [main] DEBUG c.j.zhuhaibusclock.mapper.SysUserMapper.selectById - ==>  Preparing: select id , open_id, session_key from sys_user where id = ?
2021-07-20 14:07:18.015 [main] DEBUG c.j.zhuhaibusclock.mapper.SysUserMapper.selectById - ==> Parameters: 3(Long)
2021-07-20 14:07:18.023 [main] DEBUG c.j.zhuhaibusclock.mapper.SysUserMapper.selectById - <==      Total: 1
2021-07-20 14:07:18.425 [main] DEBUG c.j.zhuhaibusclock.mapper.SysUserMapper.selectById - ==>  Preparing: select id , open_id, session_key from sys_user where id = ?
2021-07-20 14:07:18.426 [main] DEBUG c.j.zhuhaibusclock.mapper.SysUserMapper.selectById - ==> Parameters: 3(Long)
2021-07-20 14:07:18.426 [main] DEBUG c.j.zhuhaibusclock.mapper.SysUserMapper.selectById - <==      Total: 1
2021-07-20 14:08:48.483 [main] DEBUG c.j.zhuhaibusclock.mapper.SysUserMapper.selectById - ==>  Preparing: select id , open_id, session_key from sys_user where id = ?
2021-07-20 14:08:48.490 [main] DEBUG c.j.zhuhaibusclock.mapper.SysUserMapper.selectById - ==> Parameters: 3(Long)
2021-07-20 14:08:48.497 [main] DEBUG c.j.zhuhaibusclock.mapper.SysUserMapper.selectById - <==      Total: 1
2021-07-20 14:08:48.851 [main] DEBUG c.j.zhuhaibusclock.mapper.SysUserMapper.selectById - ==>  Preparing: select id , open_id, session_key from sys_user where id = ?
2021-07-20 14:08:48.852 [main] DEBUG c.j.zhuhaibusclock.mapper.SysUserMapper.selectById - ==> Parameters: 3(Long)
2021-07-20 14:08:48.852 [main] DEBUG c.j.zhuhaibusclock.mapper.SysUserMapper.selectById - <==      Total: 1
2021-07-20 14:09:33.199 [main] DEBUG c.j.zhuhaibusclock.mapper.SysUserMapper.selectById - ==>  Preparing: select id , open_id, session_key from sys_user where id = ?
2021-07-20 14:09:33.208 [main] DEBUG c.j.zhuhaibusclock.mapper.SysUserMapper.selectById - ==> Parameters: 3(Long)
2021-07-20 14:09:33.216 [main] DEBUG c.j.zhuhaibusclock.mapper.SysUserMapper.selectById - <==      Total: 1
2021-07-20 14:09:33.579 [main] DEBUG c.j.zhuhaibusclock.mapper.SysUserMapper.selectById - ==>  Preparing: select id , open_id, session_key from sys_user where id = ?
2021-07-20 14:09:33.579 [main] DEBUG c.j.zhuhaibusclock.mapper.SysUserMapper.selectById - ==> Parameters: 3(Long)
2021-07-20 14:09:33.580 [main] DEBUG c.j.zhuhaibusclock.mapper.SysUserMapper.selectById - <==      Total: 1
2021-07-20 14:10:38.382 [main] DEBUG c.j.zhuhaibusclock.mapper.SysUserMapper.selectById - ==>  Preparing: select id , open_id, session_key from sys_user where id = ?
2021-07-20 14:10:38.390 [main] DEBUG c.j.zhuhaibusclock.mapper.SysUserMapper.selectById - ==> Parameters: 3(Long)
2021-07-20 14:10:38.398 [main] DEBUG c.j.zhuhaibusclock.mapper.SysUserMapper.selectById - <==      Total: 1
2021-07-20 14:10:38.770 [main] DEBUG c.j.zhuhaibusclock.mapper.SysUserMapper.selectById - ==>  Preparing: select id , open_id, session_key from sys_user where id = ?
2021-07-20 14:10:38.770 [main] DEBUG c.j.zhuhaibusclock.mapper.SysUserMapper.selectById - ==> Parameters: 3(Long)
2021-07-20 14:10:38.771 [main] DEBUG c.j.zhuhaibusclock.mapper.SysUserMapper.selectById - <==      Total: 1
2021-07-20 14:11:17.577 [main] DEBUG c.j.zhuhaibusclock.mapper.SysUserMapper.selectById - ==>  Preparing: select id , open_id, session_key from sys_user where id = ?
2021-07-20 14:11:17.584 [main] DEBUG c.j.zhuhaibusclock.mapper.SysUserMapper.selectById - ==> Parameters: 3(Long)
2021-07-20 14:11:17.591 [main] DEBUG c.j.zhuhaibusclock.mapper.SysUserMapper.selectById - <==      Total: 1
2021-07-20 14:11:17.971 [main] DEBUG c.j.zhuhaibusclock.mapper.SysUserMapper.selectById - ==>  Preparing: select id , open_id, session_key from sys_user where id = ?
2021-07-20 14:11:17.972 [main] DEBUG c.j.zhuhaibusclock.mapper.SysUserMapper.selectById - ==> Parameters: 3(Long)
2021-07-20 14:11:17.972 [main] DEBUG c.j.zhuhaibusclock.mapper.SysUserMapper.selectById - <==      Total: 1
2021-07-20 14:12:24.857 [main] DEBUG c.j.zhuhaibusclock.mapper.SysUserMapper.selectById - ==>  Preparing: select id , open_id, session_key from sys_user where id = ?
2021-07-20 14:12:24.870 [main] DEBUG c.j.zhuhaibusclock.mapper.SysUserMapper.selectById - ==> Parameters: 3(Long)
2021-07-20 14:12:24.886 [main] DEBUG c.j.zhuhaibusclock.mapper.SysUserMapper.selectById - <==      Total: 1
2021-07-20 14:12:25.369 [main] DEBUG c.j.zhuhaibusclock.mapper.SysUserMapper.selectById - ==>  Preparing: select id , open_id, session_key from sys_user where id = ?
2021-07-20 14:12:25.369 [main] DEBUG c.j.zhuhaibusclock.mapper.SysUserMapper.selectById - ==> Parameters: 3(Long)
2021-07-20 14:12:25.370 [main] DEBUG c.j.zhuhaibusclock.mapper.SysUserMapper.selectById - <==      Total: 1
2021-07-20 14:12:42.289 [main] DEBUG c.j.zhuhaibusclock.mapper.SysUserMapper.selectById - ==>  Preparing: select id , open_id, session_key from sys_user where id = ?
2021-07-20 14:12:42.299 [main] DEBUG c.j.zhuhaibusclock.mapper.SysUserMapper.selectById - ==> Parameters: 3(Long)
2021-07-20 14:12:42.310 [main] DEBUG c.j.zhuhaibusclock.mapper.SysUserMapper.selectById - <==      Total: 1
2021-07-20 14:12:42.817 [main] DEBUG c.j.zhuhaibusclock.mapper.SysUserMapper.selectById - ==>  Preparing: select id , open_id, session_key from sys_user where id = ?
2021-07-20 14:12:42.817 [main] DEBUG c.j.zhuhaibusclock.mapper.SysUserMapper.selectById - ==> Parameters: 3(Long)
2021-07-20 14:12:42.818 [main] DEBUG c.j.zhuhaibusclock.mapper.SysUserMapper.selectById - <==      Total: 1
2021-07-20 14:13:05.832 [main] DEBUG c.j.zhuhaibusclock.mapper.SysUserMapper.selectById - ==>  Preparing: select id , open_id, session_key from sys_user where id = ?
2021-07-20 14:13:05.841 [main] DEBUG c.j.zhuhaibusclock.mapper.SysUserMapper.selectById - ==> Parameters: 3(Long)
2021-07-20 14:13:05.857 [main] DEBUG c.j.zhuhaibusclock.mapper.SysUserMapper.selectById - <==      Total: 1
2021-07-20 14:13:06.373 [main] DEBUG c.j.zhuhaibusclock.mapper.SysUserMapper.selectById - ==>  Preparing: select id , open_id, session_key from sys_user where id = ?
2021-07-20 14:13:06.374 [main] DEBUG c.j.zhuhaibusclock.mapper.SysUserMapper.selectById - ==> Parameters: 3(Long)
2021-07-20 14:13:06.375 [main] DEBUG c.j.zhuhaibusclock.mapper.SysUserMapper.selectById - <==      Total: 1
2021-07-20 14:17:35.844 [main] DEBUG c.j.zhuhaibusclock.mapper.SysUserMapper.selectById - ==>  Preparing: select id , open_id, session_key from sys_user where id = ?
2021-07-20 14:17:35.853 [main] DEBUG c.j.zhuhaibusclock.mapper.SysUserMapper.selectById - ==> Parameters: 3(Long)
2021-07-20 14:17:35.865 [main] DEBUG c.j.zhuhaibusclock.mapper.SysUserMapper.selectById - <==      Total: 1
2021-07-20 14:17:36.361 [main] DEBUG c.j.zhuhaibusclock.mapper.SysUserMapper.selectById - ==>  Preparing: select id , open_id, session_key from sys_user where id = ?
2021-07-20 14:17:36.362 [main] DEBUG c.j.zhuhaibusclock.mapper.SysUserMapper.selectById - ==> Parameters: 3(Long)
2021-07-20 14:17:36.362 [main] DEBUG c.j.zhuhaibusclock.mapper.SysUserMapper.selectById - <==      Total: 1
2021-07-20 14:19:56.008 [main] DEBUG c.j.zhuhaibusclock.mapper.SysUserMapper.selectById - ==>  Preparing: select id , open_id, session_key from sys_user where id = ?
2021-07-20 14:19:56.014 [main] DEBUG c.j.zhuhaibusclock.mapper.SysUserMapper.selectById - ==> Parameters: 3(Long)
2021-07-20 14:19:56.023 [main] DEBUG c.j.zhuhaibusclock.mapper.SysUserMapper.selectById - <==      Total: 1
2021-07-20 14:19:56.396 [main] DEBUG c.j.zhuhaibusclock.mapper.SysUserMapper.selectById - ==>  Preparing: select id , open_id, session_key from sys_user where id = ?
2021-07-20 14:19:56.397 [main] DEBUG c.j.zhuhaibusclock.mapper.SysUserMapper.selectById - ==> Parameters: 3(Long)
2021-07-20 14:19:56.397 [main] DEBUG c.j.zhuhaibusclock.mapper.SysUserMapper.selectById - <==      Total: 1
