2021-07-31 11:18:42.813 [main] INFO  com.jojo.zhuhaibusclock.service.QuartzServiceTest - Starting QuartzServiceTest using Java 15.0.2 on DESKTOP-FT3ALHB with PID 92424 (started by JoJoWu in D:\IdeaProjects\zhuHaiBusClock)
2021-07-31 11:18:42.816 [background-preinit] INFO  org.hibernate.validator.internal.util.Version - HV000001: Hibernate Validator 6.1.7.Final
2021-07-31 11:18:42.817 [main] INFO  com.jojo.zhuhaibusclock.service.QuartzServiceTest - No active profile set, falling back to default profiles: default
2021-07-31 11:18:43.961 [main] INFO  o.s.d.r.config.RepositoryConfigurationDelegate - Multiple Spring Data modules found, entering strict repository configuration mode!
2021-07-31 11:18:43.963 [main] INFO  o.s.d.r.config.RepositoryConfigurationDelegate - Bootstrapping Spring Data JDBC repositories in DEFAULT mode.
2021-07-31 11:18:43.975 [main] INFO  o.s.d.r.config.RepositoryConfigurationDelegate - Finished Spring Data repository scanning in 9 ms. Found 0 JDBC repository interfaces.
2021-07-31 11:18:43.981 [main] INFO  o.s.d.r.config.RepositoryConfigurationDelegate - Multiple Spring Data modules found, entering strict repository configuration mode!
2021-07-31 11:18:43.983 [main] INFO  o.s.d.r.config.RepositoryConfigurationDelegate - Bootstrapping Spring Data JPA repositories in DEFAULT mode.
2021-07-31 11:18:43.990 [main] INFO  o.s.d.r.config.RepositoryConfigurationDelegate - Finished Spring Data repository scanning in 4 ms. Found 0 JPA repository interfaces.
2021-07-31 11:18:44.000 [main] INFO  o.s.d.r.config.RepositoryConfigurationDelegate - Multiple Spring Data modules found, entering strict repository configuration mode!
2021-07-31 11:18:44.001 [main] INFO  o.s.d.r.config.RepositoryConfigurationDelegate - Bootstrapping Spring Data Redis repositories in DEFAULT mode.
2021-07-31 11:18:44.011 [main] INFO  o.s.d.r.config.RepositoryConfigurationDelegate - Finished Spring Data repository scanning in 3 ms. Found 0 Redis repository interfaces.
2021-07-31 11:18:44.707 [main] INFO  com.zaxxer.hikari.HikariDataSource - HikariPool-1 - Starting...
2021-07-31 11:18:44.774 [main] INFO  com.zaxxer.hikari.HikariDataSource - HikariPool-1 - Start completed.
2021-07-31 11:18:44.813 [main] INFO  org.hibernate.jpa.internal.util.LogHelper - HHH000204: Processing PersistenceUnitInfo [name: default]
2021-07-31 11:18:44.861 [main] INFO  org.hibernate.Version - HHH000412: Hibernate ORM core version 5.4.30.Final
2021-07-31 11:18:44.971 [main] INFO  org.hibernate.annotations.common.Version - HCANN000001: Hibernate Commons Annotations {5.1.2.Final}
2021-07-31 11:18:45.113 [main] INFO  org.hibernate.dialect.Dialect - HHH000400: Using dialect: org.hibernate.dialect.MariaDB103Dialect
2021-07-31 11:18:45.333 [main] INFO  o.h.e.t.jta.platform.internal.JtaPlatformInitiator - HHH000490: Using JtaPlatform implementation: [org.hibernate.engine.transaction.jta.platform.internal.NoJtaPlatform]
2021-07-31 11:18:45.343 [main] INFO  o.s.orm.jpa.LocalContainerEntityManagerFactoryBean - Initialized JPA EntityManagerFactory for persistence unit 'default'
2021-07-31 11:18:45.976 [main] INFO  org.quartz.impl.StdSchedulerFactory - Using default implementation for ThreadExecutor
2021-07-31 11:18:45.978 [main] INFO  org.quartz.simpl.SimpleThreadPool - Job execution threads will use class loader of thread: main
2021-07-31 11:18:45.983 [main] INFO  org.quartz.core.SchedulerSignalerImpl - Initialized Scheduler Signaller of type: class org.quartz.core.SchedulerSignalerImpl
2021-07-31 11:18:45.983 [main] INFO  org.quartz.core.QuartzScheduler - Quartz Scheduler v.2.3.2 created.
2021-07-31 11:18:45.986 [main] INFO  o.s.scheduling.quartz.LocalDataSourceJobStore - Using db table-based data access locking (synchronization).
2021-07-31 11:18:45.987 [main] INFO  o.s.scheduling.quartz.LocalDataSourceJobStore - JobStoreCMT initialized.
2021-07-31 11:18:45.988 [main] INFO  org.quartz.core.QuartzScheduler - Scheduler meta-data: Quartz Scheduler (v2.3.2) 'scheduler' with instanceId 'NON_CLUSTERED'
  Scheduler class: 'org.quartz.core.QuartzScheduler' - running locally.
  NOT STARTED.
  Currently in standby mode.
  Number of jobs executed: 0
  Using thread pool 'org.quartz.simpl.SimpleThreadPool' - with 10 threads.
  Using job-store 'org.springframework.scheduling.quartz.LocalDataSourceJobStore' - which supports persistence. and is not clustered.

2021-07-31 11:18:45.988 [main] INFO  org.quartz.impl.StdSchedulerFactory - Quartz scheduler 'scheduler' initialized from an externally provided properties instance.
2021-07-31 11:18:45.988 [main] INFO  org.quartz.impl.StdSchedulerFactory - Quartz scheduler version: 2.3.2
2021-07-31 11:18:45.988 [main] INFO  org.quartz.core.QuartzScheduler - JobFactory set to: org.springframework.scheduling.quartz.SpringBeanJobFactory@353936e9
2021-07-31 11:18:46.579 [main] INFO  o.s.scheduling.concurrent.ThreadPoolTaskExecutor - Initializing ExecutorService 'applicationTaskExecutor'
2021-07-31 11:18:47.119 [main] INFO  o.s.scheduling.quartz.SchedulerFactoryBean - Starting Quartz Scheduler now
2021-07-31 11:18:47.121 [main] INFO  o.s.scheduling.quartz.LocalDataSourceJobStore - Freed 0 triggers from 'acquired' / 'blocked' state.
2021-07-31 11:18:47.124 [main] INFO  o.s.scheduling.quartz.LocalDataSourceJobStore - Recovering 0 jobs that were in-progress at the time of the last shut-down.
2021-07-31 11:18:47.124 [main] INFO  o.s.scheduling.quartz.LocalDataSourceJobStore - Recovery complete.
2021-07-31 11:18:47.125 [main] INFO  o.s.scheduling.quartz.LocalDataSourceJobStore - Removed 0 'complete' triggers.
2021-07-31 11:18:47.125 [main] INFO  o.s.scheduling.quartz.LocalDataSourceJobStore - Removed 0 stale fired job entries.
2021-07-31 11:18:47.126 [main] INFO  org.quartz.core.QuartzScheduler - Scheduler scheduler_$_NON_CLUSTERED started.
2021-07-31 11:18:47.135 [main] INFO  com.jojo.zhuhaibusclock.service.QuartzServiceTest - Started QuartzServiceTest in 4.695 seconds (JVM running for 5.51)
2021-07-31 11:18:47.315 [main] INFO  c.j.zhuhaibusclock.service.impl.QuartzServiceImpl - 添加闹钟计划
2021-07-31 11:18:52.326 [main] INFO  c.j.zhuhaibusclock.service.impl.QuartzServiceImpl - 暂停闹钟计划
2021-07-31 11:18:52.327 [main] INFO  c.j.zhuhaibusclock.service.impl.QuartzServiceImpl - 删除闹钟计划
2021-07-31 11:18:52.337 [SpringContextShutdownHook] INFO  org.quartz.core.QuartzScheduler - Scheduler scheduler_$_NON_CLUSTERED paused.
2021-07-31 11:18:52.338 [SpringContextShutdownHook] INFO  o.s.scheduling.concurrent.ThreadPoolTaskExecutor - Shutting down ExecutorService 'applicationTaskExecutor'
2021-07-31 11:18:52.343 [SpringContextShutdownHook] INFO  o.s.scheduling.quartz.SchedulerFactoryBean - Shutting down Quartz Scheduler
2021-07-31 11:18:52.343 [SpringContextShutdownHook] INFO  org.quartz.core.QuartzScheduler - Scheduler scheduler_$_NON_CLUSTERED shutting down.
2021-07-31 11:18:52.343 [SpringContextShutdownHook] INFO  org.quartz.core.QuartzScheduler - Scheduler scheduler_$_NON_CLUSTERED paused.
2021-07-31 11:18:52.839 [SpringContextShutdownHook] INFO  org.quartz.core.QuartzScheduler - Scheduler scheduler_$_NON_CLUSTERED shutdown complete.
2021-07-31 11:18:52.840 [SpringContextShutdownHook] INFO  o.s.orm.jpa.LocalContainerEntityManagerFactoryBean - Closing JPA EntityManagerFactory for persistence unit 'default'
2021-07-31 11:18:52.842 [SpringContextShutdownHook] INFO  com.zaxxer.hikari.HikariDataSource - HikariPool-1 - Shutdown initiated...
2021-07-31 11:18:52.845 [SpringContextShutdownHook] INFO  com.zaxxer.hikari.HikariDataSource - HikariPool-1 - Shutdown completed.
2021-07-31 11:21:01.449 [background-preinit] INFO  org.hibernate.validator.internal.util.Version - HV000001: Hibernate Validator 6.1.7.Final
2021-07-31 11:21:01.452 [main] INFO  com.jojo.zhuhaibusclock.service.QuartzServiceTest - Starting QuartzServiceTest using Java 15.0.2 on DESKTOP-FT3ALHB with PID 59384 (started by JoJoWu in D:\IdeaProjects\zhuHaiBusClock)
2021-07-31 11:21:01.454 [main] INFO  com.jojo.zhuhaibusclock.service.QuartzServiceTest - No active profile set, falling back to default profiles: default
2021-07-31 11:21:02.214 [main] INFO  o.s.d.r.config.RepositoryConfigurationDelegate - Multiple Spring Data modules found, entering strict repository configuration mode!
2021-07-31 11:21:02.215 [main] INFO  o.s.d.r.config.RepositoryConfigurationDelegate - Bootstrapping Spring Data JDBC repositories in DEFAULT mode.
2021-07-31 11:21:02.227 [main] INFO  o.s.d.r.config.RepositoryConfigurationDelegate - Finished Spring Data repository scanning in 8 ms. Found 0 JDBC repository interfaces.
2021-07-31 11:21:02.233 [main] INFO  o.s.d.r.config.RepositoryConfigurationDelegate - Multiple Spring Data modules found, entering strict repository configuration mode!
2021-07-31 11:21:02.233 [main] INFO  o.s.d.r.config.RepositoryConfigurationDelegate - Bootstrapping Spring Data JPA repositories in DEFAULT mode.
2021-07-31 11:21:02.240 [main] INFO  o.s.d.r.config.RepositoryConfigurationDelegate - Finished Spring Data repository scanning in 3 ms. Found 0 JPA repository interfaces.
2021-07-31 11:21:02.248 [main] INFO  o.s.d.r.config.RepositoryConfigurationDelegate - Multiple Spring Data modules found, entering strict repository configuration mode!
2021-07-31 11:21:02.249 [main] INFO  o.s.d.r.config.RepositoryConfigurationDelegate - Bootstrapping Spring Data Redis repositories in DEFAULT mode.
2021-07-31 11:21:02.258 [main] INFO  o.s.d.r.config.RepositoryConfigurationDelegate - Finished Spring Data repository scanning in 3 ms. Found 0 Redis repository interfaces.
2021-07-31 11:21:02.861 [main] INFO  com.zaxxer.hikari.HikariDataSource - HikariPool-1 - Starting...
2021-07-31 11:21:02.908 [main] INFO  com.zaxxer.hikari.HikariDataSource - HikariPool-1 - Start completed.
2021-07-31 11:21:02.957 [main] INFO  org.hibernate.jpa.internal.util.LogHelper - HHH000204: Processing PersistenceUnitInfo [name: default]
2021-07-31 11:21:02.991 [main] INFO  org.hibernate.Version - HHH000412: Hibernate ORM core version 5.4.30.Final
2021-07-31 11:21:03.064 [main] INFO  org.hibernate.annotations.common.Version - HCANN000001: Hibernate Commons Annotations {5.1.2.Final}
2021-07-31 11:21:03.201 [main] INFO  org.hibernate.dialect.Dialect - HHH000400: Using dialect: org.hibernate.dialect.MariaDB103Dialect
2021-07-31 11:21:03.319 [main] INFO  o.h.e.t.jta.platform.internal.JtaPlatformInitiator - HHH000490: Using JtaPlatform implementation: [org.hibernate.engine.transaction.jta.platform.internal.NoJtaPlatform]
2021-07-31 11:21:03.328 [main] INFO  o.s.orm.jpa.LocalContainerEntityManagerFactoryBean - Initialized JPA EntityManagerFactory for persistence unit 'default'
2021-07-31 11:21:03.859 [main] INFO  org.quartz.impl.StdSchedulerFactory - Using default implementation for ThreadExecutor
2021-07-31 11:21:03.860 [main] INFO  org.quartz.simpl.SimpleThreadPool - Job execution threads will use class loader of thread: main
2021-07-31 11:21:03.865 [main] INFO  org.quartz.core.SchedulerSignalerImpl - Initialized Scheduler Signaller of type: class org.quartz.core.SchedulerSignalerImpl
2021-07-31 11:21:03.865 [main] INFO  org.quartz.core.QuartzScheduler - Quartz Scheduler v.2.3.2 created.
2021-07-31 11:21:03.867 [main] INFO  o.s.scheduling.quartz.LocalDataSourceJobStore - Using db table-based data access locking (synchronization).
2021-07-31 11:21:03.868 [main] INFO  o.s.scheduling.quartz.LocalDataSourceJobStore - JobStoreCMT initialized.
2021-07-31 11:21:03.868 [main] INFO  org.quartz.core.QuartzScheduler - Scheduler meta-data: Quartz Scheduler (v2.3.2) 'scheduler' with instanceId 'NON_CLUSTERED'
  Scheduler class: 'org.quartz.core.QuartzScheduler' - running locally.
  NOT STARTED.
  Currently in standby mode.
  Number of jobs executed: 0
  Using thread pool 'org.quartz.simpl.SimpleThreadPool' - with 10 threads.
  Using job-store 'org.springframework.scheduling.quartz.LocalDataSourceJobStore' - which supports persistence. and is not clustered.

2021-07-31 11:21:03.868 [main] INFO  org.quartz.impl.StdSchedulerFactory - Quartz scheduler 'scheduler' initialized from an externally provided properties instance.
2021-07-31 11:21:03.868 [main] INFO  org.quartz.impl.StdSchedulerFactory - Quartz scheduler version: 2.3.2
2021-07-31 11:21:03.868 [main] INFO  org.quartz.core.QuartzScheduler - JobFactory set to: org.springframework.scheduling.quartz.SpringBeanJobFactory@fb129630
2021-07-31 11:21:04.378 [main] INFO  o.s.scheduling.concurrent.ThreadPoolTaskExecutor - Initializing ExecutorService 'applicationTaskExecutor'
2021-07-31 11:21:04.890 [main] INFO  o.s.scheduling.quartz.SchedulerFactoryBean - Starting Quartz Scheduler now
2021-07-31 11:21:04.891 [main] INFO  o.s.scheduling.quartz.LocalDataSourceJobStore - Freed 0 triggers from 'acquired' / 'blocked' state.
2021-07-31 11:21:04.893 [main] INFO  o.s.scheduling.quartz.LocalDataSourceJobStore - Recovering 0 jobs that were in-progress at the time of the last shut-down.
2021-07-31 11:21:04.893 [main] INFO  o.s.scheduling.quartz.LocalDataSourceJobStore - Recovery complete.
2021-07-31 11:21:04.893 [main] INFO  o.s.scheduling.quartz.LocalDataSourceJobStore - Removed 0 'complete' triggers.
2021-07-31 11:21:04.893 [main] INFO  o.s.scheduling.quartz.LocalDataSourceJobStore - Removed 0 stale fired job entries.
2021-07-31 11:21:04.894 [main] INFO  org.quartz.core.QuartzScheduler - Scheduler scheduler_$_NON_CLUSTERED started.
2021-07-31 11:21:04.904 [main] INFO  com.jojo.zhuhaibusclock.service.QuartzServiceTest - Started QuartzServiceTest in 3.758 seconds (JVM running for 4.422)
2021-07-31 11:21:05.063 [main] INFO  c.j.zhuhaibusclock.service.impl.QuartzServiceImpl - 添加闹钟计划
2021-07-31 11:21:10.073 [main] INFO  c.j.zhuhaibusclock.service.impl.QuartzServiceImpl - 暂停闹钟计划
2021-07-31 11:21:10.074 [main] INFO  c.j.zhuhaibusclock.service.impl.QuartzServiceImpl - 删除闹钟计划
2021-07-31 11:21:10.083 [SpringContextShutdownHook] INFO  org.quartz.core.QuartzScheduler - Scheduler scheduler_$_NON_CLUSTERED paused.
2021-07-31 11:21:10.085 [SpringContextShutdownHook] INFO  o.s.scheduling.concurrent.ThreadPoolTaskExecutor - Shutting down ExecutorService 'applicationTaskExecutor'
2021-07-31 11:21:10.093 [SpringContextShutdownHook] INFO  o.s.scheduling.quartz.SchedulerFactoryBean - Shutting down Quartz Scheduler
2021-07-31 11:21:10.094 [SpringContextShutdownHook] INFO  org.quartz.core.QuartzScheduler - Scheduler scheduler_$_NON_CLUSTERED shutting down.
2021-07-31 11:21:10.094 [SpringContextShutdownHook] INFO  org.quartz.core.QuartzScheduler - Scheduler scheduler_$_NON_CLUSTERED paused.
2021-07-31 11:21:10.586 [SpringContextShutdownHook] INFO  org.quartz.core.QuartzScheduler - Scheduler scheduler_$_NON_CLUSTERED shutdown complete.
2021-07-31 11:21:10.587 [SpringContextShutdownHook] INFO  o.s.orm.jpa.LocalContainerEntityManagerFactoryBean - Closing JPA EntityManagerFactory for persistence unit 'default'
2021-07-31 11:21:10.589 [SpringContextShutdownHook] INFO  com.zaxxer.hikari.HikariDataSource - HikariPool-1 - Shutdown initiated...
2021-07-31 11:21:10.592 [SpringContextShutdownHook] INFO  com.zaxxer.hikari.HikariDataSource - HikariPool-1 - Shutdown completed.
2021-07-31 11:23:15.165 [main] INFO  com.jojo.zhuhaibusclock.service.QuartzServiceTest - Starting QuartzServiceTest using Java 15.0.2 on DESKTOP-FT3ALHB with PID 84692 (started by JoJoWu in D:\IdeaProjects\zhuHaiBusClock)
2021-07-31 11:23:15.165 [background-preinit] INFO  org.hibernate.validator.internal.util.Version - HV000001: Hibernate Validator 6.1.7.Final
2021-07-31 11:23:15.167 [main] INFO  com.jojo.zhuhaibusclock.service.QuartzServiceTest - No active profile set, falling back to default profiles: default
2021-07-31 11:23:15.953 [main] INFO  o.s.d.r.config.RepositoryConfigurationDelegate - Multiple Spring Data modules found, entering strict repository configuration mode!
2021-07-31 11:23:15.954 [main] INFO  o.s.d.r.config.RepositoryConfigurationDelegate - Bootstrapping Spring Data JDBC repositories in DEFAULT mode.
2021-07-31 11:23:15.966 [main] INFO  o.s.d.r.config.RepositoryConfigurationDelegate - Finished Spring Data repository scanning in 8 ms. Found 0 JDBC repository interfaces.
2021-07-31 11:23:15.972 [main] INFO  o.s.d.r.config.RepositoryConfigurationDelegate - Multiple Spring Data modules found, entering strict repository configuration mode!
2021-07-31 11:23:15.973 [main] INFO  o.s.d.r.config.RepositoryConfigurationDelegate - Bootstrapping Spring Data JPA repositories in DEFAULT mode.
2021-07-31 11:23:15.980 [main] INFO  o.s.d.r.config.RepositoryConfigurationDelegate - Finished Spring Data repository scanning in 3 ms. Found 0 JPA repository interfaces.
2021-07-31 11:23:15.989 [main] INFO  o.s.d.r.config.RepositoryConfigurationDelegate - Multiple Spring Data modules found, entering strict repository configuration mode!
2021-07-31 11:23:15.990 [main] INFO  o.s.d.r.config.RepositoryConfigurationDelegate - Bootstrapping Spring Data Redis repositories in DEFAULT mode.
2021-07-31 11:23:15.998 [main] INFO  o.s.d.r.config.RepositoryConfigurationDelegate - Finished Spring Data repository scanning in 3 ms. Found 0 Redis repository interfaces.
2021-07-31 11:23:16.624 [main] INFO  com.zaxxer.hikari.HikariDataSource - HikariPool-1 - Starting...
2021-07-31 11:23:16.671 [main] INFO  com.zaxxer.hikari.HikariDataSource - HikariPool-1 - Start completed.
2021-07-31 11:23:16.716 [main] INFO  org.hibernate.jpa.internal.util.LogHelper - HHH000204: Processing PersistenceUnitInfo [name: default]
2021-07-31 11:23:16.750 [main] INFO  org.hibernate.Version - HHH000412: Hibernate ORM core version 5.4.30.Final
2021-07-31 11:23:16.823 [main] INFO  org.hibernate.annotations.common.Version - HCANN000001: Hibernate Commons Annotations {5.1.2.Final}
2021-07-31 11:23:16.954 [main] INFO  org.hibernate.dialect.Dialect - HHH000400: Using dialect: org.hibernate.dialect.MariaDB103Dialect
2021-07-31 11:23:17.070 [main] INFO  o.h.e.t.jta.platform.internal.JtaPlatformInitiator - HHH000490: Using JtaPlatform implementation: [org.hibernate.engine.transaction.jta.platform.internal.NoJtaPlatform]
2021-07-31 11:23:17.079 [main] INFO  o.s.orm.jpa.LocalContainerEntityManagerFactoryBean - Initialized JPA EntityManagerFactory for persistence unit 'default'
2021-07-31 11:23:17.608 [main] INFO  org.quartz.impl.StdSchedulerFactory - Using default implementation for ThreadExecutor
2021-07-31 11:23:17.610 [main] INFO  org.quartz.simpl.SimpleThreadPool - Job execution threads will use class loader of thread: main
2021-07-31 11:23:17.614 [main] INFO  org.quartz.core.SchedulerSignalerImpl - Initialized Scheduler Signaller of type: class org.quartz.core.SchedulerSignalerImpl
2021-07-31 11:23:17.614 [main] INFO  org.quartz.core.QuartzScheduler - Quartz Scheduler v.2.3.2 created.
2021-07-31 11:23:17.617 [main] INFO  o.s.scheduling.quartz.LocalDataSourceJobStore - Using db table-based data access locking (synchronization).
2021-07-31 11:23:17.618 [main] INFO  o.s.scheduling.quartz.LocalDataSourceJobStore - JobStoreCMT initialized.
2021-07-31 11:23:17.618 [main] INFO  org.quartz.core.QuartzScheduler - Scheduler meta-data: Quartz Scheduler (v2.3.2) 'scheduler' with instanceId 'NON_CLUSTERED'
  Scheduler class: 'org.quartz.core.QuartzScheduler' - running locally.
  NOT STARTED.
  Currently in standby mode.
  Number of jobs executed: 0
  Using thread pool 'org.quartz.simpl.SimpleThreadPool' - with 10 threads.
  Using job-store 'org.springframework.scheduling.quartz.LocalDataSourceJobStore' - which supports persistence. and is not clustered.

2021-07-31 11:23:17.618 [main] INFO  org.quartz.impl.StdSchedulerFactory - Quartz scheduler 'scheduler' initialized from an externally provided properties instance.
2021-07-31 11:23:17.618 [main] INFO  org.quartz.impl.StdSchedulerFactory - Quartz scheduler version: 2.3.2
2021-07-31 11:23:17.618 [main] INFO  org.quartz.core.QuartzScheduler - JobFactory set to: org.springframework.scheduling.quartz.SpringBeanJobFactory@ffd2f098
2021-07-31 11:23:18.139 [main] INFO  o.s.scheduling.concurrent.ThreadPoolTaskExecutor - Initializing ExecutorService 'applicationTaskExecutor'
2021-07-31 11:23:18.650 [main] INFO  o.s.scheduling.quartz.SchedulerFactoryBean - Starting Quartz Scheduler now
2021-07-31 11:23:18.652 [main] INFO  o.s.scheduling.quartz.LocalDataSourceJobStore - Freed 0 triggers from 'acquired' / 'blocked' state.
2021-07-31 11:23:18.653 [main] INFO  o.s.scheduling.quartz.LocalDataSourceJobStore - Recovering 0 jobs that were in-progress at the time of the last shut-down.
2021-07-31 11:23:18.653 [main] INFO  o.s.scheduling.quartz.LocalDataSourceJobStore - Recovery complete.
2021-07-31 11:23:18.653 [main] INFO  o.s.scheduling.quartz.LocalDataSourceJobStore - Removed 0 'complete' triggers.
2021-07-31 11:23:18.654 [main] INFO  o.s.scheduling.quartz.LocalDataSourceJobStore - Removed 0 stale fired job entries.
2021-07-31 11:23:18.655 [main] INFO  org.quartz.core.QuartzScheduler - Scheduler scheduler_$_NON_CLUSTERED started.
2021-07-31 11:23:18.667 [main] INFO  com.jojo.zhuhaibusclock.service.QuartzServiceTest - Started QuartzServiceTest in 3.822 seconds (JVM running for 4.487)
2021-07-31 11:23:18.822 [main] INFO  c.j.zhuhaibusclock.service.impl.QuartzServiceImpl - 添加闹钟计划
2021-07-31 11:23:18.831 [main] INFO  c.j.zhuhaibusclock.service.impl.QuartzServiceImpl - 暂停闹钟计划
2021-07-31 11:23:23.836 [main] INFO  c.j.zhuhaibusclock.service.impl.QuartzServiceImpl - 重启闹钟计划
2021-07-31 11:23:25.843 [main] INFO  c.j.zhuhaibusclock.service.impl.QuartzServiceImpl - 删除闹钟计划
2021-07-31 11:23:25.852 [SpringContextShutdownHook] INFO  org.quartz.core.QuartzScheduler - Scheduler scheduler_$_NON_CLUSTERED paused.
2021-07-31 11:23:25.853 [SpringContextShutdownHook] INFO  o.s.scheduling.concurrent.ThreadPoolTaskExecutor - Shutting down ExecutorService 'applicationTaskExecutor'
2021-07-31 11:23:25.859 [SpringContextShutdownHook] INFO  o.s.scheduling.quartz.SchedulerFactoryBean - Shutting down Quartz Scheduler
2021-07-31 11:23:25.859 [SpringContextShutdownHook] INFO  org.quartz.core.QuartzScheduler - Scheduler scheduler_$_NON_CLUSTERED shutting down.
2021-07-31 11:23:25.859 [SpringContextShutdownHook] INFO  org.quartz.core.QuartzScheduler - Scheduler scheduler_$_NON_CLUSTERED paused.
2021-07-31 11:23:26.336 [SpringContextShutdownHook] INFO  org.quartz.core.QuartzScheduler - Scheduler scheduler_$_NON_CLUSTERED shutdown complete.
2021-07-31 11:23:26.337 [SpringContextShutdownHook] INFO  o.s.orm.jpa.LocalContainerEntityManagerFactoryBean - Closing JPA EntityManagerFactory for persistence unit 'default'
2021-07-31 11:23:26.339 [SpringContextShutdownHook] INFO  com.zaxxer.hikari.HikariDataSource - HikariPool-1 - Shutdown initiated...
2021-07-31 11:23:26.342 [SpringContextShutdownHook] INFO  com.zaxxer.hikari.HikariDataSource - HikariPool-1 - Shutdown completed.
2021-07-31 11:25:29.268 [main] INFO  com.jojo.zhuhaibusclock.service.QuartzServiceTest - Starting QuartzServiceTest using Java 15.0.2 on DESKTOP-FT3ALHB with PID 95688 (started by JoJoWu in D:\IdeaProjects\zhuHaiBusClock)
2021-07-31 11:25:29.268 [background-preinit] INFO  org.hibernate.validator.internal.util.Version - HV000001: Hibernate Validator 6.1.7.Final
2021-07-31 11:25:29.270 [main] INFO  com.jojo.zhuhaibusclock.service.QuartzServiceTest - No active profile set, falling back to default profiles: default
2021-07-31 11:25:29.983 [main] INFO  o.s.d.r.config.RepositoryConfigurationDelegate - Multiple Spring Data modules found, entering strict repository configuration mode!
2021-07-31 11:25:29.984 [main] INFO  o.s.d.r.config.RepositoryConfigurationDelegate - Bootstrapping Spring Data JDBC repositories in DEFAULT mode.
2021-07-31 11:25:29.994 [main] INFO  o.s.d.r.config.RepositoryConfigurationDelegate - Finished Spring Data repository scanning in 8 ms. Found 0 JDBC repository interfaces.
2021-07-31 11:25:30.001 [main] INFO  o.s.d.r.config.RepositoryConfigurationDelegate - Multiple Spring Data modules found, entering strict repository configuration mode!
2021-07-31 11:25:30.001 [main] INFO  o.s.d.r.config.RepositoryConfigurationDelegate - Bootstrapping Spring Data JPA repositories in DEFAULT mode.
2021-07-31 11:25:30.008 [main] INFO  o.s.d.r.config.RepositoryConfigurationDelegate - Finished Spring Data repository scanning in 4 ms. Found 0 JPA repository interfaces.
2021-07-31 11:25:30.016 [main] INFO  o.s.d.r.config.RepositoryConfigurationDelegate - Multiple Spring Data modules found, entering strict repository configuration mode!
2021-07-31 11:25:30.017 [main] INFO  o.s.d.r.config.RepositoryConfigurationDelegate - Bootstrapping Spring Data Redis repositories in DEFAULT mode.
2021-07-31 11:25:30.025 [main] INFO  o.s.d.r.config.RepositoryConfigurationDelegate - Finished Spring Data repository scanning in 3 ms. Found 0 Redis repository interfaces.
2021-07-31 11:25:30.671 [main] INFO  com.zaxxer.hikari.HikariDataSource - HikariPool-1 - Starting...
2021-07-31 11:25:30.720 [main] INFO  com.zaxxer.hikari.HikariDataSource - HikariPool-1 - Start completed.
2021-07-31 11:25:30.759 [main] INFO  org.hibernate.jpa.internal.util.LogHelper - HHH000204: Processing PersistenceUnitInfo [name: default]
2021-07-31 11:25:30.805 [main] INFO  org.hibernate.Version - HHH000412: Hibernate ORM core version 5.4.30.Final
2021-07-31 11:25:30.881 [main] INFO  org.hibernate.annotations.common.Version - HCANN000001: Hibernate Commons Annotations {5.1.2.Final}
2021-07-31 11:25:31.017 [main] INFO  org.hibernate.dialect.Dialect - HHH000400: Using dialect: org.hibernate.dialect.MariaDB103Dialect
2021-07-31 11:25:31.132 [main] INFO  o.h.e.t.jta.platform.internal.JtaPlatformInitiator - HHH000490: Using JtaPlatform implementation: [org.hibernate.engine.transaction.jta.platform.internal.NoJtaPlatform]
2021-07-31 11:25:31.141 [main] INFO  o.s.orm.jpa.LocalContainerEntityManagerFactoryBean - Initialized JPA EntityManagerFactory for persistence unit 'default'
2021-07-31 11:25:31.659 [main] INFO  org.quartz.impl.StdSchedulerFactory - Using default implementation for ThreadExecutor
2021-07-31 11:25:31.660 [main] INFO  org.quartz.simpl.SimpleThreadPool - Job execution threads will use class loader of thread: main
2021-07-31 11:25:31.665 [main] INFO  org.quartz.core.SchedulerSignalerImpl - Initialized Scheduler Signaller of type: class org.quartz.core.SchedulerSignalerImpl
2021-07-31 11:25:31.665 [main] INFO  org.quartz.core.QuartzScheduler - Quartz Scheduler v.2.3.2 created.
2021-07-31 11:25:31.667 [main] INFO  o.s.scheduling.quartz.LocalDataSourceJobStore - Using db table-based data access locking (synchronization).
2021-07-31 11:25:31.668 [main] INFO  o.s.scheduling.quartz.LocalDataSourceJobStore - JobStoreCMT initialized.
2021-07-31 11:25:31.668 [main] INFO  org.quartz.core.QuartzScheduler - Scheduler meta-data: Quartz Scheduler (v2.3.2) 'scheduler' with instanceId 'NON_CLUSTERED'
  Scheduler class: 'org.quartz.core.QuartzScheduler' - running locally.
  NOT STARTED.
  Currently in standby mode.
  Number of jobs executed: 0
  Using thread pool 'org.quartz.simpl.SimpleThreadPool' - with 10 threads.
  Using job-store 'org.springframework.scheduling.quartz.LocalDataSourceJobStore' - which supports persistence. and is not clustered.

2021-07-31 11:25:31.668 [main] INFO  org.quartz.impl.StdSchedulerFactory - Quartz scheduler 'scheduler' initialized from an externally provided properties instance.
2021-07-31 11:25:31.668 [main] INFO  org.quartz.impl.StdSchedulerFactory - Quartz scheduler version: 2.3.2
2021-07-31 11:25:31.668 [main] INFO  org.quartz.core.QuartzScheduler - JobFactory set to: org.springframework.scheduling.quartz.SpringBeanJobFactory@bdcaeab2
2021-07-31 11:25:32.156 [main] INFO  o.s.scheduling.concurrent.ThreadPoolTaskExecutor - Initializing ExecutorService 'applicationTaskExecutor'
2021-07-31 11:25:32.688 [main] INFO  o.s.scheduling.quartz.SchedulerFactoryBean - Starting Quartz Scheduler now
2021-07-31 11:25:32.690 [main] INFO  o.s.scheduling.quartz.LocalDataSourceJobStore - Freed 0 triggers from 'acquired' / 'blocked' state.
2021-07-31 11:25:32.691 [main] INFO  o.s.scheduling.quartz.LocalDataSourceJobStore - Recovering 0 jobs that were in-progress at the time of the last shut-down.
2021-07-31 11:25:32.691 [main] INFO  o.s.scheduling.quartz.LocalDataSourceJobStore - Recovery complete.
2021-07-31 11:25:32.692 [main] INFO  o.s.scheduling.quartz.LocalDataSourceJobStore - Removed 0 'complete' triggers.
2021-07-31 11:25:32.692 [main] INFO  o.s.scheduling.quartz.LocalDataSourceJobStore - Removed 0 stale fired job entries.
2021-07-31 11:25:32.693 [main] INFO  org.quartz.core.QuartzScheduler - Scheduler scheduler_$_NON_CLUSTERED started.
2021-07-31 11:25:32.704 [main] INFO  com.jojo.zhuhaibusclock.service.QuartzServiceTest - Started QuartzServiceTest in 3.763 seconds (JVM running for 4.412)
2021-07-31 11:25:32.858 [main] INFO  c.j.zhuhaibusclock.service.impl.QuartzServiceImpl - 添加闹钟计划
2021-07-31 11:25:32.866 [main] INFO  c.j.zhuhaibusclock.service.impl.QuartzServiceImpl - 暂停闹钟计划
2021-07-31 11:25:37.869 [main] INFO  c.j.zhuhaibusclock.service.impl.QuartzServiceImpl - 重启闹钟计划
2021-07-31 11:25:39.875 [main] INFO  c.j.zhuhaibusclock.service.impl.QuartzServiceImpl - 删除闹钟计划
2021-07-31 11:25:39.884 [SpringContextShutdownHook] INFO  org.quartz.core.QuartzScheduler - Scheduler scheduler_$_NON_CLUSTERED paused.
2021-07-31 11:25:39.885 [SpringContextShutdownHook] INFO  o.s.scheduling.concurrent.ThreadPoolTaskExecutor - Shutting down ExecutorService 'applicationTaskExecutor'
2021-07-31 11:25:39.890 [SpringContextShutdownHook] INFO  o.s.scheduling.quartz.SchedulerFactoryBean - Shutting down Quartz Scheduler
2021-07-31 11:25:39.890 [SpringContextShutdownHook] INFO  org.quartz.core.QuartzScheduler - Scheduler scheduler_$_NON_CLUSTERED shutting down.
2021-07-31 11:25:39.890 [SpringContextShutdownHook] INFO  org.quartz.core.QuartzScheduler - Scheduler scheduler_$_NON_CLUSTERED paused.
2021-07-31 11:25:40.367 [SpringContextShutdownHook] INFO  org.quartz.core.QuartzScheduler - Scheduler scheduler_$_NON_CLUSTERED shutdown complete.
2021-07-31 11:25:40.367 [SpringContextShutdownHook] INFO  o.s.orm.jpa.LocalContainerEntityManagerFactoryBean - Closing JPA EntityManagerFactory for persistence unit 'default'
2021-07-31 11:25:40.369 [SpringContextShutdownHook] INFO  com.zaxxer.hikari.HikariDataSource - HikariPool-1 - Shutdown initiated...
2021-07-31 11:25:40.372 [SpringContextShutdownHook] INFO  com.zaxxer.hikari.HikariDataSource - HikariPool-1 - Shutdown completed.
2021-07-31 11:27:12.561 [background-preinit] INFO  org.hibernate.validator.internal.util.Version - HV000001: Hibernate Validator 6.1.7.Final
2021-07-31 11:27:12.563 [main] INFO  com.jojo.zhuhaibusclock.service.QuartzServiceTest - Starting QuartzServiceTest using Java 15.0.2 on DESKTOP-FT3ALHB with PID 83324 (started by JoJoWu in D:\IdeaProjects\zhuHaiBusClock)
2021-07-31 11:27:12.565 [main] INFO  com.jojo.zhuhaibusclock.service.QuartzServiceTest - No active profile set, falling back to default profiles: default
2021-07-31 11:27:13.288 [main] INFO  o.s.d.r.config.RepositoryConfigurationDelegate - Multiple Spring Data modules found, entering strict repository configuration mode!
2021-07-31 11:27:13.289 [main] INFO  o.s.d.r.config.RepositoryConfigurationDelegate - Bootstrapping Spring Data JDBC repositories in DEFAULT mode.
2021-07-31 11:27:13.304 [main] INFO  o.s.d.r.config.RepositoryConfigurationDelegate - Finished Spring Data repository scanning in 12 ms. Found 0 JDBC repository interfaces.
2021-07-31 11:27:13.309 [main] INFO  o.s.d.r.config.RepositoryConfigurationDelegate - Multiple Spring Data modules found, entering strict repository configuration mode!
2021-07-31 11:27:13.310 [main] INFO  o.s.d.r.config.RepositoryConfigurationDelegate - Bootstrapping Spring Data JPA repositories in DEFAULT mode.
2021-07-31 11:27:13.317 [main] INFO  o.s.d.r.config.RepositoryConfigurationDelegate - Finished Spring Data repository scanning in 3 ms. Found 0 JPA repository interfaces.
2021-07-31 11:27:13.324 [main] INFO  o.s.d.r.config.RepositoryConfigurationDelegate - Multiple Spring Data modules found, entering strict repository configuration mode!
2021-07-31 11:27:13.325 [main] INFO  o.s.d.r.config.RepositoryConfigurationDelegate - Bootstrapping Spring Data Redis repositories in DEFAULT mode.
2021-07-31 11:27:13.333 [main] INFO  o.s.d.r.config.RepositoryConfigurationDelegate - Finished Spring Data repository scanning in 3 ms. Found 0 Redis repository interfaces.
2021-07-31 11:27:13.997 [main] INFO  com.zaxxer.hikari.HikariDataSource - HikariPool-1 - Starting...
2021-07-31 11:27:14.051 [main] INFO  com.zaxxer.hikari.HikariDataSource - HikariPool-1 - Start completed.
2021-07-31 11:27:14.086 [main] INFO  org.hibernate.jpa.internal.util.LogHelper - HHH000204: Processing PersistenceUnitInfo [name: default]
2021-07-31 11:27:14.117 [main] INFO  org.hibernate.Version - HHH000412: Hibernate ORM core version 5.4.30.Final
2021-07-31 11:27:14.190 [main] INFO  org.hibernate.annotations.common.Version - HCANN000001: Hibernate Commons Annotations {5.1.2.Final}
2021-07-31 11:27:14.329 [main] INFO  org.hibernate.dialect.Dialect - HHH000400: Using dialect: org.hibernate.dialect.MariaDB103Dialect
2021-07-31 11:27:14.446 [main] INFO  o.h.e.t.jta.platform.internal.JtaPlatformInitiator - HHH000490: Using JtaPlatform implementation: [org.hibernate.engine.transaction.jta.platform.internal.NoJtaPlatform]
2021-07-31 11:27:14.455 [main] INFO  o.s.orm.jpa.LocalContainerEntityManagerFactoryBean - Initialized JPA EntityManagerFactory for persistence unit 'default'
2021-07-31 11:27:14.988 [main] INFO  org.quartz.impl.StdSchedulerFactory - Using default implementation for ThreadExecutor
2021-07-31 11:27:14.989 [main] INFO  org.quartz.simpl.SimpleThreadPool - Job execution threads will use class loader of thread: main
2021-07-31 11:27:14.994 [main] INFO  org.quartz.core.SchedulerSignalerImpl - Initialized Scheduler Signaller of type: class org.quartz.core.SchedulerSignalerImpl
2021-07-31 11:27:14.994 [main] INFO  org.quartz.core.QuartzScheduler - Quartz Scheduler v.2.3.2 created.
2021-07-31 11:27:14.996 [main] INFO  o.s.scheduling.quartz.LocalDataSourceJobStore - Using db table-based data access locking (synchronization).
2021-07-31 11:27:14.997 [main] INFO  o.s.scheduling.quartz.LocalDataSourceJobStore - JobStoreCMT initialized.
2021-07-31 11:27:14.998 [main] INFO  org.quartz.core.QuartzScheduler - Scheduler meta-data: Quartz Scheduler (v2.3.2) 'scheduler' with instanceId 'NON_CLUSTERED'
  Scheduler class: 'org.quartz.core.QuartzScheduler' - running locally.
  NOT STARTED.
  Currently in standby mode.
  Number of jobs executed: 0
  Using thread pool 'org.quartz.simpl.SimpleThreadPool' - with 10 threads.
  Using job-store 'org.springframework.scheduling.quartz.LocalDataSourceJobStore' - which supports persistence. and is not clustered.

2021-07-31 11:27:14.998 [main] INFO  org.quartz.impl.StdSchedulerFactory - Quartz scheduler 'scheduler' initialized from an externally provided properties instance.
2021-07-31 11:27:14.998 [main] INFO  org.quartz.impl.StdSchedulerFactory - Quartz scheduler version: 2.3.2
2021-07-31 11:27:14.998 [main] INFO  org.quartz.core.QuartzScheduler - JobFactory set to: org.springframework.scheduling.quartz.SpringBeanJobFactory@5e82a7ef
2021-07-31 11:27:15.550 [main] INFO  o.s.scheduling.concurrent.ThreadPoolTaskExecutor - Initializing ExecutorService 'applicationTaskExecutor'
2021-07-31 11:27:16.069 [main] INFO  o.s.scheduling.quartz.SchedulerFactoryBean - Starting Quartz Scheduler now
2021-07-31 11:27:16.071 [main] INFO  o.s.scheduling.quartz.LocalDataSourceJobStore - Freed 0 triggers from 'acquired' / 'blocked' state.
2021-07-31 11:27:16.072 [main] INFO  o.s.scheduling.quartz.LocalDataSourceJobStore - Recovering 0 jobs that were in-progress at the time of the last shut-down.
2021-07-31 11:27:16.072 [main] INFO  o.s.scheduling.quartz.LocalDataSourceJobStore - Recovery complete.
2021-07-31 11:27:16.072 [main] INFO  o.s.scheduling.quartz.LocalDataSourceJobStore - Removed 0 'complete' triggers.
2021-07-31 11:27:16.073 [main] INFO  o.s.scheduling.quartz.LocalDataSourceJobStore - Removed 0 stale fired job entries.
2021-07-31 11:27:16.074 [main] INFO  org.quartz.core.QuartzScheduler - Scheduler scheduler_$_NON_CLUSTERED started.
2021-07-31 11:27:16.082 [main] INFO  com.jojo.zhuhaibusclock.service.QuartzServiceTest - Started QuartzServiceTest in 3.83 seconds (JVM running for 4.543)
2021-07-31 11:27:16.233 [main] INFO  c.j.zhuhaibusclock.service.impl.QuartzServiceImpl - 添加闹钟计划
2021-07-31 11:27:16.241 [main] INFO  c.j.zhuhaibusclock.service.impl.QuartzServiceImpl - 暂停闹钟计划
2021-07-31 11:27:21.245 [main] INFO  c.j.zhuhaibusclock.service.impl.QuartzServiceImpl - 重启闹钟计划
2021-07-31 11:27:23.253 [main] INFO  c.j.zhuhaibusclock.service.impl.QuartzServiceImpl - 删除闹钟计划
2021-07-31 11:27:23.264 [SpringContextShutdownHook] INFO  org.quartz.core.QuartzScheduler - Scheduler scheduler_$_NON_CLUSTERED paused.
2021-07-31 11:27:23.265 [SpringContextShutdownHook] INFO  o.s.scheduling.concurrent.ThreadPoolTaskExecutor - Shutting down ExecutorService 'applicationTaskExecutor'
2021-07-31 11:27:23.271 [SpringContextShutdownHook] INFO  o.s.scheduling.quartz.SchedulerFactoryBean - Shutting down Quartz Scheduler
2021-07-31 11:27:23.271 [SpringContextShutdownHook] INFO  org.quartz.core.QuartzScheduler - Scheduler scheduler_$_NON_CLUSTERED shutting down.
2021-07-31 11:27:23.271 [SpringContextShutdownHook] INFO  org.quartz.core.QuartzScheduler - Scheduler scheduler_$_NON_CLUSTERED paused.
2021-07-31 11:27:23.748 [SpringContextShutdownHook] INFO  org.quartz.core.QuartzScheduler - Scheduler scheduler_$_NON_CLUSTERED shutdown complete.
2021-07-31 11:27:23.749 [SpringContextShutdownHook] INFO  o.s.orm.jpa.LocalContainerEntityManagerFactoryBean - Closing JPA EntityManagerFactory for persistence unit 'default'
2021-07-31 11:27:23.751 [SpringContextShutdownHook] INFO  com.zaxxer.hikari.HikariDataSource - HikariPool-1 - Shutdown initiated...
2021-07-31 11:27:23.754 [SpringContextShutdownHook] INFO  com.zaxxer.hikari.HikariDataSource - HikariPool-1 - Shutdown completed.
2021-07-31 11:28:01.445 [background-preinit] INFO  org.hibernate.validator.internal.util.Version - HV000001: Hibernate Validator 6.1.7.Final
2021-07-31 11:28:01.446 [main] INFO  com.jojo.zhuhaibusclock.service.QuartzServiceTest - Starting QuartzServiceTest using Java 15.0.2 on DESKTOP-FT3ALHB with PID 65684 (started by JoJoWu in D:\IdeaProjects\zhuHaiBusClock)
2021-07-31 11:28:01.449 [main] INFO  com.jojo.zhuhaibusclock.service.QuartzServiceTest - No active profile set, falling back to default profiles: default
2021-07-31 11:28:02.268 [main] INFO  o.s.d.r.config.RepositoryConfigurationDelegate - Multiple Spring Data modules found, entering strict repository configuration mode!
2021-07-31 11:28:02.269 [main] INFO  o.s.d.r.config.RepositoryConfigurationDelegate - Bootstrapping Spring Data JDBC repositories in DEFAULT mode.
2021-07-31 11:28:02.280 [main] INFO  o.s.d.r.config.RepositoryConfigurationDelegate - Finished Spring Data repository scanning in 8 ms. Found 0 JDBC repository interfaces.
2021-07-31 11:28:02.286 [main] INFO  o.s.d.r.config.RepositoryConfigurationDelegate - Multiple Spring Data modules found, entering strict repository configuration mode!
2021-07-31 11:28:02.287 [main] INFO  o.s.d.r.config.RepositoryConfigurationDelegate - Bootstrapping Spring Data JPA repositories in DEFAULT mode.
2021-07-31 11:28:02.294 [main] INFO  o.s.d.r.config.RepositoryConfigurationDelegate - Finished Spring Data repository scanning in 4 ms. Found 0 JPA repository interfaces.
2021-07-31 11:28:02.303 [main] INFO  o.s.d.r.config.RepositoryConfigurationDelegate - Multiple Spring Data modules found, entering strict repository configuration mode!
2021-07-31 11:28:02.304 [main] INFO  o.s.d.r.config.RepositoryConfigurationDelegate - Bootstrapping Spring Data Redis repositories in DEFAULT mode.
2021-07-31 11:28:02.313 [main] INFO  o.s.d.r.config.RepositoryConfigurationDelegate - Finished Spring Data repository scanning in 4 ms. Found 0 Redis repository interfaces.
2021-07-31 11:28:02.922 [main] INFO  com.zaxxer.hikari.HikariDataSource - HikariPool-1 - Starting...
2021-07-31 11:28:02.966 [main] INFO  com.zaxxer.hikari.HikariDataSource - HikariPool-1 - Start completed.
2021-07-31 11:28:03.000 [main] INFO  org.hibernate.jpa.internal.util.LogHelper - HHH000204: Processing PersistenceUnitInfo [name: default]
2021-07-31 11:28:03.042 [main] INFO  org.hibernate.Version - HHH000412: Hibernate ORM core version 5.4.30.Final
2021-07-31 11:28:03.115 [main] INFO  org.hibernate.annotations.common.Version - HCANN000001: Hibernate Commons Annotations {5.1.2.Final}
2021-07-31 11:28:03.244 [main] INFO  org.hibernate.dialect.Dialect - HHH000400: Using dialect: org.hibernate.dialect.MariaDB103Dialect
2021-07-31 11:28:03.356 [main] INFO  o.h.e.t.jta.platform.internal.JtaPlatformInitiator - HHH000490: Using JtaPlatform implementation: [org.hibernate.engine.transaction.jta.platform.internal.NoJtaPlatform]
2021-07-31 11:28:03.364 [main] INFO  o.s.orm.jpa.LocalContainerEntityManagerFactoryBean - Initialized JPA EntityManagerFactory for persistence unit 'default'
2021-07-31 11:28:03.895 [main] INFO  org.quartz.impl.StdSchedulerFactory - Using default implementation for ThreadExecutor
2021-07-31 11:28:03.896 [main] INFO  org.quartz.simpl.SimpleThreadPool - Job execution threads will use class loader of thread: main
2021-07-31 11:28:03.901 [main] INFO  org.quartz.core.SchedulerSignalerImpl - Initialized Scheduler Signaller of type: class org.quartz.core.SchedulerSignalerImpl
2021-07-31 11:28:03.902 [main] INFO  org.quartz.core.QuartzScheduler - Quartz Scheduler v.2.3.2 created.
2021-07-31 11:28:03.904 [main] INFO  o.s.scheduling.quartz.LocalDataSourceJobStore - Using db table-based data access locking (synchronization).
2021-07-31 11:28:03.905 [main] INFO  o.s.scheduling.quartz.LocalDataSourceJobStore - JobStoreCMT initialized.
2021-07-31 11:28:03.905 [main] INFO  org.quartz.core.QuartzScheduler - Scheduler meta-data: Quartz Scheduler (v2.3.2) 'scheduler' with instanceId 'NON_CLUSTERED'
  Scheduler class: 'org.quartz.core.QuartzScheduler' - running locally.
  NOT STARTED.
  Currently in standby mode.
  Number of jobs executed: 0
  Using thread pool 'org.quartz.simpl.SimpleThreadPool' - with 10 threads.
  Using job-store 'org.springframework.scheduling.quartz.LocalDataSourceJobStore' - which supports persistence. and is not clustered.

2021-07-31 11:28:03.905 [main] INFO  org.quartz.impl.StdSchedulerFactory - Quartz scheduler 'scheduler' initialized from an externally provided properties instance.
2021-07-31 11:28:03.905 [main] INFO  org.quartz.impl.StdSchedulerFactory - Quartz scheduler version: 2.3.2
2021-07-31 11:28:03.905 [main] INFO  org.quartz.core.QuartzScheduler - JobFactory set to: org.springframework.scheduling.quartz.SpringBeanJobFactory@94df21db
2021-07-31 11:28:04.425 [main] INFO  o.s.scheduling.concurrent.ThreadPoolTaskExecutor - Initializing ExecutorService 'applicationTaskExecutor'
2021-07-31 11:28:04.931 [main] INFO  o.s.scheduling.quartz.SchedulerFactoryBean - Starting Quartz Scheduler now
2021-07-31 11:28:04.933 [main] INFO  o.s.scheduling.quartz.LocalDataSourceJobStore - Freed 0 triggers from 'acquired' / 'blocked' state.
2021-07-31 11:28:04.934 [main] INFO  o.s.scheduling.quartz.LocalDataSourceJobStore - Recovering 0 jobs that were in-progress at the time of the last shut-down.
2021-07-31 11:28:04.934 [main] INFO  o.s.scheduling.quartz.LocalDataSourceJobStore - Recovery complete.
2021-07-31 11:28:04.935 [main] INFO  o.s.scheduling.quartz.LocalDataSourceJobStore - Removed 0 'complete' triggers.
2021-07-31 11:28:04.935 [main] INFO  o.s.scheduling.quartz.LocalDataSourceJobStore - Removed 0 stale fired job entries.
2021-07-31 11:28:04.936 [main] INFO  org.quartz.core.QuartzScheduler - Scheduler scheduler_$_NON_CLUSTERED started.
2021-07-31 11:28:04.949 [main] INFO  com.jojo.zhuhaibusclock.service.QuartzServiceTest - Started QuartzServiceTest in 3.816 seconds (JVM running for 4.47)
2021-07-31 11:28:05.100 [main] INFO  c.j.zhuhaibusclock.service.impl.QuartzServiceImpl - 添加闹钟计划
2021-07-31 11:28:05.107 [main] INFO  c.j.zhuhaibusclock.service.impl.QuartzServiceImpl - 暂停闹钟计划
2021-07-31 11:28:08.109 [main] INFO  c.j.zhuhaibusclock.service.impl.QuartzServiceImpl - 重启闹钟计划
2021-07-31 11:28:10.115 [main] INFO  c.j.zhuhaibusclock.service.impl.QuartzServiceImpl - 删除闹钟计划
2021-07-31 11:28:10.124 [SpringContextShutdownHook] INFO  org.quartz.core.QuartzScheduler - Scheduler scheduler_$_NON_CLUSTERED paused.
2021-07-31 11:28:10.126 [SpringContextShutdownHook] INFO  o.s.scheduling.concurrent.ThreadPoolTaskExecutor - Shutting down ExecutorService 'applicationTaskExecutor'
2021-07-31 11:28:10.131 [SpringContextShutdownHook] INFO  o.s.scheduling.quartz.SchedulerFactoryBean - Shutting down Quartz Scheduler
2021-07-31 11:28:10.131 [SpringContextShutdownHook] INFO  org.quartz.core.QuartzScheduler - Scheduler scheduler_$_NON_CLUSTERED shutting down.
2021-07-31 11:28:10.131 [SpringContextShutdownHook] INFO  org.quartz.core.QuartzScheduler - Scheduler scheduler_$_NON_CLUSTERED paused.
2021-07-31 11:28:10.631 [SpringContextShutdownHook] INFO  org.quartz.core.QuartzScheduler - Scheduler scheduler_$_NON_CLUSTERED shutdown complete.
2021-07-31 11:28:10.632 [SpringContextShutdownHook] INFO  o.s.orm.jpa.LocalContainerEntityManagerFactoryBean - Closing JPA EntityManagerFactory for persistence unit 'default'
2021-07-31 11:28:10.634 [SpringContextShutdownHook] INFO  com.zaxxer.hikari.HikariDataSource - HikariPool-1 - Shutdown initiated...
2021-07-31 11:28:10.637 [SpringContextShutdownHook] INFO  com.zaxxer.hikari.HikariDataSource - HikariPool-1 - Shutdown completed.
2021-07-31 15:32:56.670 [main] INFO  com.jojo.zhuhaibusclock.service.QuartzServiceTest - Starting QuartzServiceTest using Java 15.0.2 on DESKTOP-FT3ALHB with PID 73028 (started by JoJoWu in D:\IdeaProjects\zhuHaiBusClock)
2021-07-31 15:32:56.670 [background-preinit] INFO  org.hibernate.validator.internal.util.Version - HV000001: Hibernate Validator 6.1.7.Final
2021-07-31 15:32:56.680 [main] INFO  com.jojo.zhuhaibusclock.service.QuartzServiceTest - No active profile set, falling back to default profiles: default
2021-07-31 15:32:57.849 [main] INFO  o.s.d.r.config.RepositoryConfigurationDelegate - Multiple Spring Data modules found, entering strict repository configuration mode!
2021-07-31 15:32:57.850 [main] INFO  o.s.d.r.config.RepositoryConfigurationDelegate - Bootstrapping Spring Data JDBC repositories in DEFAULT mode.
2021-07-31 15:32:57.862 [main] INFO  o.s.d.r.config.RepositoryConfigurationDelegate - Finished Spring Data repository scanning in 9 ms. Found 0 JDBC repository interfaces.
2021-07-31 15:32:57.867 [main] INFO  o.s.d.r.config.RepositoryConfigurationDelegate - Multiple Spring Data modules found, entering strict repository configuration mode!
2021-07-31 15:32:57.868 [main] INFO  o.s.d.r.config.RepositoryConfigurationDelegate - Bootstrapping Spring Data JPA repositories in DEFAULT mode.
2021-07-31 15:32:57.874 [main] INFO  o.s.d.r.config.RepositoryConfigurationDelegate - Finished Spring Data repository scanning in 3 ms. Found 0 JPA repository interfaces.
2021-07-31 15:32:57.882 [main] INFO  o.s.d.r.config.RepositoryConfigurationDelegate - Multiple Spring Data modules found, entering strict repository configuration mode!
2021-07-31 15:32:57.882 [main] INFO  o.s.d.r.config.RepositoryConfigurationDelegate - Bootstrapping Spring Data Redis repositories in DEFAULT mode.
2021-07-31 15:32:57.891 [main] INFO  o.s.d.r.config.RepositoryConfigurationDelegate - Finished Spring Data repository scanning in 3 ms. Found 0 Redis repository interfaces.
2021-07-31 15:32:58.559 [main] INFO  com.zaxxer.hikari.HikariDataSource - HikariPool-1 - Starting...
2021-07-31 15:32:58.610 [main] INFO  com.zaxxer.hikari.HikariDataSource - HikariPool-1 - Start completed.
2021-07-31 15:32:58.650 [main] INFO  org.hibernate.jpa.internal.util.LogHelper - HHH000204: Processing PersistenceUnitInfo [name: default]
2021-07-31 15:32:58.694 [main] INFO  org.hibernate.Version - HHH000412: Hibernate ORM core version 5.4.30.Final
2021-07-31 15:32:58.795 [main] INFO  org.hibernate.annotations.common.Version - HCANN000001: Hibernate Commons Annotations {5.1.2.Final}
2021-07-31 15:32:58.935 [main] INFO  org.hibernate.dialect.Dialect - HHH000400: Using dialect: org.hibernate.dialect.MariaDB103Dialect
2021-07-31 15:32:59.065 [main] INFO  o.h.e.t.jta.platform.internal.JtaPlatformInitiator - HHH000490: Using JtaPlatform implementation: [org.hibernate.engine.transaction.jta.platform.internal.NoJtaPlatform]
2021-07-31 15:32:59.075 [main] INFO  o.s.orm.jpa.LocalContainerEntityManagerFactoryBean - Initialized JPA EntityManagerFactory for persistence unit 'default'
2021-07-31 15:32:59.656 [main] INFO  org.quartz.impl.StdSchedulerFactory - Using default implementation for ThreadExecutor
2021-07-31 15:32:59.658 [main] INFO  org.quartz.simpl.SimpleThreadPool - Job execution threads will use class loader of thread: main
2021-07-31 15:32:59.662 [main] INFO  org.quartz.core.SchedulerSignalerImpl - Initialized Scheduler Signaller of type: class org.quartz.core.SchedulerSignalerImpl
2021-07-31 15:32:59.662 [main] INFO  org.quartz.core.QuartzScheduler - Quartz Scheduler v.2.3.2 created.
2021-07-31 15:32:59.665 [main] INFO  o.s.scheduling.quartz.LocalDataSourceJobStore - Using db table-based data access locking (synchronization).
2021-07-31 15:32:59.666 [main] INFO  o.s.scheduling.quartz.LocalDataSourceJobStore - JobStoreCMT initialized.
2021-07-31 15:32:59.667 [main] INFO  org.quartz.core.QuartzScheduler - Scheduler meta-data: Quartz Scheduler (v2.3.2) 'scheduler' with instanceId 'NON_CLUSTERED'
  Scheduler class: 'org.quartz.core.QuartzScheduler' - running locally.
  NOT STARTED.
  Currently in standby mode.
  Number of jobs executed: 0
  Using thread pool 'org.quartz.simpl.SimpleThreadPool' - with 10 threads.
  Using job-store 'org.springframework.scheduling.quartz.LocalDataSourceJobStore' - which supports persistence. and is not clustered.

2021-07-31 15:32:59.667 [main] INFO  org.quartz.impl.StdSchedulerFactory - Quartz scheduler 'scheduler' initialized from an externally provided properties instance.
2021-07-31 15:32:59.667 [main] INFO  org.quartz.impl.StdSchedulerFactory - Quartz scheduler version: 2.3.2
2021-07-31 15:32:59.667 [main] INFO  org.quartz.core.QuartzScheduler - JobFactory set to: org.springframework.scheduling.quartz.SpringBeanJobFactory@11b656f0
2021-07-31 15:33:00.215 [main] INFO  o.s.scheduling.concurrent.ThreadPoolTaskExecutor - Initializing ExecutorService 'applicationTaskExecutor'
2021-07-31 15:33:00.740 [main] INFO  o.s.scheduling.quartz.SchedulerFactoryBean - Starting Quartz Scheduler now
2021-07-31 15:33:00.742 [main] INFO  o.s.scheduling.quartz.LocalDataSourceJobStore - Freed 0 triggers from 'acquired' / 'blocked' state.
2021-07-31 15:33:00.743 [main] INFO  o.s.scheduling.quartz.LocalDataSourceJobStore - Recovering 0 jobs that were in-progress at the time of the last shut-down.
2021-07-31 15:33:00.743 [main] INFO  o.s.scheduling.quartz.LocalDataSourceJobStore - Recovery complete.
2021-07-31 15:33:00.744 [main] INFO  o.s.scheduling.quartz.LocalDataSourceJobStore - Removed 0 'complete' triggers.
2021-07-31 15:33:00.744 [main] INFO  o.s.scheduling.quartz.LocalDataSourceJobStore - Removed 0 stale fired job entries.
2021-07-31 15:33:00.745 [main] INFO  org.quartz.core.QuartzScheduler - Scheduler scheduler_$_NON_CLUSTERED started.
2021-07-31 15:33:00.756 [main] INFO  com.jojo.zhuhaibusclock.service.QuartzServiceTest - Started QuartzServiceTest in 4.407 seconds (JVM running for 5.192)
2021-07-31 15:33:00.935 [main] INFO  c.j.zhuhaibusclock.service.impl.QuartzServiceImpl - 添加闹钟计划
2021-07-31 15:33:00.945 [main] INFO  c.j.zhuhaibusclock.service.impl.QuartzServiceImpl - 暂停闹钟计划
2021-07-31 15:33:03.949 [main] INFO  c.j.zhuhaibusclock.service.impl.QuartzServiceImpl - 重启闹钟计划
2021-07-31 15:33:05.955 [main] INFO  c.j.zhuhaibusclock.service.impl.QuartzServiceImpl - 删除闹钟计划
2021-07-31 15:33:05.965 [SpringContextShutdownHook] INFO  org.quartz.core.QuartzScheduler - Scheduler scheduler_$_NON_CLUSTERED paused.
2021-07-31 15:33:05.966 [SpringContextShutdownHook] INFO  o.s.scheduling.concurrent.ThreadPoolTaskExecutor - Shutting down ExecutorService 'applicationTaskExecutor'
2021-07-31 15:33:05.971 [SpringContextShutdownHook] INFO  o.s.scheduling.quartz.SchedulerFactoryBean - Shutting down Quartz Scheduler
2021-07-31 15:33:05.972 [SpringContextShutdownHook] INFO  org.quartz.core.QuartzScheduler - Scheduler scheduler_$_NON_CLUSTERED shutting down.
2021-07-31 15:33:05.972 [SpringContextShutdownHook] INFO  org.quartz.core.QuartzScheduler - Scheduler scheduler_$_NON_CLUSTERED paused.
2021-07-31 15:33:06.472 [SpringContextShutdownHook] INFO  org.quartz.core.QuartzScheduler - Scheduler scheduler_$_NON_CLUSTERED shutdown complete.
2021-07-31 15:33:06.472 [SpringContextShutdownHook] INFO  o.s.orm.jpa.LocalContainerEntityManagerFactoryBean - Closing JPA EntityManagerFactory for persistence unit 'default'
2021-07-31 15:33:06.474 [SpringContextShutdownHook] INFO  com.zaxxer.hikari.HikariDataSource - HikariPool-1 - Shutdown initiated...
2021-07-31 15:33:06.478 [SpringContextShutdownHook] INFO  com.zaxxer.hikari.HikariDataSource - HikariPool-1 - Shutdown completed.
2021-07-31 15:33:39.487 [main] INFO  com.jojo.zhuhaibusclock.service.QuartzServiceTest - Starting QuartzServiceTest using Java 15.0.2 on DESKTOP-FT3ALHB with PID 88044 (started by JoJoWu in D:\IdeaProjects\zhuHaiBusClock)
2021-07-31 15:33:39.488 [background-preinit] INFO  org.hibernate.validator.internal.util.Version - HV000001: Hibernate Validator 6.1.7.Final
2021-07-31 15:33:39.489 [main] INFO  com.jojo.zhuhaibusclock.service.QuartzServiceTest - No active profile set, falling back to default profiles: default
2021-07-31 15:33:40.191 [main] INFO  o.s.d.r.config.RepositoryConfigurationDelegate - Multiple Spring Data modules found, entering strict repository configuration mode!
2021-07-31 15:33:40.192 [main] INFO  o.s.d.r.config.RepositoryConfigurationDelegate - Bootstrapping Spring Data JDBC repositories in DEFAULT mode.
2021-07-31 15:33:40.202 [main] INFO  o.s.d.r.config.RepositoryConfigurationDelegate - Finished Spring Data repository scanning in 8 ms. Found 0 JDBC repository interfaces.
2021-07-31 15:33:40.209 [main] INFO  o.s.d.r.config.RepositoryConfigurationDelegate - Multiple Spring Data modules found, entering strict repository configuration mode!
2021-07-31 15:33:40.210 [main] INFO  o.s.d.r.config.RepositoryConfigurationDelegate - Bootstrapping Spring Data JPA repositories in DEFAULT mode.
2021-07-31 15:33:40.216 [main] INFO  o.s.d.r.config.RepositoryConfigurationDelegate - Finished Spring Data repository scanning in 3 ms. Found 0 JPA repository interfaces.
2021-07-31 15:33:40.225 [main] INFO  o.s.d.r.config.RepositoryConfigurationDelegate - Multiple Spring Data modules found, entering strict repository configuration mode!
2021-07-31 15:33:40.226 [main] INFO  o.s.d.r.config.RepositoryConfigurationDelegate - Bootstrapping Spring Data Redis repositories in DEFAULT mode.
2021-07-31 15:33:40.236 [main] INFO  o.s.d.r.config.RepositoryConfigurationDelegate - Finished Spring Data repository scanning in 5 ms. Found 0 Redis repository interfaces.
2021-07-31 15:33:40.812 [main] INFO  com.zaxxer.hikari.HikariDataSource - HikariPool-1 - Starting...
2021-07-31 15:33:40.858 [main] INFO  com.zaxxer.hikari.HikariDataSource - HikariPool-1 - Start completed.
2021-07-31 15:33:40.906 [main] INFO  org.hibernate.jpa.internal.util.LogHelper - HHH000204: Processing PersistenceUnitInfo [name: default]
2021-07-31 15:33:40.938 [main] INFO  org.hibernate.Version - HHH000412: Hibernate ORM core version 5.4.30.Final
2021-07-31 15:33:41.013 [main] INFO  org.hibernate.annotations.common.Version - HCANN000001: Hibernate Commons Annotations {5.1.2.Final}
2021-07-31 15:33:41.148 [main] INFO  org.hibernate.dialect.Dialect - HHH000400: Using dialect: org.hibernate.dialect.MariaDB103Dialect
2021-07-31 15:33:41.264 [main] INFO  o.h.e.t.jta.platform.internal.JtaPlatformInitiator - HHH000490: Using JtaPlatform implementation: [org.hibernate.engine.transaction.jta.platform.internal.NoJtaPlatform]
2021-07-31 15:33:41.275 [main] INFO  o.s.orm.jpa.LocalContainerEntityManagerFactoryBean - Initialized JPA EntityManagerFactory for persistence unit 'default'
2021-07-31 15:33:41.800 [main] INFO  org.quartz.impl.StdSchedulerFactory - Using default implementation for ThreadExecutor
2021-07-31 15:33:41.802 [main] INFO  org.quartz.simpl.SimpleThreadPool - Job execution threads will use class loader of thread: main
2021-07-31 15:33:41.806 [main] INFO  org.quartz.core.SchedulerSignalerImpl - Initialized Scheduler Signaller of type: class org.quartz.core.SchedulerSignalerImpl
2021-07-31 15:33:41.806 [main] INFO  org.quartz.core.QuartzScheduler - Quartz Scheduler v.2.3.2 created.
2021-07-31 15:33:41.809 [main] INFO  o.s.scheduling.quartz.LocalDataSourceJobStore - Using db table-based data access locking (synchronization).
2021-07-31 15:33:41.810 [main] INFO  o.s.scheduling.quartz.LocalDataSourceJobStore - JobStoreCMT initialized.
2021-07-31 15:33:41.810 [main] INFO  org.quartz.core.QuartzScheduler - Scheduler meta-data: Quartz Scheduler (v2.3.2) 'scheduler' with instanceId 'NON_CLUSTERED'
  Scheduler class: 'org.quartz.core.QuartzScheduler' - running locally.
  NOT STARTED.
  Currently in standby mode.
  Number of jobs executed: 0
  Using thread pool 'org.quartz.simpl.SimpleThreadPool' - with 10 threads.
  Using job-store 'org.springframework.scheduling.quartz.LocalDataSourceJobStore' - which supports persistence. and is not clustered.

2021-07-31 15:33:41.810 [main] INFO  org.quartz.impl.StdSchedulerFactory - Quartz scheduler 'scheduler' initialized from an externally provided properties instance.
2021-07-31 15:33:41.810 [main] INFO  org.quartz.impl.StdSchedulerFactory - Quartz scheduler version: 2.3.2
2021-07-31 15:33:41.810 [main] INFO  org.quartz.core.QuartzScheduler - JobFactory set to: org.springframework.scheduling.quartz.SpringBeanJobFactory@2843a49c
2021-07-31 15:33:42.338 [main] INFO  o.s.scheduling.concurrent.ThreadPoolTaskExecutor - Initializing ExecutorService 'applicationTaskExecutor'
2021-07-31 15:33:42.845 [main] INFO  o.s.scheduling.quartz.SchedulerFactoryBean - Starting Quartz Scheduler now
2021-07-31 15:33:42.847 [main] INFO  o.s.scheduling.quartz.LocalDataSourceJobStore - Freed 0 triggers from 'acquired' / 'blocked' state.
2021-07-31 15:33:42.848 [main] INFO  o.s.scheduling.quartz.LocalDataSourceJobStore - Recovering 0 jobs that were in-progress at the time of the last shut-down.
2021-07-31 15:33:42.848 [main] INFO  o.s.scheduling.quartz.LocalDataSourceJobStore - Recovery complete.
2021-07-31 15:33:42.848 [main] INFO  o.s.scheduling.quartz.LocalDataSourceJobStore - Removed 0 'complete' triggers.
2021-07-31 15:33:42.849 [main] INFO  o.s.scheduling.quartz.LocalDataSourceJobStore - Removed 1 stale fired job entries.
2021-07-31 15:33:42.849 [main] INFO  org.quartz.core.QuartzScheduler - Scheduler scheduler_$_NON_CLUSTERED started.
2021-07-31 15:33:42.861 [main] INFO  com.jojo.zhuhaibusclock.service.QuartzServiceTest - Started QuartzServiceTest in 3.668 seconds (JVM running for 4.303)
2021-07-31 15:33:43.012 [main] INFO  c.j.zhuhaibusclock.service.impl.QuartzServiceImpl - 添加闹钟计划
2021-07-31 15:33:43.021 [main] INFO  c.j.zhuhaibusclock.service.impl.QuartzServiceImpl - 暂停闹钟计划
2021-07-31 15:33:46.023 [main] INFO  c.j.zhuhaibusclock.service.impl.QuartzServiceImpl - 重启闹钟计划
2021-07-31 15:33:48.028 [main] INFO  c.j.zhuhaibusclock.service.impl.QuartzServiceImpl - 删除闹钟计划
2021-07-31 15:33:48.037 [SpringContextShutdownHook] INFO  org.quartz.core.QuartzScheduler - Scheduler scheduler_$_NON_CLUSTERED paused.
2021-07-31 15:33:48.039 [SpringContextShutdownHook] INFO  o.s.scheduling.concurrent.ThreadPoolTaskExecutor - Shutting down ExecutorService 'applicationTaskExecutor'
2021-07-31 15:33:48.043 [SpringContextShutdownHook] INFO  o.s.scheduling.quartz.SchedulerFactoryBean - Shutting down Quartz Scheduler
2021-07-31 15:33:48.043 [SpringContextShutdownHook] INFO  org.quartz.core.QuartzScheduler - Scheduler scheduler_$_NON_CLUSTERED shutting down.
2021-07-31 15:33:48.043 [SpringContextShutdownHook] INFO  org.quartz.core.QuartzScheduler - Scheduler scheduler_$_NON_CLUSTERED paused.
2021-07-31 15:33:48.515 [SpringContextShutdownHook] INFO  org.quartz.core.QuartzScheduler - Scheduler scheduler_$_NON_CLUSTERED shutdown complete.
2021-07-31 15:33:48.515 [SpringContextShutdownHook] INFO  o.s.orm.jpa.LocalContainerEntityManagerFactoryBean - Closing JPA EntityManagerFactory for persistence unit 'default'
2021-07-31 15:33:48.517 [SpringContextShutdownHook] INFO  com.zaxxer.hikari.HikariDataSource - HikariPool-1 - Shutdown initiated...
2021-07-31 15:33:48.520 [SpringContextShutdownHook] INFO  com.zaxxer.hikari.HikariDataSource - HikariPool-1 - Shutdown completed.
2021-07-31 15:34:02.887 [main] INFO  com.jojo.zhuhaibusclock.service.QuartzServiceTest - Starting QuartzServiceTest using Java 15.0.2 on DESKTOP-FT3ALHB with PID 74216 (started by JoJoWu in D:\IdeaProjects\zhuHaiBusClock)
2021-07-31 15:34:02.886 [background-preinit] INFO  org.hibernate.validator.internal.util.Version - HV000001: Hibernate Validator 6.1.7.Final
2021-07-31 15:34:02.889 [main] INFO  com.jojo.zhuhaibusclock.service.QuartzServiceTest - No active profile set, falling back to default profiles: default
2021-07-31 15:34:03.769 [main] INFO  o.s.d.r.config.RepositoryConfigurationDelegate - Multiple Spring Data modules found, entering strict repository configuration mode!
2021-07-31 15:34:03.771 [main] INFO  o.s.d.r.config.RepositoryConfigurationDelegate - Bootstrapping Spring Data JDBC repositories in DEFAULT mode.
2021-07-31 15:34:03.782 [main] INFO  o.s.d.r.config.RepositoryConfigurationDelegate - Finished Spring Data repository scanning in 8 ms. Found 0 JDBC repository interfaces.
2021-07-31 15:34:03.787 [main] INFO  o.s.d.r.config.RepositoryConfigurationDelegate - Multiple Spring Data modules found, entering strict repository configuration mode!
2021-07-31 15:34:03.788 [main] INFO  o.s.d.r.config.RepositoryConfigurationDelegate - Bootstrapping Spring Data JPA repositories in DEFAULT mode.
2021-07-31 15:34:03.795 [main] INFO  o.s.d.r.config.RepositoryConfigurationDelegate - Finished Spring Data repository scanning in 5 ms. Found 0 JPA repository interfaces.
2021-07-31 15:34:03.803 [main] INFO  o.s.d.r.config.RepositoryConfigurationDelegate - Multiple Spring Data modules found, entering strict repository configuration mode!
2021-07-31 15:34:03.804 [main] INFO  o.s.d.r.config.RepositoryConfigurationDelegate - Bootstrapping Spring Data Redis repositories in DEFAULT mode.
2021-07-31 15:34:03.812 [main] INFO  o.s.d.r.config.RepositoryConfigurationDelegate - Finished Spring Data repository scanning in 3 ms. Found 0 Redis repository interfaces.
2021-07-31 15:34:04.416 [main] INFO  com.zaxxer.hikari.HikariDataSource - HikariPool-1 - Starting...
2021-07-31 15:34:04.463 [main] INFO  com.zaxxer.hikari.HikariDataSource - HikariPool-1 - Start completed.
2021-07-31 15:34:04.506 [main] INFO  org.hibernate.jpa.internal.util.LogHelper - HHH000204: Processing PersistenceUnitInfo [name: default]
2021-07-31 15:34:04.539 [main] INFO  org.hibernate.Version - HHH000412: Hibernate ORM core version 5.4.30.Final
2021-07-31 15:34:04.613 [main] INFO  org.hibernate.annotations.common.Version - HCANN000001: Hibernate Commons Annotations {5.1.2.Final}
2021-07-31 15:34:04.749 [main] INFO  org.hibernate.dialect.Dialect - HHH000400: Using dialect: org.hibernate.dialect.MariaDB103Dialect
2021-07-31 15:34:04.867 [main] INFO  o.h.e.t.jta.platform.internal.JtaPlatformInitiator - HHH000490: Using JtaPlatform implementation: [org.hibernate.engine.transaction.jta.platform.internal.NoJtaPlatform]
2021-07-31 15:34:04.876 [main] INFO  o.s.orm.jpa.LocalContainerEntityManagerFactoryBean - Initialized JPA EntityManagerFactory for persistence unit 'default'
2021-07-31 15:34:05.410 [main] INFO  org.quartz.impl.StdSchedulerFactory - Using default implementation for ThreadExecutor
2021-07-31 15:34:05.412 [main] INFO  org.quartz.simpl.SimpleThreadPool - Job execution threads will use class loader of thread: main
2021-07-31 15:34:05.416 [main] INFO  org.quartz.core.SchedulerSignalerImpl - Initialized Scheduler Signaller of type: class org.quartz.core.SchedulerSignalerImpl
2021-07-31 15:34:05.416 [main] INFO  org.quartz.core.QuartzScheduler - Quartz Scheduler v.2.3.2 created.
2021-07-31 15:34:05.419 [main] INFO  o.s.scheduling.quartz.LocalDataSourceJobStore - Using db table-based data access locking (synchronization).
2021-07-31 15:34:05.420 [main] INFO  o.s.scheduling.quartz.LocalDataSourceJobStore - JobStoreCMT initialized.
2021-07-31 15:34:05.420 [main] INFO  org.quartz.core.QuartzScheduler - Scheduler meta-data: Quartz Scheduler (v2.3.2) 'scheduler' with instanceId 'NON_CLUSTERED'
  Scheduler class: 'org.quartz.core.QuartzScheduler' - running locally.
  NOT STARTED.
  Currently in standby mode.
  Number of jobs executed: 0
  Using thread pool 'org.quartz.simpl.SimpleThreadPool' - with 10 threads.
  Using job-store 'org.springframework.scheduling.quartz.LocalDataSourceJobStore' - which supports persistence. and is not clustered.

2021-07-31 15:34:05.420 [main] INFO  org.quartz.impl.StdSchedulerFactory - Quartz scheduler 'scheduler' initialized from an externally provided properties instance.
2021-07-31 15:34:05.420 [main] INFO  org.quartz.impl.StdSchedulerFactory - Quartz scheduler version: 2.3.2
2021-07-31 15:34:05.420 [main] INFO  org.quartz.core.QuartzScheduler - JobFactory set to: org.springframework.scheduling.quartz.SpringBeanJobFactory@698bd925
2021-07-31 15:34:05.929 [main] INFO  o.s.scheduling.concurrent.ThreadPoolTaskExecutor - Initializing ExecutorService 'applicationTaskExecutor'
2021-07-31 15:34:06.453 [main] INFO  o.s.scheduling.quartz.SchedulerFactoryBean - Starting Quartz Scheduler now
2021-07-31 15:34:06.455 [main] INFO  o.s.scheduling.quartz.LocalDataSourceJobStore - Freed 0 triggers from 'acquired' / 'blocked' state.
2021-07-31 15:34:06.456 [main] INFO  o.s.scheduling.quartz.LocalDataSourceJobStore - Recovering 0 jobs that were in-progress at the time of the last shut-down.
2021-07-31 15:34:06.456 [main] INFO  o.s.scheduling.quartz.LocalDataSourceJobStore - Recovery complete.
2021-07-31 15:34:06.456 [main] INFO  o.s.scheduling.quartz.LocalDataSourceJobStore - Removed 0 'complete' triggers.
2021-07-31 15:34:06.457 [main] INFO  o.s.scheduling.quartz.LocalDataSourceJobStore - Removed 0 stale fired job entries.
2021-07-31 15:34:06.457 [main] INFO  org.quartz.core.QuartzScheduler - Scheduler scheduler_$_NON_CLUSTERED started.
2021-07-31 15:34:06.469 [main] INFO  com.jojo.zhuhaibusclock.service.QuartzServiceTest - Started QuartzServiceTest in 3.874 seconds (JVM running for 4.527)
2021-07-31 15:34:06.621 [main] INFO  c.j.zhuhaibusclock.service.impl.QuartzServiceImpl - 添加闹钟计划
2021-07-31 15:34:06.630 [main] INFO  c.j.zhuhaibusclock.service.impl.QuartzServiceImpl - 暂停闹钟计划
2021-07-31 15:34:09.634 [main] INFO  c.j.zhuhaibusclock.service.impl.QuartzServiceImpl - 重启闹钟计划
2021-07-31 15:34:11.640 [main] INFO  c.j.zhuhaibusclock.service.impl.QuartzServiceImpl - 删除闹钟计划
2021-07-31 15:34:11.650 [SpringContextShutdownHook] INFO  org.quartz.core.QuartzScheduler - Scheduler scheduler_$_NON_CLUSTERED paused.
2021-07-31 15:34:11.651 [SpringContextShutdownHook] INFO  o.s.scheduling.concurrent.ThreadPoolTaskExecutor - Shutting down ExecutorService 'applicationTaskExecutor'
2021-07-31 15:34:11.658 [SpringContextShutdownHook] INFO  o.s.scheduling.quartz.SchedulerFactoryBean - Shutting down Quartz Scheduler
2021-07-31 15:34:11.658 [SpringContextShutdownHook] INFO  org.quartz.core.QuartzScheduler - Scheduler scheduler_$_NON_CLUSTERED shutting down.
2021-07-31 15:34:11.658 [SpringContextShutdownHook] INFO  org.quartz.core.QuartzScheduler - Scheduler scheduler_$_NON_CLUSTERED paused.
2021-07-31 15:34:12.017 [SpringContextShutdownHook] INFO  org.quartz.core.QuartzScheduler - Scheduler scheduler_$_NON_CLUSTERED shutdown complete.
2021-07-31 15:34:12.018 [SpringContextShutdownHook] INFO  o.s.orm.jpa.LocalContainerEntityManagerFactoryBean - Closing JPA EntityManagerFactory for persistence unit 'default'
2021-07-31 15:34:12.020 [SpringContextShutdownHook] INFO  com.zaxxer.hikari.HikariDataSource - HikariPool-1 - Shutdown initiated...
2021-07-31 15:34:12.023 [SpringContextShutdownHook] INFO  com.zaxxer.hikari.HikariDataSource - HikariPool-1 - Shutdown completed.
2021-07-31 15:35:00.438 [main] INFO  com.jojo.zhuhaibusclock.service.QuartzServiceTest - Starting QuartzServiceTest using Java 15.0.2 on DESKTOP-FT3ALHB with PID 96052 (started by JoJoWu in D:\IdeaProjects\zhuHaiBusClock)
2021-07-31 15:35:00.441 [main] INFO  com.jojo.zhuhaibusclock.service.QuartzServiceTest - No active profile set, falling back to default profiles: default
2021-07-31 15:35:00.440 [background-preinit] INFO  org.hibernate.validator.internal.util.Version - HV000001: Hibernate Validator 6.1.7.Final
2021-07-31 15:35:01.171 [main] INFO  o.s.d.r.config.RepositoryConfigurationDelegate - Multiple Spring Data modules found, entering strict repository configuration mode!
2021-07-31 15:35:01.172 [main] INFO  o.s.d.r.config.RepositoryConfigurationDelegate - Bootstrapping Spring Data JDBC repositories in DEFAULT mode.
2021-07-31 15:35:01.184 [main] INFO  o.s.d.r.config.RepositoryConfigurationDelegate - Finished Spring Data repository scanning in 9 ms. Found 0 JDBC repository interfaces.
2021-07-31 15:35:01.189 [main] INFO  o.s.d.r.config.RepositoryConfigurationDelegate - Multiple Spring Data modules found, entering strict repository configuration mode!
2021-07-31 15:35:01.190 [main] INFO  o.s.d.r.config.RepositoryConfigurationDelegate - Bootstrapping Spring Data JPA repositories in DEFAULT mode.
2021-07-31 15:35:01.196 [main] INFO  o.s.d.r.config.RepositoryConfigurationDelegate - Finished Spring Data repository scanning in 3 ms. Found 0 JPA repository interfaces.
2021-07-31 15:35:01.205 [main] INFO  o.s.d.r.config.RepositoryConfigurationDelegate - Multiple Spring Data modules found, entering strict repository configuration mode!
2021-07-31 15:35:01.205 [main] INFO  o.s.d.r.config.RepositoryConfigurationDelegate - Bootstrapping Spring Data Redis repositories in DEFAULT mode.
2021-07-31 15:35:01.214 [main] INFO  o.s.d.r.config.RepositoryConfigurationDelegate - Finished Spring Data repository scanning in 3 ms. Found 0 Redis repository interfaces.
2021-07-31 15:35:01.825 [main] INFO  com.zaxxer.hikari.HikariDataSource - HikariPool-1 - Starting...
2021-07-31 15:35:01.872 [main] INFO  com.zaxxer.hikari.HikariDataSource - HikariPool-1 - Start completed.
2021-07-31 15:35:01.913 [main] INFO  org.hibernate.jpa.internal.util.LogHelper - HHH000204: Processing PersistenceUnitInfo [name: default]
2021-07-31 15:35:01.954 [main] INFO  org.hibernate.Version - HHH000412: Hibernate ORM core version 5.4.30.Final
2021-07-31 15:35:02.030 [main] INFO  org.hibernate.annotations.common.Version - HCANN000001: Hibernate Commons Annotations {5.1.2.Final}
2021-07-31 15:35:02.170 [main] INFO  org.hibernate.dialect.Dialect - HHH000400: Using dialect: org.hibernate.dialect.MariaDB103Dialect
2021-07-31 15:35:02.286 [main] INFO  o.h.e.t.jta.platform.internal.JtaPlatformInitiator - HHH000490: Using JtaPlatform implementation: [org.hibernate.engine.transaction.jta.platform.internal.NoJtaPlatform]
2021-07-31 15:35:02.295 [main] INFO  o.s.orm.jpa.LocalContainerEntityManagerFactoryBean - Initialized JPA EntityManagerFactory for persistence unit 'default'
2021-07-31 15:35:02.821 [main] INFO  org.quartz.impl.StdSchedulerFactory - Using default implementation for ThreadExecutor
2021-07-31 15:35:02.823 [main] INFO  org.quartz.simpl.SimpleThreadPool - Job execution threads will use class loader of thread: main
2021-07-31 15:35:02.827 [main] INFO  org.quartz.core.SchedulerSignalerImpl - Initialized Scheduler Signaller of type: class org.quartz.core.SchedulerSignalerImpl
2021-07-31 15:35:02.827 [main] INFO  org.quartz.core.QuartzScheduler - Quartz Scheduler v.2.3.2 created.
2021-07-31 15:35:02.831 [main] INFO  o.s.scheduling.quartz.LocalDataSourceJobStore - Using db table-based data access locking (synchronization).
2021-07-31 15:35:02.832 [main] INFO  o.s.scheduling.quartz.LocalDataSourceJobStore - JobStoreCMT initialized.
2021-07-31 15:35:02.832 [main] INFO  org.quartz.core.QuartzScheduler - Scheduler meta-data: Quartz Scheduler (v2.3.2) 'scheduler' with instanceId 'NON_CLUSTERED'
  Scheduler class: 'org.quartz.core.QuartzScheduler' - running locally.
  NOT STARTED.
  Currently in standby mode.
  Number of jobs executed: 0
  Using thread pool 'org.quartz.simpl.SimpleThreadPool' - with 10 threads.
  Using job-store 'org.springframework.scheduling.quartz.LocalDataSourceJobStore' - which supports persistence. and is not clustered.

2021-07-31 15:35:02.832 [main] INFO  org.quartz.impl.StdSchedulerFactory - Quartz scheduler 'scheduler' initialized from an externally provided properties instance.
2021-07-31 15:35:02.832 [main] INFO  org.quartz.impl.StdSchedulerFactory - Quartz scheduler version: 2.3.2
2021-07-31 15:35:02.833 [main] INFO  org.quartz.core.QuartzScheduler - JobFactory set to: org.springframework.scheduling.quartz.SpringBeanJobFactory@586dd15
2021-07-31 15:35:03.365 [main] INFO  o.s.scheduling.concurrent.ThreadPoolTaskExecutor - Initializing ExecutorService 'applicationTaskExecutor'
2021-07-31 15:35:03.867 [main] INFO  o.s.scheduling.quartz.SchedulerFactoryBean - Starting Quartz Scheduler now
2021-07-31 15:35:03.869 [main] INFO  o.s.scheduling.quartz.LocalDataSourceJobStore - Freed 0 triggers from 'acquired' / 'blocked' state.
2021-07-31 15:35:03.870 [main] INFO  o.s.scheduling.quartz.LocalDataSourceJobStore - Recovering 0 jobs that were in-progress at the time of the last shut-down.
2021-07-31 15:35:03.870 [main] INFO  o.s.scheduling.quartz.LocalDataSourceJobStore - Recovery complete.
2021-07-31 15:35:03.870 [main] INFO  o.s.scheduling.quartz.LocalDataSourceJobStore - Removed 0 'complete' triggers.
2021-07-31 15:35:03.871 [main] INFO  o.s.scheduling.quartz.LocalDataSourceJobStore - Removed 0 stale fired job entries.
2021-07-31 15:35:03.872 [main] INFO  org.quartz.core.QuartzScheduler - Scheduler scheduler_$_NON_CLUSTERED started.
2021-07-31 15:35:03.881 [main] INFO  com.jojo.zhuhaibusclock.service.QuartzServiceTest - Started QuartzServiceTest in 3.739 seconds (JVM running for 4.38)
2021-07-31 15:35:04.038 [main] INFO  c.j.zhuhaibusclock.service.impl.QuartzServiceImpl - 添加闹钟计划
2021-07-31 15:35:04.047 [main] INFO  c.j.zhuhaibusclock.service.impl.QuartzServiceImpl - 暂停闹钟计划
2021-07-31 15:35:07.051 [main] INFO  c.j.zhuhaibusclock.service.impl.QuartzServiceImpl - 重启闹钟计划
2021-07-31 15:35:09.058 [main] INFO  c.j.zhuhaibusclock.service.impl.QuartzServiceImpl - 删除闹钟计划
2021-07-31 15:35:09.068 [SpringContextShutdownHook] INFO  org.quartz.core.QuartzScheduler - Scheduler scheduler_$_NON_CLUSTERED paused.
2021-07-31 15:35:09.070 [SpringContextShutdownHook] INFO  o.s.scheduling.concurrent.ThreadPoolTaskExecutor - Shutting down ExecutorService 'applicationTaskExecutor'
2021-07-31 15:35:09.075 [SpringContextShutdownHook] INFO  o.s.scheduling.quartz.SchedulerFactoryBean - Shutting down Quartz Scheduler
2021-07-31 15:35:09.075 [SpringContextShutdownHook] INFO  org.quartz.core.QuartzScheduler - Scheduler scheduler_$_NON_CLUSTERED shutting down.
2021-07-31 15:35:09.075 [SpringContextShutdownHook] INFO  org.quartz.core.QuartzScheduler - Scheduler scheduler_$_NON_CLUSTERED paused.
2021-07-31 15:35:09.513 [SpringContextShutdownHook] INFO  org.quartz.core.QuartzScheduler - Scheduler scheduler_$_NON_CLUSTERED shutdown complete.
2021-07-31 15:35:09.513 [SpringContextShutdownHook] INFO  o.s.orm.jpa.LocalContainerEntityManagerFactoryBean - Closing JPA EntityManagerFactory for persistence unit 'default'
2021-07-31 15:35:09.515 [SpringContextShutdownHook] INFO  com.zaxxer.hikari.HikariDataSource - HikariPool-1 - Shutdown initiated...
2021-07-31 15:35:09.518 [SpringContextShutdownHook] INFO  com.zaxxer.hikari.HikariDataSource - HikariPool-1 - Shutdown completed.
2021-07-31 15:52:21.866 [main] INFO  com.jojo.zhuhaibusclock.service.QuartzServiceTest - Starting QuartzServiceTest using Java 15.0.2 on DESKTOP-FT3ALHB with PID 99948 (started by JoJoWu in D:\IdeaProjects\zhuHaiBusClock)
2021-07-31 15:52:21.868 [main] INFO  com.jojo.zhuhaibusclock.service.QuartzServiceTest - No active profile set, falling back to default profiles: default
2021-07-31 15:52:21.871 [background-preinit] INFO  org.hibernate.validator.internal.util.Version - HV000001: Hibernate Validator 6.1.7.Final
2021-07-31 15:52:22.618 [main] INFO  o.s.d.r.config.RepositoryConfigurationDelegate - Multiple Spring Data modules found, entering strict repository configuration mode!
2021-07-31 15:52:22.619 [main] INFO  o.s.d.r.config.RepositoryConfigurationDelegate - Bootstrapping Spring Data JDBC repositories in DEFAULT mode.
2021-07-31 15:52:22.630 [main] INFO  o.s.d.r.config.RepositoryConfigurationDelegate - Finished Spring Data repository scanning in 8 ms. Found 0 JDBC repository interfaces.
2021-07-31 15:52:22.636 [main] INFO  o.s.d.r.config.RepositoryConfigurationDelegate - Multiple Spring Data modules found, entering strict repository configuration mode!
2021-07-31 15:52:22.637 [main] INFO  o.s.d.r.config.RepositoryConfigurationDelegate - Bootstrapping Spring Data JPA repositories in DEFAULT mode.
2021-07-31 15:52:22.644 [main] INFO  o.s.d.r.config.RepositoryConfigurationDelegate - Finished Spring Data repository scanning in 4 ms. Found 0 JPA repository interfaces.
2021-07-31 15:52:22.652 [main] INFO  o.s.d.r.config.RepositoryConfigurationDelegate - Multiple Spring Data modules found, entering strict repository configuration mode!
2021-07-31 15:52:22.653 [main] INFO  o.s.d.r.config.RepositoryConfigurationDelegate - Bootstrapping Spring Data Redis repositories in DEFAULT mode.
2021-07-31 15:52:22.661 [main] INFO  o.s.d.r.config.RepositoryConfigurationDelegate - Finished Spring Data repository scanning in 3 ms. Found 0 Redis repository interfaces.
2021-07-31 15:52:23.272 [main] INFO  com.zaxxer.hikari.HikariDataSource - HikariPool-1 - Starting...
2021-07-31 15:52:23.318 [main] INFO  com.zaxxer.hikari.HikariDataSource - HikariPool-1 - Start completed.
2021-07-31 15:52:23.352 [main] INFO  org.hibernate.jpa.internal.util.LogHelper - HHH000204: Processing PersistenceUnitInfo [name: default]
2021-07-31 15:52:23.386 [main] INFO  org.hibernate.Version - HHH000412: Hibernate ORM core version 5.4.30.Final
2021-07-31 15:52:23.471 [main] INFO  org.hibernate.annotations.common.Version - HCANN000001: Hibernate Commons Annotations {5.1.2.Final}
2021-07-31 15:52:23.602 [main] INFO  org.hibernate.dialect.Dialect - HHH000400: Using dialect: org.hibernate.dialect.MariaDB103Dialect
2021-07-31 15:52:23.717 [main] INFO  o.h.e.t.jta.platform.internal.JtaPlatformInitiator - HHH000490: Using JtaPlatform implementation: [org.hibernate.engine.transaction.jta.platform.internal.NoJtaPlatform]
2021-07-31 15:52:23.726 [main] INFO  o.s.orm.jpa.LocalContainerEntityManagerFactoryBean - Initialized JPA EntityManagerFactory for persistence unit 'default'
2021-07-31 15:52:24.263 [main] INFO  org.quartz.impl.StdSchedulerFactory - Using default implementation for ThreadExecutor
2021-07-31 15:52:24.265 [main] INFO  org.quartz.simpl.SimpleThreadPool - Job execution threads will use class loader of thread: main
2021-07-31 15:52:24.271 [main] INFO  org.quartz.core.SchedulerSignalerImpl - Initialized Scheduler Signaller of type: class org.quartz.core.SchedulerSignalerImpl
2021-07-31 15:52:24.271 [main] INFO  org.quartz.core.QuartzScheduler - Quartz Scheduler v.2.3.2 created.
2021-07-31 15:52:24.273 [main] INFO  o.s.scheduling.quartz.LocalDataSourceJobStore - Using db table-based data access locking (synchronization).
2021-07-31 15:52:24.274 [main] INFO  o.s.scheduling.quartz.LocalDataSourceJobStore - JobStoreCMT initialized.
2021-07-31 15:52:24.275 [main] INFO  org.quartz.core.QuartzScheduler - Scheduler meta-data: Quartz Scheduler (v2.3.2) 'scheduler' with instanceId 'NON_CLUSTERED'
  Scheduler class: 'org.quartz.core.QuartzScheduler' - running locally.
  NOT STARTED.
  Currently in standby mode.
  Number of jobs executed: 0
  Using thread pool 'org.quartz.simpl.SimpleThreadPool' - with 10 threads.
  Using job-store 'org.springframework.scheduling.quartz.LocalDataSourceJobStore' - which supports persistence. and is not clustered.

2021-07-31 15:52:24.275 [main] INFO  org.quartz.impl.StdSchedulerFactory - Quartz scheduler 'scheduler' initialized from an externally provided properties instance.
2021-07-31 15:52:24.275 [main] INFO  org.quartz.impl.StdSchedulerFactory - Quartz scheduler version: 2.3.2
2021-07-31 15:52:24.275 [main] INFO  org.quartz.core.QuartzScheduler - JobFactory set to: org.springframework.scheduling.quartz.SpringBeanJobFactory@1c965c1a
2021-07-31 15:52:24.785 [main] INFO  o.s.scheduling.concurrent.ThreadPoolTaskExecutor - Initializing ExecutorService 'applicationTaskExecutor'
2021-07-31 15:52:25.305 [main] INFO  o.s.scheduling.quartz.SchedulerFactoryBean - Starting Quartz Scheduler now
2021-07-31 15:52:25.307 [main] INFO  o.s.scheduling.quartz.LocalDataSourceJobStore - Freed 0 triggers from 'acquired' / 'blocked' state.
2021-07-31 15:52:25.308 [main] INFO  o.s.scheduling.quartz.LocalDataSourceJobStore - Recovering 0 jobs that were in-progress at the time of the last shut-down.
2021-07-31 15:52:25.308 [main] INFO  o.s.scheduling.quartz.LocalDataSourceJobStore - Recovery complete.
2021-07-31 15:52:25.308 [main] INFO  o.s.scheduling.quartz.LocalDataSourceJobStore - Removed 0 'complete' triggers.
2021-07-31 15:52:25.309 [main] INFO  o.s.scheduling.quartz.LocalDataSourceJobStore - Removed 0 stale fired job entries.
2021-07-31 15:52:25.309 [main] INFO  org.quartz.core.QuartzScheduler - Scheduler scheduler_$_NON_CLUSTERED started.
2021-07-31 15:52:25.322 [main] INFO  com.jojo.zhuhaibusclock.service.QuartzServiceTest - Started QuartzServiceTest in 3.747 seconds (JVM running for 4.384)
2021-07-31 15:52:25.475 [main] INFO  c.j.zhuhaibusclock.service.impl.QuartzServiceImpl - 添加闹钟计划
2021-07-31 15:52:25.485 [main] INFO  c.j.zhuhaibusclock.service.impl.QuartzServiceImpl - 暂停闹钟计划
2021-07-31 15:52:28.489 [main] INFO  c.j.zhuhaibusclock.service.impl.QuartzServiceImpl - 重启闹钟计划
2021-07-31 15:52:30.495 [main] INFO  c.j.zhuhaibusclock.service.impl.QuartzServiceImpl - 删除闹钟计划
2021-07-31 15:52:30.515 [SpringContextShutdownHook] INFO  org.quartz.core.QuartzScheduler - Scheduler scheduler_$_NON_CLUSTERED paused.
2021-07-31 15:52:30.517 [SpringContextShutdownHook] INFO  o.s.scheduling.concurrent.ThreadPoolTaskExecutor - Shutting down ExecutorService 'applicationTaskExecutor'
2021-07-31 15:52:30.521 [SpringContextShutdownHook] INFO  o.s.scheduling.quartz.SchedulerFactoryBean - Shutting down Quartz Scheduler
2021-07-31 15:52:30.521 [SpringContextShutdownHook] INFO  org.quartz.core.QuartzScheduler - Scheduler scheduler_$_NON_CLUSTERED shutting down.
2021-07-31 15:52:30.521 [SpringContextShutdownHook] INFO  org.quartz.core.QuartzScheduler - Scheduler scheduler_$_NON_CLUSTERED paused.
2021-07-31 15:52:31.012 [SpringContextShutdownHook] INFO  org.quartz.core.QuartzScheduler - Scheduler scheduler_$_NON_CLUSTERED shutdown complete.
2021-07-31 15:52:31.012 [SpringContextShutdownHook] INFO  o.s.orm.jpa.LocalContainerEntityManagerFactoryBean - Closing JPA EntityManagerFactory for persistence unit 'default'
2021-07-31 15:52:31.014 [SpringContextShutdownHook] INFO  com.zaxxer.hikari.HikariDataSource - HikariPool-1 - Shutdown initiated...
2021-07-31 15:52:31.017 [SpringContextShutdownHook] INFO  com.zaxxer.hikari.HikariDataSource - HikariPool-1 - Shutdown completed.
2021-07-31 15:58:36.012 [main] INFO  com.jojo.zhuhaibusclock.service.QuartzServiceTest - Starting QuartzServiceTest using Java 15.0.2 on DESKTOP-FT3ALHB with PID 93644 (started by JoJoWu in D:\IdeaProjects\zhuHaiBusClock)
2021-07-31 15:58:36.014 [main] INFO  com.jojo.zhuhaibusclock.service.QuartzServiceTest - No active profile set, falling back to default profiles: default
2021-07-31 15:58:36.014 [background-preinit] INFO  org.hibernate.validator.internal.util.Version - HV000001: Hibernate Validator 6.1.7.Final
2021-07-31 15:58:36.784 [main] INFO  o.s.d.r.config.RepositoryConfigurationDelegate - Multiple Spring Data modules found, entering strict repository configuration mode!
2021-07-31 15:58:36.786 [main] INFO  o.s.d.r.config.RepositoryConfigurationDelegate - Bootstrapping Spring Data JDBC repositories in DEFAULT mode.
2021-07-31 15:58:36.798 [main] INFO  o.s.d.r.config.RepositoryConfigurationDelegate - Finished Spring Data repository scanning in 10 ms. Found 0 JDBC repository interfaces.
2021-07-31 15:58:36.804 [main] INFO  o.s.d.r.config.RepositoryConfigurationDelegate - Multiple Spring Data modules found, entering strict repository configuration mode!
2021-07-31 15:58:36.805 [main] INFO  o.s.d.r.config.RepositoryConfigurationDelegate - Bootstrapping Spring Data JPA repositories in DEFAULT mode.
2021-07-31 15:58:36.814 [main] INFO  o.s.d.r.config.RepositoryConfigurationDelegate - Finished Spring Data repository scanning in 4 ms. Found 0 JPA repository interfaces.
2021-07-31 15:58:36.822 [main] INFO  o.s.d.r.config.RepositoryConfigurationDelegate - Multiple Spring Data modules found, entering strict repository configuration mode!
2021-07-31 15:58:36.823 [main] INFO  o.s.d.r.config.RepositoryConfigurationDelegate - Bootstrapping Spring Data Redis repositories in DEFAULT mode.
2021-07-31 15:58:36.833 [main] INFO  o.s.d.r.config.RepositoryConfigurationDelegate - Finished Spring Data repository scanning in 4 ms. Found 0 Redis repository interfaces.
2021-07-31 15:58:37.468 [main] INFO  com.zaxxer.hikari.HikariDataSource - HikariPool-1 - Starting...
2021-07-31 15:58:37.523 [main] INFO  com.zaxxer.hikari.HikariDataSource - HikariPool-1 - Start completed.
2021-07-31 15:58:37.557 [main] INFO  org.hibernate.jpa.internal.util.LogHelper - HHH000204: Processing PersistenceUnitInfo [name: default]
2021-07-31 15:58:37.588 [main] INFO  org.hibernate.Version - HHH000412: Hibernate ORM core version 5.4.30.Final
2021-07-31 15:58:37.662 [main] INFO  org.hibernate.annotations.common.Version - HCANN000001: Hibernate Commons Annotations {5.1.2.Final}
2021-07-31 15:58:37.791 [main] INFO  org.hibernate.dialect.Dialect - HHH000400: Using dialect: org.hibernate.dialect.MariaDB103Dialect
2021-07-31 15:58:37.907 [main] INFO  o.h.e.t.jta.platform.internal.JtaPlatformInitiator - HHH000490: Using JtaPlatform implementation: [org.hibernate.engine.transaction.jta.platform.internal.NoJtaPlatform]
2021-07-31 15:58:37.916 [main] INFO  o.s.orm.jpa.LocalContainerEntityManagerFactoryBean - Initialized JPA EntityManagerFactory for persistence unit 'default'
2021-07-31 15:58:38.452 [main] INFO  org.quartz.impl.StdSchedulerFactory - Using default implementation for ThreadExecutor
2021-07-31 15:58:38.453 [main] INFO  org.quartz.simpl.SimpleThreadPool - Job execution threads will use class loader of thread: main
2021-07-31 15:58:38.458 [main] INFO  org.quartz.core.SchedulerSignalerImpl - Initialized Scheduler Signaller of type: class org.quartz.core.SchedulerSignalerImpl
2021-07-31 15:58:38.458 [main] INFO  org.quartz.core.QuartzScheduler - Quartz Scheduler v.2.3.2 created.
2021-07-31 15:58:38.460 [main] INFO  o.s.scheduling.quartz.LocalDataSourceJobStore - Using db table-based data access locking (synchronization).
2021-07-31 15:58:38.461 [main] INFO  o.s.scheduling.quartz.LocalDataSourceJobStore - JobStoreCMT initialized.
2021-07-31 15:58:38.461 [main] INFO  org.quartz.core.QuartzScheduler - Scheduler meta-data: Quartz Scheduler (v2.3.2) 'scheduler' with instanceId 'NON_CLUSTERED'
  Scheduler class: 'org.quartz.core.QuartzScheduler' - running locally.
  NOT STARTED.
  Currently in standby mode.
  Number of jobs executed: 0
  Using thread pool 'org.quartz.simpl.SimpleThreadPool' - with 10 threads.
  Using job-store 'org.springframework.scheduling.quartz.LocalDataSourceJobStore' - which supports persistence. and is not clustered.

2021-07-31 15:58:38.461 [main] INFO  org.quartz.impl.StdSchedulerFactory - Quartz scheduler 'scheduler' initialized from an externally provided properties instance.
2021-07-31 15:58:38.461 [main] INFO  org.quartz.impl.StdSchedulerFactory - Quartz scheduler version: 2.3.2
2021-07-31 15:58:38.461 [main] INFO  org.quartz.core.QuartzScheduler - JobFactory set to: org.springframework.scheduling.quartz.SpringBeanJobFactory@e6488da0
2021-07-31 15:58:38.997 [main] INFO  o.s.scheduling.concurrent.ThreadPoolTaskExecutor - Initializing ExecutorService 'applicationTaskExecutor'
2021-07-31 15:58:39.494 [main] INFO  o.s.scheduling.quartz.SchedulerFactoryBean - Starting Quartz Scheduler now
2021-07-31 15:58:39.496 [main] INFO  o.s.scheduling.quartz.LocalDataSourceJobStore - Freed 0 triggers from 'acquired' / 'blocked' state.
2021-07-31 15:58:39.497 [main] INFO  o.s.scheduling.quartz.LocalDataSourceJobStore - Recovering 0 jobs that were in-progress at the time of the last shut-down.
2021-07-31 15:58:39.497 [main] INFO  o.s.scheduling.quartz.LocalDataSourceJobStore - Recovery complete.
2021-07-31 15:58:39.498 [main] INFO  o.s.scheduling.quartz.LocalDataSourceJobStore - Removed 0 'complete' triggers.
2021-07-31 15:58:39.498 [main] INFO  o.s.scheduling.quartz.LocalDataSourceJobStore - Removed 0 stale fired job entries.
2021-07-31 15:58:39.499 [main] INFO  org.quartz.core.QuartzScheduler - Scheduler scheduler_$_NON_CLUSTERED started.
2021-07-31 15:58:39.507 [main] INFO  com.jojo.zhuhaibusclock.service.QuartzServiceTest - Started QuartzServiceTest in 3.785 seconds (JVM running for 4.435)
2021-07-31 15:58:39.659 [main] INFO  c.j.zhuhaibusclock.service.impl.QuartzServiceImpl - 添加闹钟计划
2021-07-31 15:58:39.669 [main] INFO  c.j.zhuhaibusclock.service.impl.QuartzServiceImpl - 暂停闹钟计划
2021-07-31 15:58:42.673 [main] INFO  c.j.zhuhaibusclock.service.impl.QuartzServiceImpl - 重启闹钟计划
2021-07-31 15:58:44.677 [main] INFO  c.j.zhuhaibusclock.service.impl.QuartzServiceImpl - 删除闹钟计划
2021-07-31 15:58:44.687 [SpringContextShutdownHook] INFO  org.quartz.core.QuartzScheduler - Scheduler scheduler_$_NON_CLUSTERED paused.
2021-07-31 15:58:44.688 [SpringContextShutdownHook] INFO  o.s.scheduling.concurrent.ThreadPoolTaskExecutor - Shutting down ExecutorService 'applicationTaskExecutor'
2021-07-31 15:58:44.693 [SpringContextShutdownHook] INFO  o.s.scheduling.quartz.SchedulerFactoryBean - Shutting down Quartz Scheduler
2021-07-31 15:58:44.693 [SpringContextShutdownHook] INFO  org.quartz.core.QuartzScheduler - Scheduler scheduler_$_NON_CLUSTERED shutting down.
2021-07-31 15:58:44.694 [SpringContextShutdownHook] INFO  org.quartz.core.QuartzScheduler - Scheduler scheduler_$_NON_CLUSTERED paused.
2021-07-31 15:58:45.197 [SpringContextShutdownHook] INFO  org.quartz.core.QuartzScheduler - Scheduler scheduler_$_NON_CLUSTERED shutdown complete.
2021-07-31 15:58:45.198 [SpringContextShutdownHook] INFO  o.s.orm.jpa.LocalContainerEntityManagerFactoryBean - Closing JPA EntityManagerFactory for persistence unit 'default'
2021-07-31 15:58:45.200 [SpringContextShutdownHook] INFO  com.zaxxer.hikari.HikariDataSource - HikariPool-1 - Shutdown initiated...
2021-07-31 15:58:45.204 [SpringContextShutdownHook] INFO  com.zaxxer.hikari.HikariDataSource - HikariPool-1 - Shutdown completed.
2021-07-31 17:08:44.433 [background-preinit] INFO  org.hibernate.validator.internal.util.Version - HV000001: Hibernate Validator 6.1.7.Final
2021-07-31 17:08:44.434 [main] INFO  com.jojo.zhuhaibusclock.service.QuartzServiceTest - Starting QuartzServiceTest using Java 15.0.2 on DESKTOP-FT3ALHB with PID 75516 (started by JoJoWu in D:\IdeaProjects\zhuHaiBusClock)
2021-07-31 17:08:44.437 [main] INFO  com.jojo.zhuhaibusclock.service.QuartzServiceTest - No active profile set, falling back to default profiles: default
2021-07-31 17:08:45.322 [main] INFO  o.s.d.r.config.RepositoryConfigurationDelegate - Multiple Spring Data modules found, entering strict repository configuration mode!
2021-07-31 17:08:45.323 [main] INFO  o.s.d.r.config.RepositoryConfigurationDelegate - Bootstrapping Spring Data JDBC repositories in DEFAULT mode.
2021-07-31 17:08:45.334 [main] INFO  o.s.d.r.config.RepositoryConfigurationDelegate - Finished Spring Data repository scanning in 8 ms. Found 0 JDBC repository interfaces.
2021-07-31 17:08:45.339 [main] INFO  o.s.d.r.config.RepositoryConfigurationDelegate - Multiple Spring Data modules found, entering strict repository configuration mode!
2021-07-31 17:08:45.340 [main] INFO  o.s.d.r.config.RepositoryConfigurationDelegate - Bootstrapping Spring Data JPA repositories in DEFAULT mode.
2021-07-31 17:08:45.348 [main] INFO  o.s.d.r.config.RepositoryConfigurationDelegate - Finished Spring Data repository scanning in 4 ms. Found 0 JPA repository interfaces.
2021-07-31 17:08:45.356 [main] INFO  o.s.d.r.config.RepositoryConfigurationDelegate - Multiple Spring Data modules found, entering strict repository configuration mode!
2021-07-31 17:08:45.357 [main] INFO  o.s.d.r.config.RepositoryConfigurationDelegate - Bootstrapping Spring Data Redis repositories in DEFAULT mode.
2021-07-31 17:08:45.366 [main] INFO  o.s.d.r.config.RepositoryConfigurationDelegate - Finished Spring Data repository scanning in 3 ms. Found 0 Redis repository interfaces.
2021-07-31 17:08:45.992 [main] INFO  com.zaxxer.hikari.HikariDataSource - HikariPool-1 - Starting...
2021-07-31 17:08:46.040 [main] INFO  com.zaxxer.hikari.HikariDataSource - HikariPool-1 - Start completed.
2021-07-31 17:08:46.076 [main] INFO  org.hibernate.jpa.internal.util.LogHelper - HHH000204: Processing PersistenceUnitInfo [name: default]
2021-07-31 17:08:46.108 [main] INFO  org.hibernate.Version - HHH000412: Hibernate ORM core version 5.4.30.Final
2021-07-31 17:08:46.181 [main] INFO  org.hibernate.annotations.common.Version - HCANN000001: Hibernate Commons Annotations {5.1.2.Final}
2021-07-31 17:08:46.311 [main] INFO  org.hibernate.dialect.Dialect - HHH000400: Using dialect: org.hibernate.dialect.MariaDB103Dialect
2021-07-31 17:08:46.426 [main] INFO  o.h.e.t.jta.platform.internal.JtaPlatformInitiator - HHH000490: Using JtaPlatform implementation: [org.hibernate.engine.transaction.jta.platform.internal.NoJtaPlatform]
2021-07-31 17:08:46.435 [main] INFO  o.s.orm.jpa.LocalContainerEntityManagerFactoryBean - Initialized JPA EntityManagerFactory for persistence unit 'default'
2021-07-31 17:08:46.965 [main] INFO  org.quartz.impl.StdSchedulerFactory - Using default implementation for ThreadExecutor
2021-07-31 17:08:46.966 [main] INFO  org.quartz.simpl.SimpleThreadPool - Job execution threads will use class loader of thread: main
2021-07-31 17:08:46.971 [main] INFO  org.quartz.core.SchedulerSignalerImpl - Initialized Scheduler Signaller of type: class org.quartz.core.SchedulerSignalerImpl
2021-07-31 17:08:46.971 [main] INFO  org.quartz.core.QuartzScheduler - Quartz Scheduler v.2.3.2 created.
2021-07-31 17:08:46.974 [main] INFO  o.s.scheduling.quartz.LocalDataSourceJobStore - Using db table-based data access locking (synchronization).
2021-07-31 17:08:46.975 [main] INFO  o.s.scheduling.quartz.LocalDataSourceJobStore - JobStoreCMT initialized.
2021-07-31 17:08:46.975 [main] INFO  org.quartz.core.QuartzScheduler - Scheduler meta-data: Quartz Scheduler (v2.3.2) 'scheduler' with instanceId 'NON_CLUSTERED'
  Scheduler class: 'org.quartz.core.QuartzScheduler' - running locally.
  NOT STARTED.
  Currently in standby mode.
  Number of jobs executed: 0
  Using thread pool 'org.quartz.simpl.SimpleThreadPool' - with 10 threads.
  Using job-store 'org.springframework.scheduling.quartz.LocalDataSourceJobStore' - which supports persistence. and is not clustered.

2021-07-31 17:08:46.975 [main] INFO  org.quartz.impl.StdSchedulerFactory - Quartz scheduler 'scheduler' initialized from an externally provided properties instance.
2021-07-31 17:08:46.975 [main] INFO  org.quartz.impl.StdSchedulerFactory - Quartz scheduler version: 2.3.2
2021-07-31 17:08:46.975 [main] INFO  org.quartz.core.QuartzScheduler - JobFactory set to: org.springframework.scheduling.quartz.SpringBeanJobFactory@78b9f3bf
2021-07-31 17:08:47.515 [main] INFO  o.s.scheduling.concurrent.ThreadPoolTaskExecutor - Initializing ExecutorService 'applicationTaskExecutor'
2021-07-31 17:08:48.036 [main] INFO  o.s.scheduling.quartz.SchedulerFactoryBean - Starting Quartz Scheduler now
2021-07-31 17:08:48.037 [main] INFO  o.s.scheduling.quartz.LocalDataSourceJobStore - Freed 0 triggers from 'acquired' / 'blocked' state.
2021-07-31 17:08:48.039 [main] INFO  o.s.scheduling.quartz.LocalDataSourceJobStore - Recovering 0 jobs that were in-progress at the time of the last shut-down.
2021-07-31 17:08:48.039 [main] INFO  o.s.scheduling.quartz.LocalDataSourceJobStore - Recovery complete.
2021-07-31 17:08:48.039 [main] INFO  o.s.scheduling.quartz.LocalDataSourceJobStore - Removed 0 'complete' triggers.
2021-07-31 17:08:48.040 [main] INFO  o.s.scheduling.quartz.LocalDataSourceJobStore - Removed 0 stale fired job entries.
2021-07-31 17:08:48.041 [main] INFO  org.quartz.core.QuartzScheduler - Scheduler scheduler_$_NON_CLUSTERED started.
2021-07-31 17:08:48.051 [main] INFO  com.jojo.zhuhaibusclock.service.QuartzServiceTest - Started QuartzServiceTest in 3.948 seconds (JVM running for 4.609)
2021-07-31 17:08:48.203 [main] INFO  c.j.zhuhaibusclock.service.impl.QuartzServiceImpl - 添加闹钟计划
2021-07-31 17:08:53.215 [main] INFO  c.j.zhuhaibusclock.service.impl.QuartzServiceImpl - 删除闹钟计划
2021-07-31 17:08:53.233 [SpringContextShutdownHook] INFO  org.quartz.core.QuartzScheduler - Scheduler scheduler_$_NON_CLUSTERED paused.
2021-07-31 17:08:53.234 [SpringContextShutdownHook] INFO  o.s.scheduling.concurrent.ThreadPoolTaskExecutor - Shutting down ExecutorService 'applicationTaskExecutor'
2021-07-31 17:08:53.240 [SpringContextShutdownHook] INFO  o.s.scheduling.quartz.SchedulerFactoryBean - Shutting down Quartz Scheduler
2021-07-31 17:08:53.240 [SpringContextShutdownHook] INFO  org.quartz.core.QuartzScheduler - Scheduler scheduler_$_NON_CLUSTERED shutting down.
2021-07-31 17:08:53.240 [SpringContextShutdownHook] INFO  org.quartz.core.QuartzScheduler - Scheduler scheduler_$_NON_CLUSTERED paused.
2021-07-31 17:08:53.531 [SpringContextShutdownHook] INFO  org.quartz.core.QuartzScheduler - Scheduler scheduler_$_NON_CLUSTERED shutdown complete.
2021-07-31 17:08:53.532 [SpringContextShutdownHook] INFO  o.s.orm.jpa.LocalContainerEntityManagerFactoryBean - Closing JPA EntityManagerFactory for persistence unit 'default'
2021-07-31 17:08:53.534 [SpringContextShutdownHook] INFO  com.zaxxer.hikari.HikariDataSource - HikariPool-1 - Shutdown initiated...
2021-07-31 17:08:53.538 [SpringContextShutdownHook] INFO  com.zaxxer.hikari.HikariDataSource - HikariPool-1 - Shutdown completed.
