2021-08-02 13:30:38.262 [scheduler_Worker-1] DEBUG c.j.z.mapper.SysClockMapper.selectById - ==>  Preparing: select id , alarm_time, repeat_time, is_enable, route_id, segment_id, station_id from sys_clock where id = ?
2021-08-02 13:30:38.269 [scheduler_Worker-1] DEBUG c.j.z.mapper.SysClockMapper.selectById - ==> Parameters: 1(Long)
2021-08-02 13:30:38.276 [scheduler_Worker-1] DEBUG c.j.z.mapper.SysClockMapper.selectById - <==      Total: 0
2021-08-02 13:30:39.004 [scheduler_Worker-2] DEBUG c.j.z.mapper.SysClockMapper.selectById - ==>  Preparing: select id , alarm_time, repeat_time, is_enable, route_id, segment_id, station_id from sys_clock where id = ?
2021-08-02 13:30:39.005 [scheduler_Worker-2] DEBUG c.j.z.mapper.SysClockMapper.selectById - ==> Parameters: 1(Long)
2021-08-02 13:30:39.005 [scheduler_Worker-2] DEBUG c.j.z.mapper.SysClockMapper.selectById - <==      Total: 0
2021-08-02 13:30:40.005 [scheduler_Worker-3] DEBUG c.j.z.mapper.SysClockMapper.selectById - ==>  Preparing: select id , alarm_time, repeat_time, is_enable, route_id, segment_id, station_id from sys_clock where id = ?
2021-08-02 13:30:40.005 [scheduler_Worker-3] DEBUG c.j.z.mapper.SysClockMapper.selectById - ==> Parameters: 1(Long)
2021-08-02 13:30:40.006 [scheduler_Worker-3] DEBUG c.j.z.mapper.SysClockMapper.selectById - <==      Total: 0
2021-08-02 13:30:41.008 [scheduler_Worker-4] DEBUG c.j.z.mapper.SysClockMapper.selectById - ==>  Preparing: select id , alarm_time, repeat_time, is_enable, route_id, segment_id, station_id from sys_clock where id = ?
2021-08-02 13:30:41.008 [scheduler_Worker-4] DEBUG c.j.z.mapper.SysClockMapper.selectById - ==> Parameters: 1(Long)
2021-08-02 13:30:41.008 [scheduler_Worker-4] DEBUG c.j.z.mapper.SysClockMapper.selectById - <==      Total: 0
2021-08-02 13:30:42.006 [scheduler_Worker-5] DEBUG c.j.z.mapper.SysClockMapper.selectById - ==>  Preparing: select id , alarm_time, repeat_time, is_enable, route_id, segment_id, station_id from sys_clock where id = ?
2021-08-02 13:30:42.006 [scheduler_Worker-5] DEBUG c.j.z.mapper.SysClockMapper.selectById - ==> Parameters: 1(Long)
2021-08-02 13:30:42.006 [scheduler_Worker-5] DEBUG c.j.z.mapper.SysClockMapper.selectById - <==      Total: 0
2021-08-02 13:30:43.007 [scheduler_Worker-6] DEBUG c.j.z.mapper.SysClockMapper.selectById - ==>  Preparing: select id , alarm_time, repeat_time, is_enable, route_id, segment_id, station_id from sys_clock where id = ?
2021-08-02 13:30:43.007 [scheduler_Worker-6] DEBUG c.j.z.mapper.SysClockMapper.selectById - ==> Parameters: 1(Long)
2021-08-02 13:30:43.008 [scheduler_Worker-6] DEBUG c.j.z.mapper.SysClockMapper.selectById - <==      Total: 0
2021-08-02 13:31:17.164 [scheduler_Worker-1] DEBUG c.j.z.mapper.SysClockMapper.selectById - ==>  Preparing: select id , alarm_time, repeat_time, is_enable, route_id, segment_id, station_id from sys_clock where id = ?
2021-08-02 13:31:17.172 [scheduler_Worker-1] DEBUG c.j.z.mapper.SysClockMapper.selectById - ==> Parameters: 9(Long)
2021-08-02 13:31:17.180 [scheduler_Worker-1] DEBUG c.j.z.mapper.SysClockMapper.selectById - <==      Total: 1
2021-08-02 13:31:17.530 [scheduler_Worker-1] DEBUG c.j.z.m.S.selectBySegmentIdAndRouteId - ==>  Preparing: select segment_id , route_id, first_time, last_time, route_price, run_direction, route_name, station_id, route_type, start_at, end_at from sys_segment where segment_id = ? and route_id = ?
2021-08-02 13:31:17.531 [scheduler_Worker-1] DEBUG c.j.z.m.S.selectBySegmentIdAndRouteId - ==> Parameters: 60264(Long), 235(Long)
2021-08-02 13:31:17.532 [scheduler_Worker-1] DEBUG c.j.z.m.S.selectBySegmentIdAndRouteId - <==      Total: 1
2021-08-02 13:31:17.553 [scheduler_Worker-1] DEBUG c.j.z.mapper.SysStationMapper.selectByPrimaryKey - ==>  Preparing: select station_id , station_name, longitude, latitude, station_sort, created_at, updated_at from sys_station where station_id = ?
2021-08-02 13:31:17.553 [scheduler_Worker-1] DEBUG c.j.z.mapper.SysStationMapper.selectByPrimaryKey - ==> Parameters: 66201706090919319171(String)
2021-08-02 13:31:17.557 [scheduler_Worker-1] DEBUG c.j.z.mapper.SysStationMapper.selectByPrimaryKey - <==      Total: 1
2021-08-02 13:31:18.005 [scheduler_Worker-2] DEBUG c.j.z.mapper.SysClockMapper.selectById - ==>  Preparing: select id , alarm_time, repeat_time, is_enable, route_id, segment_id, station_id from sys_clock where id = ?
2021-08-02 13:31:18.006 [scheduler_Worker-2] DEBUG c.j.z.mapper.SysClockMapper.selectById - ==> Parameters: 9(Long)
2021-08-02 13:31:18.006 [scheduler_Worker-2] DEBUG c.j.z.mapper.SysClockMapper.selectById - <==      Total: 1
2021-08-02 13:31:19.005 [scheduler_Worker-3] DEBUG c.j.z.mapper.SysClockMapper.selectById - ==>  Preparing: select id , alarm_time, repeat_time, is_enable, route_id, segment_id, station_id from sys_clock where id = ?
2021-08-02 13:31:19.006 [scheduler_Worker-3] DEBUG c.j.z.mapper.SysClockMapper.selectById - ==> Parameters: 9(Long)
2021-08-02 13:31:19.006 [scheduler_Worker-3] DEBUG c.j.z.mapper.SysClockMapper.selectById - <==      Total: 1
2021-08-02 13:31:20.007 [scheduler_Worker-4] DEBUG c.j.z.mapper.SysClockMapper.selectById - ==>  Preparing: select id , alarm_time, repeat_time, is_enable, route_id, segment_id, station_id from sys_clock where id = ?
2021-08-02 13:31:20.007 [scheduler_Worker-4] DEBUG c.j.z.mapper.SysClockMapper.selectById - ==> Parameters: 9(Long)
2021-08-02 13:31:20.008 [scheduler_Worker-4] DEBUG c.j.z.mapper.SysClockMapper.selectById - <==      Total: 1
2021-08-02 13:31:21.005 [scheduler_Worker-5] DEBUG c.j.z.mapper.SysClockMapper.selectById - ==>  Preparing: select id , alarm_time, repeat_time, is_enable, route_id, segment_id, station_id from sys_clock where id = ?
2021-08-02 13:31:21.006 [scheduler_Worker-5] DEBUG c.j.z.mapper.SysClockMapper.selectById - ==> Parameters: 9(Long)
2021-08-02 13:31:21.006 [scheduler_Worker-5] DEBUG c.j.z.mapper.SysClockMapper.selectById - <==      Total: 1
2021-08-02 13:31:22.004 [scheduler_Worker-6] DEBUG c.j.z.mapper.SysClockMapper.selectById - ==>  Preparing: select id , alarm_time, repeat_time, is_enable, route_id, segment_id, station_id from sys_clock where id = ?
2021-08-02 13:31:22.004 [scheduler_Worker-6] DEBUG c.j.z.mapper.SysClockMapper.selectById - ==> Parameters: 9(Long)
2021-08-02 13:31:22.006 [scheduler_Worker-6] DEBUG c.j.z.mapper.SysClockMapper.selectById - <==      Total: 1
2021-08-02 13:32:42.303 [scheduler_Worker-1] DEBUG c.j.z.mapper.SysClockMapper.selectById - ==>  Preparing: select id , alarm_time, repeat_time, is_enable, route_id, segment_id, station_id from sys_clock where id = ?
2021-08-02 13:32:42.310 [scheduler_Worker-1] DEBUG c.j.z.mapper.SysClockMapper.selectById - ==> Parameters: 9(Long)
2021-08-02 13:32:42.317 [scheduler_Worker-1] DEBUG c.j.z.mapper.SysClockMapper.selectById - <==      Total: 1
2021-08-02 13:32:43.007 [scheduler_Worker-2] DEBUG c.j.z.mapper.SysClockMapper.selectById - ==>  Preparing: select id , alarm_time, repeat_time, is_enable, route_id, segment_id, station_id from sys_clock where id = ?
2021-08-02 13:32:43.007 [scheduler_Worker-2] DEBUG c.j.z.mapper.SysClockMapper.selectById - ==> Parameters: 9(Long)
2021-08-02 13:32:43.008 [scheduler_Worker-2] DEBUG c.j.z.mapper.SysClockMapper.selectById - <==      Total: 1
2021-08-02 13:32:44.007 [scheduler_Worker-3] DEBUG c.j.z.mapper.SysClockMapper.selectById - ==>  Preparing: select id , alarm_time, repeat_time, is_enable, route_id, segment_id, station_id from sys_clock where id = ?
2021-08-02 13:32:44.008 [scheduler_Worker-3] DEBUG c.j.z.mapper.SysClockMapper.selectById - ==> Parameters: 9(Long)
2021-08-02 13:32:44.008 [scheduler_Worker-3] DEBUG c.j.z.mapper.SysClockMapper.selectById - <==      Total: 1
2021-08-02 13:32:45.007 [scheduler_Worker-4] DEBUG c.j.z.mapper.SysClockMapper.selectById - ==>  Preparing: select id , alarm_time, repeat_time, is_enable, route_id, segment_id, station_id from sys_clock where id = ?
2021-08-02 13:32:45.007 [scheduler_Worker-4] DEBUG c.j.z.mapper.SysClockMapper.selectById - ==> Parameters: 9(Long)
2021-08-02 13:32:45.008 [scheduler_Worker-4] DEBUG c.j.z.mapper.SysClockMapper.selectById - <==      Total: 1
2021-08-02 14:01:12.937 [scheduler_Worker-1] DEBUG c.j.z.mapper.SysClockMapper.selectById - ==>  Preparing: select id , alarm_time, repeat_time, is_enable, route_id, segment_id, station_id from sys_clock where id = ?
2021-08-02 14:01:12.937 [scheduler_Worker-2] DEBUG c.j.z.mapper.SysClockMapper.selectById - ==>  Preparing: select id , alarm_time, repeat_time, is_enable, route_id, segment_id, station_id from sys_clock where id = ?
2021-08-02 14:01:12.937 [scheduler_Worker-3] DEBUG c.j.z.mapper.SysClockMapper.selectById - ==>  Preparing: select id , alarm_time, repeat_time, is_enable, route_id, segment_id, station_id from sys_clock where id = ?
2021-08-02 14:01:12.939 [scheduler_Worker-4] DEBUG c.j.z.mapper.SysClockMapper.selectById - ==>  Preparing: select id , alarm_time, repeat_time, is_enable, route_id, segment_id, station_id from sys_clock where id = ?
2021-08-02 14:01:12.946 [scheduler_Worker-3] DEBUG c.j.z.mapper.SysClockMapper.selectById - ==> Parameters: 9(Long)
2021-08-02 14:01:12.946 [scheduler_Worker-2] DEBUG c.j.z.mapper.SysClockMapper.selectById - ==> Parameters: 9(Long)
2021-08-02 14:01:12.946 [scheduler_Worker-1] DEBUG c.j.z.mapper.SysClockMapper.selectById - ==> Parameters: 9(Long)
2021-08-02 14:01:12.946 [scheduler_Worker-4] DEBUG c.j.z.mapper.SysClockMapper.selectById - ==> Parameters: 9(Long)
2021-08-02 14:01:12.947 [scheduler_Worker-5] DEBUG c.j.z.mapper.SysClockMapper.selectById - ==>  Preparing: select id , alarm_time, repeat_time, is_enable, route_id, segment_id, station_id from sys_clock where id = ?
2021-08-02 14:01:12.947 [scheduler_Worker-5] DEBUG c.j.z.mapper.SysClockMapper.selectById - ==> Parameters: 9(Long)
2021-08-02 14:01:12.959 [scheduler_Worker-4] DEBUG c.j.z.mapper.SysClockMapper.selectById - <==      Total: 1
2021-08-02 14:01:12.959 [scheduler_Worker-2] DEBUG c.j.z.mapper.SysClockMapper.selectById - <==      Total: 1
2021-08-02 14:01:12.959 [scheduler_Worker-1] DEBUG c.j.z.mapper.SysClockMapper.selectById - <==      Total: 1
2021-08-02 14:01:12.959 [scheduler_Worker-5] DEBUG c.j.z.mapper.SysClockMapper.selectById - <==      Total: 1
2021-08-02 14:01:12.959 [scheduler_Worker-3] DEBUG c.j.z.mapper.SysClockMapper.selectById - <==      Total: 1
2021-08-02 14:01:12.964 [scheduler_Worker-6] DEBUG c.j.z.mapper.SysClockMapper.selectById - ==>  Preparing: select id , alarm_time, repeat_time, is_enable, route_id, segment_id, station_id from sys_clock where id = ?
2021-08-02 14:01:12.964 [scheduler_Worker-6] DEBUG c.j.z.mapper.SysClockMapper.selectById - ==> Parameters: 9(Long)
2021-08-02 14:01:12.965 [scheduler_Worker-6] DEBUG c.j.z.mapper.SysClockMapper.selectById - <==      Total: 1
2021-08-02 14:01:13.005 [scheduler_Worker-7] DEBUG c.j.z.mapper.SysClockMapper.selectById - ==>  Preparing: select id , alarm_time, repeat_time, is_enable, route_id, segment_id, station_id from sys_clock where id = ?
2021-08-02 14:01:13.005 [scheduler_Worker-7] DEBUG c.j.z.mapper.SysClockMapper.selectById - ==> Parameters: 9(Long)
2021-08-02 14:01:13.006 [scheduler_Worker-7] DEBUG c.j.z.mapper.SysClockMapper.selectById - <==      Total: 1
2021-08-02 14:01:13.012 [scheduler_Worker-8] DEBUG c.j.z.mapper.SysClockMapper.selectById - ==>  Preparing: select id , alarm_time, repeat_time, is_enable, route_id, segment_id, station_id from sys_clock where id = ?
2021-08-02 14:01:13.012 [scheduler_Worker-8] DEBUG c.j.z.mapper.SysClockMapper.selectById - ==> Parameters: 9(Long)
2021-08-02 14:01:13.013 [scheduler_Worker-8] DEBUG c.j.z.mapper.SysClockMapper.selectById - <==      Total: 1
2021-08-02 14:01:13.046 [scheduler_Worker-9] DEBUG c.j.z.mapper.SysClockMapper.selectById - ==>  Preparing: select id , alarm_time, repeat_time, is_enable, route_id, segment_id, station_id from sys_clock where id = ?
2021-08-02 14:01:13.046 [scheduler_Worker-9] DEBUG c.j.z.mapper.SysClockMapper.selectById - ==> Parameters: 9(Long)
2021-08-02 14:01:13.047 [scheduler_Worker-9] DEBUG c.j.z.mapper.SysClockMapper.selectById - <==      Total: 1
2021-08-02 14:01:13.053 [scheduler_Worker-10] DEBUG c.j.z.mapper.SysClockMapper.selectById - ==>  Preparing: select id , alarm_time, repeat_time, is_enable, route_id, segment_id, station_id from sys_clock where id = ?
2021-08-02 14:01:13.053 [scheduler_Worker-10] DEBUG c.j.z.mapper.SysClockMapper.selectById - ==> Parameters: 9(Long)
2021-08-02 14:01:13.054 [scheduler_Worker-10] DEBUG c.j.z.mapper.SysClockMapper.selectById - <==      Total: 1
2021-08-02 14:01:13.059 [scheduler_Worker-2] DEBUG c.j.z.mapper.SysClockMapper.selectById - ==>  Preparing: select id , alarm_time, repeat_time, is_enable, route_id, segment_id, station_id from sys_clock where id = ?
2021-08-02 14:01:13.059 [scheduler_Worker-2] DEBUG c.j.z.mapper.SysClockMapper.selectById - ==> Parameters: 9(Long)
2021-08-02 14:01:13.059 [scheduler_Worker-2] DEBUG c.j.z.mapper.SysClockMapper.selectById - <==      Total: 1
2021-08-02 14:01:13.081 [scheduler_Worker-5] DEBUG c.j.z.mapper.SysClockMapper.selectById - ==>  Preparing: select id , alarm_time, repeat_time, is_enable, route_id, segment_id, station_id from sys_clock where id = ?
2021-08-02 14:01:13.081 [scheduler_Worker-5] DEBUG c.j.z.mapper.SysClockMapper.selectById - ==> Parameters: 9(Long)
2021-08-02 14:01:13.082 [scheduler_Worker-5] DEBUG c.j.z.mapper.SysClockMapper.selectById - <==      Total: 1
2021-08-02 14:01:13.088 [scheduler_Worker-3] DEBUG c.j.z.mapper.SysClockMapper.selectById - ==>  Preparing: select id , alarm_time, repeat_time, is_enable, route_id, segment_id, station_id from sys_clock where id = ?
2021-08-02 14:01:13.088 [scheduler_Worker-3] DEBUG c.j.z.mapper.SysClockMapper.selectById - ==> Parameters: 9(Long)
2021-08-02 14:01:13.089 [scheduler_Worker-3] DEBUG c.j.z.mapper.SysClockMapper.selectById - <==      Total: 1
2021-08-02 14:01:13.094 [scheduler_Worker-4] DEBUG c.j.z.mapper.SysClockMapper.selectById - ==>  Preparing: select id , alarm_time, repeat_time, is_enable, route_id, segment_id, station_id from sys_clock where id = ?
2021-08-02 14:01:13.095 [scheduler_Worker-4] DEBUG c.j.z.mapper.SysClockMapper.selectById - ==> Parameters: 9(Long)
2021-08-02 14:01:13.095 [scheduler_Worker-4] DEBUG c.j.z.mapper.SysClockMapper.selectById - <==      Total: 1
2021-08-02 14:01:13.101 [scheduler_Worker-1] DEBUG c.j.z.mapper.SysClockMapper.selectById - ==>  Preparing: select id , alarm_time, repeat_time, is_enable, route_id, segment_id, station_id from sys_clock where id = ?
2021-08-02 14:01:13.101 [scheduler_Worker-1] DEBUG c.j.z.mapper.SysClockMapper.selectById - ==> Parameters: 9(Long)
2021-08-02 14:01:13.102 [scheduler_Worker-1] DEBUG c.j.z.mapper.SysClockMapper.selectById - <==      Total: 1
2021-08-02 14:01:13.131 [scheduler_Worker-6] DEBUG c.j.z.mapper.SysClockMapper.selectById - ==>  Preparing: select id , alarm_time, repeat_time, is_enable, route_id, segment_id, station_id from sys_clock where id = ?
2021-08-02 14:01:13.132 [scheduler_Worker-6] DEBUG c.j.z.mapper.SysClockMapper.selectById - ==> Parameters: 9(Long)
2021-08-02 14:01:13.133 [scheduler_Worker-6] DEBUG c.j.z.mapper.SysClockMapper.selectById - <==      Total: 1
2021-08-02 14:01:13.138 [scheduler_Worker-7] DEBUG c.j.z.mapper.SysClockMapper.selectById - ==>  Preparing: select id , alarm_time, repeat_time, is_enable, route_id, segment_id, station_id from sys_clock where id = ?
2021-08-02 14:01:13.138 [scheduler_Worker-7] DEBUG c.j.z.mapper.SysClockMapper.selectById - ==> Parameters: 9(Long)
2021-08-02 14:01:13.139 [scheduler_Worker-7] DEBUG c.j.z.mapper.SysClockMapper.selectById - <==      Total: 1
2021-08-02 14:01:13.144 [scheduler_Worker-8] DEBUG c.j.z.mapper.SysClockMapper.selectById - ==>  Preparing: select id , alarm_time, repeat_time, is_enable, route_id, segment_id, station_id from sys_clock where id = ?
2021-08-02 14:01:13.145 [scheduler_Worker-8] DEBUG c.j.z.mapper.SysClockMapper.selectById - ==> Parameters: 9(Long)
2021-08-02 14:01:13.147 [scheduler_Worker-8] DEBUG c.j.z.mapper.SysClockMapper.selectById - <==      Total: 1
2021-08-02 14:01:13.171 [scheduler_Worker-9] DEBUG c.j.z.mapper.SysClockMapper.selectById - ==>  Preparing: select id , alarm_time, repeat_time, is_enable, route_id, segment_id, station_id from sys_clock where id = ?
2021-08-02 14:01:13.172 [scheduler_Worker-9] DEBUG c.j.z.mapper.SysClockMapper.selectById - ==> Parameters: 9(Long)
2021-08-02 14:01:13.173 [scheduler_Worker-9] DEBUG c.j.z.mapper.SysClockMapper.selectById - <==      Total: 1
2021-08-02 14:01:45.112 [scheduler_Worker-1] DEBUG c.j.z.mapper.SysClockMapper.selectById - ==>  Preparing: select id , alarm_time, repeat_time, is_enable, route_id, segment_id, station_id from sys_clock where id = ?
2021-08-02 14:01:45.112 [scheduler_Worker-2] DEBUG c.j.z.mapper.SysClockMapper.selectById - ==>  Preparing: select id , alarm_time, repeat_time, is_enable, route_id, segment_id, station_id from sys_clock where id = ?
2021-08-02 14:01:45.112 [scheduler_Worker-3] DEBUG c.j.z.mapper.SysClockMapper.selectById - ==>  Preparing: select id , alarm_time, repeat_time, is_enable, route_id, segment_id, station_id from sys_clock where id = ?
2021-08-02 14:01:45.114 [scheduler_Worker-4] DEBUG c.j.z.mapper.SysClockMapper.selectById - ==>  Preparing: select id , alarm_time, repeat_time, is_enable, route_id, segment_id, station_id from sys_clock where id = ?
2021-08-02 14:01:45.120 [scheduler_Worker-5] DEBUG c.j.z.mapper.SysClockMapper.selectById - ==>  Preparing: select id , alarm_time, repeat_time, is_enable, route_id, segment_id, station_id from sys_clock where id = ?
2021-08-02 14:01:45.122 [scheduler_Worker-1] DEBUG c.j.z.mapper.SysClockMapper.selectById - ==> Parameters: 9(Long)
2021-08-02 14:01:45.122 [scheduler_Worker-3] DEBUG c.j.z.mapper.SysClockMapper.selectById - ==> Parameters: 9(Long)
2021-08-02 14:01:45.122 [scheduler_Worker-2] DEBUG c.j.z.mapper.SysClockMapper.selectById - ==> Parameters: 9(Long)
2021-08-02 14:01:45.122 [scheduler_Worker-4] DEBUG c.j.z.mapper.SysClockMapper.selectById - ==> Parameters: 9(Long)
2021-08-02 14:01:45.122 [scheduler_Worker-5] DEBUG c.j.z.mapper.SysClockMapper.selectById - ==> Parameters: 9(Long)
2021-08-02 14:01:45.128 [scheduler_Worker-6] DEBUG c.j.z.mapper.SysClockMapper.selectById - ==>  Preparing: select id , alarm_time, repeat_time, is_enable, route_id, segment_id, station_id from sys_clock where id = ?
2021-08-02 14:01:45.129 [scheduler_Worker-6] DEBUG c.j.z.mapper.SysClockMapper.selectById - ==> Parameters: 9(Long)
2021-08-02 14:01:45.136 [scheduler_Worker-2] DEBUG c.j.z.mapper.SysClockMapper.selectById - <==      Total: 1
2021-08-02 14:01:45.136 [scheduler_Worker-4] DEBUG c.j.z.mapper.SysClockMapper.selectById - <==      Total: 1
2021-08-02 14:01:45.136 [scheduler_Worker-1] DEBUG c.j.z.mapper.SysClockMapper.selectById - <==      Total: 1
2021-08-02 14:01:45.136 [scheduler_Worker-6] DEBUG c.j.z.mapper.SysClockMapper.selectById - <==      Total: 1
2021-08-02 14:01:45.136 [scheduler_Worker-3] DEBUG c.j.z.mapper.SysClockMapper.selectById - <==      Total: 1
2021-08-02 14:01:45.136 [scheduler_Worker-5] DEBUG c.j.z.mapper.SysClockMapper.selectById - <==      Total: 1
2021-08-02 14:01:45.175 [scheduler_Worker-7] DEBUG c.j.z.mapper.SysClockMapper.selectById - ==>  Preparing: select id , alarm_time, repeat_time, is_enable, route_id, segment_id, station_id from sys_clock where id = ?
2021-08-02 14:01:45.176 [scheduler_Worker-7] DEBUG c.j.z.mapper.SysClockMapper.selectById - ==> Parameters: 9(Long)
2021-08-02 14:01:45.177 [scheduler_Worker-7] DEBUG c.j.z.mapper.SysClockMapper.selectById - <==      Total: 1
2021-08-02 14:01:45.184 [scheduler_Worker-8] DEBUG c.j.z.mapper.SysClockMapper.selectById - ==>  Preparing: select id , alarm_time, repeat_time, is_enable, route_id, segment_id, station_id from sys_clock where id = ?
2021-08-02 14:01:45.184 [scheduler_Worker-8] DEBUG c.j.z.mapper.SysClockMapper.selectById - ==> Parameters: 9(Long)
2021-08-02 14:01:45.185 [scheduler_Worker-8] DEBUG c.j.z.mapper.SysClockMapper.selectById - <==      Total: 1
2021-08-02 14:01:45.191 [scheduler_Worker-9] DEBUG c.j.z.mapper.SysClockMapper.selectById - ==>  Preparing: select id , alarm_time, repeat_time, is_enable, route_id, segment_id, station_id from sys_clock where id = ?
2021-08-02 14:01:45.192 [scheduler_Worker-9] DEBUG c.j.z.mapper.SysClockMapper.selectById - ==> Parameters: 9(Long)
2021-08-02 14:01:45.192 [scheduler_Worker-9] DEBUG c.j.z.mapper.SysClockMapper.selectById - <==      Total: 1
2021-08-02 14:01:45.199 [scheduler_Worker-10] DEBUG c.j.z.mapper.SysClockMapper.selectById - ==>  Preparing: select id , alarm_time, repeat_time, is_enable, route_id, segment_id, station_id from sys_clock where id = ?
2021-08-02 14:01:45.199 [scheduler_Worker-10] DEBUG c.j.z.mapper.SysClockMapper.selectById - ==> Parameters: 9(Long)
2021-08-02 14:01:45.199 [scheduler_Worker-10] DEBUG c.j.z.mapper.SysClockMapper.selectById - <==      Total: 1
2021-08-02 14:01:45.206 [scheduler_Worker-4] DEBUG c.j.z.mapper.SysClockMapper.selectById - ==>  Preparing: select id , alarm_time, repeat_time, is_enable, route_id, segment_id, station_id from sys_clock where id = ?
2021-08-02 14:01:45.206 [scheduler_Worker-4] DEBUG c.j.z.mapper.SysClockMapper.selectById - ==> Parameters: 9(Long)
2021-08-02 14:01:45.207 [scheduler_Worker-4] DEBUG c.j.z.mapper.SysClockMapper.selectById - <==      Total: 1
2021-08-02 14:01:45.233 [scheduler_Worker-3] DEBUG c.j.z.mapper.SysClockMapper.selectById - ==>  Preparing: select id , alarm_time, repeat_time, is_enable, route_id, segment_id, station_id from sys_clock where id = ?
2021-08-02 14:01:45.233 [scheduler_Worker-3] DEBUG c.j.z.mapper.SysClockMapper.selectById - ==> Parameters: 9(Long)
2021-08-02 14:01:45.234 [scheduler_Worker-3] DEBUG c.j.z.mapper.SysClockMapper.selectById - <==      Total: 1
2021-08-02 14:01:45.240 [scheduler_Worker-5] DEBUG c.j.z.mapper.SysClockMapper.selectById - ==>  Preparing: select id , alarm_time, repeat_time, is_enable, route_id, segment_id, station_id from sys_clock where id = ?
2021-08-02 14:01:45.240 [scheduler_Worker-5] DEBUG c.j.z.mapper.SysClockMapper.selectById - ==> Parameters: 9(Long)
2021-08-02 14:01:45.241 [scheduler_Worker-5] DEBUG c.j.z.mapper.SysClockMapper.selectById - <==      Total: 1
2021-08-02 14:01:45.247 [scheduler_Worker-2] DEBUG c.j.z.mapper.SysClockMapper.selectById - ==>  Preparing: select id , alarm_time, repeat_time, is_enable, route_id, segment_id, station_id from sys_clock where id = ?
2021-08-02 14:01:45.247 [scheduler_Worker-2] DEBUG c.j.z.mapper.SysClockMapper.selectById - ==> Parameters: 9(Long)
2021-08-02 14:01:45.248 [scheduler_Worker-2] DEBUG c.j.z.mapper.SysClockMapper.selectById - <==      Total: 1
2021-08-02 14:01:45.287 [scheduler_Worker-1] DEBUG c.j.z.mapper.SysClockMapper.selectById - ==>  Preparing: select id , alarm_time, repeat_time, is_enable, route_id, segment_id, station_id from sys_clock where id = ?
2021-08-02 14:01:45.287 [scheduler_Worker-1] DEBUG c.j.z.mapper.SysClockMapper.selectById - ==> Parameters: 9(Long)
2021-08-02 14:01:45.287 [scheduler_Worker-1] DEBUG c.j.z.mapper.SysClockMapper.selectById - <==      Total: 1
2021-08-02 14:01:45.294 [scheduler_Worker-6] DEBUG c.j.z.mapper.SysClockMapper.selectById - ==>  Preparing: select id , alarm_time, repeat_time, is_enable, route_id, segment_id, station_id from sys_clock where id = ?
2021-08-02 14:01:45.295 [scheduler_Worker-6] DEBUG c.j.z.mapper.SysClockMapper.selectById - ==> Parameters: 9(Long)
2021-08-02 14:01:45.296 [scheduler_Worker-6] DEBUG c.j.z.mapper.SysClockMapper.selectById - <==      Total: 1
2021-08-02 14:01:45.300 [scheduler_Worker-7] DEBUG c.j.z.mapper.SysClockMapper.selectById - ==>  Preparing: select id , alarm_time, repeat_time, is_enable, route_id, segment_id, station_id from sys_clock where id = ?
2021-08-02 14:01:45.300 [scheduler_Worker-7] DEBUG c.j.z.mapper.SysClockMapper.selectById - ==> Parameters: 9(Long)
2021-08-02 14:01:45.301 [scheduler_Worker-7] DEBUG c.j.z.mapper.SysClockMapper.selectById - <==      Total: 1
2021-08-02 14:01:45.306 [scheduler_Worker-8] DEBUG c.j.z.mapper.SysClockMapper.selectById - ==>  Preparing: select id , alarm_time, repeat_time, is_enable, route_id, segment_id, station_id from sys_clock where id = ?
2021-08-02 14:01:45.306 [scheduler_Worker-8] DEBUG c.j.z.mapper.SysClockMapper.selectById - ==> Parameters: 9(Long)
2021-08-02 14:01:45.308 [scheduler_Worker-8] DEBUG c.j.z.mapper.SysClockMapper.selectById - <==      Total: 1
2021-08-02 14:01:45.314 [scheduler_Worker-9] DEBUG c.j.z.mapper.SysClockMapper.selectById - ==>  Preparing: select id , alarm_time, repeat_time, is_enable, route_id, segment_id, station_id from sys_clock where id = ?
2021-08-02 14:01:45.315 [scheduler_Worker-9] DEBUG c.j.z.mapper.SysClockMapper.selectById - ==> Parameters: 9(Long)
2021-08-02 14:01:45.316 [scheduler_Worker-9] DEBUG c.j.z.mapper.SysClockMapper.selectById - <==      Total: 1
2021-08-02 14:03:29.840 [scheduler_Worker-1] DEBUG c.j.z.mapper.SysClockMapper.selectById - ==>  Preparing: select id , alarm_time, repeat_time, is_enable, route_id, segment_id, station_id from sys_clock where id = ?
2021-08-02 14:03:29.840 [scheduler_Worker-3] DEBUG c.j.z.mapper.SysClockMapper.selectById - ==>  Preparing: select id , alarm_time, repeat_time, is_enable, route_id, segment_id, station_id from sys_clock where id = ?
2021-08-02 14:03:29.840 [scheduler_Worker-2] DEBUG c.j.z.mapper.SysClockMapper.selectById - ==>  Preparing: select id , alarm_time, repeat_time, is_enable, route_id, segment_id, station_id from sys_clock where id = ?
2021-08-02 14:03:29.844 [scheduler_Worker-4] DEBUG c.j.z.mapper.SysClockMapper.selectById - ==>  Preparing: select id , alarm_time, repeat_time, is_enable, route_id, segment_id, station_id from sys_clock where id = ?
2021-08-02 14:03:29.853 [scheduler_Worker-2] DEBUG c.j.z.mapper.SysClockMapper.selectById - ==> Parameters: 9(Long)
2021-08-02 14:03:29.853 [scheduler_Worker-1] DEBUG c.j.z.mapper.SysClockMapper.selectById - ==> Parameters: 9(Long)
2021-08-02 14:03:29.853 [scheduler_Worker-3] DEBUG c.j.z.mapper.SysClockMapper.selectById - ==> Parameters: 9(Long)
2021-08-02 14:03:29.853 [scheduler_Worker-4] DEBUG c.j.z.mapper.SysClockMapper.selectById - ==> Parameters: 9(Long)
2021-08-02 14:03:29.854 [scheduler_Worker-5] DEBUG c.j.z.mapper.SysClockMapper.selectById - ==>  Preparing: select id , alarm_time, repeat_time, is_enable, route_id, segment_id, station_id from sys_clock where id = ?
2021-08-02 14:03:29.854 [scheduler_Worker-5] DEBUG c.j.z.mapper.SysClockMapper.selectById - ==> Parameters: 9(Long)
2021-08-02 14:03:29.866 [scheduler_Worker-4] DEBUG c.j.z.mapper.SysClockMapper.selectById - <==      Total: 1
2021-08-02 14:03:29.866 [scheduler_Worker-5] DEBUG c.j.z.mapper.SysClockMapper.selectById - <==      Total: 1
2021-08-02 14:03:29.866 [scheduler_Worker-3] DEBUG c.j.z.mapper.SysClockMapper.selectById - <==      Total: 1
2021-08-02 14:03:29.866 [scheduler_Worker-1] DEBUG c.j.z.mapper.SysClockMapper.selectById - <==      Total: 1
2021-08-02 14:03:29.866 [scheduler_Worker-2] DEBUG c.j.z.mapper.SysClockMapper.selectById - <==      Total: 1
2021-08-02 14:03:29.889 [scheduler_Worker-6] DEBUG c.j.z.mapper.SysClockMapper.selectById - ==>  Preparing: select id , alarm_time, repeat_time, is_enable, route_id, segment_id, station_id from sys_clock where id = ?
2021-08-02 14:03:29.889 [scheduler_Worker-6] DEBUG c.j.z.mapper.SysClockMapper.selectById - ==> Parameters: 9(Long)
2021-08-02 14:03:29.890 [scheduler_Worker-6] DEBUG c.j.z.mapper.SysClockMapper.selectById - <==      Total: 1
2021-08-02 14:03:29.897 [scheduler_Worker-7] DEBUG c.j.z.mapper.SysClockMapper.selectById - ==>  Preparing: select id , alarm_time, repeat_time, is_enable, route_id, segment_id, station_id from sys_clock where id = ?
2021-08-02 14:03:29.898 [scheduler_Worker-7] DEBUG c.j.z.mapper.SysClockMapper.selectById - ==> Parameters: 9(Long)
2021-08-02 14:03:29.898 [scheduler_Worker-7] DEBUG c.j.z.mapper.SysClockMapper.selectById - <==      Total: 1
2021-08-02 14:03:29.928 [scheduler_Worker-8] DEBUG c.j.z.mapper.SysClockMapper.selectById - ==>  Preparing: select id , alarm_time, repeat_time, is_enable, route_id, segment_id, station_id from sys_clock where id = ?
2021-08-02 14:03:29.929 [scheduler_Worker-8] DEBUG c.j.z.mapper.SysClockMapper.selectById - ==> Parameters: 9(Long)
2021-08-02 14:03:29.930 [scheduler_Worker-8] DEBUG c.j.z.mapper.SysClockMapper.selectById - <==      Total: 1
2021-08-02 14:03:29.935 [scheduler_Worker-9] DEBUG c.j.z.mapper.SysClockMapper.selectById - ==>  Preparing: select id , alarm_time, repeat_time, is_enable, route_id, segment_id, station_id from sys_clock where id = ?
2021-08-02 14:03:29.935 [scheduler_Worker-9] DEBUG c.j.z.mapper.SysClockMapper.selectById - ==> Parameters: 9(Long)
2021-08-02 14:03:29.936 [scheduler_Worker-9] DEBUG c.j.z.mapper.SysClockMapper.selectById - <==      Total: 1
2021-08-02 14:03:29.941 [scheduler_Worker-10] DEBUG c.j.z.mapper.SysClockMapper.selectById - ==>  Preparing: select id , alarm_time, repeat_time, is_enable, route_id, segment_id, station_id from sys_clock where id = ?
2021-08-02 14:03:29.942 [scheduler_Worker-10] DEBUG c.j.z.mapper.SysClockMapper.selectById - ==> Parameters: 9(Long)
2021-08-02 14:03:29.943 [scheduler_Worker-10] DEBUG c.j.z.mapper.SysClockMapper.selectById - <==      Total: 1
2021-08-02 14:03:29.970 [scheduler_Worker-3] DEBUG c.j.z.mapper.SysClockMapper.selectById - ==>  Preparing: select id , alarm_time, repeat_time, is_enable, route_id, segment_id, station_id from sys_clock where id = ?
2021-08-02 14:03:29.970 [scheduler_Worker-3] DEBUG c.j.z.mapper.SysClockMapper.selectById - ==> Parameters: 9(Long)
2021-08-02 14:03:29.971 [scheduler_Worker-3] DEBUG c.j.z.mapper.SysClockMapper.selectById - <==      Total: 1
2021-08-02 14:03:29.976 [scheduler_Worker-2] DEBUG c.j.z.mapper.SysClockMapper.selectById - ==>  Preparing: select id , alarm_time, repeat_time, is_enable, route_id, segment_id, station_id from sys_clock where id = ?
2021-08-02 14:03:29.977 [scheduler_Worker-2] DEBUG c.j.z.mapper.SysClockMapper.selectById - ==> Parameters: 9(Long)
2021-08-02 14:03:29.977 [scheduler_Worker-2] DEBUG c.j.z.mapper.SysClockMapper.selectById - <==      Total: 1
2021-08-02 14:03:29.982 [scheduler_Worker-4] DEBUG c.j.z.mapper.SysClockMapper.selectById - ==>  Preparing: select id , alarm_time, repeat_time, is_enable, route_id, segment_id, station_id from sys_clock where id = ?
2021-08-02 14:03:29.983 [scheduler_Worker-4] DEBUG c.j.z.mapper.SysClockMapper.selectById - ==> Parameters: 9(Long)
2021-08-02 14:03:29.983 [scheduler_Worker-4] DEBUG c.j.z.mapper.SysClockMapper.selectById - <==      Total: 1
2021-08-02 14:03:29.993 [scheduler_Worker-5] DEBUG c.j.z.mapper.SysClockMapper.selectById - ==>  Preparing: select id , alarm_time, repeat_time, is_enable, route_id, segment_id, station_id from sys_clock where id = ?
2021-08-02 14:03:29.994 [scheduler_Worker-5] DEBUG c.j.z.mapper.SysClockMapper.selectById - ==> Parameters: 9(Long)
2021-08-02 14:03:29.994 [scheduler_Worker-5] DEBUG c.j.z.mapper.SysClockMapper.selectById - <==      Total: 1
2021-08-02 14:03:30.016 [scheduler_Worker-1] DEBUG c.j.z.mapper.SysClockMapper.selectById - ==>  Preparing: select id , alarm_time, repeat_time, is_enable, route_id, segment_id, station_id from sys_clock where id = ?
2021-08-02 14:03:30.016 [scheduler_Worker-1] DEBUG c.j.z.mapper.SysClockMapper.selectById - ==> Parameters: 9(Long)
2021-08-02 14:03:30.017 [scheduler_Worker-1] DEBUG c.j.z.mapper.SysClockMapper.selectById - <==      Total: 1
2021-08-02 14:04:51.603 [scheduler_Worker-1] DEBUG c.j.z.mapper.SysClockMapper.selectById - ==>  Preparing: select id , alarm_time, repeat_time, is_enable, route_id, segment_id, station_id from sys_clock where id = ?
2021-08-02 14:04:51.603 [scheduler_Worker-2] DEBUG c.j.z.mapper.SysClockMapper.selectById - ==>  Preparing: select id , alarm_time, repeat_time, is_enable, route_id, segment_id, station_id from sys_clock where id = ?
2021-08-02 14:04:51.603 [scheduler_Worker-3] DEBUG c.j.z.mapper.SysClockMapper.selectById - ==>  Preparing: select id , alarm_time, repeat_time, is_enable, route_id, segment_id, station_id from sys_clock where id = ?
2021-08-02 14:04:51.605 [scheduler_Worker-4] DEBUG c.j.z.mapper.SysClockMapper.selectById - ==>  Preparing: select id , alarm_time, repeat_time, is_enable, route_id, segment_id, station_id from sys_clock where id = ?
2021-08-02 14:04:51.614 [scheduler_Worker-5] DEBUG c.j.z.mapper.SysClockMapper.selectById - ==>  Preparing: select id , alarm_time, repeat_time, is_enable, route_id, segment_id, station_id from sys_clock where id = ?
2021-08-02 14:04:51.615 [scheduler_Worker-4] DEBUG c.j.z.mapper.SysClockMapper.selectById - ==> Parameters: 9(Long)
2021-08-02 14:04:51.615 [scheduler_Worker-2] DEBUG c.j.z.mapper.SysClockMapper.selectById - ==> Parameters: 9(Long)
2021-08-02 14:04:51.615 [scheduler_Worker-3] DEBUG c.j.z.mapper.SysClockMapper.selectById - ==> Parameters: 9(Long)
2021-08-02 14:04:51.615 [scheduler_Worker-5] DEBUG c.j.z.mapper.SysClockMapper.selectById - ==> Parameters: 9(Long)
2021-08-02 14:04:51.615 [scheduler_Worker-1] DEBUG c.j.z.mapper.SysClockMapper.selectById - ==> Parameters: 9(Long)
2021-08-02 14:04:51.622 [scheduler_Worker-6] DEBUG c.j.z.mapper.SysClockMapper.selectById - ==>  Preparing: select id , alarm_time, repeat_time, is_enable, route_id, segment_id, station_id from sys_clock where id = ?
2021-08-02 14:04:51.622 [scheduler_Worker-6] DEBUG c.j.z.mapper.SysClockMapper.selectById - ==> Parameters: 9(Long)
2021-08-02 14:04:51.630 [scheduler_Worker-4] DEBUG c.j.z.mapper.SysClockMapper.selectById - <==      Total: 1
2021-08-02 14:04:51.630 [scheduler_Worker-2] DEBUG c.j.z.mapper.SysClockMapper.selectById - <==      Total: 1
2021-08-02 14:04:51.630 [scheduler_Worker-1] DEBUG c.j.z.mapper.SysClockMapper.selectById - <==      Total: 1
2021-08-02 14:04:51.630 [scheduler_Worker-5] DEBUG c.j.z.mapper.SysClockMapper.selectById - <==      Total: 1
2021-08-02 14:04:51.630 [scheduler_Worker-3] DEBUG c.j.z.mapper.SysClockMapper.selectById - <==      Total: 1
2021-08-02 14:04:51.630 [scheduler_Worker-6] DEBUG c.j.z.mapper.SysClockMapper.selectById - <==      Total: 1
2021-08-02 14:04:51.670 [scheduler_Worker-7] DEBUG c.j.z.mapper.SysClockMapper.selectById - ==>  Preparing: select id , alarm_time, repeat_time, is_enable, route_id, segment_id, station_id from sys_clock where id = ?
2021-08-02 14:04:51.671 [scheduler_Worker-7] DEBUG c.j.z.mapper.SysClockMapper.selectById - ==> Parameters: 9(Long)
2021-08-02 14:04:51.672 [scheduler_Worker-7] DEBUG c.j.z.mapper.SysClockMapper.selectById - <==      Total: 1
2021-08-02 14:04:51.677 [scheduler_Worker-8] DEBUG c.j.z.mapper.SysClockMapper.selectById - ==>  Preparing: select id , alarm_time, repeat_time, is_enable, route_id, segment_id, station_id from sys_clock where id = ?
2021-08-02 14:04:51.677 [scheduler_Worker-8] DEBUG c.j.z.mapper.SysClockMapper.selectById - ==> Parameters: 9(Long)
2021-08-02 14:04:51.678 [scheduler_Worker-8] DEBUG c.j.z.mapper.SysClockMapper.selectById - <==      Total: 1
2021-08-02 14:04:51.684 [scheduler_Worker-9] DEBUG c.j.z.mapper.SysClockMapper.selectById - ==>  Preparing: select id , alarm_time, repeat_time, is_enable, route_id, segment_id, station_id from sys_clock where id = ?
2021-08-02 14:04:51.684 [scheduler_Worker-9] DEBUG c.j.z.mapper.SysClockMapper.selectById - ==> Parameters: 9(Long)
2021-08-02 14:04:51.685 [scheduler_Worker-9] DEBUG c.j.z.mapper.SysClockMapper.selectById - <==      Total: 1
2021-08-02 14:04:51.711 [scheduler_Worker-10] DEBUG c.j.z.mapper.SysClockMapper.selectById - ==>  Preparing: select id , alarm_time, repeat_time, is_enable, route_id, segment_id, station_id from sys_clock where id = ?
2021-08-02 14:04:51.711 [scheduler_Worker-10] DEBUG c.j.z.mapper.SysClockMapper.selectById - ==> Parameters: 9(Long)
2021-08-02 14:04:51.712 [scheduler_Worker-10] DEBUG c.j.z.mapper.SysClockMapper.selectById - <==      Total: 1
2021-08-02 14:04:51.717 [scheduler_Worker-1] DEBUG c.j.z.mapper.SysClockMapper.selectById - ==>  Preparing: select id , alarm_time, repeat_time, is_enable, route_id, segment_id, station_id from sys_clock where id = ?
2021-08-02 14:04:51.718 [scheduler_Worker-1] DEBUG c.j.z.mapper.SysClockMapper.selectById - ==> Parameters: 9(Long)
2021-08-02 14:04:51.719 [scheduler_Worker-1] DEBUG c.j.z.mapper.SysClockMapper.selectById - <==      Total: 1
2021-08-02 14:04:51.724 [scheduler_Worker-4] DEBUG c.j.z.mapper.SysClockMapper.selectById - ==>  Preparing: select id , alarm_time, repeat_time, is_enable, route_id, segment_id, station_id from sys_clock where id = ?
2021-08-02 14:04:51.724 [scheduler_Worker-4] DEBUG c.j.z.mapper.SysClockMapper.selectById - ==> Parameters: 9(Long)
2021-08-02 14:04:51.724 [scheduler_Worker-4] DEBUG c.j.z.mapper.SysClockMapper.selectById - <==      Total: 1
2021-08-02 14:04:51.753 [scheduler_Worker-3] DEBUG c.j.z.mapper.SysClockMapper.selectById - ==>  Preparing: select id , alarm_time, repeat_time, is_enable, route_id, segment_id, station_id from sys_clock where id = ?
2021-08-02 14:04:51.754 [scheduler_Worker-3] DEBUG c.j.z.mapper.SysClockMapper.selectById - ==> Parameters: 9(Long)
2021-08-02 14:04:51.754 [scheduler_Worker-3] DEBUG c.j.z.mapper.SysClockMapper.selectById - <==      Total: 1
2021-08-02 14:04:51.759 [scheduler_Worker-5] DEBUG c.j.z.mapper.SysClockMapper.selectById - ==>  Preparing: select id , alarm_time, repeat_time, is_enable, route_id, segment_id, station_id from sys_clock where id = ?
2021-08-02 14:04:51.760 [scheduler_Worker-5] DEBUG c.j.z.mapper.SysClockMapper.selectById - ==> Parameters: 9(Long)
2021-08-02 14:04:51.760 [scheduler_Worker-5] DEBUG c.j.z.mapper.SysClockMapper.selectById - <==      Total: 1
2021-08-02 14:04:51.789 [scheduler_Worker-2] DEBUG c.j.z.mapper.SysClockMapper.selectById - ==>  Preparing: select id , alarm_time, repeat_time, is_enable, route_id, segment_id, station_id from sys_clock where id = ?
2021-08-02 14:04:51.789 [scheduler_Worker-2] DEBUG c.j.z.mapper.SysClockMapper.selectById - ==> Parameters: 9(Long)
2021-08-02 14:04:51.792 [scheduler_Worker-2] DEBUG c.j.z.mapper.SysClockMapper.selectById - <==      Total: 1
2021-08-02 14:42:18.441 [scheduler_Worker-1] DEBUG c.j.z.mapper.SysClockMapper.selectById - ==>  Preparing: select id , alarm_time, repeat_time, is_enable, route_id, segment_id, station_id from sys_clock where id = ?
2021-08-02 14:42:18.447 [scheduler_Worker-1] DEBUG c.j.z.mapper.SysClockMapper.selectById - ==> Parameters: 9(Long)
2021-08-02 14:42:18.455 [scheduler_Worker-1] DEBUG c.j.z.mapper.SysClockMapper.selectById - <==      Total: 1
2021-08-02 14:42:19.006 [scheduler_Worker-2] DEBUG c.j.z.mapper.SysClockMapper.selectById - ==>  Preparing: select id , alarm_time, repeat_time, is_enable, route_id, segment_id, station_id from sys_clock where id = ?
2021-08-02 14:42:19.007 [scheduler_Worker-2] DEBUG c.j.z.mapper.SysClockMapper.selectById - ==> Parameters: 9(Long)
2021-08-02 14:42:19.007 [scheduler_Worker-2] DEBUG c.j.z.mapper.SysClockMapper.selectById - <==      Total: 1
2021-08-02 14:42:20.007 [scheduler_Worker-3] DEBUG c.j.z.mapper.SysClockMapper.selectById - ==>  Preparing: select id , alarm_time, repeat_time, is_enable, route_id, segment_id, station_id from sys_clock where id = ?
2021-08-02 14:42:20.007 [scheduler_Worker-3] DEBUG c.j.z.mapper.SysClockMapper.selectById - ==> Parameters: 9(Long)
2021-08-02 14:42:20.008 [scheduler_Worker-3] DEBUG c.j.z.mapper.SysClockMapper.selectById - <==      Total: 1
2021-08-02 14:42:21.005 [scheduler_Worker-4] DEBUG c.j.z.mapper.SysClockMapper.selectById - ==>  Preparing: select id , alarm_time, repeat_time, is_enable, route_id, segment_id, station_id from sys_clock where id = ?
2021-08-02 14:42:21.005 [scheduler_Worker-4] DEBUG c.j.z.mapper.SysClockMapper.selectById - ==> Parameters: 9(Long)
2021-08-02 14:42:21.006 [scheduler_Worker-4] DEBUG c.j.z.mapper.SysClockMapper.selectById - <==      Total: 1
2021-08-02 14:42:22.007 [scheduler_Worker-5] DEBUG c.j.z.mapper.SysClockMapper.selectById - ==>  Preparing: select id , alarm_time, repeat_time, is_enable, route_id, segment_id, station_id from sys_clock where id = ?
2021-08-02 14:42:22.007 [scheduler_Worker-5] DEBUG c.j.z.mapper.SysClockMapper.selectById - ==> Parameters: 9(Long)
2021-08-02 14:42:22.008 [scheduler_Worker-5] DEBUG c.j.z.mapper.SysClockMapper.selectById - <==      Total: 1
2021-08-02 14:42:23.005 [scheduler_Worker-6] DEBUG c.j.z.mapper.SysClockMapper.selectById - ==>  Preparing: select id , alarm_time, repeat_time, is_enable, route_id, segment_id, station_id from sys_clock where id = ?
2021-08-02 14:42:23.005 [scheduler_Worker-6] DEBUG c.j.z.mapper.SysClockMapper.selectById - ==> Parameters: 9(Long)
2021-08-02 14:42:23.006 [scheduler_Worker-6] DEBUG c.j.z.mapper.SysClockMapper.selectById - <==      Total: 1
2021-08-02 14:48:39.340 [scheduler_Worker-1] DEBUG c.j.z.mapper.SysClockMapper.selectById - ==>  Preparing: select id , alarm_time, repeat_time, is_enable, route_id, segment_id, station_id from sys_clock where id = ?
2021-08-02 14:48:39.346 [scheduler_Worker-1] DEBUG c.j.z.mapper.SysClockMapper.selectById - ==> Parameters: 9(Long)
2021-08-02 14:48:39.353 [scheduler_Worker-1] DEBUG c.j.z.mapper.SysClockMapper.selectById - <==      Total: 1
2021-08-02 14:48:40.005 [scheduler_Worker-2] DEBUG c.j.z.mapper.SysClockMapper.selectById - ==>  Preparing: select id , alarm_time, repeat_time, is_enable, route_id, segment_id, station_id from sys_clock where id = ?
2021-08-02 14:48:40.005 [scheduler_Worker-2] DEBUG c.j.z.mapper.SysClockMapper.selectById - ==> Parameters: 9(Long)
2021-08-02 14:48:40.006 [scheduler_Worker-2] DEBUG c.j.z.mapper.SysClockMapper.selectById - <==      Total: 1
2021-08-02 14:48:41.008 [scheduler_Worker-3] DEBUG c.j.z.mapper.SysClockMapper.selectById - ==>  Preparing: select id , alarm_time, repeat_time, is_enable, route_id, segment_id, station_id from sys_clock where id = ?
2021-08-02 14:48:41.008 [scheduler_Worker-3] DEBUG c.j.z.mapper.SysClockMapper.selectById - ==> Parameters: 9(Long)
2021-08-02 14:48:41.009 [scheduler_Worker-3] DEBUG c.j.z.mapper.SysClockMapper.selectById - <==      Total: 1
2021-08-02 14:48:42.006 [scheduler_Worker-4] DEBUG c.j.z.mapper.SysClockMapper.selectById - ==>  Preparing: select id , alarm_time, repeat_time, is_enable, route_id, segment_id, station_id from sys_clock where id = ?
2021-08-02 14:48:42.006 [scheduler_Worker-4] DEBUG c.j.z.mapper.SysClockMapper.selectById - ==> Parameters: 9(Long)
2021-08-02 14:48:42.007 [scheduler_Worker-4] DEBUG c.j.z.mapper.SysClockMapper.selectById - <==      Total: 1
2021-08-02 14:48:43.007 [scheduler_Worker-5] DEBUG c.j.z.mapper.SysClockMapper.selectById - ==>  Preparing: select id , alarm_time, repeat_time, is_enable, route_id, segment_id, station_id from sys_clock where id = ?
2021-08-02 14:48:43.008 [scheduler_Worker-5] DEBUG c.j.z.mapper.SysClockMapper.selectById - ==> Parameters: 9(Long)
2021-08-02 14:48:43.008 [scheduler_Worker-5] DEBUG c.j.z.mapper.SysClockMapper.selectById - <==      Total: 1
2021-08-02 14:48:44.006 [scheduler_Worker-6] DEBUG c.j.z.mapper.SysClockMapper.selectById - ==>  Preparing: select id , alarm_time, repeat_time, is_enable, route_id, segment_id, station_id from sys_clock where id = ?
2021-08-02 14:48:44.006 [scheduler_Worker-6] DEBUG c.j.z.mapper.SysClockMapper.selectById - ==> Parameters: 9(Long)
2021-08-02 14:48:44.007 [scheduler_Worker-6] DEBUG c.j.z.mapper.SysClockMapper.selectById - <==      Total: 1
